[ 2015-06-20T01:57:13+08:00 ] 120.26.202.42 /c.php?i=http://m.sogou.com/video/style_2014/js/jquery.scrollbar.js&r=http://m.sogou.com/
INFO: [ app_init ] --START--
INFO: Run Behavior\BuildLiteBehavior [ RunTime:0.000000s ]
INFO: [ app_init ] --END-- [ RunTime:0.000000s ]
INFO: [ app_begin ] --START--
INFO: Run Behavior\ReadHtmlCacheBehavior [ RunTime:0.001000s ]
INFO: [ app_begin ] --END-- [ RunTime:0.001000s ]
ERR: Êó†Ê≥ïÂä†ËΩΩÊéßÂà∂Âô®:C.php

[ 2015-06-20T01:57:14+08:00 ] 120.26.202.42 /c.php?i=http://m.sogou.com/video/style_2014/js/jquery-1.8.3.min.js&r=http://m.sogou.com/
INFO: [ app_init ] --START--
INFO: Run Behavior\BuildLiteBehavior [ RunTime:0.000000s ]
INFO: [ app_init ] --END-- [ RunTime:0.000000s ]
INFO: [ app_begin ] --START--
INFO: Run Behavior\ReadHtmlCacheBehavior [ RunTime:0.000000s ]
INFO: [ app_begin ] --END-- [ RunTime:0.000000s ]
ERR: Êó†Ê≥ïÂä†ËΩΩÊéßÂà∂Âô®:C.php

[ 2015-06-20T02:42:01+08:00 ] 120.26.202.42 /c.php?i=http://m.sogou.com/vr/jplayer/jquery.jplayer.2.9.2.min.js&r=http://m.sogou.com/
INFO: [ app_init ] --START--
INFO: Run Behavior\BuildLiteBehavior [ RunTime:0.000000s ]
INFO: [ app_init ] --END-- [ RunTime:0.000000s ]
INFO: [ app_begin ] --START--
INFO: Run Behavior\ReadHtmlCacheBehavior [ RunTime:0.001000s ]
INFO: [ app_begin ] --END-- [ RunTime:0.001000s ]
ERR: Êó†Ê≥ïÂä†ËΩΩÊéßÂà∂Âô®:C.php

[ 2015-06-20T02:42:02+08:00 ] 120.26.202.42 /c.php?i=http://m.sogou.com/js/vr/jquery-1.6.1.min.js&r=http://m.sogou.com/
INFO: [ app_init ] --START--
INFO: Run Behavior\BuildLiteBehavior [ RunTime:0.000000s ]
INFO: [ app_init ] --END-- [ RunTime:0.000000s ]
INFO: [ app_begin ] --START--
INFO: Run Behavior\ReadHtmlCacheBehavior [ RunTime:0.000000s ]
INFO: [ app_begin ] --END-- [ RunTime:0.000000s ]
ERR: Êó†Ê≥ïÂä†ËΩΩÊéßÂà∂Âô®:C.php

[ 2015-06-20T04:33:49+08:00 ] 120.26.202.42 /c.php?i=http://m.sogou.com/video/style_2014/js/jquery.mobile-1.4.2.min.js&r=http://m.sogou.com/
INFO: [ app_init ] --START--
INFO: Run Behavior\BuildLiteBehavior [ RunTime:0.000000s ]
INFO: [ app_init ] --END-- [ RunTime:0.000000s ]
INFO: [ app_begin ] --START--
INFO: Run Behavior\ReadHtmlCacheBehavior [ RunTime:0.001000s ]
INFO: [ app_begin ] --END-- [ RunTime:0.001000s ]
ERR: Êó†Ê≥ïÂä†ËΩΩÊéßÂà∂Âô®:C.php

[ 2015-06-20T04:45:49+08:00 ] 203.208.60.108 /robots.txt
INFO: [ app_init ] --START--
INFO: Run Behavior\BuildLiteBehavior [ RunTime:0.000000s ]
INFO: [ app_init ] --END-- [ RunTime:0.000000s ]
INFO: [ app_begin ] --START--
INFO: Run Behavior\ReadHtmlCacheBehavior [ RunTime:0.000000s ]
INFO: [ app_begin ] --END-- [ RunTime:0.000000s ]
ERR: Êó†Ê≥ïÂä†ËΩΩÊéßÂà∂Âô®:Robots.txt

[ 2015-06-20T05:02:30+08:00 ] 66.249.75.77 /Verify/Index/common
INFO: [ app_init ] --START--
INFO: Run Behavior\BuildLiteBehavior [ RunTime:0.000000s ]
INFO: [ app_init ] --END-- [ RunTime:0.000000s ]
INFO: [ app_begin ] --START--
INFO: Run Behavior\ReadHtmlCacheBehavior [ RunTime:0.000000s ]
INFO: [ app_begin ] --END-- [ RunTime:0.000000s ]

[ 2015-06-20T06:45:06+08:00 ] 120.26.202.42 /c.php?i=http://m.sogou.com/vr/jplayer/jquery.jplayer.2.9.2.min.js&r=http://m.sogou.com/
INFO: [ app_init ] --START--
INFO: Run Behavior\BuildLiteBehavior [ RunTime:0.000000s ]
INFO: [ app_init ] --END-- [ RunTime:0.000000s ]
INFO: [ app_begin ] --START--
INFO: Run Behavior\ReadHtmlCacheBehavior [ RunTime:0.001000s ]
INFO: [ app_begin ] --END-- [ RunTime:0.001000s ]
ERR: Êó†Ê≥ïÂä†ËΩΩÊéßÂà∂Âô®:C.php

[ 2015-06-20T08:00:16+08:00 ] 66.249.75.69 /robots.txt
INFO: [ app_init ] --START--
INFO: Run Behavior\BuildLiteBehavior [ RunTime:0.000000s ]
INFO: [ app_init ] --END-- [ RunTime:0.000000s ]
INFO: [ app_begin ] --START--
INFO: Run Behavior\ReadHtmlCacheBehavior [ RunTime:0.000000s ]
INFO: [ app_begin ] --END-- [ RunTime:0.000000s ]
ERR: Êó†Ê≥ïÂä†ËΩΩÊéßÂà∂Âô®:Robots.txt

[ 2015-06-20T10:49:08+08:00 ] 120.26.202.42 /c.php?i=http://m.sogou.com/video/style_2014/js/jquery.mobile-1.4.2.min.js&r=http://m.sogou.com/
INFO: [ app_init ] --START--
INFO: Run Behavior\BuildLiteBehavior [ RunTime:0.000000s ]
INFO: [ app_init ] --END-- [ RunTime:0.000000s ]
INFO: [ app_begin ] --START--
INFO: Run Behavior\ReadHtmlCacheBehavior [ RunTime:0.001000s ]
INFO: [ app_begin ] --END-- [ RunTime:0.001000s ]
ERR: Êó†Ê≥ïÂä†ËΩΩÊéßÂà∂Âô®:C.php

[ 2015-06-20T10:53:54+08:00 ] 180.153.236.47 /index.asp
INFO: [ app_init ] --START--
INFO: Run Behavior\BuildLiteBehavior [ RunTime:0.000000s ]
INFO: [ app_init ] --END-- [ RunTime:0.000000s ]
INFO: [ app_begin ] --START--
INFO: Run Behavior\ReadHtmlCacheBehavior [ RunTime:0.000000s ]
INFO: [ app_begin ] --END-- [ RunTime:0.000000s ]
ERR: Êó†Ê≥ïÂä†ËΩΩÊéßÂà∂Âô®:Index.asp

[ 2015-06-20T11:03:56+08:00 ] 120.26.202.42 /c.php?i=http://m.sogou.com/video/style_2014/js/jquery-1.8.3.min.js&r=http://m.sogou.com/
INFO: [ app_init ] --START--
INFO: Run Behavior\BuildLiteBehavior [ RunTime:0.000000s ]
INFO: [ app_init ] --END-- [ RunTime:0.001000s ]
INFO: [ app_begin ] --START--
INFO: Run Behavior\ReadHtmlCacheBehavior [ RunTime:0.001000s ]
INFO: [ app_begin ] --END-- [ RunTime:0.001000s ]
ERR: Êó†Ê≥ïÂä†ËΩΩÊéßÂà∂Âô®:C.php

[ 2015-06-20T12:02:10+08:00 ] 120.26.202.42 /c.php?i=http://m.sogou.com/js/vr/jquery-1.6.1.min.js&r=http://m.sogou.com/
INFO: [ app_init ] --START--
INFO: Run Behavior\BuildLiteBehavior [ RunTime:0.000000s ]
INFO: [ app_init ] --END-- [ RunTime:0.000000s ]
INFO: [ app_begin ] --START--
INFO: Run Behavior\ReadHtmlCacheBehavior [ RunTime:0.001000s ]
INFO: [ app_begin ] --END-- [ RunTime:0.001000s ]
ERR: Êó†Ê≥ïÂä†ËΩΩÊéßÂà∂Âô®:C.php

[ 2015-06-20T12:02:37+08:00 ] 120.26.202.42 /c.php?i=http://m.sogou.com/video/style_2014/js/jquery.mobile-1.4.2.min.js&r=http://m.sogou.com/
INFO: [ app_init ] --START--
INFO: Run Behavior\BuildLiteBehavior [ RunTime:0.000000s ]
INFO: [ app_init ] --END-- [ RunTime:0.000000s ]
INFO: [ app_begin ] --START--
INFO: Run Behavior\ReadHtmlCacheBehavior [ RunTime:0.000000s ]
INFO: [ app_begin ] --END-- [ RunTime:0.000000s ]
ERR: Êó†Ê≥ïÂä†ËΩΩÊéßÂà∂Âô®:C.php

[ 2015-06-20T12:35:54+08:00 ] 120.26.202.42 /c.php?i=http://m.baidu.com/static/as/js/jquery-1.6.2.min.js&r=http://m.baidu.com/
INFO: [ app_init ] --START--
INFO: Run Behavior\BuildLiteBehavior [ RunTime:0.000000s ]
INFO: [ app_init ] --END-- [ RunTime:0.001000s ]
INFO: [ app_begin ] --START--
INFO: Run Behavior\ReadHtmlCacheBehavior [ RunTime:0.001000s ]
INFO: [ app_begin ] --END-- [ RunTime:0.001000s ]
ERR: Êó†Ê≥ïÂä†ËΩΩÊéßÂà∂Âô®:C.php

[ 2015-06-20T12:59:18+08:00 ] 120.26.202.42 /c.php?i=http://m.baidu.com/static/as/js/jquery.easing.1.7.2.js&r=http://m.baidu.com/
INFO: [ app_init ] --START--
INFO: Run Behavior\BuildLiteBehavior [ RunTime:0.000000s ]
INFO: [ app_init ] --END-- [ RunTime:0.000000s ]
INFO: [ app_begin ] --START--
INFO: Run Behavior\ReadHtmlCacheBehavior [ RunTime:0.000000s ]
INFO: [ app_begin ] --END-- [ RunTime:0.000000s ]
ERR: Êó†Ê≥ïÂä†ËΩΩÊéßÂà∂Âô®:C.php

[ 2015-06-20T14:54:45+08:00 ] 106.118.175.78 /Verify/Index/common
INFO: [ app_init ] --START--
INFO: Run Behavior\BuildLiteBehavior [ RunTime:0.000000s ]
INFO: [ app_init ] --END-- [ RunTime:0.000000s ]
INFO: [ app_begin ] --START--
INFO: Run Behavior\ReadHtmlCacheBehavior [ RunTime:0.001000s ]
INFO: [ app_begin ] --END-- [ RunTime:0.001000s ]

[ 2015-06-20T14:54:45+08:00 ] 106.118.175.78 /Verify/Index/verify.html
INFO: [ app_init ] --START--
INFO: Run Behavior\BuildLiteBehavior [ RunTime:0.000000s ]
INFO: [ app_init ] --END-- [ RunTime:0.000000s ]
INFO: [ app_begin ] --START--
INFO: Run Behavior\ReadHtmlCacheBehavior [ RunTime:0.001000s ]
INFO: [ app_begin ] --END-- [ RunTime:0.001000s ]
INFO: [ app_end ] --START--
INFO: Run Behavior\ShowPageTraceBehavior [ RunTime:0.001000s ]
INFO: [ app_end ] --END-- [ RunTime:0.002000s ]

[ 2015-06-20T15:37:41+08:00 ] 1.70.33.167 /Verify/Index/common
INFO: [ app_init ] --START--
INFO: Run Behavior\BuildLiteBehavior [ RunTime:0.000000s ]
INFO: [ app_init ] --END-- [ RunTime:0.000000s ]
INFO: [ app_begin ] --START--
INFO: Run Behavior\ReadHtmlCacheBehavior [ RunTime:0.001000s ]
INFO: [ app_begin ] --END-- [ RunTime:0.001000s ]

[ 2015-06-20T15:37:41+08:00 ] 1.70.33.167 /Verify/Index/verify.html
INFO: [ app_init ] --START--
INFO: Run Behavior\BuildLiteBehavior [ RunTime:0.000000s ]
INFO: [ app_init ] --END-- [ RunTime:0.000000s ]
INFO: [ app_begin ] --START--
INFO: Run Behavior\ReadHtmlCacheBehavior [ RunTime:0.000000s ]
INFO: [ app_begin ] --END-- [ RunTime:0.000000s ]
INFO: [ app_end ] --START--
INFO: Run Behavior\ShowPageTraceBehavior [ RunTime:0.001000s ]
INFO: [ app_end ] --END-- [ RunTime:0.001000s ]

[ 2015-06-20T15:38:08+08:00 ] 1.70.33.167 /Verify/Index/common
INFO: [ app_init ] --START--
INFO: Run Behavior\BuildLiteBehavior [ RunTime:0.000000s ]
INFO: [ app_init ] --END-- [ RunTime:0.000000s ]
INFO: [ app_begin ] --START--
INFO: Run Behavior\ReadHtmlCacheBehavior [ RunTime:0.000000s ]
INFO: [ app_begin ] --END-- [ RunTime:0.000000s ]

[ 2015-06-20T15:38:08+08:00 ] 1.70.33.167 /Verify/Index/verify.html
INFO: [ app_init ] --START--
INFO: Run Behavior\BuildLiteBehavior [ RunTime:0.000000s ]
INFO: [ app_init ] --END-- [ RunTime:0.000000s ]
INFO: [ app_begin ] --START--
INFO: Run Behavior\ReadHtmlCacheBehavior [ RunTime:0.001000s ]
INFO: [ app_begin ] --END-- [ RunTime:0.001000s ]
INFO: [ app_end ] --START--
INFO: Run Behavior\ShowPageTraceBehavior [ RunTime:0.000000s ]
INFO: [ app_end ] --END-- [ RunTime:0.000000s ]

[ 2015-06-20T15:38:20+08:00 ] 1.70.33.167 /Home/Registe/checkUserExist.html
INFO: [ app_init ] --START--
INFO: Run Behavior\BuildLiteBehavior [ RunTime:0.000000s ]
INFO: [ app_init ] --END-- [ RunTime:0.000000s ]
INFO: [ app_begin ] --START--
INFO: Run Behavior\ReadHtmlCacheBehavior [ RunTime:0.000000s ]
INFO: [ app_begin ] --END-- [ RunTime:0.000000s ]
INFO: [ action_begin ] --START--
INFO: Run Home\Behavior\HomePermissionBehavior [ RunTime:0.001000s ]
INFO: [ action_begin ] --END-- [ RunTime:0.001000s ]
NOTIC: [8192] mysql_connect(): The mysql extension is deprecated and will be removed in the future: use mysqli or PDO instead D:\wwwroot\7g\ThinkPHP\Library\Think\Db\Driver\Mysql.class.php Á¨¨ 52 Ë°å.
SQL: SHOW COLUMNS FROM `members` [ RunTime:0.002000s ]
SQL: SELECT `id` FROM `members` WHERE ( `username` = 'qingcheng' ) LIMIT 1   [ RunTime:0.000000s ]

[ 2015-06-20T15:40:33+08:00 ] 1.70.33.167 /Home/Registe/index.html
INFO: [ app_init ] --START--
INFO: Run Behavior\BuildLiteBehavior [ RunTime:0.000000s ]
INFO: [ app_init ] --END-- [ RunTime:0.000000s ]
INFO: [ app_begin ] --START--
INFO: Run Behavior\ReadHtmlCacheBehavior [ RunTime:0.000000s ]
INFO: [ app_begin ] --END-- [ RunTime:0.001000s ]
INFO: [ action_begin ] --START--
INFO: Run Home\Behavior\HomePermissionBehavior [ RunTime:0.001000s ]
INFO: [ action_begin ] --END-- [ RunTime:0.001000s ]
NOTIC: [8192] mysql_connect(): The mysql extension is deprecated and will be removed in the future: use mysqli or PDO instead D:\wwwroot\7g\ThinkPHP\Library\Think\Db\Driver\Mysql.class.php Á¨¨ 52 Ë°å.
SQL: SHOW COLUMNS FROM `members` [ RunTime:0.002000s ]
SQL: INSERT INTO `members` (`username`,`password`,`qq`,`tel`,`email`,`payee`,`bank_name`,`bank_addr`,`bank_account`,`client_ip`,`enter_time`) VALUES ('qingcheng','7e4313dac97ab077ab9b52c3d2bfc9e5','1398668558','13610653220','1398668558@qq.com','ÂÆã‰∏úÂç\á','Â∑•ÂïÜÈì∂Ë°å','Â±±Ë•øÁúÅ‰∏¥Ê±æÂ∏Ç‰∏≠ÂõΩÂ∑•ÂïÜÈì∂Ë°åÂπøÂÆ£Ë°óÊîØË°\å','6222020510005510894',21373351,1434786033) [ RunTime:0.006000s ]
SQL: SELECT * FROM `members` WHERE ( `id` = 20 ) LIMIT 1   [ RunTime:0.000000s ]
SQL: UPDATE `members` SET `login_num`=login_num+1 WHERE ( id=20 ) [ RunTime:0.004001s ]

[ 2015-06-20T15:40:33+08:00 ] 1.70.33.167 /Home/Userinfo/userInfo.html
INFO: [ app_init ] --START--
INFO: Run Behavior\BuildLiteBehavior [ RunTime:0.000000s ]
INFO: [ app_init ] --END-- [ RunTime:0.000000s ]
INFO: [ app_begin ] --START--
INFO: Run Behavior\ReadHtmlCacheBehavior [ RunTime:0.000000s ]
INFO: [ app_begin ] --END-- [ RunTime:0.000000s ]
INFO: [ action_begin ] --START--
INFO: Run Home\Behavior\HomePermissionBehavior [ RunTime:0.000000s ]
INFO: [ action_begin ] --END-- [ RunTime:0.000000s ]
NOTIC: [8192] mysql_connect(): The mysql extension is deprecated and will be removed in the future: use mysqli or PDO instead D:\wwwroot\7g\ThinkPHP\Library\Think\Db\Driver\Mysql.class.php Á¨¨ 52 Ë°å.
SQL: SHOW COLUMNS FROM `members` [ RunTime:0.001000s ]
SQL: SELECT * FROM `members` WHERE ( `username` = 'qingcheng' ) LIMIT 1   [ RunTime:0.000000s ]
SQL: SHOW COLUMNS FROM `product_data` [ RunTime:0.001001s ]
SQL: SELECT SUM(`product`.`down_price_1`*`promote_num`) AS tp_sum FROM `product_data` LEFT JOIN `product` ON `product`.`id`=`product_data`.`goods_id`  WHERE ( `member_id`='20' AND DATE(`time`)='2015-06-19' ) LIMIT 1   [ RunTime:0.001000s ]
SQL: SELECT SUM(`product`.`down_price_1`*`promote_num`) AS tp_sum FROM `product_data` LEFT JOIN `product` ON `product`.`id`=`product_data`.`goods_id`  WHERE ( `member_id`='20' ) LIMIT 1   [ RunTime:0.001000s ]
NOTIC: [2048] Declaration of Home\Model\CashModel::page() should be compatible with Think\Model::page($page, $listRows = NULL) D:\wwwroot\7g\Application\Home\Model\CashModel.class.php Á¨¨ 0 Ë°å.
SQL: SHOW COLUMNS FROM `cash` [ RunTime:0.002000s ]
SQL: SELECT SUM(`withdrawal_amount`) AS tp_sum FROM `cash` WHERE ( `member_id`='20' AND `checked`!=-1 ) LIMIT 1   [ RunTime:0.001000s ]
INFO: [ view_parse ] --START--
INFO: [ template_filter ] --START--
INFO: Run Behavior\ContentReplaceBehavior [ RunTime:0.000000s ]
INFO: [ template_filter ] --END-- [ RunTime:0.000000s ]
INFO: Run Behavior\ParseTemplateBehavior [ RunTime:0.031002s ]
INFO: [ view_parse ] --END-- [ RunTime:0.031002s ]
INFO: [ view_filter ] --START--
INFO: Run Behavior\WriteHtmlCacheBehavior [ RunTime:0.000000s ]
INFO: [ view_filter ] --END-- [ RunTime:0.000000s ]
INFO: [ app_end ] --START--
INFO: Run Behavior\ShowPageTraceBehavior [ RunTime:0.001000s ]
INFO: [ app_end ] --END-- [ RunTime:0.001000s ]

[ 2015-06-20T15:41:55+08:00 ] 1.70.33.167 /getgoods.html
INFO: [ app_init ] --START--
INFO: Run Behavior\BuildLiteBehavior [ RunTime:0.000000s ]
INFO: [ app_init ] --END-- [ RunTime:0.001000s ]
INFO: [ app_begin ] --START--
INFO: Run Behavior\ReadHtmlCacheBehavior [ RunTime:0.000000s ]
INFO: [ app_begin ] --END-- [ RunTime:0.000000s ]
INFO: [ action_begin ] --START--
INFO: Run Home\Behavior\HomePermissionBehavior [ RunTime:0.001000s ]
INFO: [ action_begin ] --END-- [ RunTime:0.001000s ]
NOTIC: [8192] mysql_connect(): The mysql extension is deprecated and will be removed in the future: use mysqli or PDO instead D:\wwwroot\7g\ThinkPHP\Library\Think\Db\Driver\Mysql.class.php Á¨¨ 52 Ë°å.
SQL: SHOW COLUMNS FROM `product` [ RunTime:0.002000s ]
SQL: SELECT DISTINCT  `category_id` FROM `product` WHERE ( `state`=1 )  [ RunTime:0.001000s ]
SQL: SHOW COLUMNS FROM `category` [ RunTime:0.001000s ]
SQL: SELECT * FROM `category` WHERE ( `id` IN (2,1,3) )  [ RunTime:0.001000s ]
SQL: SELECT COUNT(*) AS tp_count FROM `product` WHERE ( category_id = '2' AND `state`=1 ) ORDER BY `top_time` DESC LIMIT 1   [ RunTime:0.000000s ]
SQL: SELECT * FROM `product` WHERE ( category_id = '2' AND `state`=1 ) ORDER BY `top_time` DESC LIMIT 0,30   [ RunTime:0.001000s ]
NOTIC: [8] Undefined index: m D:\wwwroot\7g\ThinkPHP\Common\functions.php Á¨¨ 885 Ë°å.
NOTIC: [8] Undefined variable: up_page D:\wwwroot\7g\ThinkPHP\Library\Think\Page.class.php Á¨¨ 155 Ë°å.
NOTIC: [8] Undefined variable: down_page D:\wwwroot\7g\ThinkPHP\Library\Think\Page.class.php Á¨¨ 155 Ë°å.
NOTIC: [8] Undefined variable: the_first D:\wwwroot\7g\ThinkPHP\Library\Think\Page.class.php Á¨¨ 155 Ë°å.
NOTIC: [8] Undefined variable: the_end D:\wwwroot\7g\ThinkPHP\Library\Think\Page.class.php Á¨¨ 155 Ë°å.
SQL: SHOW COLUMNS FROM `members` [ RunTime:0.001000s ]
SQL: SELECT `id` FROM `members` WHERE ( `username` = 'qingcheng' ) LIMIT 1   [ RunTime:0.000000s ]
SQL: SHOW COLUMNS FROM `members_product` [ RunTime:0.001000s ]
SQL: SELECT `goods_id`,`dprice1`,`dprice2`,`dprice3` FROM `members_product` WHERE ( `members_id` = 20 ) AND ( `goods_id` IN ('1','3','2','4','5','6','7','8','9','10','11','12','13','14','15','16') )  [ RunTime:0.000000s ]
NOTIC: [2] Invalid argument supplied for foreach() D:\wwwroot\7g\Application\Home\Controller\GoodsController.class.php Á¨¨ 77 Ë°å.
INFO: [ view_parse ] --START--
INFO: [ template_filter ] --START--
INFO: Run Behavior\ContentReplaceBehavior [ RunTime:0.000000s ]
INFO: [ template_filter ] --END-- [ RunTime:0.000000s ]
NOTIC: [8] Undefined index: have D:\wwwroot\7g\Application\Runtime\Cache\Home\38ed0e9cddc00f8541eb7e42ce4b2867.php Á¨¨ 48 Ë°å.
NOTIC: [8] Undefined index: have D:\wwwroot\7g\Application\Runtime\Cache\Home\38ed0e9cddc00f8541eb7e42ce4b2867.php Á¨¨ 48 Ë°å.
NOTIC: [8] Undefined index: have D:\wwwroot\7g\Application\Runtime\Cache\Home\38ed0e9cddc00f8541eb7e42ce4b2867.php Á¨¨ 48 Ë°å.
NOTIC: [8] Undefined index: have D:\wwwroot\7g\Application\Runtime\Cache\Home\38ed0e9cddc00f8541eb7e42ce4b2867.php Á¨¨ 48 Ë°å.
NOTIC: [8] Undefined index: have D:\wwwroot\7g\Application\Runtime\Cache\Home\38ed0e9cddc00f8541eb7e42ce4b2867.php Á¨¨ 48 Ë°å.
NOTIC: [8] Undefined index: have D:\wwwroot\7g\Application\Runtime\Cache\Home\38ed0e9cddc00f8541eb7e42ce4b2867.php Á¨¨ 48 Ë°å.
NOTIC: [8] Undefined index: have D:\wwwroot\7g\Application\Runtime\Cache\Home\38ed0e9cddc00f8541eb7e42ce4b2867.php Á¨¨ 48 Ë°å.
NOTIC: [8] Undefined index: have D:\wwwroot\7g\Application\Runtime\Cache\Home\38ed0e9cddc00f8541eb7e42ce4b2867.php Á¨¨ 48 Ë°å.
NOTIC: [8] Undefined index: have D:\wwwroot\7g\Application\Runtime\Cache\Home\38ed0e9cddc00f8541eb7e42ce4b2867.php Á¨¨ 48 Ë°å.
NOTIC: [8] Undefined index: have D:\wwwroot\7g\Application\Runtime\Cache\Home\38ed0e9cddc00f8541eb7e42ce4b2867.php Á¨¨ 48 Ë°å.
NOTIC: [8] Undefined index: have D:\wwwroot\7g\Application\Runtime\Cache\Home\38ed0e9cddc00f8541eb7e42ce4b2867.php Á¨¨ 48 Ë°å.
NOTIC: [8] Undefined index: have D:\wwwroot\7g\Application\Runtime\Cache\Home\38ed0e9cddc00f8541eb7e42ce4b2867.php Á¨¨ 48 Ë°å.
NOTIC: [8] Undefined index: have D:\wwwroot\7g\Application\Runtime\Cache\Home\38ed0e9cddc00f8541eb7e42ce4b2867.php Á¨¨ 48 Ë°å.
NOTIC: [8] Undefined index: have D:\wwwroot\7g\Application\Runtime\Cache\Home\38ed0e9cddc00f8541eb7e42ce4b2867.php Á¨¨ 48 Ë°å.
NOTIC: [8] Undefined index: have D:\wwwroot\7g\Application\Runtime\Cache\Home\38ed0e9cddc00f8541eb7e42ce4b2867.php Á¨¨ 48 Ë°å.
NOTIC: [8] Undefined index: have D:\wwwroot\7g\Application\Runtime\Cache\Home\38ed0e9cddc00f8541eb7e42ce4b2867.php Á¨¨ 48 Ë°å.
INFO: Run Behavior\ParseTemplateBehavior [ RunTime:0.012001s ]
INFO: [ view_parse ] --END-- [ RunTime:0.012001s ]
INFO: [ view_filter ] --START--
INFO: Run Behavior\WriteHtmlCacheBehavior [ RunTime:0.000000s ]
INFO: [ view_filter ] --END-- [ RunTime:0.000000s ]
INFO: [ app_end ] --START--
INFO: Run Behavior\ShowPageTraceBehavior [ RunTime:0.000000s ]
INFO: [ app_end ] --END-- [ RunTime:0.001000s ]

[ 2015-06-20T15:42:22+08:00 ] 1.70.33.167 /getgoods1.html
INFO: [ app_init ] --START--
INFO: Run Behavior\BuildLiteBehavior [ RunTime:0.000000s ]
INFO: [ app_init ] --END-- [ RunTime:0.000000s ]
INFO: [ app_begin ] --START--
INFO: Run Behavior\ReadHtmlCacheBehavior [ RunTime:0.000000s ]
INFO: [ app_begin ] --END-- [ RunTime:0.000000s ]
INFO: [ action_begin ] --START--
INFO: Run Home\Behavior\HomePermissionBehavior [ RunTime:0.001000s ]
INFO: [ action_begin ] --END-- [ RunTime:0.001000s ]
NOTIC: [8192] mysql_connect(): The mysql extension is deprecated and will be removed in the future: use mysqli or PDO instead D:\wwwroot\7g\ThinkPHP\Library\Think\Db\Driver\Mysql.class.php Á¨¨ 52 Ë°å.
SQL: SHOW COLUMNS FROM `product` [ RunTime:0.002000s ]
SQL: SELECT DISTINCT  `category_id` FROM `product` WHERE ( `state`=1 )  [ RunTime:0.001000s ]
SQL: SHOW COLUMNS FROM `category` [ RunTime:0.001001s ]
SQL: SELECT * FROM `category` WHERE ( `id` IN (2,1,3) )  [ RunTime:0.000000s ]
NOTIC: [8] Undefined offset: 0 D:\wwwroot\7g\Application\Home\Controller\GoodsController.class.php Á¨¨ 39 Ë°å.
SQL: SELECT COUNT(*) AS tp_count FROM `product` WHERE ( category_id = '1' AND `state`=1 ) ORDER BY `top_time` DESC LIMIT 1   [ RunTime:0.000000s ]
SQL: SELECT * FROM `product` WHERE ( category_id = '1' AND `state`=1 ) ORDER BY `top_time` DESC LIMIT 0,30   [ RunTime:0.001000s ]
NOTIC: [8] Undefined index: m D:\wwwroot\7g\ThinkPHP\Common\functions.php Á¨¨ 885 Ë°å.
NOTIC: [8] Undefined variable: up_page D:\wwwroot\7g\ThinkPHP\Library\Think\Page.class.php Á¨¨ 155 Ë°å.
NOTIC: [8] Undefined variable: down_page D:\wwwroot\7g\ThinkPHP\Library\Think\Page.class.php Á¨¨ 155 Ë°å.
NOTIC: [8] Undefined variable: the_first D:\wwwroot\7g\ThinkPHP\Library\Think\Page.class.php Á¨¨ 155 Ë°å.
NOTIC: [8] Undefined variable: the_end D:\wwwroot\7g\ThinkPHP\Library\Think\Page.class.php Á¨¨ 155 Ë°å.
SQL: SHOW COLUMNS FROM `members` [ RunTime:0.001000s ]
SQL: SELECT `id` FROM `members` WHERE ( `username` = 'qingcheng' ) LIMIT 1   [ RunTime:0.000000s ]
SQL: SHOW COLUMNS FROM `members_product` [ RunTime:0.001000s ]
SQL: SELECT `goods_id`,`dprice1`,`dprice2`,`dprice3` FROM `members_product` WHERE ( `members_id` = 20 ) AND ( `goods_id` IN ('17','23') )  [ RunTime:0.000000s ]
NOTIC: [2] Invalid argument supplied for foreach() D:\wwwroot\7g\Application\Home\Controller\GoodsController.class.php Á¨¨ 77 Ë°å.
INFO: [ view_parse ] --START--
INFO: [ template_filter ] --START--
INFO: Run Behavior\ContentReplaceBehavior [ RunTime:0.000000s ]
INFO: [ template_filter ] --END-- [ RunTime:0.001000s ]
NOTIC: [8] Undefined index: have D:\wwwroot\7g\Application\Runtime\Cache\Home\38ed0e9cddc00f8541eb7e42ce4b2867.php Á¨¨ 48 Ë°å.
NOTIC: [8] Undefined index: have D:\wwwroot\7g\Application\Runtime\Cache\Home\38ed0e9cddc00f8541eb7e42ce4b2867.php Á¨¨ 48 Ë°å.
INFO: Run Behavior\ParseTemplateBehavior [ RunTime:0.011001s ]
INFO: [ view_parse ] --END-- [ RunTime:0.011001s ]
INFO: [ view_filter ] --START--
INFO: Run Behavior\WriteHtmlCacheBehavior [ RunTime:0.000000s ]
INFO: [ view_filter ] --END-- [ RunTime:0.000000s ]
INFO: [ app_end ] --START--
INFO: Run Behavior\ShowPageTraceBehavior [ RunTime:0.000000s ]
INFO: [ app_end ] --END-- [ RunTime:0.001000s ]

[ 2015-06-20T15:42:26+08:00 ] 1.70.33.167 /getgoods3.html
INFO: [ app_init ] --START--
INFO: Run Behavior\BuildLiteBehavior [ RunTime:0.000000s ]
INFO: [ app_init ] --END-- [ RunTime:0.001000s ]
INFO: [ app_begin ] --START--
INFO: Run Behavior\ReadHtmlCacheBehavior [ RunTime:0.000000s ]
INFO: [ app_begin ] --END-- [ RunTime:0.000000s ]
INFO: [ action_begin ] --START--
INFO: Run Home\Behavior\HomePermissionBehavior [ RunTime:0.000000s ]
INFO: [ action_begin ] --END-- [ RunTime:0.000000s ]
NOTIC: [8192] mysql_connect(): The mysql extension is deprecated and will be removed in the future: use mysqli or PDO instead D:\wwwroot\7g\ThinkPHP\Library\Think\Db\Driver\Mysql.class.php Á¨¨ 52 Ë°å.
SQL: SHOW COLUMNS FROM `product` [ RunTime:0.001000s ]
SQL: SELECT DISTINCT  `category_id` FROM `product` WHERE ( `state`=1 )  [ RunTime:0.000000s ]
SQL: SHOW COLUMNS FROM `category` [ RunTime:0.001000s ]
SQL: SELECT * FROM `category` WHERE ( `id` IN (2,1,3) )  [ RunTime:0.001000s ]
SQL: SELECT COUNT(*) AS tp_count FROM `product` WHERE ( category_id = '3' AND `state`=1 ) ORDER BY `top_time` DESC LIMIT 1   [ RunTime:0.000000s ]
SQL: SELECT * FROM `product` WHERE ( category_id = '3' AND `state`=1 ) ORDER BY `top_time` DESC LIMIT 0,30   [ RunTime:0.000000s ]
NOTIC: [8] Undefined index: m D:\wwwroot\7g\ThinkPHP\Common\functions.php Á¨¨ 885 Ë°å.
NOTIC: [8] Undefined variable: up_page D:\wwwroot\7g\ThinkPHP\Library\Think\Page.class.php Á¨¨ 155 Ë°å.
NOTIC: [8] Undefined variable: down_page D:\wwwroot\7g\ThinkPHP\Library\Think\Page.class.php Á¨¨ 155 Ë°å.
NOTIC: [8] Undefined variable: the_first D:\wwwroot\7g\ThinkPHP\Library\Think\Page.class.php Á¨¨ 155 Ë°å.
NOTIC: [8] Undefined variable: the_end D:\wwwroot\7g\ThinkPHP\Library\Think\Page.class.php Á¨¨ 155 Ë°å.
SQL: SHOW COLUMNS FROM `members` [ RunTime:0.001000s ]
SQL: SELECT `id` FROM `members` WHERE ( `username` = 'qingcheng' ) LIMIT 1   [ RunTime:0.001000s ]
SQL: SHOW COLUMNS FROM `members_product` [ RunTime:0.001000s ]
SQL: SELECT `goods_id`,`dprice1`,`dprice2`,`dprice3` FROM `members_product` WHERE ( `members_id` = 20 ) AND ( `goods_id` IN ('18','19','20','21','22') )  [ RunTime:0.001000s ]
NOTIC: [2] Invalid argument supplied for foreach() D:\wwwroot\7g\Application\Home\Controller\GoodsController.class.php Á¨¨ 77 Ë°å.
INFO: [ view_parse ] --START--
INFO: [ template_filter ] --START--
INFO: Run Behavior\ContentReplaceBehavior [ RunTime:0.000000s ]
INFO: [ template_filter ] --END-- [ RunTime:0.000000s ]
NOTIC: [8] Undefined index: have D:\wwwroot\7g\Application\Runtime\Cache\Home\38ed0e9cddc00f8541eb7e42ce4b2867.php Á¨¨ 48 Ë°å.
NOTIC: [8] Undefined index: have D:\wwwroot\7g\Application\Runtime\Cache\Home\38ed0e9cddc00f8541eb7e42ce4b2867.php Á¨¨ 48 Ë°å.
NOTIC: [8] Undefined index: have D:\wwwroot\7g\Application\Runtime\Cache\Home\38ed0e9cddc00f8541eb7e42ce4b2867.php Á¨¨ 48 Ë°å.
NOTIC: [8] Undefined index: have D:\wwwroot\7g\Application\Runtime\Cache\Home\38ed0e9cddc00f8541eb7e42ce4b2867.php Á¨¨ 48 Ë°å.
NOTIC: [8] Undefined index: have D:\wwwroot\7g\Application\Runtime\Cache\Home\38ed0e9cddc00f8541eb7e42ce4b2867.php Á¨¨ 48 Ë°å.
INFO: Run Behavior\ParseTemplateBehavior [ RunTime:0.012000s ]
INFO: [ view_parse ] --END-- [ RunTime:0.012000s ]
INFO: [ view_filter ] --START--
INFO: Run Behavior\WriteHtmlCacheBehavior [ RunTime:0.000000s ]
INFO: [ view_filter ] --END-- [ RunTime:0.000000s ]
INFO: [ app_end ] --START--
INFO: Run Behavior\ShowPageTraceBehavior [ RunTime:0.001000s ]
INFO: [ app_end ] --END-- [ RunTime:0.001000s ]

[ 2015-06-20T15:42:30+08:00 ] 1.70.33.167 /getgoods2.html
INFO: [ app_init ] --START--
INFO: Run Behavior\BuildLiteBehavior [ RunTime:0.000000s ]
INFO: [ app_init ] --END-- [ RunTime:0.000000s ]
INFO: [ app_begin ] --START--
INFO: Run Behavior\ReadHtmlCacheBehavior [ RunTime:0.000000s ]
INFO: [ app_begin ] --END-- [ RunTime:0.000000s ]
INFO: [ action_begin ] --START--
INFO: Run Home\Behavior\HomePermissionBehavior [ RunTime:0.001000s ]
INFO: [ action_begin ] --END-- [ RunTime:0.001000s ]
NOTIC: [8192] mysql_connect(): The mysql extension is deprecated and will be removed in the future: use mysqli or PDO instead D:\wwwroot\7g\ThinkPHP\Library\Think\Db\Driver\Mysql.class.php Á¨¨ 52 Ë°å.
SQL: SHOW COLUMNS FROM `product` [ RunTime:0.001001s ]
SQL: SELECT DISTINCT  `category_id` FROM `product` WHERE ( `state`=1 )  [ RunTime:0.000000s ]
SQL: SHOW COLUMNS FROM `category` [ RunTime:0.001000s ]
SQL: SELECT * FROM `category` WHERE ( `id` IN (2,1,3) )  [ RunTime:0.001000s ]
SQL: SELECT COUNT(*) AS tp_count FROM `product` WHERE ( category_id = '2' AND `state`=1 ) ORDER BY `top_time` DESC LIMIT 1   [ RunTime:0.000000s ]
SQL: SELECT * FROM `product` WHERE ( category_id = '2' AND `state`=1 ) ORDER BY `top_time` DESC LIMIT 0,30   [ RunTime:0.001000s ]
NOTIC: [8] Undefined index: m D:\wwwroot\7g\ThinkPHP\Common\functions.php Á¨¨ 885 Ë°å.
NOTIC: [8] Undefined variable: up_page D:\wwwroot\7g\ThinkPHP\Library\Think\Page.class.php Á¨¨ 155 Ë°å.
NOTIC: [8] Undefined variable: down_page D:\wwwroot\7g\ThinkPHP\Library\Think\Page.class.php Á¨¨ 155 Ë°å.
NOTIC: [8] Undefined variable: the_first D:\wwwroot\7g\ThinkPHP\Library\Think\Page.class.php Á¨¨ 155 Ë°å.
NOTIC: [8] Undefined variable: the_end D:\wwwroot\7g\ThinkPHP\Library\Think\Page.class.php Á¨¨ 155 Ë°å.
SQL: SHOW COLUMNS FROM `members` [ RunTime:0.001000s ]
SQL: SELECT `id` FROM `members` WHERE ( `username` = 'qingcheng' ) LIMIT 1   [ RunTime:0.000000s ]
SQL: SHOW COLUMNS FROM `members_product` [ RunTime:0.001000s ]
SQL: SELECT `goods_id`,`dprice1`,`dprice2`,`dprice3` FROM `members_product` WHERE ( `members_id` = 20 ) AND ( `goods_id` IN ('1','3','2','4','5','6','7','8','9','10','11','12','13','14','15','16') )  [ RunTime:0.000000s ]
NOTIC: [2] Invalid argument supplied for foreach() D:\wwwroot\7g\Application\Home\Controller\GoodsController.class.php Á¨¨ 77 Ë°å.
INFO: [ view_parse ] --START--
INFO: [ template_filter ] --START--
INFO: Run Behavior\ContentReplaceBehavior [ RunTime:0.000000s ]
INFO: [ template_filter ] --END-- [ RunTime:0.000000s ]
NOTIC: [8] Undefined index: have D:\wwwroot\7g\Application\Runtime\Cache\Home\38ed0e9cddc00f8541eb7e42ce4b2867.php Á¨¨ 48 Ë°å.
NOTIC: [8] Undefined index: have D:\wwwroot\7g\Application\Runtime\Cache\Home\38ed0e9cddc00f8541eb7e42ce4b2867.php Á¨¨ 48 Ë°å.
NOTIC: [8] Undefined index: have D:\wwwroot\7g\Application\Runtime\Cache\Home\38ed0e9cddc00f8541eb7e42ce4b2867.php Á¨¨ 48 Ë°å.
NOTIC: [8] Undefined index: have D:\wwwroot\7g\Application\Runtime\Cache\Home\38ed0e9cddc00f8541eb7e42ce4b2867.php Á¨¨ 48 Ë°å.
NOTIC: [8] Undefined index: have D:\wwwroot\7g\Application\Runtime\Cache\Home\38ed0e9cddc00f8541eb7e42ce4b2867.php Á¨¨ 48 Ë°å.
NOTIC: [8] Undefined index: have D:\wwwroot\7g\Application\Runtime\Cache\Home\38ed0e9cddc00f8541eb7e42ce4b2867.php Á¨¨ 48 Ë°å.
NOTIC: [8] Undefined index: have D:\wwwroot\7g\Application\Runtime\Cache\Home\38ed0e9cddc00f8541eb7e42ce4b2867.php Á¨¨ 48 Ë°å.
NOTIC: [8] Undefined index: have D:\wwwroot\7g\Application\Runtime\Cache\Home\38ed0e9cddc00f8541eb7e42ce4b2867.php Á¨¨ 48 Ë°å.
NOTIC: [8] Undefined index: have D:\wwwroot\7g\Application\Runtime\Cache\Home\38ed0e9cddc00f8541eb7e42ce4b2867.php Á¨¨ 48 Ë°å.
NOTIC: [8] Undefined index: have D:\wwwroot\7g\Application\Runtime\Cache\Home\38ed0e9cddc00f8541eb7e42ce4b2867.php Á¨¨ 48 Ë°å.
NOTIC: [8] Undefined index: have D:\wwwroot\7g\Application\Runtime\Cache\Home\38ed0e9cddc00f8541eb7e42ce4b2867.php Á¨¨ 48 Ë°å.
NOTIC: [8] Undefined index: have D:\wwwroot\7g\Application\Runtime\Cache\Home\38ed0e9cddc00f8541eb7e42ce4b2867.php Á¨¨ 48 Ë°å.
NOTIC: [8] Undefined index: have D:\wwwroot\7g\Application\Runtime\Cache\Home\38ed0e9cddc00f8541eb7e42ce4b2867.php Á¨¨ 48 Ë°å.
NOTIC: [8] Undefined index: have D:\wwwroot\7g\Application\Runtime\Cache\Home\38ed0e9cddc00f8541eb7e42ce4b2867.php Á¨¨ 48 Ë°å.
NOTIC: [8] Undefined index: have D:\wwwroot\7g\Application\Runtime\Cache\Home\38ed0e9cddc00f8541eb7e42ce4b2867.php Á¨¨ 48 Ë°å.
NOTIC: [8] Undefined index: have D:\wwwroot\7g\Application\Runtime\Cache\Home\38ed0e9cddc00f8541eb7e42ce4b2867.php Á¨¨ 48 Ë°å.
INFO: Run Behavior\ParseTemplateBehavior [ RunTime:0.011001s ]
INFO: [ view_parse ] --END-- [ RunTime:0.011001s ]
INFO: [ view_filter ] --START--
INFO: Run Behavior\WriteHtmlCacheBehavior [ RunTime:0.000000s ]
INFO: [ view_filter ] --END-- [ RunTime:0.000000s ]
INFO: [ app_end ] --START--
INFO: Run Behavior\ShowPageTraceBehavior [ RunTime:0.000000s ]
INFO: [ app_end ] --END-- [ RunTime:0.000000s ]

[ 2015-06-20T16:28:54+08:00 ] 120.26.202.42 /c.php?i=http://m.sogou.com/vr/jplayer/jquery.jplayer.2.9.2.min.js&r=http://m.sogou.com/
INFO: [ app_init ] --START--
INFO: Run Behavior\BuildLiteBehavior [ RunTime:0.000000s ]
INFO: [ app_init ] --END-- [ RunTime:0.000000s ]
INFO: [ app_begin ] --START--
INFO: Run Behavior\ReadHtmlCacheBehavior [ RunTime:0.001000s ]
INFO: [ app_begin ] --END-- [ RunTime:0.001000s ]
ERR: Êó†Ê≥ïÂä†ËΩΩÊéßÂà∂Âô®:C.php

[ 2015-06-20T16:28:55+08:00 ] 120.26.202.42 /c.php?i=http://m.sogou.com/js/vr/jquery-1.6.1.min.js&r=http://m.sogou.com/
INFO: [ app_init ] --START--
INFO: Run Behavior\BuildLiteBehavior [ RunTime:0.000000s ]
INFO: [ app_init ] --END-- [ RunTime:0.000000s ]
INFO: [ app_begin ] --START--
INFO: Run Behavior\ReadHtmlCacheBehavior [ RunTime:0.001000s ]
INFO: [ app_begin ] --END-- [ RunTime:0.001000s ]
ERR: Êó†Ê≥ïÂä†ËΩΩÊéßÂà∂Âô®:C.php

[ 2015-06-20T16:34:39+08:00 ] 120.26.202.42 /c.php?i=http://m.sogou.com/video/style_2014/js/jquery.mobile-1.4.2.min.js&r=http://m.sogou.com/
INFO: [ app_init ] --START--
INFO: Run Behavior\BuildLiteBehavior [ RunTime:0.000000s ]
INFO: [ app_init ] --END-- [ RunTime:0.000000s ]
INFO: [ app_begin ] --START--
INFO: Run Behavior\ReadHtmlCacheBehavior [ RunTime:0.000000s ]
INFO: [ app_begin ] --END-- [ RunTime:0.000000s ]
ERR: Êó†Ê≥ïÂä†ËΩΩÊéßÂà∂Âô®:C.php

[ 2015-06-20T17:44:23+08:00 ] 183.61.7.130 /Verify/Index/common
INFO: [ app_init ] --START--
INFO: Run Behavior\BuildLiteBehavior [ RunTime:0.000000s ]
INFO: [ app_init ] --END-- [ RunTime:0.000000s ]
INFO: [ app_begin ] --START--
INFO: Run Behavior\ReadHtmlCacheBehavior [ RunTime:0.001000s ]
INFO: [ app_begin ] --END-- [ RunTime:0.001000s ]

[ 2015-06-20T17:44:23+08:00 ] 183.61.7.130 /Verify/Index/verify.html
INFO: [ app_init ] --START--
INFO: Run Behavior\BuildLiteBehavior [ RunTime:0.000000s ]
INFO: [ app_init ] --END-- [ RunTime:0.000000s ]
INFO: [ app_begin ] --START--
INFO: Run Behavior\ReadHtmlCacheBehavior [ RunTime:0.000000s ]
INFO: [ app_begin ] --END-- [ RunTime:0.000000s ]
INFO: [ app_end ] --START--
INFO: Run Behavior\ShowPageTraceBehavior [ RunTime:0.001000s ]
INFO: [ app_end ] --END-- [ RunTime:0.001000s ]

[ 2015-06-20T17:44:40+08:00 ] 183.61.7.130 /Verify/Index/common
INFO: [ app_init ] --START--
INFO: Run Behavior\BuildLiteBehavior [ RunTime:0.000000s ]
INFO: [ app_init ] --END-- [ RunTime:0.000000s ]
INFO: [ app_begin ] --START--
INFO: Run Behavior\ReadHtmlCacheBehavior [ RunTime:0.000000s ]
INFO: [ app_begin ] --END-- [ RunTime:0.000000s ]

[ 2015-06-20T17:44:40+08:00 ] 183.61.7.130 /Verify/Index/verify.html
INFO: [ app_init ] --START--
INFO: Run Behavior\BuildLiteBehavior [ RunTime:0.000000s ]
INFO: [ app_init ] --END-- [ RunTime:0.000000s ]
INFO: [ app_begin ] --START--
INFO: Run Behavior\ReadHtmlCacheBehavior [ RunTime:0.000000s ]
INFO: [ app_begin ] --END-- [ RunTime:0.000000s ]
INFO: [ app_end ] --START--
INFO: Run Behavior\ShowPageTraceBehavior [ RunTime:0.000000s ]
INFO: [ app_end ] --END-- [ RunTime:0.000000s ]

[ 2015-06-20T17:44:49+08:00 ] 101.226.89.14 /Verify/Index/common
INFO: [ app_init ] --START--
INFO: Run Behavior\BuildLiteBehavior [ RunTime:0.000000s ]
INFO: [ app_init ] --END-- [ RunTime:0.000000s ]
INFO: [ app_begin ] --START--
INFO: Run Behavior\ReadHtmlCacheBehavior [ RunTime:0.000000s ]
INFO: [ app_begin ] --END-- [ RunTime:0.000000s ]

[ 2015-06-20T17:44:49+08:00 ] 101.226.125.121 /Verify/Index/verify.html
INFO: [ app_init ] --START--
INFO: Run Behavior\BuildLiteBehavior [ RunTime:0.000000s ]
INFO: [ app_init ] --END-- [ RunTime:0.000000s ]
INFO: [ app_begin ] --START--
INFO: Run Behavior\ReadHtmlCacheBehavior [ RunTime:0.000000s ]
INFO: [ app_begin ] --END-- [ RunTime:0.000000s ]
INFO: [ app_end ] --START--
INFO: Run Behavior\ShowPageTraceBehavior [ RunTime:0.000000s ]
INFO: [ app_end ] --END-- [ RunTime:0.001000s ]

[ 2015-06-20T17:45:07+08:00 ] 183.61.7.130 /Verify/Index/verify.html
INFO: [ app_init ] --START--
INFO: Run Behavior\BuildLiteBehavior [ RunTime:0.000000s ]
INFO: [ app_init ] --END-- [ RunTime:0.000000s ]
INFO: [ app_begin ] --START--
INFO: Run Behavior\ReadHtmlCacheBehavior [ RunTime:0.000000s ]
INFO: [ app_begin ] --END-- [ RunTime:0.000000s ]
INFO: [ app_end ] --START--
INFO: Run Behavior\ShowPageTraceBehavior [ RunTime:0.000000s ]
INFO: [ app_end ] --END-- [ RunTime:0.000000s ]

[ 2015-06-20T17:45:07+08:00 ] 183.61.7.130 /Verify/Index/common
INFO: [ app_init ] --START--
INFO: Run Behavior\BuildLiteBehavior [ RunTime:0.000000s ]
INFO: [ app_init ] --END-- [ RunTime:0.000000s ]
INFO: [ app_begin ] --START--
INFO: Run Behavior\ReadHtmlCacheBehavior [ RunTime:0.000000s ]
INFO: [ app_begin ] --END-- [ RunTime:0.000000s ]

[ 2015-06-20T18:01:06+08:00 ] 66.249.75.77 /robots.txt
INFO: [ app_init ] --START--
INFO: Run Behavior\BuildLiteBehavior [ RunTime:0.000000s ]
INFO: [ app_init ] --END-- [ RunTime:0.000000s ]
INFO: [ app_begin ] --START--
INFO: Run Behavior\ReadHtmlCacheBehavior [ RunTime:0.000000s ]
INFO: [ app_begin ] --END-- [ RunTime:0.000000s ]
ERR: Êó†Ê≥ïÂä†ËΩΩÊéßÂà∂Âô®:Robots.txt

[ 2015-06-20T18:03:53+08:00 ] 180.153.163.187 /news/script/DD_belatedPNG_0.0.8a.js
INFO: [ app_init ] --START--
INFO: Run Behavior\BuildLiteBehavior [ RunTime:0.000000s ]
INFO: [ app_init ] --END-- [ RunTime:0.000000s ]
INFO: [ app_begin ] --START--
INFO: Run Behavior\ReadHtmlCacheBehavior [ RunTime:0.000000s ]
INFO: [ app_begin ] --END-- [ RunTime:0.000000s ]
ERR: Êó†Ê≥ïÂä†ËΩΩÊéßÂà∂Âô®:News

[ 2015-06-20T18:09:26+08:00 ] 66.249.75.69 /Home/Index/index.html
INFO: [ app_init ] --START--
INFO: Run Behavior\BuildLiteBehavior [ RunTime:0.000000s ]
INFO: [ app_init ] --END-- [ RunTime:0.000000s ]
INFO: [ app_begin ] --START--
INFO: Run Behavior\ReadHtmlCacheBehavior [ RunTime:0.000000s ]
INFO: [ app_begin ] --END-- [ RunTime:0.001000s ]
INFO: [ action_begin ] --START--
INFO: Run Home\Behavior\HomePermissionBehavior [ RunTime:0.001000s ]
INFO: [ action_begin ] --END-- [ RunTime:0.001000s ]
NOTIC: [8192] mysql_connect(): The mysql extension is deprecated and will be removed in the future: use mysqli or PDO instead D:\wwwroot\7g\ThinkPHP\Library\Think\Db\Driver\Mysql.class.php Á¨¨ 52 Ë°å.
SQL: SHOW COLUMNS FROM `news` [ RunTime:0.002000s ]
SQL: SELECT * FROM `news` ORDER BY time DESC  [ RunTime:0.001000s ]
INFO: [ view_parse ] --START--
INFO: [ template_filter ] --START--
INFO: Run Behavior\ContentReplaceBehavior [ RunTime:0.000000s ]
INFO: [ template_filter ] --END-- [ RunTime:0.000000s ]
INFO: Run Behavior\ParseTemplateBehavior [ RunTime:0.029002s ]
INFO: [ view_parse ] --END-- [ RunTime:0.029002s ]
INFO: [ view_filter ] --START--
INFO: Run Behavior\WriteHtmlCacheBehavior [ RunTime:0.000000s ]
INFO: [ view_filter ] --END-- [ RunTime:0.001000s ]
INFO: [ app_end ] --START--
INFO: Run Behavior\ShowPageTraceBehavior [ RunTime:0.000000s ]
INFO: [ app_end ] --END-- [ RunTime:0.000000s ]

[ 2015-06-20T18:24:05+08:00 ] 120.26.202.42 /c.php?i=http://m.sogou.com/js/vr/jquery-1.6.1.min.js&r=http://m.sogou.com/
INFO: [ app_init ] --START--
INFO: Run Behavior\BuildLiteBehavior [ RunTime:0.000000s ]
INFO: [ app_init ] --END-- [ RunTime:0.000000s ]
INFO: [ app_begin ] --START--
INFO: Run Behavior\ReadHtmlCacheBehavior [ RunTime:0.000000s ]
INFO: [ app_begin ] --END-- [ RunTime:0.000000s ]
ERR: Êó†Ê≥ïÂä†ËΩΩÊéßÂà∂Âô®:C.php

[ 2015-06-20T18:24:05+08:00 ] 120.26.202.42 /c.php?i=http://m.sogou.com/vr/jplayer/jquery.jplayer.2.9.2.min.js&r=http://m.sogou.com/
INFO: [ app_init ] --START--
INFO: Run Behavior\BuildLiteBehavior [ RunTime:0.000000s ]
INFO: [ app_init ] --END-- [ RunTime:0.000000s ]
INFO: [ app_begin ] --START--
INFO: Run Behavior\ReadHtmlCacheBehavior [ RunTime:0.000000s ]
INFO: [ app_begin ] --END-- [ RunTime:0.000000s ]
ERR: Êó†Ê≥ïÂä†ËΩΩÊéßÂà∂Âô®:C.php

[ 2015-06-20T18:46:54+08:00 ] 120.26.202.42 /c.php?i=http://m.sogou.com/video/style_2014/js/jquery-1.8.3.min.js&r=http://m.sogou.com/
INFO: [ app_init ] --START--
INFO: Run Behavior\BuildLiteBehavior [ RunTime:0.000000s ]
INFO: [ app_init ] --END-- [ RunTime:0.000000s ]
INFO: [ app_begin ] --START--
INFO: Run Behavior\ReadHtmlCacheBehavior [ RunTime:0.001000s ]
INFO: [ app_begin ] --END-- [ RunTime:0.001000s ]
ERR: Êó†Ê≥ïÂä†ËΩΩÊéßÂà∂Âô®:C.php

[ 2015-06-20T20:04:02+08:00 ] 120.26.202.42 /c.php?i=http://m.sogou.com/vr/jplayer/jquery.jplayer.2.9.2.min.js&r=http://m.sogou.com/
INFO: [ app_init ] --START--
INFO: Run Behavior\BuildLiteBehavior [ RunTime:0.000000s ]
INFO: [ app_init ] --END-- [ RunTime:0.000000s ]
INFO: [ app_begin ] --START--
INFO: Run Behavior\ReadHtmlCacheBehavior [ RunTime:0.001000s ]
INFO: [ app_begin ] --END-- [ RunTime:0.001000s ]
ERR: Êó†Ê≥ïÂä†ËΩΩÊéßÂà∂Âô®:C.php

[ 2015-06-20T20:04:02+08:00 ] 120.26.202.42 /c.php?i=http://m.sogou.com/js/vr/jquery-1.6.1.min.js&r=http://m.sogou.com/
INFO: [ app_init ] --START--
INFO: Run Behavior\BuildLiteBehavior [ RunTime:0.000000s ]
INFO: [ app_init ] --END-- [ RunTime:0.000000s ]
INFO: [ app_begin ] --START--
INFO: Run Behavior\ReadHtmlCacheBehavior [ RunTime:0.000000s ]
INFO: [ app_begin ] --END-- [ RunTime:0.000000s ]
ERR: Êó†Ê≥ïÂä†ËΩΩÊéßÂà∂Âô®:C.php

[ 2015-06-20T22:54:07+08:00 ] 120.26.202.42 /c.php?i=http://m.sogou.com/vr/jplayer/jquery.jplayer.2.9.2.min.js&r=http://m.sogou.com/
INFO: [ app_init ] --START--
INFO: Run Behavior\BuildLiteBehavior [ RunTime:0.000000s ]
INFO: [ app_init ] --END-- [ RunTime:0.000000s ]
INFO: [ app_begin ] --START--
INFO: Run Behavior\ReadHtmlCacheBehavior [ RunTime:0.001000s ]
INFO: [ app_begin ] --END-- [ RunTime:0.001000s ]
ERR: Êó†Ê≥ïÂä†ËΩΩÊéßÂà∂Âô®:C.php

[ 2015-06-20T22:54:07+08:00 ] 120.26.202.42 /c.php?i=http://m.sogou.com/js/vr/jquery-1.6.1.min.js&r=http://m.sogou.com/
INFO: [ app_init ] --START--
INFO: Run Behavior\BuildLiteBehavior [ RunTime:0.000000s ]
INFO: [ app_init ] --END-- [ RunTime:0.001000s ]
INFO: [ app_begin ] --START--
INFO: Run Behavior\ReadHtmlCacheBehavior [ RunTime:0.000000s ]
INFO: [ app_begin ] --END-- [ RunTime:0.000000s ]
ERR: Êó†Ê≥ïÂä†ËΩΩÊéßÂà∂Âô®:C.php

[ 2015-06-20T22:57:16+08:00 ] 120.26.202.42 /c.php?i=http://m.sogou.com/js/vr/jquery-1.6.1.min.js&r=http://m.sogou.com/
INFO: [ app_init ] --START--
INFO: Run Behavior\BuildLiteBehavior [ RunTime:0.000000s ]
INFO: [ app_init ] --END-- [ RunTime:0.000000s ]
INFO: [ app_begin ] --START--
INFO: Run Behavior\ReadHtmlCacheBehavior [ RunTime:0.000000s ]
INFO: [ app_begin ] --END-- [ RunTime:0.000000s ]
ERR: Êó†Ê≥ïÂä†ËΩΩÊéßÂà∂Âô®:C.php

[ 2015-06-20T22:57:17+08:00 ] 120.26.202.42 /c.php?i=http://m.sogou.com/vr/jplayer/jquery.jplayer.2.9.2.min.js&r=http://m.sogou.com/
INFO: [ app_init ] --START--
INFO: Run Behavior\BuildLiteBehavior [ RunTime:0.000000s ]
INFO: [ app_init ] --END-- [ RunTime:0.000000s ]
INFO: [ app_begin ] --START--
INFO: Run Behavior\ReadHtmlCacheBehavior [ RunTime:0.000000s ]
INFO: [ app_begin ] --END-- [ RunTime:0.000000s ]
ERR: Êó†Ê≥ïÂä†ËΩΩÊéßÂà∂Âô®:C.php

[ 2015-06-20T23:00:05+08:00 ] 222.178.16.10 /Verify/Index/common
INFO: [ app_init ] --START--
INFO: Run Behavior\BuildLiteBehavior [ RunTime:0.001000s ]
INFO: [ app_init ] --END-- [ RunTime:0.001000s ]
INFO: [ app_begin ] --START--
INFO: Run Behavior\ReadHtmlCacheBehavior [ RunTime:0.000000s ]
INFO: [ app_begin ] --END-- [ RunTime:0.000000s ]

[ 2015-06-20T23:00:05+08:00 ] 222.178.16.10 /Verify/Index/verify.html
INFO: [ app_init ] --START--
INFO: Run Behavior\BuildLiteBehavior [ RunTime:0.000000s ]
INFO: [ app_init ] --END-- [ RunTime:0.000000s ]
INFO: [ app_begin ] --START--
INFO: Run Behavior\ReadHtmlCacheBehavior [ RunTime:0.000000s ]
INFO: [ app_begin ] --END-- [ RunTime:0.000000s ]
INFO: [ app_end ] --START--
INFO: Run Behavior\ShowPageTraceBehavior [ RunTime:0.001001s ]
INFO: [ app_end ] --END-- [ RunTime:0.001001s ]

