[ 2015-08-22T10:25:38+08:00 ] 221.11.5.186 /Verify/Index/verify.html
INFO: [ app_init ] --START--
INFO: Run Behavior\BuildLiteBehavior [ RunTime:0.000000s ]
INFO: [ app_init ] --END-- [ RunTime:0.000000s ]
INFO: [ app_begin ] --START--
INFO: Run Behavior\ReadHtmlCacheBehavior [ RunTime:0.001000s ]
INFO: [ app_begin ] --END-- [ RunTime:0.001000s ]
INFO: [ app_end ] --START--
INFO: Run Behavior\ShowPageTraceBehavior [ RunTime:0.002001s ]
INFO: [ app_end ] --END-- [ RunTime:0.002001s ]

[ 2015-08-22T10:25:38+08:00 ] 221.11.5.186 /Verify/Index/common
INFO: [ app_init ] --START--
INFO: Run Behavior\BuildLiteBehavior [ RunTime:0.000000s ]
INFO: [ app_init ] --END-- [ RunTime:0.001000s ]
INFO: [ app_begin ] --START--
INFO: Run Behavior\ReadHtmlCacheBehavior [ RunTime:0.000000s ]
INFO: [ app_begin ] --END-- [ RunTime:0.000000s ]

[ 2015-08-22T10:59:03+08:00 ] 58.221.134.70 /Verify/Index/common
INFO: [ app_init ] --START--
INFO: Run Behavior\BuildLiteBehavior [ RunTime:0.000000s ]
INFO: [ app_init ] --END-- [ RunTime:0.000000s ]
INFO: [ app_begin ] --START--
INFO: Run Behavior\ReadHtmlCacheBehavior [ RunTime:0.001000s ]
INFO: [ app_begin ] --END-- [ RunTime:0.001000s ]

[ 2015-08-22T10:59:03+08:00 ] 58.221.134.70 /Verify/Index/verify.html
INFO: [ app_init ] --START--
INFO: Run Behavior\BuildLiteBehavior [ RunTime:0.000000s ]
INFO: [ app_init ] --END-- [ RunTime:0.000000s ]
INFO: [ app_begin ] --START--
INFO: Run Behavior\ReadHtmlCacheBehavior [ RunTime:0.000000s ]
INFO: [ app_begin ] --END-- [ RunTime:0.001000s ]
INFO: [ app_end ] --START--
INFO: Run Behavior\ShowPageTraceBehavior [ RunTime:0.001000s ]
INFO: [ app_end ] --END-- [ RunTime:0.001000s ]

[ 2015-08-22T10:59:10+08:00 ] 58.221.134.70 /Home/Index/index.html
INFO: [ app_init ] --START--
INFO: Run Behavior\BuildLiteBehavior [ RunTime:0.000000s ]
INFO: [ app_init ] --END-- [ RunTime:0.000000s ]
INFO: [ app_begin ] --START--
INFO: Run Behavior\ReadHtmlCacheBehavior [ RunTime:0.000000s ]
INFO: [ app_begin ] --END-- [ RunTime:0.000000s ]
INFO: [ action_begin ] --START--
INFO: Run Home\Behavior\HomePermissionBehavior [ RunTime:0.001000s ]
INFO: [ action_begin ] --END-- [ RunTime:0.001000s ]

[ 2015-08-22T10:59:11+08:00 ] 58.221.134.70 /Verify/Index/verify.html
INFO: [ app_init ] --START--
INFO: Run Behavior\BuildLiteBehavior [ RunTime:0.000000s ]
INFO: [ app_init ] --END-- [ RunTime:0.000000s ]
INFO: [ app_begin ] --START--
INFO: Run Behavior\ReadHtmlCacheBehavior [ RunTime:0.000000s ]
INFO: [ app_begin ] --END-- [ RunTime:0.000000s ]
INFO: [ app_end ] --START--
INFO: Run Behavior\ShowPageTraceBehavior [ RunTime:0.000000s ]
INFO: [ app_end ] --END-- [ RunTime:0.000000s ]

[ 2015-08-22T10:59:14+08:00 ] 58.221.134.70 /Verify/Index/verify.html?randomString=0.0906325583346188
INFO: [ app_init ] --START--
INFO: Run Behavior\BuildLiteBehavior [ RunTime:0.000000s ]
INFO: [ app_init ] --END-- [ RunTime:0.000000s ]
INFO: [ app_begin ] --START--
INFO: Run Behavior\ReadHtmlCacheBehavior [ RunTime:0.000000s ]
INFO: [ app_begin ] --END-- [ RunTime:0.000000s ]
INFO: [ app_end ] --START--
INFO: Run Behavior\ShowPageTraceBehavior [ RunTime:0.000000s ]
INFO: [ app_end ] --END-- [ RunTime:0.000000s ]

[ 2015-08-22T10:59:15+08:00 ] 58.221.134.70 /Verify/Index/verify.html?randomString=0.6731017695274204
INFO: [ app_init ] --START--
INFO: Run Behavior\BuildLiteBehavior [ RunTime:0.000000s ]
INFO: [ app_init ] --END-- [ RunTime:0.000000s ]
INFO: [ app_begin ] --START--
INFO: Run Behavior\ReadHtmlCacheBehavior [ RunTime:0.000000s ]
INFO: [ app_begin ] --END-- [ RunTime:0.000000s ]
INFO: [ app_end ] --START--
INFO: Run Behavior\ShowPageTraceBehavior [ RunTime:0.000000s ]
INFO: [ app_end ] --END-- [ RunTime:0.000000s ]

[ 2015-08-22T10:59:19+08:00 ] 58.221.134.70 /Home/Index/index.html
INFO: [ app_init ] --START--
INFO: Run Behavior\BuildLiteBehavior [ RunTime:0.000000s ]
INFO: [ app_init ] --END-- [ RunTime:0.000000s ]
INFO: [ app_begin ] --START--
INFO: Run Behavior\ReadHtmlCacheBehavior [ RunTime:0.000000s ]
INFO: [ app_begin ] --END-- [ RunTime:0.000000s ]
INFO: [ action_begin ] --START--
INFO: Run Home\Behavior\HomePermissionBehavior [ RunTime:0.000000s ]
INFO: [ action_begin ] --END-- [ RunTime:0.000000s ]
NOTIC: [8192] mysql_connect(): The mysql extension is deprecated and will be removed in the future: use mysqli or PDO instead D:\wwwroot\7g\ThinkPHP\Library\Think\Db\Driver\Mysql.class.php ç¬¬ 52 è¡Œ.
SQL: SHOW COLUMNS FROM `members` [ RunTime:0.002000s ]
SQL: SELECT * FROM `members` WHERE ( `username` = 'fumingkang' ) LIMIT 1   [ RunTime:0.001000s ]
SQL: UPDATE `members` SET `login_num`=login_num+1 WHERE ( id=44 ) [ RunTime:0.007000s ]

[ 2015-08-22T10:59:20+08:00 ] 58.221.134.70 /userinfo.html
INFO: [ app_init ] --START--
INFO: Run Behavior\BuildLiteBehavior [ RunTime:0.000000s ]
INFO: [ app_init ] --END-- [ RunTime:0.000000s ]
INFO: [ app_begin ] --START--
INFO: Run Behavior\ReadHtmlCacheBehavior [ RunTime:0.000000s ]
INFO: [ app_begin ] --END-- [ RunTime:0.001000s ]
INFO: [ action_begin ] --START--
INFO: Run Home\Behavior\HomePermissionBehavior [ RunTime:0.000000s ]
INFO: [ action_begin ] --END-- [ RunTime:0.000000s ]
NOTIC: [8192] mysql_connect(): The mysql extension is deprecated and will be removed in the future: use mysqli or PDO instead D:\wwwroot\7g\ThinkPHP\Library\Think\Db\Driver\Mysql.class.php ç¬¬ 52 è¡Œ.
SQL: SHOW COLUMNS FROM `members` [ RunTime:0.001000s ]
SQL: SELECT * FROM `members` WHERE ( `username` = 'fumingkang' ) LIMIT 1   [ RunTime:0.001000s ]
SQL: SHOW COLUMNS FROM `product_data` [ RunTime:0.001000s ]
SQL: SELECT SUM(money) AS tp_sum FROM `product_data` WHERE ( `member_id`='44' AND DATE(FROM_UNIXTIME(`time`))='2015-08-21' ) LIMIT 1   [ RunTime:0.000000s ]
SQL: SELECT SUM(money) AS tp_sum FROM `product_data` WHERE ( `member_id`='44' ) LIMIT 1   [ RunTime:0.000000s ]
NOTIC: [2048] Declaration of Home\Model\CashModel::page() should be compatible with Think\Model::page($page, $listRows = NULL) D:\wwwroot\7g\Application\Home\Model\CashModel.class.php ç¬¬ 0 è¡Œ.
SQL: SHOW COLUMNS FROM `cash` [ RunTime:0.001000s ]
SQL: SELECT SUM(`withdrawal_amount`) AS tp_sum FROM `cash` WHERE ( `member_id`='44' AND `checked`!=-1 ) LIMIT 1   [ RunTime:0.000000s ]
INFO: [ view_parse ] --START--
INFO: [ template_filter ] --START--
INFO: Run Behavior\ContentReplaceBehavior [ RunTime:0.000000s ]
INFO: [ template_filter ] --END-- [ RunTime:0.000000s ]
INFO: Run Behavior\ParseTemplateBehavior [ RunTime:0.029002s ]
INFO: [ view_parse ] --END-- [ RunTime:0.029002s ]
INFO: [ view_filter ] --START--
INFO: Run Behavior\WriteHtmlCacheBehavior [ RunTime:0.000000s ]
INFO: [ view_filter ] --END-- [ RunTime:0.000000s ]
INFO: [ app_end ] --START--
INFO: Run Behavior\ShowPageTraceBehavior [ RunTime:0.000000s ]
INFO: [ app_end ] --END-- [ RunTime:0.000000s ]

[ 2015-08-22T10:59:22+08:00 ] 58.221.134.70 /effect.html
INFO: [ app_init ] --START--
INFO: Run Behavior\BuildLiteBehavior [ RunTime:0.000000s ]
INFO: [ app_init ] --END-- [ RunTime:0.000000s ]
INFO: [ app_begin ] --START--
INFO: Run Behavior\ReadHtmlCacheBehavior [ RunTime:0.000000s ]
INFO: [ app_begin ] --END-- [ RunTime:0.000000s ]
INFO: [ action_begin ] --START--
INFO: Run Home\Behavior\HomePermissionBehavior [ RunTime:0.001000s ]
INFO: [ action_begin ] --END-- [ RunTime:0.001000s ]
NOTIC: [8192] mysql_connect(): The mysql extension is deprecated and will be removed in the future: use mysqli or PDO instead D:\wwwroot\7g\ThinkPHP\Library\Think\Db\Driver\Mysql.class.php ç¬¬ 52 è¡Œ.
SQL: SHOW COLUMNS FROM `members` [ RunTime:0.002001s ]
SQL: SELECT `id` FROM `members` WHERE ( `username` = 'fumingkang' ) LIMIT 1   [ RunTime:0.001000s ]
NOTIC: [8] Undefined index: date_begin D:\wwwroot\7g\Application\Home\Controller\ReportController.class.php ç¬¬ 25 è¡Œ.
NOTIC: [8] Undefined index: date_end D:\wwwroot\7g\Application\Home\Controller\ReportController.class.php ç¬¬ 26 è¡Œ.
NOTIC: [8] Undefined index: product_name D:\wwwroot\7g\Application\Home\Controller\ReportController.class.php ç¬¬ 27 è¡Œ.
SQL: SHOW COLUMNS FROM `product_data` [ RunTime:0.001000s ]
SQL: SELECT COUNT(*) AS tp_count FROM product_data data LEFT JOIN `product` ON `product`.`id`=`data`.`goods_id`  WHERE ( `data`.`member_id`='44' AND `data`.`time`>='1439568000' AND `data`.`time`<'1440259200' ) ORDER BY `data`.`time` DESC LIMIT 1   [ RunTime:0.001000s ]
SQL: SELECT product.goods_name,data.* FROM product_data data LEFT JOIN `product` ON `product`.`id`=`data`.`goods_id`  WHERE ( `data`.`member_id`='44' AND `data`.`time`>='1439568000' AND `data`.`time`<'1440259200' ) ORDER BY `data`.`time` DESC LIMIT 0,30   [ RunTime:0.000000s ]
INFO: [ view_parse ] --START--
INFO: [ template_filter ] --START--
INFO: Run Behavior\ContentReplaceBehavior [ RunTime:0.000000s ]
INFO: [ template_filter ] --END-- [ RunTime:0.000000s ]
INFO: Run Behavior\ParseTemplateBehavior [ RunTime:0.009000s ]
INFO: [ view_parse ] --END-- [ RunTime:0.009000s ]
INFO: [ view_filter ] --START--
INFO: Run Behavior\WriteHtmlCacheBehavior [ RunTime:0.000000s ]
INFO: [ view_filter ] --END-- [ RunTime:0.000000s ]
INFO: [ app_end ] --START--
INFO: Run Behavior\ShowPageTraceBehavior [ RunTime:0.000000s ]
INFO: [ app_end ] --END-- [ RunTime:0.000000s ]

[ 2015-08-22T10:59:24+08:00 ] 58.221.134.70 /effect.html
INFO: [ app_init ] --START--
INFO: Run Behavior\BuildLiteBehavior [ RunTime:0.000000s ]
INFO: [ app_init ] --END-- [ RunTime:0.001000s ]
INFO: [ app_begin ] --START--
INFO: Run Behavior\ReadHtmlCacheBehavior [ RunTime:0.000000s ]
INFO: [ app_begin ] --END-- [ RunTime:0.000000s ]
INFO: [ action_begin ] --START--
INFO: Run Home\Behavior\HomePermissionBehavior [ RunTime:0.000000s ]
INFO: [ action_begin ] --END-- [ RunTime:0.000000s ]
NOTIC: [8192] mysql_connect(): The mysql extension is deprecated and will be removed in the future: use mysqli or PDO instead D:\wwwroot\7g\ThinkPHP\Library\Think\Db\Driver\Mysql.class.php ç¬¬ 52 è¡Œ.
SQL: SHOW COLUMNS FROM `members` [ RunTime:0.001000s ]
SQL: SELECT `id` FROM `members` WHERE ( `username` = 'fumingkang' ) LIMIT 1   [ RunTime:0.000000s ]
SQL: SHOW COLUMNS FROM `product_data` [ RunTime:0.001000s ]
SQL: SELECT COUNT(*) AS tp_count FROM product_data data LEFT JOIN `product` ON `product`.`id`=`data`.`goods_id`  WHERE ( `data`.`member_id`='44' AND `data`.`time`>='1439568000' AND `data`.`time`<'1440345599' ) ORDER BY `data`.`time` DESC LIMIT 1   [ RunTime:0.001000s ]
SQL: SELECT product.goods_name,data.* FROM product_data data LEFT JOIN `product` ON `product`.`id`=`data`.`goods_id`  WHERE ( `data`.`member_id`='44' AND `data`.`time`>='1439568000' AND `data`.`time`<'1440345599' ) ORDER BY `data`.`time` DESC LIMIT 0,30   [ RunTime:0.001000s ]
INFO: [ view_parse ] --START--
INFO: [ template_filter ] --START--
INFO: Run Behavior\ContentReplaceBehavior [ RunTime:0.000000s ]
INFO: [ template_filter ] --END-- [ RunTime:0.000000s ]
INFO: Run Behavior\ParseTemplateBehavior [ RunTime:0.009001s ]
INFO: [ view_parse ] --END-- [ RunTime:0.009001s ]
INFO: [ view_filter ] --START--
INFO: Run Behavior\WriteHtmlCacheBehavior [ RunTime:0.000000s ]
INFO: [ view_filter ] --END-- [ RunTime:0.000000s ]
INFO: [ app_end ] --START--
INFO: Run Behavior\ShowPageTraceBehavior [ RunTime:0.000000s ]
INFO: [ app_end ] --END-- [ RunTime:0.000000s ]

[ 2015-08-22T10:59:26+08:00 ] 58.221.134.70 /effect.html
INFO: [ app_init ] --START--
INFO: Run Behavior\BuildLiteBehavior [ RunTime:0.000000s ]
INFO: [ app_init ] --END-- [ RunTime:0.000000s ]
INFO: [ app_begin ] --START--
INFO: Run Behavior\ReadHtmlCacheBehavior [ RunTime:0.000000s ]
INFO: [ app_begin ] --END-- [ RunTime:0.000000s ]
INFO: [ action_begin ] --START--
INFO: Run Home\Behavior\HomePermissionBehavior [ RunTime:0.000000s ]
INFO: [ action_begin ] --END-- [ RunTime:0.000000s ]
NOTIC: [8192] mysql_connect(): The mysql extension is deprecated and will be removed in the future: use mysqli or PDO instead D:\wwwroot\7g\ThinkPHP\Library\Think\Db\Driver\Mysql.class.php ç¬¬ 52 è¡Œ.
SQL: SHOW COLUMNS FROM `members` [ RunTime:0.001000s ]
SQL: SELECT `id` FROM `members` WHERE ( `username` = 'fumingkang' ) LIMIT 1   [ RunTime:0.001000s ]
SQL: SHOW COLUMNS FROM `product_data` [ RunTime:0.002000s ]
SQL: SELECT COUNT(*) AS tp_count FROM product_data data LEFT JOIN `product` ON `product`.`id`=`data`.`goods_id`  WHERE ( `data`.`member_id`='44' AND `data`.`time`>='1439568000' AND `data`.`time`<'1440345599' ) ORDER BY `data`.`time` DESC LIMIT 1   [ RunTime:0.000000s ]
SQL: SELECT product.goods_name,data.* FROM product_data data LEFT JOIN `product` ON `product`.`id`=`data`.`goods_id`  WHERE ( `data`.`member_id`='44' AND `data`.`time`>='1439568000' AND `data`.`time`<'1440345599' ) ORDER BY `data`.`time` DESC LIMIT 0,30   [ RunTime:0.000000s ]
INFO: [ view_parse ] --START--
INFO: [ template_filter ] --START--
INFO: Run Behavior\ContentReplaceBehavior [ RunTime:0.000000s ]
INFO: [ template_filter ] --END-- [ RunTime:0.000000s ]
INFO: Run Behavior\ParseTemplateBehavior [ RunTime:0.009001s ]
INFO: [ view_parse ] --END-- [ RunTime:0.009001s ]
INFO: [ view_filter ] --START--
INFO: Run Behavior\WriteHtmlCacheBehavior [ RunTime:0.000000s ]
INFO: [ view_filter ] --END-- [ RunTime:0.000000s ]
INFO: [ app_end ] --START--
INFO: Run Behavior\ShowPageTraceBehavior [ RunTime:0.000000s ]
INFO: [ app_end ] --END-- [ RunTime:0.001000s ]

[ 2015-08-22T10:59:27+08:00 ] 58.221.134.70 /effect.html
INFO: [ app_init ] --START--
INFO: Run Behavior\BuildLiteBehavior [ RunTime:0.000000s ]
INFO: [ app_init ] --END-- [ RunTime:0.000000s ]
INFO: [ app_begin ] --START--
INFO: Run Behavior\ReadHtmlCacheBehavior [ RunTime:0.000000s ]
INFO: [ app_begin ] --END-- [ RunTime:0.000000s ]
INFO: [ action_begin ] --START--
INFO: Run Home\Behavior\HomePermissionBehavior [ RunTime:0.001001s ]
INFO: [ action_begin ] --END-- [ RunTime:0.001001s ]
NOTIC: [8192] mysql_connect(): The mysql extension is deprecated and will be removed in the future: use mysqli or PDO instead D:\wwwroot\7g\ThinkPHP\Library\Think\Db\Driver\Mysql.class.php ç¬¬ 52 è¡Œ.
SQL: SHOW COLUMNS FROM `members` [ RunTime:0.001000s ]
SQL: SELECT `id` FROM `members` WHERE ( `username` = 'fumingkang' ) LIMIT 1   [ RunTime:0.000000s ]
SQL: SHOW COLUMNS FROM `product_data` [ RunTime:0.002000s ]
SQL: SELECT COUNT(*) AS tp_count FROM product_data data LEFT JOIN `product` ON `product`.`id`=`data`.`goods_id`  WHERE ( `data`.`member_id`='44' AND `data`.`time`>='1439568000' AND `data`.`time`<'1440345599' ) ORDER BY `data`.`time` DESC LIMIT 1   [ RunTime:0.000000s ]
SQL: SELECT product.goods_name,data.* FROM product_data data LEFT JOIN `product` ON `product`.`id`=`data`.`goods_id`  WHERE ( `data`.`member_id`='44' AND `data`.`time`>='1439568000' AND `data`.`time`<'1440345599' ) ORDER BY `data`.`time` DESC LIMIT 0,30   [ RunTime:0.000000s ]
INFO: [ view_parse ] --START--
INFO: [ template_filter ] --START--
INFO: Run Behavior\ContentReplaceBehavior [ RunTime:0.000000s ]
INFO: [ template_filter ] --END-- [ RunTime:0.000000s ]
INFO: Run Behavior\ParseTemplateBehavior [ RunTime:0.009000s ]
INFO: [ view_parse ] --END-- [ RunTime:0.009000s ]
INFO: [ view_filter ] --START--
INFO: Run Behavior\WriteHtmlCacheBehavior [ RunTime:0.000000s ]
INFO: [ view_filter ] --END-- [ RunTime:0.000000s ]
INFO: [ app_end ] --START--
INFO: Run Behavior\ShowPageTraceBehavior [ RunTime:0.001000s ]
INFO: [ app_end ] --END-- [ RunTime:0.001000s ]

[ 2015-08-22T10:59:28+08:00 ] 58.221.134.70 /getgoods.html
INFO: [ app_init ] --START--
INFO: Run Behavior\BuildLiteBehavior [ RunTime:0.000000s ]
INFO: [ app_init ] --END-- [ RunTime:0.000000s ]
INFO: [ app_begin ] --START--
INFO: Run Behavior\ReadHtmlCacheBehavior [ RunTime:0.000000s ]
INFO: [ app_begin ] --END-- [ RunTime:0.001000s ]
INFO: [ action_begin ] --START--
INFO: Run Home\Behavior\HomePermissionBehavior [ RunTime:0.000000s ]
INFO: [ action_begin ] --END-- [ RunTime:0.000000s ]
NOTIC: [8192] mysql_connect(): The mysql extension is deprecated and will be removed in the future: use mysqli or PDO instead D:\wwwroot\7g\ThinkPHP\Library\Think\Db\Driver\Mysql.class.php ç¬¬ 52 è¡Œ.
SQL: SHOW COLUMNS FROM `product` [ RunTime:0.002000s ]
SQL: SELECT DISTINCT  `category_id` FROM `product` WHERE ( `state`=1 )  [ RunTime:0.000000s ]
SQL: SHOW COLUMNS FROM `category` [ RunTime:0.001001s ]
SQL: SELECT * FROM `category` WHERE ( `id` IN (2,3,1) )  [ RunTime:0.000000s ]
SQL: SELECT COUNT(*) AS tp_count FROM `product` WHERE ( category_id = '2' AND `state`=1 ) ORDER BY `top_time` DESC LIMIT 1   [ RunTime:0.000000s ]
SQL: SELECT * FROM `product` WHERE ( category_id = '2' AND `state`=1 ) ORDER BY `top_time` DESC LIMIT 0,30   [ RunTime:0.000000s ]
NOTIC: [8] Undefined index: m D:\wwwroot\7g\ThinkPHP\Common\functions.php ç¬¬ 885 è¡Œ.
NOTIC: [8] Undefined variable: up_page D:\wwwroot\7g\ThinkPHP\Library\Think\Page.class.php ç¬¬ 155 è¡Œ.
NOTIC: [8] Undefined variable: down_page D:\wwwroot\7g\ThinkPHP\Library\Think\Page.class.php ç¬¬ 155 è¡Œ.
NOTIC: [8] Undefined variable: the_first D:\wwwroot\7g\ThinkPHP\Library\Think\Page.class.php ç¬¬ 155 è¡Œ.
NOTIC: [8] Undefined variable: the_end D:\wwwroot\7g\ThinkPHP\Library\Think\Page.class.php ç¬¬ 155 è¡Œ.
SQL: SHOW COLUMNS FROM `members` [ RunTime:0.001000s ]
SQL: SELECT `id` FROM `members` WHERE ( `username` = 'fumingkang' ) LIMIT 1   [ RunTime:0.000000s ]
SQL: SHOW COLUMNS FROM `members_product` [ RunTime:0.001000s ]
SQL: SELECT `goods_id`,`dprice1`,`dprice2`,`dprice3` FROM `members_product` WHERE ( `members_id` = 44 ) AND ( `goods_id` IN ('29','1','2','3','14','24','25','26','27','28','30','31','32','33','34','36','37','38','39') )  [ RunTime:0.000000s ]
NOTIC: [2] Invalid argument supplied for foreach() D:\wwwroot\7g\Application\Home\Controller\GoodsController.class.php ç¬¬ 77 è¡Œ.
INFO: [ view_parse ] --START--
INFO: [ template_filter ] --START--
INFO: Run Behavior\ContentReplaceBehavior [ RunTime:0.000000s ]
INFO: [ template_filter ] --END-- [ RunTime:0.000000s ]
NOTIC: [8] Undefined index: have D:\wwwroot\7g\Application\Runtime\Cache\Home\38ed0e9cddc00f8541eb7e42ce4b2867.php ç¬¬ 48 è¡Œ.
NOTIC: [8] Undefined index: have D:\wwwroot\7g\Application\Runtime\Cache\Home\38ed0e9cddc00f8541eb7e42ce4b2867.php ç¬¬ 48 è¡Œ.
NOTIC: [8] Undefined index: have D:\wwwroot\7g\Application\Runtime\Cache\Home\38ed0e9cddc00f8541eb7e42ce4b2867.php ç¬¬ 48 è¡Œ.
NOTIC: [8] Undefined index: have D:\wwwroot\7g\Application\Runtime\Cache\Home\38ed0e9cddc00f8541eb7e42ce4b2867.php ç¬¬ 48 è¡Œ.
NOTIC: [8] Undefined index: have D:\wwwroot\7g\Application\Runtime\Cache\Home\38ed0e9cddc00f8541eb7e42ce4b2867.php ç¬¬ 48 è¡Œ.
NOTIC: [8] Undefined index: have D:\wwwroot\7g\Application\Runtime\Cache\Home\38ed0e9cddc00f8541eb7e42ce4b2867.php ç¬¬ 48 è¡Œ.
NOTIC: [8] Undefined index: have D:\wwwroot\7g\Application\Runtime\Cache\Home\38ed0e9cddc00f8541eb7e42ce4b2867.php ç¬¬ 48 è¡Œ.
NOTIC: [8] Undefined index: have D:\wwwroot\7g\Application\Runtime\Cache\Home\38ed0e9cddc00f8541eb7e42ce4b2867.php ç¬¬ 48 è¡Œ.
NOTIC: [8] Undefined index: have D:\wwwroot\7g\Application\Runtime\Cache\Home\38ed0e9cddc00f8541eb7e42ce4b2867.php ç¬¬ 48 è¡Œ.
NOTIC: [8] Undefined index: have D:\wwwroot\7g\Application\Runtime\Cache\Home\38ed0e9cddc00f8541eb7e42ce4b2867.php ç¬¬ 48 è¡Œ.
NOTIC: [8] Undefined index: have D:\wwwroot\7g\Application\Runtime\Cache\Home\38ed0e9cddc00f8541eb7e42ce4b2867.php ç¬¬ 48 è¡Œ.
NOTIC: [8] Undefined index: have D:\wwwroot\7g\Application\Runtime\Cache\Home\38ed0e9cddc00f8541eb7e42ce4b2867.php ç¬¬ 48 è¡Œ.
NOTIC: [8] Undefined index: have D:\wwwroot\7g\Application\Runtime\Cache\Home\38ed0e9cddc00f8541eb7e42ce4b2867.php ç¬¬ 48 è¡Œ.
NOTIC: [8] Undefined index: have D:\wwwroot\7g\Application\Runtime\Cache\Home\38ed0e9cddc00f8541eb7e42ce4b2867.php ç¬¬ 48 è¡Œ.
NOTIC: [8] Undefined index: have D:\wwwroot\7g\Application\Runtime\Cache\Home\38ed0e9cddc00f8541eb7e42ce4b2867.php ç¬¬ 48 è¡Œ.
NOTIC: [8] Undefined index: have D:\wwwroot\7g\Application\Runtime\Cache\Home\38ed0e9cddc00f8541eb7e42ce4b2867.php ç¬¬ 48 è¡Œ.
NOTIC: [8] Undefined index: have D:\wwwroot\7g\Application\Runtime\Cache\Home\38ed0e9cddc00f8541eb7e42ce4b2867.php ç¬¬ 48 è¡Œ.
NOTIC: [8] Undefined index: have D:\wwwroot\7g\Application\Runtime\Cache\Home\38ed0e9cddc00f8541eb7e42ce4b2867.php ç¬¬ 48 è¡Œ.
NOTIC: [8] Undefined index: have D:\wwwroot\7g\Application\Runtime\Cache\Home\38ed0e9cddc00f8541eb7e42ce4b2867.php ç¬¬ 48 è¡Œ.
INFO: Run Behavior\ParseTemplateBehavior [ RunTime:0.012001s ]
INFO: [ view_parse ] --END-- [ RunTime:0.012001s ]
INFO: [ view_filter ] --START--
INFO: Run Behavior\WriteHtmlCacheBehavior [ RunTime:0.000000s ]
INFO: [ view_filter ] --END-- [ RunTime:0.001000s ]
INFO: [ app_end ] --START--
INFO: Run Behavior\ShowPageTraceBehavior [ RunTime:0.000000s ]
INFO: [ app_end ] --END-- [ RunTime:0.000000s ]

[ 2015-08-22T11:00:08+08:00 ] 110.75.87.233 /Verify/Index/common
INFO: [ app_init ] --START--
INFO: Run Behavior\BuildLiteBehavior [ RunTime:0.000000s ]
INFO: [ app_init ] --END-- [ RunTime:0.000000s ]
INFO: [ app_begin ] --START--
INFO: Run Behavior\ReadHtmlCacheBehavior [ RunTime:0.000000s ]
INFO: [ app_begin ] --END-- [ RunTime:0.000000s ]

[ 2015-08-22T11:00:08+08:00 ] 110.75.87.198 /Verify/Index/verify.html
INFO: [ app_init ] --START--
INFO: Run Behavior\BuildLiteBehavior [ RunTime:0.000000s ]
INFO: [ app_init ] --END-- [ RunTime:0.000000s ]
INFO: [ app_begin ] --START--
INFO: Run Behavior\ReadHtmlCacheBehavior [ RunTime:0.000000s ]
INFO: [ app_begin ] --END-- [ RunTime:0.000000s ]
INFO: [ app_end ] --START--
INFO: Run Behavior\ShowPageTraceBehavior [ RunTime:0.000000s ]
INFO: [ app_end ] --END-- [ RunTime:0.000000s ]

[ 2015-08-22T11:00:11+08:00 ] 58.221.134.70 /getgoods1.html
INFO: [ app_init ] --START--
INFO: Run Behavior\BuildLiteBehavior [ RunTime:0.000000s ]
INFO: [ app_init ] --END-- [ RunTime:0.000000s ]
INFO: [ app_begin ] --START--
INFO: Run Behavior\ReadHtmlCacheBehavior [ RunTime:0.000000s ]
INFO: [ app_begin ] --END-- [ RunTime:0.000000s ]
INFO: [ action_begin ] --START--
INFO: Run Home\Behavior\HomePermissionBehavior [ RunTime:0.000000s ]
INFO: [ action_begin ] --END-- [ RunTime:0.000000s ]
NOTIC: [8192] mysql_connect(): The mysql extension is deprecated and will be removed in the future: use mysqli or PDO instead D:\wwwroot\7g\ThinkPHP\Library\Think\Db\Driver\Mysql.class.php ç¬¬ 52 è¡Œ.
SQL: SHOW COLUMNS FROM `product` [ RunTime:0.001000s ]
SQL: SELECT DISTINCT  `category_id` FROM `product` WHERE ( `state`=1 )  [ RunTime:0.000000s ]
SQL: SHOW COLUMNS FROM `category` [ RunTime:0.001000s ]
SQL: SELECT * FROM `category` WHERE ( `id` IN (2,3,1) )  [ RunTime:0.001000s ]
NOTIC: [8] Undefined offset: 0 D:\wwwroot\7g\Application\Home\Controller\GoodsController.class.php ç¬¬ 39 è¡Œ.
SQL: SELECT COUNT(*) AS tp_count FROM `product` WHERE ( category_id = '1' AND `state`=1 ) ORDER BY `top_time` DESC LIMIT 1   [ RunTime:0.000000s ]
SQL: SELECT * FROM `product` WHERE ( category_id = '1' AND `state`=1 ) ORDER BY `top_time` DESC LIMIT 0,30   [ RunTime:0.001000s ]
NOTIC: [8] Undefined index: m D:\wwwroot\7g\ThinkPHP\Common\functions.php ç¬¬ 885 è¡Œ.
NOTIC: [8] Undefined variable: up_page D:\wwwroot\7g\ThinkPHP\Library\Think\Page.class.php ç¬¬ 155 è¡Œ.
NOTIC: [8] Undefined variable: down_page D:\wwwroot\7g\ThinkPHP\Library\Think\Page.class.php ç¬¬ 155 è¡Œ.
NOTIC: [8] Undefined variable: the_first D:\wwwroot\7g\ThinkPHP\Library\Think\Page.class.php ç¬¬ 155 è¡Œ.
NOTIC: [8] Undefined variable: the_end D:\wwwroot\7g\ThinkPHP\Library\Think\Page.class.php ç¬¬ 155 è¡Œ.
SQL: SHOW COLUMNS FROM `members` [ RunTime:0.001000s ]
SQL: SELECT `id` FROM `members` WHERE ( `username` = 'fumingkang' ) LIMIT 1   [ RunTime:0.000000s ]
SQL: SHOW COLUMNS FROM `members_product` [ RunTime:0.002000s ]
SQL: SELECT `goods_id`,`dprice1`,`dprice2`,`dprice3` FROM `members_product` WHERE ( `members_id` = 44 ) AND ( `goods_id` IN ('23','35') )  [ RunTime:0.001000s ]
NOTIC: [2] Invalid argument supplied for foreach() D:\wwwroot\7g\Application\Home\Controller\GoodsController.class.php ç¬¬ 77 è¡Œ.
INFO: [ view_parse ] --START--
INFO: [ template_filter ] --START--
INFO: Run Behavior\ContentReplaceBehavior [ RunTime:0.000000s ]
INFO: [ template_filter ] --END-- [ RunTime:0.000000s ]
NOTIC: [8] Undefined index: have D:\wwwroot\7g\Application\Runtime\Cache\Home\38ed0e9cddc00f8541eb7e42ce4b2867.php ç¬¬ 48 è¡Œ.
NOTIC: [8] Undefined index: have D:\wwwroot\7g\Application\Runtime\Cache\Home\38ed0e9cddc00f8541eb7e42ce4b2867.php ç¬¬ 48 è¡Œ.
INFO: Run Behavior\ParseTemplateBehavior [ RunTime:0.011001s ]
INFO: [ view_parse ] --END-- [ RunTime:0.011001s ]
INFO: [ view_filter ] --START--
INFO: Run Behavior\WriteHtmlCacheBehavior [ RunTime:0.001000s ]
INFO: [ view_filter ] --END-- [ RunTime:0.001000s ]
INFO: [ app_end ] --START--
INFO: Run Behavior\ShowPageTraceBehavior [ RunTime:0.000000s ]
INFO: [ app_end ] --END-- [ RunTime:0.000000s ]

[ 2015-08-22T11:00:13+08:00 ] 110.75.87.216 /Verify/Index/common
INFO: [ app_init ] --START--
INFO: Run Behavior\BuildLiteBehavior [ RunTime:0.000000s ]
INFO: [ app_init ] --END-- [ RunTime:0.000000s ]
INFO: [ app_begin ] --START--
INFO: Run Behavior\ReadHtmlCacheBehavior [ RunTime:0.000000s ]
INFO: [ app_begin ] --END-- [ RunTime:0.000000s ]

[ 2015-08-22T11:00:13+08:00 ] 110.75.87.216 /Verify/Index/verify.html
INFO: [ app_init ] --START--
INFO: Run Behavior\BuildLiteBehavior [ RunTime:0.000000s ]
INFO: [ app_init ] --END-- [ RunTime:0.000000s ]
INFO: [ app_begin ] --START--
INFO: Run Behavior\ReadHtmlCacheBehavior [ RunTime:0.000000s ]
INFO: [ app_begin ] --END-- [ RunTime:0.000000s ]
INFO: [ app_end ] --START--
INFO: Run Behavior\ShowPageTraceBehavior [ RunTime:0.000000s ]
INFO: [ app_end ] --END-- [ RunTime:0.000000s ]

[ 2015-08-22T11:00:25+08:00 ] 58.221.134.70 /effect.html
INFO: [ app_init ] --START--
INFO: Run Behavior\BuildLiteBehavior [ RunTime:0.000000s ]
INFO: [ app_init ] --END-- [ RunTime:0.000000s ]
INFO: [ app_begin ] --START--
INFO: Run Behavior\ReadHtmlCacheBehavior [ RunTime:0.000000s ]
INFO: [ app_begin ] --END-- [ RunTime:0.000000s ]
INFO: [ action_begin ] --START--
INFO: Run Home\Behavior\HomePermissionBehavior [ RunTime:0.001001s ]
INFO: [ action_begin ] --END-- [ RunTime:0.001001s ]
NOTIC: [8192] mysql_connect(): The mysql extension is deprecated and will be removed in the future: use mysqli or PDO instead D:\wwwroot\7g\ThinkPHP\Library\Think\Db\Driver\Mysql.class.php ç¬¬ 52 è¡Œ.
SQL: SHOW COLUMNS FROM `members` [ RunTime:0.002000s ]
SQL: SELECT `id` FROM `members` WHERE ( `username` = 'fumingkang' ) LIMIT 1   [ RunTime:0.000000s ]
NOTIC: [8] Undefined index: date_begin D:\wwwroot\7g\Application\Home\Controller\ReportController.class.php ç¬¬ 25 è¡Œ.
NOTIC: [8] Undefined index: date_end D:\wwwroot\7g\Application\Home\Controller\ReportController.class.php ç¬¬ 26 è¡Œ.
NOTIC: [8] Undefined index: product_name D:\wwwroot\7g\Application\Home\Controller\ReportController.class.php ç¬¬ 27 è¡Œ.
SQL: SHOW COLUMNS FROM `product_data` [ RunTime:0.001000s ]
SQL: SELECT COUNT(*) AS tp_count FROM product_data data LEFT JOIN `product` ON `product`.`id`=`data`.`goods_id`  WHERE ( `data`.`member_id`='44' AND `data`.`time`>='1439568000' AND `data`.`time`<'1440259200' ) ORDER BY `data`.`time` DESC LIMIT 1   [ RunTime:0.000000s ]
SQL: SELECT product.goods_name,data.* FROM product_data data LEFT JOIN `product` ON `product`.`id`=`data`.`goods_id`  WHERE ( `data`.`member_id`='44' AND `data`.`time`>='1439568000' AND `data`.`time`<'1440259200' ) ORDER BY `data`.`time` DESC LIMIT 0,30   [ RunTime:0.001000s ]
INFO: [ view_parse ] --START--
INFO: [ template_filter ] --START--
INFO: Run Behavior\ContentReplaceBehavior [ RunTime:0.000000s ]
INFO: [ template_filter ] --END-- [ RunTime:0.000000s ]
INFO: Run Behavior\ParseTemplateBehavior [ RunTime:0.009000s ]
INFO: [ view_parse ] --END-- [ RunTime:0.009000s ]
INFO: [ view_filter ] --START--
INFO: Run Behavior\WriteHtmlCacheBehavior [ RunTime:0.000000s ]
INFO: [ view_filter ] --END-- [ RunTime:0.000000s ]
INFO: [ app_end ] --START--
INFO: Run Behavior\ShowPageTraceBehavior [ RunTime:0.000000s ]
INFO: [ app_end ] --END-- [ RunTime:0.000000s ]

[ 2015-08-22T13:05:24+08:00 ] 218.30.116.96 /Verify/Index/common
INFO: [ app_init ] --START--
INFO: Run Behavior\BuildLiteBehavior [ RunTime:0.000000s ]
INFO: [ app_init ] --END-- [ RunTime:0.000000s ]
INFO: [ app_begin ] --START--
INFO: Run Behavior\ReadHtmlCacheBehavior [ RunTime:0.001001s ]
INFO: [ app_begin ] --END-- [ RunTime:0.001001s ]

[ 2015-08-22T13:07:28+08:00 ] 101.199.112.52 /Verify/Index/common
INFO: [ app_init ] --START--
INFO: Run Behavior\BuildLiteBehavior [ RunTime:0.000000s ]
INFO: [ app_init ] --END-- [ RunTime:0.000000s ]
INFO: [ app_begin ] --START--
INFO: Run Behavior\ReadHtmlCacheBehavior [ RunTime:0.001000s ]
INFO: [ app_begin ] --END-- [ RunTime:0.001000s ]

[ 2015-08-22T15:54:14+08:00 ] 112.95.172.245 /Home/Registe/checkUserExist.html
INFO: [ app_init ] --START--
INFO: Run Behavior\BuildLiteBehavior [ RunTime:0.000000s ]
INFO: [ app_init ] --END-- [ RunTime:0.000000s ]
INFO: [ app_begin ] --START--
INFO: Run Behavior\ReadHtmlCacheBehavior [ RunTime:0.001000s ]
INFO: [ app_begin ] --END-- [ RunTime:0.001000s ]
INFO: [ action_begin ] --START--
INFO: Run Home\Behavior\HomePermissionBehavior [ RunTime:0.001000s ]
INFO: [ action_begin ] --END-- [ RunTime:0.001000s ]
NOTIC: [8192] mysql_connect(): The mysql extension is deprecated and will be removed in the future: use mysqli or PDO instead D:\wwwroot\7g\ThinkPHP\Library\Think\Db\Driver\Mysql.class.php ç¬¬ 52 è¡Œ.
SQL: SHOW COLUMNS FROM `members` [ RunTime:0.001000s ]
SQL: SELECT `id` FROM `members` WHERE ( `username` = 'a1404169423' ) LIMIT 1   [ RunTime:0.000000s ]

[ 2015-08-22T15:55:40+08:00 ] 112.95.172.245 /Home/Registe/index.html
INFO: [ app_init ] --START--
INFO: Run Behavior\BuildLiteBehavior [ RunTime:0.000000s ]
INFO: [ app_init ] --END-- [ RunTime:0.000000s ]
INFO: [ app_begin ] --START--
INFO: Run Behavior\ReadHtmlCacheBehavior [ RunTime:0.000000s ]
INFO: [ app_begin ] --END-- [ RunTime:0.000000s ]
INFO: [ action_begin ] --START--
INFO: Run Home\Behavior\HomePermissionBehavior [ RunTime:0.001001s ]
INFO: [ action_begin ] --END-- [ RunTime:0.001001s ]
NOTIC: [8192] mysql_connect(): The mysql extension is deprecated and will be removed in the future: use mysqli or PDO instead D:\wwwroot\7g\ThinkPHP\Library\Think\Db\Driver\Mysql.class.php ç¬¬ 52 è¡Œ.
SQL: SHOW COLUMNS FROM `members` [ RunTime:0.001000s ]
SQL: INSERT INTO `members` (`username`,`password`,`qq`,`tel`,`email`,`payee`,`bank_name`,`bank_addr`,`bank_account`,`client_ip`,`enter_time`) VALUES ('a1404169423','aace5b85caf85e75881008c844f1e892','1404169423','15218249514','1404169423@qq.com','æ¢èª‰','å·¥å•†é“¶è¡Œ','å¹¿ä¸œçœå¹¿å·žå¸‚æµ·ç åŒºå¤§å¡˜æ”¯è¡\Œ','6212263602015203599',1885318389,1440230140) [ RunTime:0.013001s ]
SQL: SELECT * FROM `members` WHERE ( `id` = 47 ) LIMIT 1   [ RunTime:0.000000s ]
SQL: UPDATE `members` SET `login_num`=login_num+1 WHERE ( id=47 ) [ RunTime:0.003000s ]

[ 2015-08-22T15:55:41+08:00 ] 112.95.172.245 /Home/Userinfo/userInfo.html
INFO: [ app_init ] --START--
INFO: Run Behavior\BuildLiteBehavior [ RunTime:0.000000s ]
INFO: [ app_init ] --END-- [ RunTime:0.000000s ]
INFO: [ app_begin ] --START--
INFO: Run Behavior\ReadHtmlCacheBehavior [ RunTime:0.000000s ]
INFO: [ app_begin ] --END-- [ RunTime:0.000000s ]
INFO: [ action_begin ] --START--
INFO: Run Home\Behavior\HomePermissionBehavior [ RunTime:0.001000s ]
INFO: [ action_begin ] --END-- [ RunTime:0.001000s ]
NOTIC: [8192] mysql_connect(): The mysql extension is deprecated and will be removed in the future: use mysqli or PDO instead D:\wwwroot\7g\ThinkPHP\Library\Think\Db\Driver\Mysql.class.php ç¬¬ 52 è¡Œ.
SQL: SHOW COLUMNS FROM `members` [ RunTime:0.001000s ]
SQL: SELECT * FROM `members` WHERE ( `username` = 'a1404169423' ) LIMIT 1   [ RunTime:0.001000s ]
SQL: SHOW COLUMNS FROM `product_data` [ RunTime:0.001000s ]
SQL: SELECT SUM(money) AS tp_sum FROM `product_data` WHERE ( `member_id`='47' AND DATE(FROM_UNIXTIME(`time`))='2015-08-21' ) LIMIT 1   [ RunTime:0.001000s ]
SQL: SELECT SUM(money) AS tp_sum FROM `product_data` WHERE ( `member_id`='47' ) LIMIT 1   [ RunTime:0.000000s ]
NOTIC: [2048] Declaration of Home\Model\CashModel::page() should be compatible with Think\Model::page($page, $listRows = NULL) D:\wwwroot\7g\Application\Home\Model\CashModel.class.php ç¬¬ 0 è¡Œ.
SQL: SHOW COLUMNS FROM `cash` [ RunTime:0.001000s ]
SQL: SELECT SUM(`withdrawal_amount`) AS tp_sum FROM `cash` WHERE ( `member_id`='47' AND `checked`!=-1 ) LIMIT 1   [ RunTime:0.001000s ]
INFO: [ view_parse ] --START--
INFO: [ template_filter ] --START--
INFO: Run Behavior\ContentReplaceBehavior [ RunTime:0.000000s ]
INFO: [ template_filter ] --END-- [ RunTime:0.000000s ]
INFO: Run Behavior\ParseTemplateBehavior [ RunTime:0.029002s ]
INFO: [ view_parse ] --END-- [ RunTime:0.029002s ]
INFO: [ view_filter ] --START--
INFO: Run Behavior\WriteHtmlCacheBehavior [ RunTime:0.000000s ]
INFO: [ view_filter ] --END-- [ RunTime:0.000000s ]
INFO: [ app_end ] --START--
INFO: Run Behavior\ShowPageTraceBehavior [ RunTime:0.001000s ]
INFO: [ app_end ] --END-- [ RunTime:0.001000s ]

[ 2015-08-22T15:55:42+08:00 ] 111.206.36.142 /Home/Userinfo/userInfo.html
INFO: [ app_init ] --START--
INFO: Run Behavior\BuildLiteBehavior [ RunTime:0.000000s ]
INFO: [ app_init ] --END-- [ RunTime:0.000000s ]
INFO: [ app_begin ] --START--
INFO: Run Behavior\ReadHtmlCacheBehavior [ RunTime:0.000000s ]
INFO: [ app_begin ] --END-- [ RunTime:0.000000s ]
INFO: [ action_begin ] --START--

[ 2015-08-22T15:55:44+08:00 ] 112.95.172.245 /myad.html
INFO: [ app_init ] --START--
INFO: Run Behavior\BuildLiteBehavior [ RunTime:0.000000s ]
INFO: [ app_init ] --END-- [ RunTime:0.000000s ]
INFO: [ app_begin ] --START--
INFO: Run Behavior\ReadHtmlCacheBehavior [ RunTime:0.000000s ]
INFO: [ app_begin ] --END-- [ RunTime:0.000000s ]
INFO: [ action_begin ] --START--
INFO: Run Home\Behavior\HomePermissionBehavior [ RunTime:0.000000s ]
INFO: [ action_begin ] --END-- [ RunTime:0.000000s ]
NOTIC: [8192] mysql_connect(): The mysql extension is deprecated and will be removed in the future: use mysqli or PDO instead D:\wwwroot\7g\ThinkPHP\Library\Think\Db\Driver\Mysql.class.php ç¬¬ 52 è¡Œ.
SQL: SHOW COLUMNS FROM `members` [ RunTime:0.001000s ]
SQL: SELECT `id` FROM `members` WHERE ( `username` = 'a1404169423' ) LIMIT 1   [ RunTime:0.001000s ]
SQL: SHOW COLUMNS FROM `members_product` [ RunTime:0.001000s ]
SQL: SELECT COUNT(*) AS tp_count FROM `members_product` WHERE ( `members_id` = 47 ) LIMIT 1   [ RunTime:0.000000s ]
SQL: SELECT * FROM `members_product` WHERE ( `members_id` = 47 ) LIMIT 0,30   [ RunTime:0.000000s ]
NOTIC: [2] Invalid argument supplied for foreach() D:\wwwroot\7g\Application\Home\Controller\AdController.class.php ç¬¬ 41 è¡Œ.
INFO: [ view_parse ] --START--
INFO: [ template_filter ] --START--
INFO: Run Behavior\ContentReplaceBehavior [ RunTime:0.000000s ]
INFO: [ template_filter ] --END-- [ RunTime:0.000000s ]
INFO: Run Behavior\ParseTemplateBehavior [ RunTime:0.008001s ]
INFO: [ view_parse ] --END-- [ RunTime:0.008001s ]
INFO: [ view_filter ] --START--
INFO: Run Behavior\WriteHtmlCacheBehavior [ RunTime:0.000000s ]
INFO: [ view_filter ] --END-- [ RunTime:0.000000s ]
INFO: [ app_end ] --START--
INFO: Run Behavior\ShowPageTraceBehavior [ RunTime:0.000000s ]
INFO: [ app_end ] --END-- [ RunTime:0.000000s ]

[ 2015-08-22T15:55:44+08:00 ] 112.95.172.245 /getgoods.html
INFO: [ app_init ] --START--
INFO: Run Behavior\BuildLiteBehavior [ RunTime:0.000000s ]
INFO: [ app_init ] --END-- [ RunTime:0.000000s ]
INFO: [ app_begin ] --START--
INFO: Run Behavior\ReadHtmlCacheBehavior [ RunTime:0.000000s ]
INFO: [ app_begin ] --END-- [ RunTime:0.000000s ]
INFO: [ action_begin ] --START--
INFO: Run Home\Behavior\HomePermissionBehavior [ RunTime:0.001000s ]
INFO: [ action_begin ] --END-- [ RunTime:0.001000s ]
NOTIC: [8192] mysql_connect(): The mysql extension is deprecated and will be removed in the future: use mysqli or PDO instead D:\wwwroot\7g\ThinkPHP\Library\Think\Db\Driver\Mysql.class.php ç¬¬ 52 è¡Œ.
SQL: SHOW COLUMNS FROM `product` [ RunTime:0.002000s ]
SQL: SELECT DISTINCT  `category_id` FROM `product` WHERE ( `state`=1 )  [ RunTime:0.001000s ]
SQL: SHOW COLUMNS FROM `category` [ RunTime:0.001000s ]
SQL: SELECT * FROM `category` WHERE ( `id` IN (2,3,1) )  [ RunTime:0.000000s ]
SQL: SELECT COUNT(*) AS tp_count FROM `product` WHERE ( category_id = '2' AND `state`=1 ) ORDER BY `top_time` DESC LIMIT 1   [ RunTime:0.000000s ]
SQL: SELECT * FROM `product` WHERE ( category_id = '2' AND `state`=1 ) ORDER BY `top_time` DESC LIMIT 0,30   [ RunTime:0.000000s ]
NOTIC: [8] Undefined index: m D:\wwwroot\7g\ThinkPHP\Common\functions.php ç¬¬ 885 è¡Œ.
NOTIC: [8] Undefined variable: up_page D:\wwwroot\7g\ThinkPHP\Library\Think\Page.class.php ç¬¬ 155 è¡Œ.
NOTIC: [8] Undefined variable: down_page D:\wwwroot\7g\ThinkPHP\Library\Think\Page.class.php ç¬¬ 155 è¡Œ.
NOTIC: [8] Undefined variable: the_first D:\wwwroot\7g\ThinkPHP\Library\Think\Page.class.php ç¬¬ 155 è¡Œ.
NOTIC: [8] Undefined variable: the_end D:\wwwroot\7g\ThinkPHP\Library\Think\Page.class.php ç¬¬ 155 è¡Œ.
SQL: SHOW COLUMNS FROM `members` [ RunTime:0.001000s ]
SQL: SELECT `id` FROM `members` WHERE ( `username` = 'a1404169423' ) LIMIT 1   [ RunTime:0.001000s ]
SQL: SHOW COLUMNS FROM `members_product` [ RunTime:0.001000s ]
SQL: SELECT `goods_id`,`dprice1`,`dprice2`,`dprice3` FROM `members_product` WHERE ( `members_id` = 47 ) AND ( `goods_id` IN ('29','1','2','3','14','24','25','26','27','28','30','31','32','33','34','36','37','38','39') )  [ RunTime:0.000000s ]
NOTIC: [2] Invalid argument supplied for foreach() D:\wwwroot\7g\Application\Home\Controller\GoodsController.class.php ç¬¬ 77 è¡Œ.
INFO: [ view_parse ] --START--
INFO: [ template_filter ] --START--
INFO: Run Behavior\ContentReplaceBehavior [ RunTime:0.000000s ]
INFO: [ template_filter ] --END-- [ RunTime:0.000000s ]
NOTIC: [8] Undefined index: have D:\wwwroot\7g\Application\Runtime\Cache\Home\38ed0e9cddc00f8541eb7e42ce4b2867.php ç¬¬ 48 è¡Œ.
NOTIC: [8] Undefined index: have D:\wwwroot\7g\Application\Runtime\Cache\Home\38ed0e9cddc00f8541eb7e42ce4b2867.php ç¬¬ 48 è¡Œ.
NOTIC: [8] Undefined index: have D:\wwwroot\7g\Application\Runtime\Cache\Home\38ed0e9cddc00f8541eb7e42ce4b2867.php ç¬¬ 48 è¡Œ.
NOTIC: [8] Undefined index: have D:\wwwroot\7g\Application\Runtime\Cache\Home\38ed0e9cddc00f8541eb7e42ce4b2867.php ç¬¬ 48 è¡Œ.
NOTIC: [8] Undefined index: have D:\wwwroot\7g\Application\Runtime\Cache\Home\38ed0e9cddc00f8541eb7e42ce4b2867.php ç¬¬ 48 è¡Œ.
NOTIC: [8] Undefined index: have D:\wwwroot\7g\Application\Runtime\Cache\Home\38ed0e9cddc00f8541eb7e42ce4b2867.php ç¬¬ 48 è¡Œ.
NOTIC: [8] Undefined index: have D:\wwwroot\7g\Application\Runtime\Cache\Home\38ed0e9cddc00f8541eb7e42ce4b2867.php ç¬¬ 48 è¡Œ.
NOTIC: [8] Undefined index: have D:\wwwroot\7g\Application\Runtime\Cache\Home\38ed0e9cddc00f8541eb7e42ce4b2867.php ç¬¬ 48 è¡Œ.
NOTIC: [8] Undefined index: have D:\wwwroot\7g\Application\Runtime\Cache\Home\38ed0e9cddc00f8541eb7e42ce4b2867.php ç¬¬ 48 è¡Œ.
NOTIC: [8] Undefined index: have D:\wwwroot\7g\Application\Runtime\Cache\Home\38ed0e9cddc00f8541eb7e42ce4b2867.php ç¬¬ 48 è¡Œ.
NOTIC: [8] Undefined index: have D:\wwwroot\7g\Application\Runtime\Cache\Home\38ed0e9cddc00f8541eb7e42ce4b2867.php ç¬¬ 48 è¡Œ.
NOTIC: [8] Undefined index: have D:\wwwroot\7g\Application\Runtime\Cache\Home\38ed0e9cddc00f8541eb7e42ce4b2867.php ç¬¬ 48 è¡Œ.
NOTIC: [8] Undefined index: have D:\wwwroot\7g\Application\Runtime\Cache\Home\38ed0e9cddc00f8541eb7e42ce4b2867.php ç¬¬ 48 è¡Œ.
NOTIC: [8] Undefined index: have D:\wwwroot\7g\Application\Runtime\Cache\Home\38ed0e9cddc00f8541eb7e42ce4b2867.php ç¬¬ 48 è¡Œ.
NOTIC: [8] Undefined index: have D:\wwwroot\7g\Application\Runtime\Cache\Home\38ed0e9cddc00f8541eb7e42ce4b2867.php ç¬¬ 48 è¡Œ.
NOTIC: [8] Undefined index: have D:\wwwroot\7g\Application\Runtime\Cache\Home\38ed0e9cddc00f8541eb7e42ce4b2867.php ç¬¬ 48 è¡Œ.
NOTIC: [8] Undefined index: have D:\wwwroot\7g\Application\Runtime\Cache\Home\38ed0e9cddc00f8541eb7e42ce4b2867.php ç¬¬ 48 è¡Œ.
NOTIC: [8] Undefined index: have D:\wwwroot\7g\Application\Runtime\Cache\Home\38ed0e9cddc00f8541eb7e42ce4b2867.php ç¬¬ 48 è¡Œ.
NOTIC: [8] Undefined index: have D:\wwwroot\7g\Application\Runtime\Cache\Home\38ed0e9cddc00f8541eb7e42ce4b2867.php ç¬¬ 48 è¡Œ.
INFO: Run Behavior\ParseTemplateBehavior [ RunTime:0.011000s ]
INFO: [ view_parse ] --END-- [ RunTime:0.011000s ]
INFO: [ view_filter ] --START--
INFO: Run Behavior\WriteHtmlCacheBehavior [ RunTime:0.000000s ]
INFO: [ view_filter ] --END-- [ RunTime:0.000000s ]
INFO: [ app_end ] --START--
INFO: Run Behavior\ShowPageTraceBehavior [ RunTime:0.000000s ]
INFO: [ app_end ] --END-- [ RunTime:0.001000s ]

[ 2015-08-22T15:55:46+08:00 ] 111.206.36.145 /getgoods.html
INFO: [ app_init ] --START--
INFO: Run Behavior\BuildLiteBehavior [ RunTime:0.000000s ]
INFO: [ app_init ] --END-- [ RunTime:0.000000s ]
INFO: [ app_begin ] --START--
INFO: Run Behavior\ReadHtmlCacheBehavior [ RunTime:0.000000s ]
INFO: [ app_begin ] --END-- [ RunTime:0.000000s ]
INFO: [ action_begin ] --START--

[ 2015-08-22T15:55:46+08:00 ] 111.206.36.5 /myad.html
INFO: [ app_init ] --START--
INFO: Run Behavior\BuildLiteBehavior [ RunTime:0.000000s ]
INFO: [ app_init ] --END-- [ RunTime:0.000000s ]
INFO: [ app_begin ] --START--
INFO: Run Behavior\ReadHtmlCacheBehavior [ RunTime:0.000000s ]
INFO: [ app_begin ] --END-- [ RunTime:0.000000s ]
INFO: [ action_begin ] --START--

[ 2015-08-22T15:55:51+08:00 ] 112.95.172.245 /getgoods3.html
INFO: [ app_init ] --START--
INFO: Run Behavior\BuildLiteBehavior [ RunTime:0.000000s ]
INFO: [ app_init ] --END-- [ RunTime:0.000000s ]
INFO: [ app_begin ] --START--
INFO: Run Behavior\ReadHtmlCacheBehavior [ RunTime:0.000000s ]
INFO: [ app_begin ] --END-- [ RunTime:0.000000s ]
INFO: [ action_begin ] --START--
INFO: Run Home\Behavior\HomePermissionBehavior [ RunTime:0.000000s ]
INFO: [ action_begin ] --END-- [ RunTime:0.000000s ]
NOTIC: [8192] mysql_connect(): The mysql extension is deprecated and will be removed in the future: use mysqli or PDO instead D:\wwwroot\7g\ThinkPHP\Library\Think\Db\Driver\Mysql.class.php ç¬¬ 52 è¡Œ.
SQL: SHOW COLUMNS FROM `product` [ RunTime:0.002000s ]
SQL: SELECT DISTINCT  `category_id` FROM `product` WHERE ( `state`=1 )  [ RunTime:0.000000s ]
SQL: SHOW COLUMNS FROM `category` [ RunTime:0.001000s ]
SQL: SELECT * FROM `category` WHERE ( `id` IN (2,3,1) )  [ RunTime:0.000000s ]
SQL: SELECT COUNT(*) AS tp_count FROM `product` WHERE ( category_id = '3' AND `state`=1 ) ORDER BY `top_time` DESC LIMIT 1   [ RunTime:0.000000s ]
SQL: SELECT * FROM `product` WHERE ( category_id = '3' AND `state`=1 ) ORDER BY `top_time` DESC LIMIT 0,30   [ RunTime:0.000000s ]
NOTIC: [8] Undefined index: m D:\wwwroot\7g\ThinkPHP\Common\functions.php ç¬¬ 885 è¡Œ.
NOTIC: [8] Undefined variable: up_page D:\wwwroot\7g\ThinkPHP\Library\Think\Page.class.php ç¬¬ 155 è¡Œ.
NOTIC: [8] Undefined variable: down_page D:\wwwroot\7g\ThinkPHP\Library\Think\Page.class.php ç¬¬ 155 è¡Œ.
NOTIC: [8] Undefined variable: the_first D:\wwwroot\7g\ThinkPHP\Library\Think\Page.class.php ç¬¬ 155 è¡Œ.
NOTIC: [8] Undefined variable: the_end D:\wwwroot\7g\ThinkPHP\Library\Think\Page.class.php ç¬¬ 155 è¡Œ.
SQL: SHOW COLUMNS FROM `members` [ RunTime:0.002000s ]
SQL: SELECT `id` FROM `members` WHERE ( `username` = 'a1404169423' ) LIMIT 1   [ RunTime:0.000000s ]
SQL: SHOW COLUMNS FROM `members_product` [ RunTime:0.001000s ]
SQL: SELECT `goods_id`,`dprice1`,`dprice2`,`dprice3` FROM `members_product` WHERE ( `members_id` = 47 ) AND ( `goods_id` IN ('19','20','21','22') )  [ RunTime:0.001000s ]
NOTIC: [2] Invalid argument supplied for foreach() D:\wwwroot\7g\Application\Home\Controller\GoodsController.class.php ç¬¬ 77 è¡Œ.
INFO: [ view_parse ] --START--
INFO: [ template_filter ] --START--
INFO: Run Behavior\ContentReplaceBehavior [ RunTime:0.000000s ]
INFO: [ template_filter ] --END-- [ RunTime:0.000000s ]
NOTIC: [8] Undefined index: have D:\wwwroot\7g\Application\Runtime\Cache\Home\38ed0e9cddc00f8541eb7e42ce4b2867.php ç¬¬ 48 è¡Œ.
NOTIC: [8] Undefined index: have D:\wwwroot\7g\Application\Runtime\Cache\Home\38ed0e9cddc00f8541eb7e42ce4b2867.php ç¬¬ 48 è¡Œ.
NOTIC: [8] Undefined index: have D:\wwwroot\7g\Application\Runtime\Cache\Home\38ed0e9cddc00f8541eb7e42ce4b2867.php ç¬¬ 48 è¡Œ.
NOTIC: [8] Undefined index: have D:\wwwroot\7g\Application\Runtime\Cache\Home\38ed0e9cddc00f8541eb7e42ce4b2867.php ç¬¬ 48 è¡Œ.
INFO: Run Behavior\ParseTemplateBehavior [ RunTime:0.012000s ]
INFO: [ view_parse ] --END-- [ RunTime:0.012000s ]
INFO: [ view_filter ] --START--
INFO: Run Behavior\WriteHtmlCacheBehavior [ RunTime:0.000000s ]
INFO: [ view_filter ] --END-- [ RunTime:0.000000s ]
INFO: [ app_end ] --START--
INFO: Run Behavior\ShowPageTraceBehavior [ RunTime:0.000000s ]
INFO: [ app_end ] --END-- [ RunTime:0.000000s ]

[ 2015-08-22T15:55:53+08:00 ] 112.95.172.245 /getgoods2.html
INFO: [ app_init ] --START--
INFO: Run Behavior\BuildLiteBehavior [ RunTime:0.000000s ]
INFO: [ app_init ] --END-- [ RunTime:0.000000s ]
INFO: [ app_begin ] --START--
INFO: Run Behavior\ReadHtmlCacheBehavior [ RunTime:0.001000s ]
INFO: [ app_begin ] --END-- [ RunTime:0.001000s ]
INFO: [ action_begin ] --START--
INFO: Run Home\Behavior\HomePermissionBehavior [ RunTime:0.000000s ]
INFO: [ action_begin ] --END-- [ RunTime:0.000000s ]
NOTIC: [8192] mysql_connect(): The mysql extension is deprecated and will be removed in the future: use mysqli or PDO instead D:\wwwroot\7g\ThinkPHP\Library\Think\Db\Driver\Mysql.class.php ç¬¬ 52 è¡Œ.
SQL: SHOW COLUMNS FROM `product` [ RunTime:0.001000s ]
SQL: SELECT DISTINCT  `category_id` FROM `product` WHERE ( `state`=1 )  [ RunTime:0.000000s ]
SQL: SHOW COLUMNS FROM `category` [ RunTime:0.001000s ]
SQL: SELECT * FROM `category` WHERE ( `id` IN (2,3,1) )  [ RunTime:0.001000s ]
SQL: SELECT COUNT(*) AS tp_count FROM `product` WHERE ( category_id = '2' AND `state`=1 ) ORDER BY `top_time` DESC LIMIT 1   [ RunTime:0.000000s ]
SQL: SELECT * FROM `product` WHERE ( category_id = '2' AND `state`=1 ) ORDER BY `top_time` DESC LIMIT 0,30   [ RunTime:0.001000s ]
NOTIC: [8] Undefined index: m D:\wwwroot\7g\ThinkPHP\Common\functions.php ç¬¬ 885 è¡Œ.
NOTIC: [8] Undefined variable: up_page D:\wwwroot\7g\ThinkPHP\Library\Think\Page.class.php ç¬¬ 155 è¡Œ.
NOTIC: [8] Undefined variable: down_page D:\wwwroot\7g\ThinkPHP\Library\Think\Page.class.php ç¬¬ 155 è¡Œ.
NOTIC: [8] Undefined variable: the_first D:\wwwroot\7g\ThinkPHP\Library\Think\Page.class.php ç¬¬ 155 è¡Œ.
NOTIC: [8] Undefined variable: the_end D:\wwwroot\7g\ThinkPHP\Library\Think\Page.class.php ç¬¬ 155 è¡Œ.
SQL: SHOW COLUMNS FROM `members` [ RunTime:0.001000s ]
SQL: SELECT `id` FROM `members` WHERE ( `username` = 'a1404169423' ) LIMIT 1   [ RunTime:0.001000s ]
SQL: SHOW COLUMNS FROM `members_product` [ RunTime:0.001000s ]
SQL: SELECT `goods_id`,`dprice1`,`dprice2`,`dprice3` FROM `members_product` WHERE ( `members_id` = 47 ) AND ( `goods_id` IN ('29','1','2','3','14','24','25','26','27','28','30','31','32','33','34','36','37','38','39') )  [ RunTime:0.001000s ]
NOTIC: [2] Invalid argument supplied for foreach() D:\wwwroot\7g\Application\Home\Controller\GoodsController.class.php ç¬¬ 77 è¡Œ.
INFO: [ view_parse ] --START--
INFO: [ template_filter ] --START--
INFO: Run Behavior\ContentReplaceBehavior [ RunTime:0.000000s ]
INFO: [ template_filter ] --END-- [ RunTime:0.000000s ]
NOTIC: [8] Undefined index: have D:\wwwroot\7g\Application\Runtime\Cache\Home\38ed0e9cddc00f8541eb7e42ce4b2867.php ç¬¬ 48 è¡Œ.
NOTIC: [8] Undefined index: have D:\wwwroot\7g\Application\Runtime\Cache\Home\38ed0e9cddc00f8541eb7e42ce4b2867.php ç¬¬ 48 è¡Œ.
NOTIC: [8] Undefined index: have D:\wwwroot\7g\Application\Runtime\Cache\Home\38ed0e9cddc00f8541eb7e42ce4b2867.php ç¬¬ 48 è¡Œ.
NOTIC: [8] Undefined index: have D:\wwwroot\7g\Application\Runtime\Cache\Home\38ed0e9cddc00f8541eb7e42ce4b2867.php ç¬¬ 48 è¡Œ.
NOTIC: [8] Undefined index: have D:\wwwroot\7g\Application\Runtime\Cache\Home\38ed0e9cddc00f8541eb7e42ce4b2867.php ç¬¬ 48 è¡Œ.
NOTIC: [8] Undefined index: have D:\wwwroot\7g\Application\Runtime\Cache\Home\38ed0e9cddc00f8541eb7e42ce4b2867.php ç¬¬ 48 è¡Œ.
NOTIC: [8] Undefined index: have D:\wwwroot\7g\Application\Runtime\Cache\Home\38ed0e9cddc00f8541eb7e42ce4b2867.php ç¬¬ 48 è¡Œ.
NOTIC: [8] Undefined index: have D:\wwwroot\7g\Application\Runtime\Cache\Home\38ed0e9cddc00f8541eb7e42ce4b2867.php ç¬¬ 48 è¡Œ.
NOTIC: [8] Undefined index: have D:\wwwroot\7g\Application\Runtime\Cache\Home\38ed0e9cddc00f8541eb7e42ce4b2867.php ç¬¬ 48 è¡Œ.
NOTIC: [8] Undefined index: have D:\wwwroot\7g\Application\Runtime\Cache\Home\38ed0e9cddc00f8541eb7e42ce4b2867.php ç¬¬ 48 è¡Œ.
NOTIC: [8] Undefined index: have D:\wwwroot\7g\Application\Runtime\Cache\Home\38ed0e9cddc00f8541eb7e42ce4b2867.php ç¬¬ 48 è¡Œ.
NOTIC: [8] Undefined index: have D:\wwwroot\7g\Application\Runtime\Cache\Home\38ed0e9cddc00f8541eb7e42ce4b2867.php ç¬¬ 48 è¡Œ.
NOTIC: [8] Undefined index: have D:\wwwroot\7g\Application\Runtime\Cache\Home\38ed0e9cddc00f8541eb7e42ce4b2867.php ç¬¬ 48 è¡Œ.
NOTIC: [8] Undefined index: have D:\wwwroot\7g\Application\Runtime\Cache\Home\38ed0e9cddc00f8541eb7e42ce4b2867.php ç¬¬ 48 è¡Œ.
NOTIC: [8] Undefined index: have D:\wwwroot\7g\Application\Runtime\Cache\Home\38ed0e9cddc00f8541eb7e42ce4b2867.php ç¬¬ 48 è¡Œ.
NOTIC: [8] Undefined index: have D:\wwwroot\7g\Application\Runtime\Cache\Home\38ed0e9cddc00f8541eb7e42ce4b2867.php ç¬¬ 48 è¡Œ.
NOTIC: [8] Undefined index: have D:\wwwroot\7g\Application\Runtime\Cache\Home\38ed0e9cddc00f8541eb7e42ce4b2867.php ç¬¬ 48 è¡Œ.
NOTIC: [8] Undefined index: have D:\wwwroot\7g\Application\Runtime\Cache\Home\38ed0e9cddc00f8541eb7e42ce4b2867.php ç¬¬ 48 è¡Œ.
NOTIC: [8] Undefined index: have D:\wwwroot\7g\Application\Runtime\Cache\Home\38ed0e9cddc00f8541eb7e42ce4b2867.php ç¬¬ 48 è¡Œ.
INFO: Run Behavior\ParseTemplateBehavior [ RunTime:0.012001s ]
INFO: [ view_parse ] --END-- [ RunTime:0.012001s ]
INFO: [ view_filter ] --START--
INFO: Run Behavior\WriteHtmlCacheBehavior [ RunTime:0.000000s ]
INFO: [ view_filter ] --END-- [ RunTime:0.000000s ]
INFO: [ app_end ] --START--
INFO: Run Behavior\ShowPageTraceBehavior [ RunTime:0.001000s ]
INFO: [ app_end ] --END-- [ RunTime:0.001000s ]

[ 2015-08-22T15:55:54+08:00 ] 112.95.172.245 /getgoods1.html
INFO: [ app_init ] --START--
INFO: Run Behavior\BuildLiteBehavior [ RunTime:0.000000s ]
INFO: [ app_init ] --END-- [ RunTime:0.001000s ]
INFO: [ app_begin ] --START--
INFO: Run Behavior\ReadHtmlCacheBehavior [ RunTime:0.000000s ]
INFO: [ app_begin ] --END-- [ RunTime:0.000000s ]
INFO: [ action_begin ] --START--
INFO: Run Home\Behavior\HomePermissionBehavior [ RunTime:0.000000s ]
INFO: [ action_begin ] --END-- [ RunTime:0.000000s ]
NOTIC: [8192] mysql_connect(): The mysql extension is deprecated and will be removed in the future: use mysqli or PDO instead D:\wwwroot\7g\ThinkPHP\Library\Think\Db\Driver\Mysql.class.php ç¬¬ 52 è¡Œ.
SQL: SHOW COLUMNS FROM `product` [ RunTime:0.001000s ]
SQL: SELECT DISTINCT  `category_id` FROM `product` WHERE ( `state`=1 )  [ RunTime:0.001000s ]
SQL: SHOW COLUMNS FROM `category` [ RunTime:0.001000s ]
SQL: SELECT * FROM `category` WHERE ( `id` IN (2,3,1) )  [ RunTime:0.000000s ]
NOTIC: [8] Undefined offset: 0 D:\wwwroot\7g\Application\Home\Controller\GoodsController.class.php ç¬¬ 39 è¡Œ.
SQL: SELECT COUNT(*) AS tp_count FROM `product` WHERE ( category_id = '1' AND `state`=1 ) ORDER BY `top_time` DESC LIMIT 1   [ RunTime:0.000000s ]
SQL: SELECT * FROM `product` WHERE ( category_id = '1' AND `state`=1 ) ORDER BY `top_time` DESC LIMIT 0,30   [ RunTime:0.000000s ]
NOTIC: [8] Undefined index: m D:\wwwroot\7g\ThinkPHP\Common\functions.php ç¬¬ 885 è¡Œ.
NOTIC: [8] Undefined variable: up_page D:\wwwroot\7g\ThinkPHP\Library\Think\Page.class.php ç¬¬ 155 è¡Œ.
NOTIC: [8] Undefined variable: down_page D:\wwwroot\7g\ThinkPHP\Library\Think\Page.class.php ç¬¬ 155 è¡Œ.
NOTIC: [8] Undefined variable: the_first D:\wwwroot\7g\ThinkPHP\Library\Think\Page.class.php ç¬¬ 155 è¡Œ.
NOTIC: [8] Undefined variable: the_end D:\wwwroot\7g\ThinkPHP\Library\Think\Page.class.php ç¬¬ 155 è¡Œ.
SQL: SHOW COLUMNS FROM `members` [ RunTime:0.002000s ]
SQL: SELECT `id` FROM `members` WHERE ( `username` = 'a1404169423' ) LIMIT 1   [ RunTime:0.000000s ]
SQL: SHOW COLUMNS FROM `members_product` [ RunTime:0.001000s ]
SQL: SELECT `goods_id`,`dprice1`,`dprice2`,`dprice3` FROM `members_product` WHERE ( `members_id` = 47 ) AND ( `goods_id` IN ('23','35') )  [ RunTime:0.000000s ]
NOTIC: [2] Invalid argument supplied for foreach() D:\wwwroot\7g\Application\Home\Controller\GoodsController.class.php ç¬¬ 77 è¡Œ.
INFO: [ view_parse ] --START--
INFO: [ template_filter ] --START--
INFO: Run Behavior\ContentReplaceBehavior [ RunTime:0.000000s ]
INFO: [ template_filter ] --END-- [ RunTime:0.000000s ]
NOTIC: [8] Undefined index: have D:\wwwroot\7g\Application\Runtime\Cache\Home\38ed0e9cddc00f8541eb7e42ce4b2867.php ç¬¬ 48 è¡Œ.
NOTIC: [8] Undefined index: have D:\wwwroot\7g\Application\Runtime\Cache\Home\38ed0e9cddc00f8541eb7e42ce4b2867.php ç¬¬ 48 è¡Œ.
INFO: Run Behavior\ParseTemplateBehavior [ RunTime:0.011001s ]
INFO: [ view_parse ] --END-- [ RunTime:0.011001s ]
INFO: [ view_filter ] --START--
INFO: Run Behavior\WriteHtmlCacheBehavior [ RunTime:0.001000s ]
INFO: [ view_filter ] --END-- [ RunTime:0.001000s ]
INFO: [ app_end ] --START--
INFO: Run Behavior\ShowPageTraceBehavior [ RunTime:0.000000s ]
INFO: [ app_end ] --END-- [ RunTime:0.000000s ]

[ 2015-08-22T15:55:56+08:00 ] 180.97.35.149 /getgoods3.html
INFO: [ app_init ] --START--
INFO: Run Behavior\BuildLiteBehavior [ RunTime:0.000000s ]
INFO: [ app_init ] --END-- [ RunTime:0.001000s ]
INFO: [ app_begin ] --START--
INFO: Run Behavior\ReadHtmlCacheBehavior [ RunTime:0.000000s ]
INFO: [ app_begin ] --END-- [ RunTime:0.000000s ]
INFO: [ action_begin ] --START--

[ 2015-08-22T15:55:57+08:00 ] 111.206.36.8 /getgoods2.html
INFO: [ app_init ] --START--
INFO: Run Behavior\BuildLiteBehavior [ RunTime:0.000000s ]
INFO: [ app_init ] --END-- [ RunTime:0.000000s ]
INFO: [ app_begin ] --START--
INFO: Run Behavior\ReadHtmlCacheBehavior [ RunTime:0.000000s ]
INFO: [ app_begin ] --END-- [ RunTime:0.001000s ]
INFO: [ action_begin ] --START--

[ 2015-08-22T15:55:57+08:00 ] 112.95.172.245 /getgoods2.html
INFO: [ app_init ] --START--
INFO: Run Behavior\BuildLiteBehavior [ RunTime:0.000000s ]
INFO: [ app_init ] --END-- [ RunTime:0.000000s ]
INFO: [ app_begin ] --START--
INFO: Run Behavior\ReadHtmlCacheBehavior [ RunTime:0.000000s ]
INFO: [ app_begin ] --END-- [ RunTime:0.000000s ]
INFO: [ action_begin ] --START--
INFO: Run Home\Behavior\HomePermissionBehavior [ RunTime:0.001000s ]
INFO: [ action_begin ] --END-- [ RunTime:0.001000s ]
NOTIC: [8192] mysql_connect(): The mysql extension is deprecated and will be removed in the future: use mysqli or PDO instead D:\wwwroot\7g\ThinkPHP\Library\Think\Db\Driver\Mysql.class.php ç¬¬ 52 è¡Œ.
SQL: SHOW COLUMNS FROM `product` [ RunTime:0.001000s ]
SQL: SELECT DISTINCT  `category_id` FROM `product` WHERE ( `state`=1 )  [ RunTime:0.000000s ]
SQL: SHOW COLUMNS FROM `category` [ RunTime:0.001000s ]
SQL: SELECT * FROM `category` WHERE ( `id` IN (2,3,1) )  [ RunTime:0.001000s ]
SQL: SELECT COUNT(*) AS tp_count FROM `product` WHERE ( category_id = '2' AND `state`=1 ) ORDER BY `top_time` DESC LIMIT 1   [ RunTime:0.000000s ]
SQL: SELECT * FROM `product` WHERE ( category_id = '2' AND `state`=1 ) ORDER BY `top_time` DESC LIMIT 0,30   [ RunTime:0.001000s ]
NOTIC: [8] Undefined index: m D:\wwwroot\7g\ThinkPHP\Common\functions.php ç¬¬ 885 è¡Œ.
NOTIC: [8] Undefined variable: up_page D:\wwwroot\7g\ThinkPHP\Library\Think\Page.class.php ç¬¬ 155 è¡Œ.
NOTIC: [8] Undefined variable: down_page D:\wwwroot\7g\ThinkPHP\Library\Think\Page.class.php ç¬¬ 155 è¡Œ.
NOTIC: [8] Undefined variable: the_first D:\wwwroot\7g\ThinkPHP\Library\Think\Page.class.php ç¬¬ 155 è¡Œ.
NOTIC: [8] Undefined variable: the_end D:\wwwroot\7g\ThinkPHP\Library\Think\Page.class.php ç¬¬ 155 è¡Œ.
SQL: SHOW COLUMNS FROM `members` [ RunTime:0.001000s ]
SQL: SELECT `id` FROM `members` WHERE ( `username` = 'a1404169423' ) LIMIT 1   [ RunTime:0.000000s ]
SQL: SHOW COLUMNS FROM `members_product` [ RunTime:0.001001s ]
SQL: SELECT `goods_id`,`dprice1`,`dprice2`,`dprice3` FROM `members_product` WHERE ( `members_id` = 47 ) AND ( `goods_id` IN ('29','1','2','3','14','24','25','26','27','28','30','31','32','33','34','36','37','38','39') )  [ RunTime:0.001000s ]
NOTIC: [2] Invalid argument supplied for foreach() D:\wwwroot\7g\Application\Home\Controller\GoodsController.class.php ç¬¬ 77 è¡Œ.
INFO: [ view_parse ] --START--
INFO: [ template_filter ] --START--
INFO: Run Behavior\ContentReplaceBehavior [ RunTime:0.000000s ]
INFO: [ template_filter ] --END-- [ RunTime:0.000000s ]
NOTIC: [8] Undefined index: have D:\wwwroot\7g\Application\Runtime\Cache\Home\38ed0e9cddc00f8541eb7e42ce4b2867.php ç¬¬ 48 è¡Œ.
NOTIC: [8] Undefined index: have D:\wwwroot\7g\Application\Runtime\Cache\Home\38ed0e9cddc00f8541eb7e42ce4b2867.php ç¬¬ 48 è¡Œ.
NOTIC: [8] Undefined index: have D:\wwwroot\7g\Application\Runtime\Cache\Home\38ed0e9cddc00f8541eb7e42ce4b2867.php ç¬¬ 48 è¡Œ.
NOTIC: [8] Undefined index: have D:\wwwroot\7g\Application\Runtime\Cache\Home\38ed0e9cddc00f8541eb7e42ce4b2867.php ç¬¬ 48 è¡Œ.
NOTIC: [8] Undefined index: have D:\wwwroot\7g\Application\Runtime\Cache\Home\38ed0e9cddc00f8541eb7e42ce4b2867.php ç¬¬ 48 è¡Œ.
NOTIC: [8] Undefined index: have D:\wwwroot\7g\Application\Runtime\Cache\Home\38ed0e9cddc00f8541eb7e42ce4b2867.php ç¬¬ 48 è¡Œ.
NOTIC: [8] Undefined index: have D:\wwwroot\7g\Application\Runtime\Cache\Home\38ed0e9cddc00f8541eb7e42ce4b2867.php ç¬¬ 48 è¡Œ.
NOTIC: [8] Undefined index: have D:\wwwroot\7g\Application\Runtime\Cache\Home\38ed0e9cddc00f8541eb7e42ce4b2867.php ç¬¬ 48 è¡Œ.
NOTIC: [8] Undefined index: have D:\wwwroot\7g\Application\Runtime\Cache\Home\38ed0e9cddc00f8541eb7e42ce4b2867.php ç¬¬ 48 è¡Œ.
NOTIC: [8] Undefined index: have D:\wwwroot\7g\Application\Runtime\Cache\Home\38ed0e9cddc00f8541eb7e42ce4b2867.php ç¬¬ 48 è¡Œ.
NOTIC: [8] Undefined index: have D:\wwwroot\7g\Application\Runtime\Cache\Home\38ed0e9cddc00f8541eb7e42ce4b2867.php ç¬¬ 48 è¡Œ.
NOTIC: [8] Undefined index: have D:\wwwroot\7g\Application\Runtime\Cache\Home\38ed0e9cddc00f8541eb7e42ce4b2867.php ç¬¬ 48 è¡Œ.
NOTIC: [8] Undefined index: have D:\wwwroot\7g\Application\Runtime\Cache\Home\38ed0e9cddc00f8541eb7e42ce4b2867.php ç¬¬ 48 è¡Œ.
NOTIC: [8] Undefined index: have D:\wwwroot\7g\Application\Runtime\Cache\Home\38ed0e9cddc00f8541eb7e42ce4b2867.php ç¬¬ 48 è¡Œ.
NOTIC: [8] Undefined index: have D:\wwwroot\7g\Application\Runtime\Cache\Home\38ed0e9cddc00f8541eb7e42ce4b2867.php ç¬¬ 48 è¡Œ.
NOTIC: [8] Undefined index: have D:\wwwroot\7g\Application\Runtime\Cache\Home\38ed0e9cddc00f8541eb7e42ce4b2867.php ç¬¬ 48 è¡Œ.
NOTIC: [8] Undefined index: have D:\wwwroot\7g\Application\Runtime\Cache\Home\38ed0e9cddc00f8541eb7e42ce4b2867.php ç¬¬ 48 è¡Œ.
NOTIC: [8] Undefined index: have D:\wwwroot\7g\Application\Runtime\Cache\Home\38ed0e9cddc00f8541eb7e42ce4b2867.php ç¬¬ 48 è¡Œ.
NOTIC: [8] Undefined index: have D:\wwwroot\7g\Application\Runtime\Cache\Home\38ed0e9cddc00f8541eb7e42ce4b2867.php ç¬¬ 48 è¡Œ.
INFO: Run Behavior\ParseTemplateBehavior [ RunTime:0.011000s ]
INFO: [ view_parse ] --END-- [ RunTime:0.011000s ]
INFO: [ view_filter ] --START--
INFO: Run Behavior\WriteHtmlCacheBehavior [ RunTime:0.000000s ]
INFO: [ view_filter ] --END-- [ RunTime:0.000000s ]
INFO: [ app_end ] --START--
INFO: Run Behavior\ShowPageTraceBehavior [ RunTime:0.000000s ]
INFO: [ app_end ] --END-- [ RunTime:0.000000s ]

[ 2015-08-22T15:56:00+08:00 ] 115.239.212.68 /getgoods1.html
INFO: [ app_init ] --START--
INFO: Run Behavior\BuildLiteBehavior [ RunTime:0.000000s ]
INFO: [ app_init ] --END-- [ RunTime:0.001000s ]
INFO: [ app_begin ] --START--
INFO: Run Behavior\ReadHtmlCacheBehavior [ RunTime:0.000000s ]
INFO: [ app_begin ] --END-- [ RunTime:0.000000s ]
INFO: [ action_begin ] --START--

[ 2015-08-22T15:56:01+08:00 ] 180.97.35.36 /Verify/Index/common
INFO: [ app_init ] --START--
INFO: Run Behavior\BuildLiteBehavior [ RunTime:0.000000s ]
INFO: [ app_init ] --END-- [ RunTime:0.000000s ]
INFO: [ app_begin ] --START--
INFO: Run Behavior\ReadHtmlCacheBehavior [ RunTime:0.000000s ]
INFO: [ app_begin ] --END-- [ RunTime:0.000000s ]

[ 2015-08-22T15:56:04+08:00 ] 115.239.212.69 /Verify/Index/common
INFO: [ app_init ] --START--
INFO: Run Behavior\BuildLiteBehavior [ RunTime:0.000000s ]
INFO: [ app_init ] --END-- [ RunTime:0.000000s ]
INFO: [ app_begin ] --START--
INFO: Run Behavior\ReadHtmlCacheBehavior [ RunTime:0.000000s ]
INFO: [ app_begin ] --END-- [ RunTime:0.000000s ]

[ 2015-08-22T15:59:45+08:00 ] 112.95.172.245 /effect.html
INFO: [ app_init ] --START--
INFO: Run Behavior\BuildLiteBehavior [ RunTime:0.000000s ]
INFO: [ app_init ] --END-- [ RunTime:0.000000s ]
INFO: [ app_begin ] --START--
INFO: Run Behavior\ReadHtmlCacheBehavior [ RunTime:0.000000s ]
INFO: [ app_begin ] --END-- [ RunTime:0.000000s ]
INFO: [ action_begin ] --START--
INFO: Run Home\Behavior\HomePermissionBehavior [ RunTime:0.001000s ]
INFO: [ action_begin ] --END-- [ RunTime:0.001000s ]
NOTIC: [8192] mysql_connect(): The mysql extension is deprecated and will be removed in the future: use mysqli or PDO instead D:\wwwroot\7g\ThinkPHP\Library\Think\Db\Driver\Mysql.class.php ç¬¬ 52 è¡Œ.
SQL: SHOW COLUMNS FROM `members` [ RunTime:0.002000s ]
SQL: SELECT `id` FROM `members` WHERE ( `username` = 'a1404169423' ) LIMIT 1   [ RunTime:0.001000s ]
NOTIC: [8] Undefined index: date_begin D:\wwwroot\7g\Application\Home\Controller\ReportController.class.php ç¬¬ 25 è¡Œ.
NOTIC: [8] Undefined index: date_end D:\wwwroot\7g\Application\Home\Controller\ReportController.class.php ç¬¬ 26 è¡Œ.
NOTIC: [8] Undefined index: product_name D:\wwwroot\7g\Application\Home\Controller\ReportController.class.php ç¬¬ 27 è¡Œ.
SQL: SHOW COLUMNS FROM `product_data` [ RunTime:0.001000s ]
SQL: SELECT COUNT(*) AS tp_count FROM product_data data LEFT JOIN `product` ON `product`.`id`=`data`.`goods_id`  WHERE ( `data`.`member_id`='47' AND `data`.`time`>='1439568000' AND `data`.`time`<'1440259200' ) ORDER BY `data`.`time` DESC LIMIT 1   [ RunTime:0.001001s ]
SQL: SELECT product.goods_name,data.* FROM product_data data LEFT JOIN `product` ON `product`.`id`=`data`.`goods_id`  WHERE ( `data`.`member_id`='47' AND `data`.`time`>='1439568000' AND `data`.`time`<'1440259200' ) ORDER BY `data`.`time` DESC LIMIT 0,30   [ RunTime:0.001000s ]
INFO: [ view_parse ] --START--
INFO: [ template_filter ] --START--
INFO: Run Behavior\ContentReplaceBehavior [ RunTime:0.001000s ]
INFO: [ template_filter ] --END-- [ RunTime:0.001000s ]
INFO: Run Behavior\ParseTemplateBehavior [ RunTime:0.010000s ]
INFO: [ view_parse ] --END-- [ RunTime:0.010000s ]
INFO: [ view_filter ] --START--
INFO: Run Behavior\WriteHtmlCacheBehavior [ RunTime:0.000000s ]
INFO: [ view_filter ] --END-- [ RunTime:0.000000s ]
INFO: [ app_end ] --START--
INFO: Run Behavior\ShowPageTraceBehavior [ RunTime:0.000000s ]
INFO: [ app_end ] --END-- [ RunTime:0.000000s ]

[ 2015-08-22T15:59:46+08:00 ] 112.95.172.245 /detail.html
INFO: [ app_init ] --START--
INFO: Run Behavior\BuildLiteBehavior [ RunTime:0.000000s ]
INFO: [ app_init ] --END-- [ RunTime:0.000000s ]
INFO: [ app_begin ] --START--
INFO: Run Behavior\ReadHtmlCacheBehavior [ RunTime:0.000000s ]
INFO: [ app_begin ] --END-- [ RunTime:0.000000s ]
INFO: [ action_begin ] --START--
INFO: Run Home\Behavior\HomePermissionBehavior [ RunTime:0.001000s ]
INFO: [ action_begin ] --END-- [ RunTime:0.001000s ]
NOTIC: [8192] mysql_connect(): The mysql extension is deprecated and will be removed in the future: use mysqli or PDO instead D:\wwwroot\7g\ThinkPHP\Library\Think\Db\Driver\Mysql.class.php ç¬¬ 52 è¡Œ.
SQL: SHOW COLUMNS FROM `members` [ RunTime:0.002000s ]
SQL: SELECT `id` FROM `members` WHERE ( `username` = 'a1404169423' ) LIMIT 1   [ RunTime:0.000000s ]
NOTIC: [8] Undefined index: date_begin D:\wwwroot\7g\Application\Home\Controller\FinanceController.class.php ç¬¬ 22 è¡Œ.
NOTIC: [8] Undefined index: date_end D:\wwwroot\7g\Application\Home\Controller\FinanceController.class.php ç¬¬ 23 è¡Œ.
NOTIC: [2048] Declaration of Home\Model\CashModel::page() should be compatible with Think\Model::page($page, $listRows = NULL) D:\wwwroot\7g\Application\Home\Model\CashModel.class.php ç¬¬ 0 è¡Œ.
SQL: SHOW COLUMNS FROM `cash` [ RunTime:0.001000s ]
SQL: SELECT COUNT(*) AS tp_count FROM `cash` WHERE ( member_id='47' AND `withdrawal_date`>='1439568000' AND `withdrawal_date`<'1440259200' ) LIMIT 1   [ RunTime:0.001000s ]
SQL: SELECT * FROM `cash` WHERE ( member_id='47' AND `withdrawal_date`>='1439568000' AND `withdrawal_date`<'1440259200' ) LIMIT 0,30   [ RunTime:0.000000s ]
INFO: [ view_parse ] --START--
INFO: [ template_filter ] --START--
INFO: Run Behavior\ContentReplaceBehavior [ RunTime:0.000000s ]
INFO: [ template_filter ] --END-- [ RunTime:0.000000s ]
NOTIC: [8] Undefined index: m D:\wwwroot\7g\ThinkPHP\Common\functions.php ç¬¬ 885 è¡Œ.
INFO: Run Behavior\ParseTemplateBehavior [ RunTime:0.009000s ]
INFO: [ view_parse ] --END-- [ RunTime:0.010000s ]
INFO: [ view_filter ] --START--
INFO: Run Behavior\WriteHtmlCacheBehavior [ RunTime:0.000000s ]
INFO: [ view_filter ] --END-- [ RunTime:0.000000s ]
INFO: [ app_end ] --START--
INFO: Run Behavior\ShowPageTraceBehavior [ RunTime:0.000000s ]
INFO: [ app_end ] --END-- [ RunTime:0.000000s ]

[ 2015-08-22T15:59:47+08:00 ] 111.206.36.137 /effect.html
INFO: [ app_init ] --START--
INFO: Run Behavior\BuildLiteBehavior [ RunTime:0.000000s ]
INFO: [ app_init ] --END-- [ RunTime:0.000000s ]
INFO: [ app_begin ] --START--
INFO: Run Behavior\ReadHtmlCacheBehavior [ RunTime:0.000000s ]
INFO: [ app_begin ] --END-- [ RunTime:0.000000s ]
INFO: [ action_begin ] --START--

[ 2015-08-22T15:59:48+08:00 ] 112.95.172.245 /effect.html
INFO: [ app_init ] --START--
INFO: Run Behavior\BuildLiteBehavior [ RunTime:0.000000s ]
INFO: [ app_init ] --END-- [ RunTime:0.000000s ]
INFO: [ app_begin ] --START--
INFO: Run Behavior\ReadHtmlCacheBehavior [ RunTime:0.000000s ]
INFO: [ app_begin ] --END-- [ RunTime:0.000000s ]
INFO: [ action_begin ] --START--
INFO: Run Home\Behavior\HomePermissionBehavior [ RunTime:0.001000s ]
INFO: [ action_begin ] --END-- [ RunTime:0.001000s ]
NOTIC: [8192] mysql_connect(): The mysql extension is deprecated and will be removed in the future: use mysqli or PDO instead D:\wwwroot\7g\ThinkPHP\Library\Think\Db\Driver\Mysql.class.php ç¬¬ 52 è¡Œ.
SQL: SHOW COLUMNS FROM `members` [ RunTime:0.002000s ]
SQL: SELECT `id` FROM `members` WHERE ( `username` = 'a1404169423' ) LIMIT 1   [ RunTime:0.001000s ]
NOTIC: [8] Undefined index: date_begin D:\wwwroot\7g\Application\Home\Controller\ReportController.class.php ç¬¬ 25 è¡Œ.
NOTIC: [8] Undefined index: date_end D:\wwwroot\7g\Application\Home\Controller\ReportController.class.php ç¬¬ 26 è¡Œ.
NOTIC: [8] Undefined index: product_name D:\wwwroot\7g\Application\Home\Controller\ReportController.class.php ç¬¬ 27 è¡Œ.
SQL: SHOW COLUMNS FROM `product_data` [ RunTime:0.001000s ]
SQL: SELECT COUNT(*) AS tp_count FROM product_data data LEFT JOIN `product` ON `product`.`id`=`data`.`goods_id`  WHERE ( `data`.`member_id`='47' AND `data`.`time`>='1439568000' AND `data`.`time`<'1440259200' ) ORDER BY `data`.`time` DESC LIMIT 1   [ RunTime:0.000000s ]
SQL: SELECT product.goods_name,data.* FROM product_data data LEFT JOIN `product` ON `product`.`id`=`data`.`goods_id`  WHERE ( `data`.`member_id`='47' AND `data`.`time`>='1439568000' AND `data`.`time`<'1440259200' ) ORDER BY `data`.`time` DESC LIMIT 0,30   [ RunTime:0.001000s ]
INFO: [ view_parse ] --START--
INFO: [ template_filter ] --START--
INFO: Run Behavior\ContentReplaceBehavior [ RunTime:0.000000s ]
INFO: [ template_filter ] --END-- [ RunTime:0.000000s ]
INFO: Run Behavior\ParseTemplateBehavior [ RunTime:0.009001s ]
INFO: [ view_parse ] --END-- [ RunTime:0.009001s ]
INFO: [ view_filter ] --START--
INFO: Run Behavior\WriteHtmlCacheBehavior [ RunTime:0.000000s ]
INFO: [ view_filter ] --END-- [ RunTime:0.000000s ]
INFO: [ app_end ] --START--
INFO: Run Behavior\ShowPageTraceBehavior [ RunTime:0.000000s ]
INFO: [ app_end ] --END-- [ RunTime:0.000000s ]

[ 2015-08-22T15:59:48+08:00 ] 111.206.36.136 /detail.html
INFO: [ app_init ] --START--
INFO: Run Behavior\BuildLiteBehavior [ RunTime:0.000000s ]
INFO: [ app_init ] --END-- [ RunTime:0.000000s ]
INFO: [ app_begin ] --START--
INFO: Run Behavior\ReadHtmlCacheBehavior [ RunTime:0.000000s ]
INFO: [ app_begin ] --END-- [ RunTime:0.000000s ]
INFO: [ action_begin ] --START--

[ 2015-08-22T15:59:48+08:00 ] 112.95.172.245 /getgoods.html
INFO: [ app_init ] --START--
INFO: Run Behavior\BuildLiteBehavior [ RunTime:0.000000s ]
INFO: [ app_init ] --END-- [ RunTime:0.000000s ]
INFO: [ app_begin ] --START--
INFO: Run Behavior\ReadHtmlCacheBehavior [ RunTime:0.000000s ]
INFO: [ app_begin ] --END-- [ RunTime:0.000000s ]
INFO: [ action_begin ] --START--
INFO: Run Home\Behavior\HomePermissionBehavior [ RunTime:0.000000s ]
INFO: [ action_begin ] --END-- [ RunTime:0.000000s ]
NOTIC: [8192] mysql_connect(): The mysql extension is deprecated and will be removed in the future: use mysqli or PDO instead D:\wwwroot\7g\ThinkPHP\Library\Think\Db\Driver\Mysql.class.php ç¬¬ 52 è¡Œ.
SQL: SHOW COLUMNS FROM `product` [ RunTime:0.002000s ]
SQL: SELECT DISTINCT  `category_id` FROM `product` WHERE ( `state`=1 )  [ RunTime:0.001000s ]
SQL: SHOW COLUMNS FROM `category` [ RunTime:0.001000s ]
SQL: SELECT * FROM `category` WHERE ( `id` IN (2,3,1) )  [ RunTime:0.000000s ]
SQL: SELECT COUNT(*) AS tp_count FROM `product` WHERE ( category_id = '2' AND `state`=1 ) ORDER BY `top_time` DESC LIMIT 1   [ RunTime:0.001000s ]
SQL: SELECT * FROM `product` WHERE ( category_id = '2' AND `state`=1 ) ORDER BY `top_time` DESC LIMIT 0,30   [ RunTime:0.000000s ]
NOTIC: [8] Undefined index: m D:\wwwroot\7g\ThinkPHP\Common\functions.php ç¬¬ 885 è¡Œ.
NOTIC: [8] Undefined variable: up_page D:\wwwroot\7g\ThinkPHP\Library\Think\Page.class.php ç¬¬ 155 è¡Œ.
NOTIC: [8] Undefined variable: down_page D:\wwwroot\7g\ThinkPHP\Library\Think\Page.class.php ç¬¬ 155 è¡Œ.
NOTIC: [8] Undefined variable: the_first D:\wwwroot\7g\ThinkPHP\Library\Think\Page.class.php ç¬¬ 155 è¡Œ.
NOTIC: [8] Undefined variable: the_end D:\wwwroot\7g\ThinkPHP\Library\Think\Page.class.php ç¬¬ 155 è¡Œ.
SQL: SHOW COLUMNS FROM `members` [ RunTime:0.001000s ]
SQL: SELECT `id` FROM `members` WHERE ( `username` = 'a1404169423' ) LIMIT 1   [ RunTime:0.000000s ]
SQL: SHOW COLUMNS FROM `members_product` [ RunTime:0.001000s ]
SQL: SELECT `goods_id`,`dprice1`,`dprice2`,`dprice3` FROM `members_product` WHERE ( `members_id` = 47 ) AND ( `goods_id` IN ('29','1','2','3','14','24','25','26','27','28','30','31','32','33','34','36','37','38','39') )  [ RunTime:0.001000s ]
NOTIC: [2] Invalid argument supplied for foreach() D:\wwwroot\7g\Application\Home\Controller\GoodsController.class.php ç¬¬ 77 è¡Œ.
INFO: [ view_parse ] --START--
INFO: [ template_filter ] --START--
INFO: Run Behavior\ContentReplaceBehavior [ RunTime:0.000000s ]
INFO: [ template_filter ] --END-- [ RunTime:0.000000s ]
NOTIC: [8] Undefined index: have D:\wwwroot\7g\Application\Runtime\Cache\Home\38ed0e9cddc00f8541eb7e42ce4b2867.php ç¬¬ 48 è¡Œ.
NOTIC: [8] Undefined index: have D:\wwwroot\7g\Application\Runtime\Cache\Home\38ed0e9cddc00f8541eb7e42ce4b2867.php ç¬¬ 48 è¡Œ.
NOTIC: [8] Undefined index: have D:\wwwroot\7g\Application\Runtime\Cache\Home\38ed0e9cddc00f8541eb7e42ce4b2867.php ç¬¬ 48 è¡Œ.
NOTIC: [8] Undefined index: have D:\wwwroot\7g\Application\Runtime\Cache\Home\38ed0e9cddc00f8541eb7e42ce4b2867.php ç¬¬ 48 è¡Œ.
NOTIC: [8] Undefined index: have D:\wwwroot\7g\Application\Runtime\Cache\Home\38ed0e9cddc00f8541eb7e42ce4b2867.php ç¬¬ 48 è¡Œ.
NOTIC: [8] Undefined index: have D:\wwwroot\7g\Application\Runtime\Cache\Home\38ed0e9cddc00f8541eb7e42ce4b2867.php ç¬¬ 48 è¡Œ.
NOTIC: [8] Undefined index: have D:\wwwroot\7g\Application\Runtime\Cache\Home\38ed0e9cddc00f8541eb7e42ce4b2867.php ç¬¬ 48 è¡Œ.
NOTIC: [8] Undefined index: have D:\wwwroot\7g\Application\Runtime\Cache\Home\38ed0e9cddc00f8541eb7e42ce4b2867.php ç¬¬ 48 è¡Œ.
NOTIC: [8] Undefined index: have D:\wwwroot\7g\Application\Runtime\Cache\Home\38ed0e9cddc00f8541eb7e42ce4b2867.php ç¬¬ 48 è¡Œ.
NOTIC: [8] Undefined index: have D:\wwwroot\7g\Application\Runtime\Cache\Home\38ed0e9cddc00f8541eb7e42ce4b2867.php ç¬¬ 48 è¡Œ.
NOTIC: [8] Undefined index: have D:\wwwroot\7g\Application\Runtime\Cache\Home\38ed0e9cddc00f8541eb7e42ce4b2867.php ç¬¬ 48 è¡Œ.
NOTIC: [8] Undefined index: have D:\wwwroot\7g\Application\Runtime\Cache\Home\38ed0e9cddc00f8541eb7e42ce4b2867.php ç¬¬ 48 è¡Œ.
NOTIC: [8] Undefined index: have D:\wwwroot\7g\Application\Runtime\Cache\Home\38ed0e9cddc00f8541eb7e42ce4b2867.php ç¬¬ 48 è¡Œ.
NOTIC: [8] Undefined index: have D:\wwwroot\7g\Application\Runtime\Cache\Home\38ed0e9cddc00f8541eb7e42ce4b2867.php ç¬¬ 48 è¡Œ.
NOTIC: [8] Undefined index: have D:\wwwroot\7g\Application\Runtime\Cache\Home\38ed0e9cddc00f8541eb7e42ce4b2867.php ç¬¬ 48 è¡Œ.
NOTIC: [8] Undefined index: have D:\wwwroot\7g\Application\Runtime\Cache\Home\38ed0e9cddc00f8541eb7e42ce4b2867.php ç¬¬ 48 è¡Œ.
NOTIC: [8] Undefined index: have D:\wwwroot\7g\Application\Runtime\Cache\Home\38ed0e9cddc00f8541eb7e42ce4b2867.php ç¬¬ 48 è¡Œ.
NOTIC: [8] Undefined index: have D:\wwwroot\7g\Application\Runtime\Cache\Home\38ed0e9cddc00f8541eb7e42ce4b2867.php ç¬¬ 48 è¡Œ.
NOTIC: [8] Undefined index: have D:\wwwroot\7g\Application\Runtime\Cache\Home\38ed0e9cddc00f8541eb7e42ce4b2867.php ç¬¬ 48 è¡Œ.
INFO: Run Behavior\ParseTemplateBehavior [ RunTime:0.011001s ]
INFO: [ view_parse ] --END-- [ RunTime:0.011001s ]
INFO: [ view_filter ] --START--
INFO: Run Behavior\WriteHtmlCacheBehavior [ RunTime:0.000000s ]
INFO: [ view_filter ] --END-- [ RunTime:0.000000s ]
INFO: [ app_end ] --START--
INFO: Run Behavior\ShowPageTraceBehavior [ RunTime:0.000000s ]
INFO: [ app_end ] --END-- [ RunTime:0.000000s ]

[ 2015-08-22T15:59:49+08:00 ] 112.95.172.245 /myad.html
INFO: [ app_init ] --START--
INFO: Run Behavior\BuildLiteBehavior [ RunTime:0.000000s ]
INFO: [ app_init ] --END-- [ RunTime:0.000000s ]
INFO: [ app_begin ] --START--
INFO: Run Behavior\ReadHtmlCacheBehavior [ RunTime:0.000000s ]
INFO: [ app_begin ] --END-- [ RunTime:0.000000s ]
INFO: [ action_begin ] --START--
INFO: Run Home\Behavior\HomePermissionBehavior [ RunTime:0.001000s ]
INFO: [ action_begin ] --END-- [ RunTime:0.001000s ]
NOTIC: [8192] mysql_connect(): The mysql extension is deprecated and will be removed in the future: use mysqli or PDO instead D:\wwwroot\7g\ThinkPHP\Library\Think\Db\Driver\Mysql.class.php ç¬¬ 52 è¡Œ.
SQL: SHOW COLUMNS FROM `members` [ RunTime:0.001000s ]
SQL: SELECT `id` FROM `members` WHERE ( `username` = 'a1404169423' ) LIMIT 1   [ RunTime:0.000000s ]
SQL: SHOW COLUMNS FROM `members_product` [ RunTime:0.002000s ]
SQL: SELECT COUNT(*) AS tp_count FROM `members_product` WHERE ( `members_id` = 47 ) LIMIT 1   [ RunTime:0.000000s ]
SQL: SELECT * FROM `members_product` WHERE ( `members_id` = 47 ) LIMIT 0,30   [ RunTime:0.000000s ]
NOTIC: [2] Invalid argument supplied for foreach() D:\wwwroot\7g\Application\Home\Controller\AdController.class.php ç¬¬ 41 è¡Œ.
INFO: [ view_parse ] --START--
INFO: [ template_filter ] --START--
INFO: Run Behavior\ContentReplaceBehavior [ RunTime:0.000000s ]
INFO: [ template_filter ] --END-- [ RunTime:0.000000s ]
INFO: Run Behavior\ParseTemplateBehavior [ RunTime:0.008001s ]
INFO: [ view_parse ] --END-- [ RunTime:0.008001s ]
INFO: [ view_filter ] --START--
INFO: Run Behavior\WriteHtmlCacheBehavior [ RunTime:0.000000s ]
INFO: [ view_filter ] --END-- [ RunTime:0.000000s ]
INFO: [ app_end ] --START--
INFO: Run Behavior\ShowPageTraceBehavior [ RunTime:0.000000s ]
INFO: [ app_end ] --END-- [ RunTime:0.000000s ]

[ 2015-08-22T15:59:50+08:00 ] 112.95.172.245 /userinfo.html
INFO: [ app_init ] --START--
INFO: Run Behavior\BuildLiteBehavior [ RunTime:0.000000s ]
INFO: [ app_init ] --END-- [ RunTime:0.000000s ]
INFO: [ app_begin ] --START--
INFO: Run Behavior\ReadHtmlCacheBehavior [ RunTime:0.000000s ]
INFO: [ app_begin ] --END-- [ RunTime:0.000000s ]
INFO: [ action_begin ] --START--
INFO: Run Home\Behavior\HomePermissionBehavior [ RunTime:0.000000s ]
INFO: [ action_begin ] --END-- [ RunTime:0.001000s ]
NOTIC: [8192] mysql_connect(): The mysql extension is deprecated and will be removed in the future: use mysqli or PDO instead D:\wwwroot\7g\ThinkPHP\Library\Think\Db\Driver\Mysql.class.php ç¬¬ 52 è¡Œ.
SQL: SHOW COLUMNS FROM `members` [ RunTime:0.002000s ]
SQL: SELECT * FROM `members` WHERE ( `username` = 'a1404169423' ) LIMIT 1   [ RunTime:0.001000s ]
SQL: SHOW COLUMNS FROM `product_data` [ RunTime:0.001000s ]
SQL: SELECT SUM(money) AS tp_sum FROM `product_data` WHERE ( `member_id`='47' AND DATE(FROM_UNIXTIME(`time`))='2015-08-21' ) LIMIT 1   [ RunTime:0.000000s ]
SQL: SELECT SUM(money) AS tp_sum FROM `product_data` WHERE ( `member_id`='47' ) LIMIT 1   [ RunTime:0.000000s ]
NOTIC: [2048] Declaration of Home\Model\CashModel::page() should be compatible with Think\Model::page($page, $listRows = NULL) D:\wwwroot\7g\Application\Home\Model\CashModel.class.php ç¬¬ 0 è¡Œ.
SQL: SHOW COLUMNS FROM `cash` [ RunTime:0.001000s ]
SQL: SELECT SUM(`withdrawal_amount`) AS tp_sum FROM `cash` WHERE ( `member_id`='47' AND `checked`!=-1 ) LIMIT 1   [ RunTime:0.000000s ]
INFO: [ view_parse ] --START--
INFO: [ template_filter ] --START--
INFO: Run Behavior\ContentReplaceBehavior [ RunTime:0.000000s ]
INFO: [ template_filter ] --END-- [ RunTime:0.000000s ]
INFO: Run Behavior\ParseTemplateBehavior [ RunTime:0.007001s ]
INFO: [ view_parse ] --END-- [ RunTime:0.007001s ]
INFO: [ view_filter ] --START--
INFO: Run Behavior\WriteHtmlCacheBehavior [ RunTime:0.000000s ]
INFO: [ view_filter ] --END-- [ RunTime:0.000000s ]
INFO: [ app_end ] --START--
INFO: Run Behavior\ShowPageTraceBehavior [ RunTime:0.001000s ]
INFO: [ app_end ] --END-- [ RunTime:0.001000s ]

[ 2015-08-22T15:59:53+08:00 ] 115.239.212.138 /userinfo.html
INFO: [ app_init ] --START--
INFO: Run Behavior\BuildLiteBehavior [ RunTime:0.000000s ]
INFO: [ app_init ] --END-- [ RunTime:0.000000s ]
INFO: [ app_begin ] --START--
INFO: Run Behavior\ReadHtmlCacheBehavior [ RunTime:0.001000s ]
INFO: [ app_begin ] --END-- [ RunTime:0.001000s ]
INFO: [ action_begin ] --START--

[ 2015-08-22T15:59:55+08:00 ] 115.239.212.139 /Verify/Index/common
INFO: [ app_init ] --START--
INFO: Run Behavior\BuildLiteBehavior [ RunTime:0.000000s ]
INFO: [ app_init ] --END-- [ RunTime:0.000000s ]
INFO: [ app_begin ] --START--
INFO: Run Behavior\ReadHtmlCacheBehavior [ RunTime:0.000000s ]
INFO: [ app_begin ] --END-- [ RunTime:0.000000s ]

[ 2015-08-22T16:05:29+08:00 ] 112.95.172.245 /myad.html
INFO: [ app_init ] --START--
INFO: Run Behavior\BuildLiteBehavior [ RunTime:0.000000s ]
INFO: [ app_init ] --END-- [ RunTime:0.000000s ]
INFO: [ app_begin ] --START--
INFO: Run Behavior\ReadHtmlCacheBehavior [ RunTime:0.000000s ]
INFO: [ app_begin ] --END-- [ RunTime:0.000000s ]
INFO: [ action_begin ] --START--
INFO: Run Home\Behavior\HomePermissionBehavior [ RunTime:0.001000s ]
INFO: [ action_begin ] --END-- [ RunTime:0.001000s ]
NOTIC: [8192] mysql_connect(): The mysql extension is deprecated and will be removed in the future: use mysqli or PDO instead D:\wwwroot\7g\ThinkPHP\Library\Think\Db\Driver\Mysql.class.php ç¬¬ 52 è¡Œ.
SQL: SHOW COLUMNS FROM `members` [ RunTime:0.001000s ]
SQL: SELECT `id` FROM `members` WHERE ( `username` = 'a1404169423' ) LIMIT 1   [ RunTime:0.000000s ]
SQL: SHOW COLUMNS FROM `members_product` [ RunTime:0.001000s ]
SQL: SELECT COUNT(*) AS tp_count FROM `members_product` WHERE ( `members_id` = 47 ) LIMIT 1   [ RunTime:0.000000s ]
SQL: SELECT * FROM `members_product` WHERE ( `members_id` = 47 ) LIMIT 0,30   [ RunTime:0.000000s ]
NOTIC: [2] Invalid argument supplied for foreach() D:\wwwroot\7g\Application\Home\Controller\AdController.class.php ç¬¬ 41 è¡Œ.
INFO: [ view_parse ] --START--
INFO: [ template_filter ] --START--
INFO: Run Behavior\ContentReplaceBehavior [ RunTime:0.000000s ]
INFO: [ template_filter ] --END-- [ RunTime:0.000000s ]
INFO: Run Behavior\ParseTemplateBehavior [ RunTime:0.024002s ]
INFO: [ view_parse ] --END-- [ RunTime:0.024002s ]
INFO: [ view_filter ] --START--
INFO: Run Behavior\WriteHtmlCacheBehavior [ RunTime:0.000000s ]
INFO: [ view_filter ] --END-- [ RunTime:0.000000s ]
INFO: [ app_end ] --START--
INFO: Run Behavior\ShowPageTraceBehavior [ RunTime:0.000000s ]
INFO: [ app_end ] --END-- [ RunTime:0.000000s ]

[ 2015-08-22T16:05:30+08:00 ] 112.95.172.245 /userinfo.html
INFO: [ app_init ] --START--
INFO: Run Behavior\BuildLiteBehavior [ RunTime:0.000000s ]
INFO: [ app_init ] --END-- [ RunTime:0.000000s ]
INFO: [ app_begin ] --START--
INFO: Run Behavior\ReadHtmlCacheBehavior [ RunTime:0.000000s ]
INFO: [ app_begin ] --END-- [ RunTime:0.000000s ]
INFO: [ action_begin ] --START--
INFO: Run Home\Behavior\HomePermissionBehavior [ RunTime:0.000000s ]
INFO: [ action_begin ] --END-- [ RunTime:0.000000s ]
NOTIC: [8192] mysql_connect(): The mysql extension is deprecated and will be removed in the future: use mysqli or PDO instead D:\wwwroot\7g\ThinkPHP\Library\Think\Db\Driver\Mysql.class.php ç¬¬ 52 è¡Œ.
SQL: SHOW COLUMNS FROM `members` [ RunTime:0.002000s ]
SQL: SELECT * FROM `members` WHERE ( `username` = 'a1404169423' ) LIMIT 1   [ RunTime:0.000000s ]
SQL: SHOW COLUMNS FROM `product_data` [ RunTime:0.001000s ]
SQL: SELECT SUM(money) AS tp_sum FROM `product_data` WHERE ( `member_id`='47' AND DATE(FROM_UNIXTIME(`time`))='2015-08-21' ) LIMIT 1   [ RunTime:0.000000s ]
SQL: SELECT SUM(money) AS tp_sum FROM `product_data` WHERE ( `member_id`='47' ) LIMIT 1   [ RunTime:0.000000s ]
NOTIC: [2048] Declaration of Home\Model\CashModel::page() should be compatible with Think\Model::page($page, $listRows = NULL) D:\wwwroot\7g\Application\Home\Model\CashModel.class.php ç¬¬ 0 è¡Œ.
SQL: SHOW COLUMNS FROM `cash` [ RunTime:0.001000s ]
SQL: SELECT SUM(`withdrawal_amount`) AS tp_sum FROM `cash` WHERE ( `member_id`='47' AND `checked`!=-1 ) LIMIT 1   [ RunTime:0.000000s ]
INFO: [ view_parse ] --START--
INFO: [ template_filter ] --START--
INFO: Run Behavior\ContentReplaceBehavior [ RunTime:0.000000s ]
INFO: [ template_filter ] --END-- [ RunTime:0.000000s ]
INFO: Run Behavior\ParseTemplateBehavior [ RunTime:0.006000s ]
INFO: [ view_parse ] --END-- [ RunTime:0.006000s ]
INFO: [ view_filter ] --START--
INFO: Run Behavior\WriteHtmlCacheBehavior [ RunTime:0.000000s ]
INFO: [ view_filter ] --END-- [ RunTime:0.000000s ]
INFO: [ app_end ] --START--
INFO: Run Behavior\ShowPageTraceBehavior [ RunTime:0.000000s ]
INFO: [ app_end ] --END-- [ RunTime:0.000000s ]

[ 2015-08-22T16:05:36+08:00 ] 112.95.172.245 /getgoods.html
INFO: [ app_init ] --START--
INFO: Run Behavior\BuildLiteBehavior [ RunTime:0.000000s ]
INFO: [ app_init ] --END-- [ RunTime:0.000000s ]
INFO: [ app_begin ] --START--
INFO: Run Behavior\ReadHtmlCacheBehavior [ RunTime:0.000000s ]
INFO: [ app_begin ] --END-- [ RunTime:0.000000s ]
INFO: [ action_begin ] --START--
INFO: Run Home\Behavior\HomePermissionBehavior [ RunTime:0.000000s ]
INFO: [ action_begin ] --END-- [ RunTime:0.000000s ]
NOTIC: [8192] mysql_connect(): The mysql extension is deprecated and will be removed in the future: use mysqli or PDO instead D:\wwwroot\7g\ThinkPHP\Library\Think\Db\Driver\Mysql.class.php ç¬¬ 52 è¡Œ.
SQL: SHOW COLUMNS FROM `product` [ RunTime:0.002000s ]
SQL: SELECT DISTINCT  `category_id` FROM `product` WHERE ( `state`=1 )  [ RunTime:0.000000s ]
SQL: SHOW COLUMNS FROM `category` [ RunTime:0.001000s ]
SQL: SELECT * FROM `category` WHERE ( `id` IN (2,3,1) )  [ RunTime:0.000000s ]
SQL: SELECT COUNT(*) AS tp_count FROM `product` WHERE ( category_id = '2' AND `state`=1 ) ORDER BY `top_time` DESC LIMIT 1   [ RunTime:0.000000s ]
SQL: SELECT * FROM `product` WHERE ( category_id = '2' AND `state`=1 ) ORDER BY `top_time` DESC LIMIT 0,30   [ RunTime:0.000000s ]
NOTIC: [8] Undefined index: m D:\wwwroot\7g\ThinkPHP\Common\functions.php ç¬¬ 885 è¡Œ.
NOTIC: [8] Undefined variable: up_page D:\wwwroot\7g\ThinkPHP\Library\Think\Page.class.php ç¬¬ 155 è¡Œ.
NOTIC: [8] Undefined variable: down_page D:\wwwroot\7g\ThinkPHP\Library\Think\Page.class.php ç¬¬ 155 è¡Œ.
NOTIC: [8] Undefined variable: the_first D:\wwwroot\7g\ThinkPHP\Library\Think\Page.class.php ç¬¬ 155 è¡Œ.
NOTIC: [8] Undefined variable: the_end D:\wwwroot\7g\ThinkPHP\Library\Think\Page.class.php ç¬¬ 155 è¡Œ.
SQL: SHOW COLUMNS FROM `members` [ RunTime:0.001000s ]
SQL: SELECT `id` FROM `members` WHERE ( `username` = 'a1404169423' ) LIMIT 1   [ RunTime:0.000000s ]
SQL: SHOW COLUMNS FROM `members_product` [ RunTime:0.001000s ]
SQL: SELECT `goods_id`,`dprice1`,`dprice2`,`dprice3` FROM `members_product` WHERE ( `members_id` = 47 ) AND ( `goods_id` IN ('29','1','2','3','14','24','25','26','27','28','30','31','32','33','34','36','37','38','39') )  [ RunTime:0.001000s ]
NOTIC: [2] Invalid argument supplied for foreach() D:\wwwroot\7g\Application\Home\Controller\GoodsController.class.php ç¬¬ 77 è¡Œ.
INFO: [ view_parse ] --START--
INFO: [ template_filter ] --START--
INFO: Run Behavior\ContentReplaceBehavior [ RunTime:0.000000s ]
INFO: [ template_filter ] --END-- [ RunTime:0.000000s ]
NOTIC: [8] Undefined index: have D:\wwwroot\7g\Application\Runtime\Cache\Home\38ed0e9cddc00f8541eb7e42ce4b2867.php ç¬¬ 48 è¡Œ.
NOTIC: [8] Undefined index: have D:\wwwroot\7g\Application\Runtime\Cache\Home\38ed0e9cddc00f8541eb7e42ce4b2867.php ç¬¬ 48 è¡Œ.
NOTIC: [8] Undefined index: have D:\wwwroot\7g\Application\Runtime\Cache\Home\38ed0e9cddc00f8541eb7e42ce4b2867.php ç¬¬ 48 è¡Œ.
NOTIC: [8] Undefined index: have D:\wwwroot\7g\Application\Runtime\Cache\Home\38ed0e9cddc00f8541eb7e42ce4b2867.php ç¬¬ 48 è¡Œ.
NOTIC: [8] Undefined index: have D:\wwwroot\7g\Application\Runtime\Cache\Home\38ed0e9cddc00f8541eb7e42ce4b2867.php ç¬¬ 48 è¡Œ.
NOTIC: [8] Undefined index: have D:\wwwroot\7g\Application\Runtime\Cache\Home\38ed0e9cddc00f8541eb7e42ce4b2867.php ç¬¬ 48 è¡Œ.
NOTIC: [8] Undefined index: have D:\wwwroot\7g\Application\Runtime\Cache\Home\38ed0e9cddc00f8541eb7e42ce4b2867.php ç¬¬ 48 è¡Œ.
NOTIC: [8] Undefined index: have D:\wwwroot\7g\Application\Runtime\Cache\Home\38ed0e9cddc00f8541eb7e42ce4b2867.php ç¬¬ 48 è¡Œ.
NOTIC: [8] Undefined index: have D:\wwwroot\7g\Application\Runtime\Cache\Home\38ed0e9cddc00f8541eb7e42ce4b2867.php ç¬¬ 48 è¡Œ.
NOTIC: [8] Undefined index: have D:\wwwroot\7g\Application\Runtime\Cache\Home\38ed0e9cddc00f8541eb7e42ce4b2867.php ç¬¬ 48 è¡Œ.
NOTIC: [8] Undefined index: have D:\wwwroot\7g\Application\Runtime\Cache\Home\38ed0e9cddc00f8541eb7e42ce4b2867.php ç¬¬ 48 è¡Œ.
NOTIC: [8] Undefined index: have D:\wwwroot\7g\Application\Runtime\Cache\Home\38ed0e9cddc00f8541eb7e42ce4b2867.php ç¬¬ 48 è¡Œ.
NOTIC: [8] Undefined index: have D:\wwwroot\7g\Application\Runtime\Cache\Home\38ed0e9cddc00f8541eb7e42ce4b2867.php ç¬¬ 48 è¡Œ.
NOTIC: [8] Undefined index: have D:\wwwroot\7g\Application\Runtime\Cache\Home\38ed0e9cddc00f8541eb7e42ce4b2867.php ç¬¬ 48 è¡Œ.
NOTIC: [8] Undefined index: have D:\wwwroot\7g\Application\Runtime\Cache\Home\38ed0e9cddc00f8541eb7e42ce4b2867.php ç¬¬ 48 è¡Œ.
NOTIC: [8] Undefined index: have D:\wwwroot\7g\Application\Runtime\Cache\Home\38ed0e9cddc00f8541eb7e42ce4b2867.php ç¬¬ 48 è¡Œ.
NOTIC: [8] Undefined index: have D:\wwwroot\7g\Application\Runtime\Cache\Home\38ed0e9cddc00f8541eb7e42ce4b2867.php ç¬¬ 48 è¡Œ.
NOTIC: [8] Undefined index: have D:\wwwroot\7g\Application\Runtime\Cache\Home\38ed0e9cddc00f8541eb7e42ce4b2867.php ç¬¬ 48 è¡Œ.
NOTIC: [8] Undefined index: have D:\wwwroot\7g\Application\Runtime\Cache\Home\38ed0e9cddc00f8541eb7e42ce4b2867.php ç¬¬ 48 è¡Œ.
INFO: Run Behavior\ParseTemplateBehavior [ RunTime:0.012001s ]
INFO: [ view_parse ] --END-- [ RunTime:0.012001s ]
INFO: [ view_filter ] --START--
INFO: Run Behavior\WriteHtmlCacheBehavior [ RunTime:0.000000s ]
INFO: [ view_filter ] --END-- [ RunTime:0.000000s ]
INFO: [ app_end ] --START--
INFO: Run Behavior\ShowPageTraceBehavior [ RunTime:0.000000s ]
INFO: [ app_end ] --END-- [ RunTime:0.000000s ]

