[ 2015-07-08T03:22:06+08:00 ] 180.76.15.155 /Contact/contact.html
INFO: [ app_init ] --START--
INFO: Run Behavior\BuildLiteBehavior [ RunTime:0.000000s ]
INFO: [ app_init ] --END-- [ RunTime:0.000000s ]
INFO: [ app_begin ] --START--
INFO: Run Behavior\ReadHtmlCacheBehavior [ RunTime:0.001000s ]
INFO: [ app_begin ] --END-- [ RunTime:0.001000s ]
INFO: [ action_begin ] --START--

[ 2015-07-08T08:15:14+08:00 ] 123.125.71.80 /robots.txt
INFO: [ app_init ] --START--
INFO: Run Behavior\BuildLiteBehavior [ RunTime:0.000000s ]
INFO: [ app_init ] --END-- [ RunTime:0.000000s ]
INFO: [ app_begin ] --START--
INFO: Run Behavior\ReadHtmlCacheBehavior [ RunTime:0.001001s ]
INFO: [ app_begin ] --END-- [ RunTime:0.001001s ]
ERR: 无法加载控制器:Robots.txt

[ 2015-07-08T08:43:57+08:00 ] 66.249.79.99 /robots.txt
INFO: [ app_init ] --START--
INFO: Run Behavior\BuildLiteBehavior [ RunTime:0.000000s ]
INFO: [ app_init ] --END-- [ RunTime:0.000000s ]
INFO: [ app_begin ] --START--
INFO: Run Behavior\ReadHtmlCacheBehavior [ RunTime:0.001000s ]
INFO: [ app_begin ] --END-- [ RunTime:0.001000s ]
ERR: 无法加载控制器:Robots.txt

[ 2015-07-08T08:47:06+08:00 ] 66.249.79.112 /robots.txt
INFO: [ app_init ] --START--
INFO: Run Behavior\BuildLiteBehavior [ RunTime:0.000000s ]
INFO: [ app_init ] --END-- [ RunTime:0.000000s ]
INFO: [ app_begin ] --START--
INFO: Run Behavior\ReadHtmlCacheBehavior [ RunTime:0.001000s ]
INFO: [ app_begin ] --END-- [ RunTime:0.001000s ]
ERR: 无法加载控制器:Robots.txt

[ 2015-07-08T09:36:16+08:00 ] 222.211.213.247 /Admin/Product/goodsData.html?goods_id=1
INFO: [ app_init ] --START--
INFO: Run Behavior\BuildLiteBehavior [ RunTime:0.000000s ]
INFO: [ app_init ] --END-- [ RunTime:0.000000s ]
INFO: [ app_begin ] --START--
INFO: Run Behavior\ReadHtmlCacheBehavior [ RunTime:0.002000s ]
INFO: [ app_begin ] --END-- [ RunTime:0.002000s ]
INFO: [ action_begin ] --START--

[ 2015-07-08T09:36:16+08:00 ] 222.211.213.247 /Login/Index/index.html
INFO: [ app_init ] --START--
INFO: Run Behavior\BuildLiteBehavior [ RunTime:0.000000s ]
INFO: [ app_init ] --END-- [ RunTime:0.000000s ]
INFO: [ app_begin ] --START--
INFO: Run Behavior\ReadHtmlCacheBehavior [ RunTime:0.000000s ]
INFO: [ app_begin ] --END-- [ RunTime:0.000000s ]
INFO: [ view_parse ] --START--
INFO: [ template_filter ] --START--
INFO: Run Behavior\ContentReplaceBehavior [ RunTime:0.000000s ]
INFO: [ template_filter ] --END-- [ RunTime:0.000000s ]
INFO: Run Behavior\ParseTemplateBehavior [ RunTime:0.025002s ]
INFO: [ view_parse ] --END-- [ RunTime:0.025002s ]
INFO: [ view_filter ] --START--
INFO: Run Behavior\WriteHtmlCacheBehavior [ RunTime:0.000000s ]
INFO: [ view_filter ] --END-- [ RunTime:0.000000s ]
INFO: [ app_end ] --START--
INFO: Run Behavior\ShowPageTraceBehavior [ RunTime:0.001000s ]
INFO: [ app_end ] --END-- [ RunTime:0.001000s ]

[ 2015-07-08T09:36:16+08:00 ] 222.211.213.247 /Verify/Index/verify.html
INFO: [ app_init ] --START--
INFO: Run Behavior\BuildLiteBehavior [ RunTime:0.000000s ]
INFO: [ app_init ] --END-- [ RunTime:0.000000s ]
INFO: [ app_begin ] --START--
INFO: Run Behavior\ReadHtmlCacheBehavior [ RunTime:0.000000s ]
INFO: [ app_begin ] --END-- [ RunTime:0.000000s ]
INFO: [ app_end ] --START--
INFO: Run Behavior\ShowPageTraceBehavior [ RunTime:0.001000s ]
INFO: [ app_end ] --END-- [ RunTime:0.001000s ]

[ 2015-07-08T09:36:23+08:00 ] 222.211.213.247 /Login/Index/index.html
INFO: [ app_init ] --START--
INFO: Run Behavior\BuildLiteBehavior [ RunTime:0.000000s ]
INFO: [ app_init ] --END-- [ RunTime:0.000000s ]
INFO: [ app_begin ] --START--
INFO: Run Behavior\ReadHtmlCacheBehavior [ RunTime:0.000000s ]
INFO: [ app_begin ] --END-- [ RunTime:0.000000s ]
NOTIC: [8192] mysql_connect(): The mysql extension is deprecated and will be removed in the future: use mysqli or PDO instead D:\wwwroot\7g\ThinkPHP\Library\Think\Db\Driver\Mysql.class.php 第 52 行.
SQL: SHOW COLUMNS FROM `admin` [ RunTime:0.001000s ]
SQL: SELECT * FROM `admin` WHERE ( `username` = 'amoadmincpa' ) LIMIT 1   [ RunTime:0.000000s ]
SQL: UPDATE `admin` SET `username`='amoadmincpa',`password`='0192023a7bbd73250516f069df18b500',`lasttime`=1436319383,`lastip`=-556542473 WHERE ( id=1 ) [ RunTime:0.006000s ]

[ 2015-07-08T09:36:23+08:00 ] 222.211.213.247 /Admin/Index/index.html
INFO: [ app_init ] --START--
INFO: Run Behavior\BuildLiteBehavior [ RunTime:0.000000s ]
INFO: [ app_init ] --END-- [ RunTime:0.001000s ]
INFO: [ app_begin ] --START--
INFO: Run Behavior\ReadHtmlCacheBehavior [ RunTime:0.000000s ]
INFO: [ app_begin ] --END-- [ RunTime:0.000000s ]
INFO: [ action_begin ] --START--
INFO: Run Admin\Behavior\CheckPermissionBehavior [ RunTime:0.000000s ]
INFO: [ action_begin ] --END-- [ RunTime:0.000000s ]
NOTIC: [2048] Declaration of Admin\Model\BaseModel::page() should be compatible with Think\Model::page($page, $listRows = NULL) D:\wwwroot\7g\Application\Admin\Model\BaseModel.class.php 第 16 行.
NOTIC: [8192] mysql_connect(): The mysql extension is deprecated and will be removed in the future: use mysqli or PDO instead D:\wwwroot\7g\ThinkPHP\Library\Think\Db\Driver\Mysql.class.php 第 52 行.
SQL: SHOW COLUMNS FROM `members` [ RunTime:0.002000s ]
SQL: SHOW COLUMNS FROM `product` [ RunTime:0.001000s ]
SQL: SHOW COLUMNS FROM `product_data` [ RunTime:0.001000s ]
SQL: SELECT COUNT(*) AS tp_count FROM `members` LIMIT 1   [ RunTime:0.000000s ]
SQL: SELECT COUNT(*) AS tp_count FROM `product` LIMIT 1   [ RunTime:0.001000s ]
SQL: SELECT SUM(umoney-money) AS tp_sum FROM `product_data` WHERE ( DATE(FROM_UNIXTIME(`time`))=DATE(DATE_SUB(NOW(),INTERVAL 1 DAY)) ) LIMIT 1   [ RunTime:0.000000s ]
SQL: SELECT SUM(umoney-money) AS tp_sum FROM `product_data` WHERE ( CONCAT(YEAR(FROM_UNIXTIME(`time`)),'-',MONTH(FROM_UNIXTIME(`time`)))=CONCAT(YEAR(NOW()),'-',MONTH(NOW())) ) LIMIT 1   [ RunTime:0.001000s ]
SQL: SELECT SUM(umoney-money) AS tp_sum FROM `product_data` WHERE ( CONCAT(YEAR(FROM_UNIXTIME(`time`)),'-',MONTH(FROM_UNIXTIME(`time`)))=CONCAT(YEAR(DATE_SUB(NOW(),INTERVAL 1 MONTH)),'-',MONTH(DATE_SUB(NOW(),INTERVAL 1 MONTH))) ) LIMIT 1   [ RunTime:0.000000s ]
SQL: SELECT SUM(umoney-money) AS tp_sum FROM `product_data` WHERE ( DATE(FROM_UNIXTIME(`time`))>=DATE(DATE_SUB(NOW(),INTERVAL 7 DAY)) AND DATE(FROM_UNIXTIME(`time`))<=DATE(NOW()) ) LIMIT 1   [ RunTime:0.001000s ]
SQL: SELECT SUM(`data`.`umoney`-`data`.`money`) AS union_price,`data`.`time` FROM product_data data GROUP BY DATE(FROM_UNIXTIME(`data`.`time`)) ORDER BY `data`.`time` ASC  [ RunTime:0.000000s ]
INFO: [ view_parse ] --START--
INFO: [ template_filter ] --START--
INFO: Run Behavior\ContentReplaceBehavior [ RunTime:0.000000s ]
INFO: [ template_filter ] --END-- [ RunTime:0.000000s ]
INFO: Run Behavior\ParseTemplateBehavior [ RunTime:0.006001s ]
INFO: [ view_parse ] --END-- [ RunTime:0.006001s ]
INFO: [ view_filter ] --START--
INFO: Run Behavior\WriteHtmlCacheBehavior [ RunTime:0.000000s ]
INFO: [ view_filter ] --END-- [ RunTime:0.000000s ]
INFO: [ app_end ] --START--
INFO: Run Behavior\ShowPageTraceBehavior [ RunTime:0.000000s ]
INFO: [ app_end ] --END-- [ RunTime:0.000000s ]

[ 2015-07-08T09:36:25+08:00 ] 222.211.213.247 /Admin/Product/index.html
INFO: [ app_init ] --START--
INFO: Run Behavior\BuildLiteBehavior [ RunTime:0.000000s ]
INFO: [ app_init ] --END-- [ RunTime:0.000000s ]
INFO: [ app_begin ] --START--
INFO: Run Behavior\ReadHtmlCacheBehavior [ RunTime:0.000000s ]
INFO: [ app_begin ] --END-- [ RunTime:0.000000s ]
INFO: [ action_begin ] --START--
INFO: Run Admin\Behavior\CheckPermissionBehavior [ RunTime:0.000000s ]
INFO: [ action_begin ] --END-- [ RunTime:0.000000s ]
NOTIC: [2048] Declaration of Admin\Model\BaseModel::page() should be compatible with Think\Model::page($page, $listRows = NULL) D:\wwwroot\7g\Application\Admin\Model\BaseModel.class.php 第 16 行.
NOTIC: [8192] mysql_connect(): The mysql extension is deprecated and will be removed in the future: use mysqli or PDO instead D:\wwwroot\7g\ThinkPHP\Library\Think\Db\Driver\Mysql.class.php 第 52 行.
SQL: SHOW COLUMNS FROM `product` [ RunTime:0.001000s ]
SQL: SELECT COUNT(*) AS tp_count FROM `product` LEFT JOIN `members_product` ON `members_product`.`goods_id`=`product`.`id` LEFT JOIN `category` ON `category`.`id`=`product`.`category_id`  GROUP BY `product`.`id` ORDER BY `top_time` DESC LIMIT 1   [ RunTime:0.002000s ]
SQL: SELECT count(members_product.id) AS have,category.category_name,product.* FROM `product` LEFT JOIN `members_product` ON `members_product`.`goods_id`=`product`.`id` LEFT JOIN `category` ON `category`.`id`=`product`.`category_id`  GROUP BY `product`.`id` ORDER BY `top_time` DESC LIMIT 0,30   [ RunTime:0.003000s ]
NOTIC: [8] Undefined variable: up_page D:\wwwroot\7g\ThinkPHP\Library\Think\Page.class.php 第 155 行.
NOTIC: [8] Undefined variable: down_page D:\wwwroot\7g\ThinkPHP\Library\Think\Page.class.php 第 155 行.
NOTIC: [8] Undefined variable: the_first D:\wwwroot\7g\ThinkPHP\Library\Think\Page.class.php 第 155 行.
NOTIC: [8] Undefined variable: the_end D:\wwwroot\7g\ThinkPHP\Library\Think\Page.class.php 第 155 行.
SQL: SHOW COLUMNS FROM `category` [ RunTime:0.000000s ]
SQL: SELECT * FROM `category`  [ RunTime:0.000000s ]
INFO: [ view_parse ] --START--
INFO: [ template_filter ] --START--
INFO: Run Behavior\ContentReplaceBehavior [ RunTime:0.001000s ]
INFO: [ template_filter ] --END-- [ RunTime:0.001000s ]
INFO: Run Behavior\ParseTemplateBehavior [ RunTime:0.026002s ]
INFO: [ view_parse ] --END-- [ RunTime:0.026002s ]
INFO: [ view_filter ] --START--
INFO: Run Behavior\WriteHtmlCacheBehavior [ RunTime:0.000000s ]
INFO: [ view_filter ] --END-- [ RunTime:0.000000s ]
INFO: [ app_end ] --START--
INFO: Run Behavior\ShowPageTraceBehavior [ RunTime:0.001000s ]
INFO: [ app_end ] --END-- [ RunTime:0.001000s ]

[ 2015-07-08T09:36:27+08:00 ] 222.211.213.247 /Admin/Product/goodsData/goods_id/1.html
INFO: [ app_init ] --START--
INFO: Run Behavior\BuildLiteBehavior [ RunTime:0.000000s ]
INFO: [ app_init ] --END-- [ RunTime:0.000000s ]
INFO: [ app_begin ] --START--
INFO: Run Behavior\ReadHtmlCacheBehavior [ RunTime:0.001000s ]
INFO: [ app_begin ] --END-- [ RunTime:0.001000s ]
INFO: [ action_begin ] --START--
INFO: Run Admin\Behavior\CheckPermissionBehavior [ RunTime:0.000000s ]
INFO: [ action_begin ] --END-- [ RunTime:0.000000s ]
NOTIC: [2048] Declaration of Admin\Model\BaseModel::page() should be compatible with Think\Model::page($page, $listRows = NULL) D:\wwwroot\7g\Application\Admin\Model\BaseModel.class.php 第 16 行.
NOTIC: [8192] mysql_connect(): The mysql extension is deprecated and will be removed in the future: use mysqli or PDO instead D:\wwwroot\7g\ThinkPHP\Library\Think\Db\Driver\Mysql.class.php 第 52 行.
SQL: SHOW COLUMNS FROM `product` [ RunTime:0.001000s ]
SQL: SHOW COLUMNS FROM `product_data` [ RunTime:0.001000s ]
SQL: SELECT `product`.`goods_name`,`Members`.`username`,`data`.*,`data`.`umoney`-`data`.`money` AS union_price,ROUND(`data`.`promote_num`/`data`.`real_num`*100,2) AS percent,100-ROUND(`data`.`money`/`data`.`umoney`*100,2) AS money_percent FROM product_data data LEFT JOIN `product` ON `product`.`id`=`data`.`goods_id` LEFT JOIN `Members` ON `Members`.`id`=`data`.`member_id`  WHERE ( `data`.`goods_id`=1 ) ORDER BY `time` DESC  [ RunTime:0.001000s ]
SQL: SELECT SUM(`promote_num`) AS promote_num,SUM(`real_num`) AS real_num,SUM(`money`) AS money,SUM(`umoney`) AS umoney,SUM(`umoney`-`money`) AS price FROM `product_data` WHERE ( `goods_id`=1 )  [ RunTime:0.000000s ]
INFO: [ view_parse ] --START--
INFO: [ template_filter ] --START--
INFO: Run Behavior\ContentReplaceBehavior [ RunTime:0.000000s ]
INFO: [ template_filter ] --END-- [ RunTime:0.000000s ]
NOTIC: [8] Array to string conversion D:\wwwroot\7g\Application\Runtime\Cache\Admin\41aca26881431c519c6b82832a6b7925.php 第 168 行.
INFO: Run Behavior\ParseTemplateBehavior [ RunTime:0.013001s ]
INFO: [ view_parse ] --END-- [ RunTime:0.013001s ]
INFO: [ view_filter ] --START--
INFO: Run Behavior\WriteHtmlCacheBehavior [ RunTime:0.000000s ]
INFO: [ view_filter ] --END-- [ RunTime:0.000000s ]
INFO: [ app_end ] --START--
INFO: Run Behavior\ShowPageTraceBehavior [ RunTime:0.000000s ]
INFO: [ app_end ] --END-- [ RunTime:0.000000s ]

[ 2015-07-08T09:36:32+08:00 ] 222.211.213.247 /Admin/Product/index.html
INFO: [ app_init ] --START--
INFO: Run Behavior\BuildLiteBehavior [ RunTime:0.000000s ]
INFO: [ app_init ] --END-- [ RunTime:0.000000s ]
INFO: [ app_begin ] --START--
INFO: Run Behavior\ReadHtmlCacheBehavior [ RunTime:0.000000s ]
INFO: [ app_begin ] --END-- [ RunTime:0.000000s ]
INFO: [ action_begin ] --START--
INFO: Run Admin\Behavior\CheckPermissionBehavior [ RunTime:0.000000s ]
INFO: [ action_begin ] --END-- [ RunTime:0.000000s ]
NOTIC: [2048] Declaration of Admin\Model\BaseModel::page() should be compatible with Think\Model::page($page, $listRows = NULL) D:\wwwroot\7g\Application\Admin\Model\BaseModel.class.php 第 16 行.
NOTIC: [8192] mysql_connect(): The mysql extension is deprecated and will be removed in the future: use mysqli or PDO instead D:\wwwroot\7g\ThinkPHP\Library\Think\Db\Driver\Mysql.class.php 第 52 行.
SQL: SHOW COLUMNS FROM `product` [ RunTime:0.001000s ]
SQL: SELECT COUNT(*) AS tp_count FROM `product` LEFT JOIN `members_product` ON `members_product`.`goods_id`=`product`.`id` LEFT JOIN `category` ON `category`.`id`=`product`.`category_id`  GROUP BY `product`.`id` ORDER BY `top_time` DESC LIMIT 1   [ RunTime:0.000000s ]
SQL: SELECT count(members_product.id) AS have,category.category_name,product.* FROM `product` LEFT JOIN `members_product` ON `members_product`.`goods_id`=`product`.`id` LEFT JOIN `category` ON `category`.`id`=`product`.`category_id`  GROUP BY `product`.`id` ORDER BY `top_time` DESC LIMIT 0,30   [ RunTime:0.001000s ]
NOTIC: [8] Undefined variable: up_page D:\wwwroot\7g\ThinkPHP\Library\Think\Page.class.php 第 155 行.
NOTIC: [8] Undefined variable: down_page D:\wwwroot\7g\ThinkPHP\Library\Think\Page.class.php 第 155 行.
NOTIC: [8] Undefined variable: the_first D:\wwwroot\7g\ThinkPHP\Library\Think\Page.class.php 第 155 行.
NOTIC: [8] Undefined variable: the_end D:\wwwroot\7g\ThinkPHP\Library\Think\Page.class.php 第 155 行.
SQL: SHOW COLUMNS FROM `category` [ RunTime:0.000000s ]
SQL: SELECT * FROM `category`  [ RunTime:0.000000s ]
INFO: [ view_parse ] --START--
INFO: [ template_filter ] --START--
INFO: Run Behavior\ContentReplaceBehavior [ RunTime:0.000000s ]
INFO: [ template_filter ] --END-- [ RunTime:0.000000s ]
INFO: Run Behavior\ParseTemplateBehavior [ RunTime:0.023002s ]
INFO: [ view_parse ] --END-- [ RunTime:0.023002s ]
INFO: [ view_filter ] --START--
INFO: Run Behavior\WriteHtmlCacheBehavior [ RunTime:0.000000s ]
INFO: [ view_filter ] --END-- [ RunTime:0.001000s ]
INFO: [ app_end ] --START--
INFO: Run Behavior\ShowPageTraceBehavior [ RunTime:0.000000s ]
INFO: [ app_end ] --END-- [ RunTime:0.000000s ]

[ 2015-07-08T09:36:35+08:00 ] 222.211.213.247 /Admin/Product/import.html
INFO: [ app_init ] --START--
INFO: Run Behavior\BuildLiteBehavior [ RunTime:0.000000s ]
INFO: [ app_init ] --END-- [ RunTime:0.000000s ]
INFO: [ app_begin ] --START--
INFO: Run Behavior\ReadHtmlCacheBehavior [ RunTime:0.000000s ]
INFO: [ app_begin ] --END-- [ RunTime:0.000000s ]
INFO: [ action_begin ] --START--
INFO: Run Admin\Behavior\CheckPermissionBehavior [ RunTime:0.000000s ]
INFO: [ action_begin ] --END-- [ RunTime:0.000000s ]
NOTIC: [2048] Declaration of Admin\Model\BaseModel::page() should be compatible with Think\Model::page($page, $listRows = NULL) D:\wwwroot\7g\Application\Admin\Model\BaseModel.class.php 第 16 行.
NOTIC: [8192] mysql_connect(): The mysql extension is deprecated and will be removed in the future: use mysqli or PDO instead D:\wwwroot\7g\ThinkPHP\Library\Think\Db\Driver\Mysql.class.php 第 52 行.
SQL: SHOW COLUMNS FROM `product` [ RunTime:0.001001s ]
INFO: [ view_parse ] --START--
INFO: [ template_filter ] --START--
INFO: Run Behavior\ContentReplaceBehavior [ RunTime:0.000000s ]
INFO: [ template_filter ] --END-- [ RunTime:0.000000s ]
INFO: Run Behavior\ParseTemplateBehavior [ RunTime:0.003000s ]
INFO: [ view_parse ] --END-- [ RunTime:0.003000s ]
INFO: [ view_filter ] --START--
INFO: Run Behavior\WriteHtmlCacheBehavior [ RunTime:0.000000s ]
INFO: [ view_filter ] --END-- [ RunTime:0.000000s ]
INFO: [ app_end ] --START--
INFO: Run Behavior\ShowPageTraceBehavior [ RunTime:0.000000s ]
INFO: [ app_end ] --END-- [ RunTime:0.000000s ]

[ 2015-07-08T09:36:48+08:00 ] 222.211.213.247 /Admin/Product/import.html
INFO: [ app_init ] --START--
INFO: Run Behavior\BuildLiteBehavior [ RunTime:0.000000s ]
INFO: [ app_init ] --END-- [ RunTime:0.000000s ]
INFO: [ app_begin ] --START--
INFO: Run Behavior\ReadHtmlCacheBehavior [ RunTime:0.000000s ]
INFO: [ app_begin ] --END-- [ RunTime:0.000000s ]
INFO: [ action_begin ] --START--
INFO: Run Admin\Behavior\CheckPermissionBehavior [ RunTime:0.000000s ]
INFO: [ action_begin ] --END-- [ RunTime:0.000000s ]
NOTIC: [2048] Declaration of Admin\Model\BaseModel::page() should be compatible with Think\Model::page($page, $listRows = NULL) D:\wwwroot\7g\Application\Admin\Model\BaseModel.class.php 第 16 行.
NOTIC: [8192] mysql_connect(): The mysql extension is deprecated and will be removed in the future: use mysqli or PDO instead D:\wwwroot\7g\ThinkPHP\Library\Think\Db\Driver\Mysql.class.php 第 52 行.
SQL: SHOW COLUMNS FROM `product` [ RunTime:0.001000s ]
NOTIC: [2] call_user_func() expects parameter 1 to be a valid callback, no array or string given D:\wwwroot\7g\ThinkPHP\Library\Think\Upload.class.php 第 169 行.
NOTIC: [8] Undefined variable: __readexcel_called D:\wwwroot\7g\test\test.php 第 4 行.
SQL: SHOW COLUMNS FROM `members` [ RunTime:0.001000s ]
SQL: SELECT `username`,`id` FROM `members` WHERE ( `username` IN ('azhong') )  [ RunTime:0.001000s ]
SQL: SELECT `goods_name`,`id`,`cash_type`,`up_price_1` FROM `product` WHERE ( `goods_name` IN ('么么直播') )  [ RunTime:0.000000s ]
SQL: SHOW COLUMNS FROM `members_product` [ RunTime:0.001000s ]
SQL: SELECT * FROM `members_product` WHERE ( `members_id` IN ('24') )  [ RunTime:0.001000s ]
SQL: SHOW COLUMNS FROM `product_data` [ RunTime:0.001000s ]
SQL: SELECT * FROM `product_data` WHERE ( `goods_id`=1 AND `member_id`=24 AND `flags`='' AND `time`='1436198400' AND `promote_num`=5 AND `real_num`=12 ) LIMIT 1   [ RunTime:0.000000s ]
SQL: INSERT INTO `product_data` (`promote_num`,`real_num`,`time`,`discount`,`dprice1`,`flags`,`comments`,`priority_type`,`member_id`,`goods_id`,`cash_type`,`uprice1`,`umoney`,`money`) VALUES (5,12,1436198400,0,'2.30','','',0,24,1,0,'1.45',17.4,11.5) [ RunTime:0.010001s ]
INFO: [ view_parse ] --START--
INFO: [ template_filter ] --START--
INFO: Run Behavior\ContentReplaceBehavior [ RunTime:0.000000s ]
INFO: [ template_filter ] --END-- [ RunTime:0.000000s ]
INFO: Run Behavior\ParseTemplateBehavior [ RunTime:0.004000s ]
INFO: [ view_parse ] --END-- [ RunTime:0.004000s ]
INFO: [ view_filter ] --START--
INFO: Run Behavior\WriteHtmlCacheBehavior [ RunTime:0.000000s ]
INFO: [ view_filter ] --END-- [ RunTime:0.000000s ]
INFO: [ app_end ] --START--
INFO: Run Behavior\ShowPageTraceBehavior [ RunTime:0.000000s ]
INFO: [ app_end ] --END-- [ RunTime:0.000000s ]

[ 2015-07-08T09:36:49+08:00 ] 222.211.213.247 /Admin/Product/import.html
INFO: [ app_init ] --START--
INFO: Run Behavior\BuildLiteBehavior [ RunTime:0.000000s ]
INFO: [ app_init ] --END-- [ RunTime:0.000000s ]
INFO: [ app_begin ] --START--
INFO: Run Behavior\ReadHtmlCacheBehavior [ RunTime:0.000000s ]
INFO: [ app_begin ] --END-- [ RunTime:0.000000s ]
INFO: [ action_begin ] --START--
INFO: Run Admin\Behavior\CheckPermissionBehavior [ RunTime:0.000000s ]
INFO: [ action_begin ] --END-- [ RunTime:0.000000s ]
NOTIC: [2048] Declaration of Admin\Model\BaseModel::page() should be compatible with Think\Model::page($page, $listRows = NULL) D:\wwwroot\7g\Application\Admin\Model\BaseModel.class.php 第 16 行.
NOTIC: [8192] mysql_connect(): The mysql extension is deprecated and will be removed in the future: use mysqli or PDO instead D:\wwwroot\7g\ThinkPHP\Library\Think\Db\Driver\Mysql.class.php 第 52 行.
SQL: SHOW COLUMNS FROM `product` [ RunTime:0.002000s ]
INFO: [ view_parse ] --START--
INFO: [ template_filter ] --START--
INFO: Run Behavior\ContentReplaceBehavior [ RunTime:0.000000s ]
INFO: [ template_filter ] --END-- [ RunTime:0.000000s ]
INFO: Run Behavior\ParseTemplateBehavior [ RunTime:0.004000s ]
INFO: [ view_parse ] --END-- [ RunTime:0.005000s ]
INFO: [ view_filter ] --START--
INFO: Run Behavior\WriteHtmlCacheBehavior [ RunTime:0.000000s ]
INFO: [ view_filter ] --END-- [ RunTime:0.000000s ]
INFO: [ app_end ] --START--
INFO: Run Behavior\ShowPageTraceBehavior [ RunTime:0.000000s ]
INFO: [ app_end ] --END-- [ RunTime:0.000000s ]

[ 2015-07-08T09:36:49+08:00 ] 222.211.213.247 /Admin/Product/import.html
INFO: [ app_init ] --START--
INFO: Run Behavior\BuildLiteBehavior [ RunTime:0.000000s ]
INFO: [ app_init ] --END-- [ RunTime:0.000000s ]
INFO: [ app_begin ] --START--
INFO: Run Behavior\ReadHtmlCacheBehavior [ RunTime:0.001000s ]
INFO: [ app_begin ] --END-- [ RunTime:0.001000s ]
INFO: [ action_begin ] --START--
INFO: Run Admin\Behavior\CheckPermissionBehavior [ RunTime:0.001000s ]
INFO: [ action_begin ] --END-- [ RunTime:0.001000s ]
NOTIC: [2048] Declaration of Admin\Model\BaseModel::page() should be compatible with Think\Model::page($page, $listRows = NULL) D:\wwwroot\7g\Application\Admin\Model\BaseModel.class.php 第 16 行.
NOTIC: [8192] mysql_connect(): The mysql extension is deprecated and will be removed in the future: use mysqli or PDO instead D:\wwwroot\7g\ThinkPHP\Library\Think\Db\Driver\Mysql.class.php 第 52 行.
SQL: SHOW COLUMNS FROM `product` [ RunTime:0.002000s ]
INFO: [ view_parse ] --START--
INFO: [ template_filter ] --START--
INFO: Run Behavior\ContentReplaceBehavior [ RunTime:0.000000s ]
INFO: [ template_filter ] --END-- [ RunTime:0.000000s ]
INFO: Run Behavior\ParseTemplateBehavior [ RunTime:0.004000s ]
INFO: [ view_parse ] --END-- [ RunTime:0.004000s ]
INFO: [ view_filter ] --START--
INFO: Run Behavior\WriteHtmlCacheBehavior [ RunTime:0.000000s ]
INFO: [ view_filter ] --END-- [ RunTime:0.000000s ]
INFO: [ app_end ] --START--
INFO: Run Behavior\ShowPageTraceBehavior [ RunTime:0.000000s ]
INFO: [ app_end ] --END-- [ RunTime:0.000000s ]

[ 2015-07-08T09:36:51+08:00 ] 222.211.213.247 /Admin/Product/index.html
INFO: [ app_init ] --START--
INFO: Run Behavior\BuildLiteBehavior [ RunTime:0.000000s ]
INFO: [ app_init ] --END-- [ RunTime:0.001000s ]
INFO: [ app_begin ] --START--
INFO: Run Behavior\ReadHtmlCacheBehavior [ RunTime:0.000000s ]
INFO: [ app_begin ] --END-- [ RunTime:0.000000s ]
INFO: [ action_begin ] --START--
INFO: Run Admin\Behavior\CheckPermissionBehavior [ RunTime:0.000000s ]
INFO: [ action_begin ] --END-- [ RunTime:0.001000s ]
NOTIC: [2048] Declaration of Admin\Model\BaseModel::page() should be compatible with Think\Model::page($page, $listRows = NULL) D:\wwwroot\7g\Application\Admin\Model\BaseModel.class.php 第 16 行.
NOTIC: [8192] mysql_connect(): The mysql extension is deprecated and will be removed in the future: use mysqli or PDO instead D:\wwwroot\7g\ThinkPHP\Library\Think\Db\Driver\Mysql.class.php 第 52 行.
SQL: SHOW COLUMNS FROM `product` [ RunTime:0.001000s ]
SQL: SELECT COUNT(*) AS tp_count FROM `product` LEFT JOIN `members_product` ON `members_product`.`goods_id`=`product`.`id` LEFT JOIN `category` ON `category`.`id`=`product`.`category_id`  GROUP BY `product`.`id` ORDER BY `top_time` DESC LIMIT 1   [ RunTime:0.000000s ]
SQL: SELECT count(members_product.id) AS have,category.category_name,product.* FROM `product` LEFT JOIN `members_product` ON `members_product`.`goods_id`=`product`.`id` LEFT JOIN `category` ON `category`.`id`=`product`.`category_id`  GROUP BY `product`.`id` ORDER BY `top_time` DESC LIMIT 0,30   [ RunTime:0.000000s ]
NOTIC: [8] Undefined variable: up_page D:\wwwroot\7g\ThinkPHP\Library\Think\Page.class.php 第 155 行.
NOTIC: [8] Undefined variable: down_page D:\wwwroot\7g\ThinkPHP\Library\Think\Page.class.php 第 155 行.
NOTIC: [8] Undefined variable: the_first D:\wwwroot\7g\ThinkPHP\Library\Think\Page.class.php 第 155 行.
NOTIC: [8] Undefined variable: the_end D:\wwwroot\7g\ThinkPHP\Library\Think\Page.class.php 第 155 行.
SQL: SHOW COLUMNS FROM `category` [ RunTime:0.002000s ]
SQL: SELECT * FROM `category`  [ RunTime:0.000000s ]
INFO: [ view_parse ] --START--
INFO: [ template_filter ] --START--
INFO: Run Behavior\ContentReplaceBehavior [ RunTime:0.000000s ]
INFO: [ template_filter ] --END-- [ RunTime:0.000000s ]
INFO: Run Behavior\ParseTemplateBehavior [ RunTime:0.024002s ]
INFO: [ view_parse ] --END-- [ RunTime:0.024002s ]
INFO: [ view_filter ] --START--
INFO: Run Behavior\WriteHtmlCacheBehavior [ RunTime:0.000000s ]
INFO: [ view_filter ] --END-- [ RunTime:0.000000s ]
INFO: [ app_end ] --START--
INFO: Run Behavior\ShowPageTraceBehavior [ RunTime:0.000000s ]
INFO: [ app_end ] --END-- [ RunTime:0.000000s ]

[ 2015-07-08T09:36:58+08:00 ] 222.211.213.247 /Admin/Product/goodsData/goods_id/1.html
INFO: [ app_init ] --START--
INFO: Run Behavior\BuildLiteBehavior [ RunTime:0.000000s ]
INFO: [ app_init ] --END-- [ RunTime:0.000000s ]
INFO: [ app_begin ] --START--
INFO: Run Behavior\ReadHtmlCacheBehavior [ RunTime:0.001000s ]
INFO: [ app_begin ] --END-- [ RunTime:0.001000s ]
INFO: [ action_begin ] --START--
INFO: Run Admin\Behavior\CheckPermissionBehavior [ RunTime:0.001000s ]
INFO: [ action_begin ] --END-- [ RunTime:0.001000s ]
NOTIC: [2048] Declaration of Admin\Model\BaseModel::page() should be compatible with Think\Model::page($page, $listRows = NULL) D:\wwwroot\7g\Application\Admin\Model\BaseModel.class.php 第 16 行.
NOTIC: [8192] mysql_connect(): The mysql extension is deprecated and will be removed in the future: use mysqli or PDO instead D:\wwwroot\7g\ThinkPHP\Library\Think\Db\Driver\Mysql.class.php 第 52 行.
SQL: SHOW COLUMNS FROM `product` [ RunTime:0.002000s ]
SQL: SHOW COLUMNS FROM `product_data` [ RunTime:0.002000s ]
SQL: SELECT `product`.`goods_name`,`Members`.`username`,`data`.*,`data`.`umoney`-`data`.`money` AS union_price,ROUND(`data`.`promote_num`/`data`.`real_num`*100,2) AS percent,100-ROUND(`data`.`money`/`data`.`umoney`*100,2) AS money_percent FROM product_data data LEFT JOIN `product` ON `product`.`id`=`data`.`goods_id` LEFT JOIN `Members` ON `Members`.`id`=`data`.`member_id`  WHERE ( `data`.`goods_id`=1 ) ORDER BY `time` DESC  [ RunTime:0.001000s ]
SQL: SELECT SUM(`promote_num`) AS promote_num,SUM(`real_num`) AS real_num,SUM(`money`) AS money,SUM(`umoney`) AS umoney,SUM(`umoney`-`money`) AS price FROM `product_data` WHERE ( `goods_id`=1 )  [ RunTime:0.000000s ]
INFO: [ view_parse ] --START--
INFO: [ template_filter ] --START--
INFO: Run Behavior\ContentReplaceBehavior [ RunTime:0.001000s ]
INFO: [ template_filter ] --END-- [ RunTime:0.001000s ]
NOTIC: [8] Array to string conversion D:\wwwroot\7g\Application\Runtime\Cache\Admin\41aca26881431c519c6b82832a6b7925.php 第 168 行.
INFO: Run Behavior\ParseTemplateBehavior [ RunTime:0.014001s ]
INFO: [ view_parse ] --END-- [ RunTime:0.014001s ]
INFO: [ view_filter ] --START--
INFO: Run Behavior\WriteHtmlCacheBehavior [ RunTime:0.000000s ]
INFO: [ view_filter ] --END-- [ RunTime:0.001000s ]
INFO: [ app_end ] --START--
INFO: Run Behavior\ShowPageTraceBehavior [ RunTime:0.000000s ]
INFO: [ app_end ] --END-- [ RunTime:0.000000s ]

[ 2015-07-08T09:37:06+08:00 ] 222.211.213.247 /Admin/Product/goodsData/goods_id/3.html
INFO: [ app_init ] --START--
INFO: Run Behavior\BuildLiteBehavior [ RunTime:0.000000s ]
INFO: [ app_init ] --END-- [ RunTime:0.000000s ]
INFO: [ app_begin ] --START--
INFO: Run Behavior\ReadHtmlCacheBehavior [ RunTime:0.000000s ]
INFO: [ app_begin ] --END-- [ RunTime:0.000000s ]
INFO: [ action_begin ] --START--
INFO: Run Admin\Behavior\CheckPermissionBehavior [ RunTime:0.001000s ]
INFO: [ action_begin ] --END-- [ RunTime:0.001000s ]
NOTIC: [2048] Declaration of Admin\Model\BaseModel::page() should be compatible with Think\Model::page($page, $listRows = NULL) D:\wwwroot\7g\Application\Admin\Model\BaseModel.class.php 第 16 行.
NOTIC: [8192] mysql_connect(): The mysql extension is deprecated and will be removed in the future: use mysqli or PDO instead D:\wwwroot\7g\ThinkPHP\Library\Think\Db\Driver\Mysql.class.php 第 52 行.
SQL: SHOW COLUMNS FROM `product` [ RunTime:0.001000s ]
SQL: SHOW COLUMNS FROM `product_data` [ RunTime:0.001000s ]
SQL: SELECT `product`.`goods_name`,`Members`.`username`,`data`.*,`data`.`umoney`-`data`.`money` AS union_price,ROUND(`data`.`promote_num`/`data`.`real_num`*100,2) AS percent,100-ROUND(`data`.`money`/`data`.`umoney`*100,2) AS money_percent FROM product_data data LEFT JOIN `product` ON `product`.`id`=`data`.`goods_id` LEFT JOIN `Members` ON `Members`.`id`=`data`.`member_id`  WHERE ( `data`.`goods_id`=3 ) ORDER BY `time` DESC  [ RunTime:0.000000s ]
SQL: SELECT SUM(`promote_num`) AS promote_num,SUM(`real_num`) AS real_num,SUM(`money`) AS money,SUM(`umoney`) AS umoney,SUM(`umoney`-`money`) AS price FROM `product_data` WHERE ( `goods_id`=3 )  [ RunTime:0.000000s ]
NOTIC: [2] Division by zero D:\wwwroot\7g\Application\Admin\Controller\ProductController.class.php 第 274 行.
NOTIC: [2] Division by zero D:\wwwroot\7g\Application\Admin\Controller\ProductController.class.php 第 275 行.
NOTIC: [2] Division by zero D:\wwwroot\7g\Application\Admin\Controller\ProductController.class.php 第 276 行.
INFO: [ view_parse ] --START--
INFO: [ template_filter ] --START--
INFO: Run Behavior\ContentReplaceBehavior [ RunTime:0.001000s ]
INFO: [ template_filter ] --END-- [ RunTime:0.001000s ]
INFO: Run Behavior\ParseTemplateBehavior [ RunTime:0.015001s ]
INFO: [ view_parse ] --END-- [ RunTime:0.015001s ]
INFO: [ view_filter ] --START--
INFO: Run Behavior\WriteHtmlCacheBehavior [ RunTime:0.000000s ]
INFO: [ view_filter ] --END-- [ RunTime:0.000000s ]
INFO: [ app_end ] --START--
INFO: Run Behavior\ShowPageTraceBehavior [ RunTime:0.001000s ]
INFO: [ app_end ] --END-- [ RunTime:0.001000s ]

[ 2015-07-08T09:37:22+08:00 ] 222.211.213.247 /Admin/Cash/cash.html
INFO: [ app_init ] --START--
INFO: Run Behavior\BuildLiteBehavior [ RunTime:0.000000s ]
INFO: [ app_init ] --END-- [ RunTime:0.000000s ]
INFO: [ app_begin ] --START--
INFO: Run Behavior\ReadHtmlCacheBehavior [ RunTime:0.000000s ]
INFO: [ app_begin ] --END-- [ RunTime:0.000000s ]
INFO: [ action_begin ] --START--
INFO: Run Admin\Behavior\CheckPermissionBehavior [ RunTime:0.001000s ]
INFO: [ action_begin ] --END-- [ RunTime:0.001000s ]
NOTIC: [2048] Declaration of Admin\Model\BaseModel::page() should be compatible with Think\Model::page($page, $listRows = NULL) D:\wwwroot\7g\Application\Admin\Model\BaseModel.class.php 第 16 行.
NOTIC: [8192] mysql_connect(): The mysql extension is deprecated and will be removed in the future: use mysqli or PDO instead D:\wwwroot\7g\ThinkPHP\Library\Think\Db\Driver\Mysql.class.php 第 52 行.
SQL: SHOW COLUMNS FROM `cash` [ RunTime:0.002000s ]
SQL: SELECT COUNT(*) AS tp_count FROM `cash` LIMIT 1   [ RunTime:0.001000s ]
SQL: SELECT * FROM `cash` LIMIT 0,30   [ RunTime:0.000000s ]
SQL: SHOW COLUMNS FROM `members` [ RunTime:0.001000s ]
NOTIC: [2] Invalid argument supplied for foreach() D:\wwwroot\7g\Application\Admin\Model\CashModel.class.php 第 20 行.
INFO: [ view_parse ] --START--
INFO: [ template_filter ] --START--
INFO: Run Behavior\ContentReplaceBehavior [ RunTime:0.001000s ]
INFO: [ template_filter ] --END-- [ RunTime:0.001000s ]
NOTIC: [8] Undefined variable: flag D:\wwwroot\7g\Application\Runtime\Cache\Admin\7ace8016520061a4199fa5f0ea2e648c.php 第 53 行.
NOTIC: [8] Use of undefined constant checked - assumed 'checked' D:\wwwroot\7g\Application\Runtime\Cache\Admin\7ace8016520061a4199fa5f0ea2e648c.php 第 102 行.
NOTIC: [8] Undefined variable: checked D:\wwwroot\7g\Application\Runtime\Cache\Admin\7ace8016520061a4199fa5f0ea2e648c.php 第 102 行.
NOTIC: [8] Use of undefined constant checked - assumed 'checked' D:\wwwroot\7g\Application\Runtime\Cache\Admin\7ace8016520061a4199fa5f0ea2e648c.php 第 103 行.
NOTIC: [8] Undefined variable: checked D:\wwwroot\7g\Application\Runtime\Cache\Admin\7ace8016520061a4199fa5f0ea2e648c.php 第 103 行.
INFO: Run Behavior\ParseTemplateBehavior [ RunTime:0.009001s ]
INFO: [ view_parse ] --END-- [ RunTime:0.009001s ]
INFO: [ view_filter ] --START--
INFO: Run Behavior\WriteHtmlCacheBehavior [ RunTime:0.000000s ]
INFO: [ view_filter ] --END-- [ RunTime:0.000000s ]
INFO: [ app_end ] --START--
INFO: Run Behavior\ShowPageTraceBehavior [ RunTime:0.000000s ]
INFO: [ app_end ] --END-- [ RunTime:0.000000s ]

[ 2015-07-08T09:37:24+08:00 ] 222.211.213.247 /Admin/News/index.html
INFO: [ app_init ] --START--
INFO: Run Behavior\BuildLiteBehavior [ RunTime:0.000000s ]
INFO: [ app_init ] --END-- [ RunTime:0.000000s ]
INFO: [ app_begin ] --START--
INFO: Run Behavior\ReadHtmlCacheBehavior [ RunTime:0.000000s ]
INFO: [ app_begin ] --END-- [ RunTime:0.001000s ]
INFO: [ action_begin ] --START--
INFO: Run Admin\Behavior\CheckPermissionBehavior [ RunTime:0.000000s ]
INFO: [ action_begin ] --END-- [ RunTime:0.000000s ]
NOTIC: [2048] Declaration of Admin\Model\BaseModel::page() should be compatible with Think\Model::page($page, $listRows = NULL) D:\wwwroot\7g\Application\Admin\Model\BaseModel.class.php 第 16 行.
NOTIC: [8192] mysql_connect(): The mysql extension is deprecated and will be removed in the future: use mysqli or PDO instead D:\wwwroot\7g\ThinkPHP\Library\Think\Db\Driver\Mysql.class.php 第 52 行.
SQL: SHOW COLUMNS FROM `news` [ RunTime:0.003000s ]
SQL: SELECT COUNT(*) AS tp_count FROM `news` LIMIT 1   [ RunTime:0.001000s ]
SQL: SELECT * FROM `news` LIMIT 0,30   [ RunTime:0.001000s ]
NOTIC: [8] Undefined variable: up_page D:\wwwroot\7g\ThinkPHP\Library\Think\Page.class.php 第 155 行.
NOTIC: [8] Undefined variable: down_page D:\wwwroot\7g\ThinkPHP\Library\Think\Page.class.php 第 155 行.
NOTIC: [8] Undefined variable: the_first D:\wwwroot\7g\ThinkPHP\Library\Think\Page.class.php 第 155 行.
NOTIC: [8] Undefined variable: the_end D:\wwwroot\7g\ThinkPHP\Library\Think\Page.class.php 第 155 行.
INFO: [ view_parse ] --START--
INFO: [ template_filter ] --START--
INFO: Run Behavior\ContentReplaceBehavior [ RunTime:0.000000s ]
INFO: [ template_filter ] --END-- [ RunTime:0.000000s ]
INFO: Run Behavior\ParseTemplateBehavior [ RunTime:0.011001s ]
INFO: [ view_parse ] --END-- [ RunTime:0.011001s ]
INFO: [ view_filter ] --START--
INFO: Run Behavior\WriteHtmlCacheBehavior [ RunTime:0.000000s ]
INFO: [ view_filter ] --END-- [ RunTime:0.000000s ]
INFO: [ app_end ] --START--
INFO: Run Behavior\ShowPageTraceBehavior [ RunTime:0.000000s ]
INFO: [ app_end ] --END-- [ RunTime:0.000000s ]

[ 2015-07-08T11:57:06+08:00 ] 222.211.213.247 /Admin/Product/goodsData.html?goods_id=1
INFO: [ app_init ] --START--
INFO: Run Behavior\BuildLiteBehavior [ RunTime:0.000000s ]
INFO: [ app_init ] --END-- [ RunTime:0.000000s ]
INFO: [ app_begin ] --START--
INFO: Run Behavior\ReadHtmlCacheBehavior [ RunTime:0.001000s ]
INFO: [ app_begin ] --END-- [ RunTime:0.001000s ]
INFO: [ action_begin ] --START--

[ 2015-07-08T11:57:06+08:00 ] 222.211.213.247 /Login/Index/index.html
INFO: [ app_init ] --START--
INFO: Run Behavior\BuildLiteBehavior [ RunTime:0.000000s ]
INFO: [ app_init ] --END-- [ RunTime:0.000000s ]
INFO: [ app_begin ] --START--
INFO: Run Behavior\ReadHtmlCacheBehavior [ RunTime:0.000000s ]
INFO: [ app_begin ] --END-- [ RunTime:0.000000s ]
INFO: [ view_parse ] --START--
INFO: [ template_filter ] --START--
INFO: Run Behavior\ContentReplaceBehavior [ RunTime:0.000000s ]
INFO: [ template_filter ] --END-- [ RunTime:0.000000s ]
INFO: Run Behavior\ParseTemplateBehavior [ RunTime:0.024001s ]
INFO: [ view_parse ] --END-- [ RunTime:0.024001s ]
INFO: [ view_filter ] --START--
INFO: Run Behavior\WriteHtmlCacheBehavior [ RunTime:0.001000s ]
INFO: [ view_filter ] --END-- [ RunTime:0.001000s ]
INFO: [ app_end ] --START--
INFO: Run Behavior\ShowPageTraceBehavior [ RunTime:0.001000s ]
INFO: [ app_end ] --END-- [ RunTime:0.001000s ]

[ 2015-07-08T11:57:06+08:00 ] 222.211.213.247 /Verify/Index/verify.html
INFO: [ app_init ] --START--
INFO: Run Behavior\BuildLiteBehavior [ RunTime:0.000000s ]
INFO: [ app_init ] --END-- [ RunTime:0.000000s ]
INFO: [ app_begin ] --START--
INFO: Run Behavior\ReadHtmlCacheBehavior [ RunTime:0.000000s ]
INFO: [ app_begin ] --END-- [ RunTime:0.000000s ]
INFO: [ app_end ] --START--
INFO: Run Behavior\ShowPageTraceBehavior [ RunTime:0.000000s ]
INFO: [ app_end ] --END-- [ RunTime:0.000000s ]

[ 2015-07-08T11:57:12+08:00 ] 222.211.213.247 /Login/Index/index.html
INFO: [ app_init ] --START--
INFO: Run Behavior\BuildLiteBehavior [ RunTime:0.000000s ]
INFO: [ app_init ] --END-- [ RunTime:0.000000s ]
INFO: [ app_begin ] --START--
INFO: Run Behavior\ReadHtmlCacheBehavior [ RunTime:0.000000s ]
INFO: [ app_begin ] --END-- [ RunTime:0.000000s ]
NOTIC: [8192] mysql_connect(): The mysql extension is deprecated and will be removed in the future: use mysqli or PDO instead D:\wwwroot\7g\ThinkPHP\Library\Think\Db\Driver\Mysql.class.php 第 52 行.
SQL: SHOW COLUMNS FROM `admin` [ RunTime:0.001000s ]
SQL: SELECT * FROM `admin` WHERE ( `username` = 'amoadmincpa' ) LIMIT 1   [ RunTime:0.001000s ]
SQL: UPDATE `admin` SET `username`='amoadmincpa',`password`='0192023a7bbd73250516f069df18b500',`lasttime`=1436327832,`lastip`=-556542473 WHERE ( id=1 ) [ RunTime:0.014001s ]

[ 2015-07-08T11:57:12+08:00 ] 222.211.213.247 /Admin/Index/index.html
INFO: [ app_init ] --START--
INFO: Run Behavior\BuildLiteBehavior [ RunTime:0.000000s ]
INFO: [ app_init ] --END-- [ RunTime:0.000000s ]
INFO: [ app_begin ] --START--
INFO: Run Behavior\ReadHtmlCacheBehavior [ RunTime:0.001000s ]
INFO: [ app_begin ] --END-- [ RunTime:0.001000s ]
INFO: [ action_begin ] --START--
INFO: Run Admin\Behavior\CheckPermissionBehavior [ RunTime:0.000000s ]
INFO: [ action_begin ] --END-- [ RunTime:0.000000s ]
NOTIC: [2048] Declaration of Admin\Model\BaseModel::page() should be compatible with Think\Model::page($page, $listRows = NULL) D:\wwwroot\7g\Application\Admin\Model\BaseModel.class.php 第 16 行.
NOTIC: [8192] mysql_connect(): The mysql extension is deprecated and will be removed in the future: use mysqli or PDO instead D:\wwwroot\7g\ThinkPHP\Library\Think\Db\Driver\Mysql.class.php 第 52 行.
SQL: SHOW COLUMNS FROM `members` [ RunTime:0.001000s ]
SQL: SHOW COLUMNS FROM `product` [ RunTime:0.002000s ]
SQL: SHOW COLUMNS FROM `product_data` [ RunTime:0.002000s ]
SQL: SELECT COUNT(*) AS tp_count FROM `members` LIMIT 1   [ RunTime:0.000000s ]
SQL: SELECT COUNT(*) AS tp_count FROM `product` LIMIT 1   [ RunTime:0.000000s ]
SQL: SELECT SUM(umoney-money) AS tp_sum FROM `product_data` WHERE ( DATE(FROM_UNIXTIME(`time`))=DATE(DATE_SUB(NOW(),INTERVAL 1 DAY)) ) LIMIT 1   [ RunTime:0.000000s ]
SQL: SELECT SUM(umoney-money) AS tp_sum FROM `product_data` WHERE ( CONCAT(YEAR(FROM_UNIXTIME(`time`)),'-',MONTH(FROM_UNIXTIME(`time`)))=CONCAT(YEAR(NOW()),'-',MONTH(NOW())) ) LIMIT 1   [ RunTime:0.000000s ]
SQL: SELECT SUM(umoney-money) AS tp_sum FROM `product_data` WHERE ( CONCAT(YEAR(FROM_UNIXTIME(`time`)),'-',MONTH(FROM_UNIXTIME(`time`)))=CONCAT(YEAR(DATE_SUB(NOW(),INTERVAL 1 MONTH)),'-',MONTH(DATE_SUB(NOW(),INTERVAL 1 MONTH))) ) LIMIT 1   [ RunTime:0.000000s ]
SQL: SELECT SUM(umoney-money) AS tp_sum FROM `product_data` WHERE ( DATE(FROM_UNIXTIME(`time`))>=DATE(DATE_SUB(NOW(),INTERVAL 7 DAY)) AND DATE(FROM_UNIXTIME(`time`))<=DATE(NOW()) ) LIMIT 1   [ RunTime:0.000000s ]
SQL: SELECT SUM(`data`.`umoney`-`data`.`money`) AS union_price,`data`.`time` FROM product_data data GROUP BY DATE(FROM_UNIXTIME(`data`.`time`)) ORDER BY `data`.`time` ASC  [ RunTime:0.001000s ]
INFO: [ view_parse ] --START--
INFO: [ template_filter ] --START--
INFO: Run Behavior\ContentReplaceBehavior [ RunTime:0.000000s ]
INFO: [ template_filter ] --END-- [ RunTime:0.000000s ]
INFO: Run Behavior\ParseTemplateBehavior [ RunTime:0.006000s ]
INFO: [ view_parse ] --END-- [ RunTime:0.006000s ]
INFO: [ view_filter ] --START--
INFO: Run Behavior\WriteHtmlCacheBehavior [ RunTime:0.000000s ]
INFO: [ view_filter ] --END-- [ RunTime:0.000000s ]
INFO: [ app_end ] --START--
INFO: Run Behavior\ShowPageTraceBehavior [ RunTime:0.000000s ]
INFO: [ app_end ] --END-- [ RunTime:0.000000s ]

[ 2015-07-08T11:57:15+08:00 ] 222.211.213.247 /Admin/Product/index.html
INFO: [ app_init ] --START--
INFO: Run Behavior\BuildLiteBehavior [ RunTime:0.000000s ]
INFO: [ app_init ] --END-- [ RunTime:0.000000s ]
INFO: [ app_begin ] --START--
INFO: Run Behavior\ReadHtmlCacheBehavior [ RunTime:0.000000s ]
INFO: [ app_begin ] --END-- [ RunTime:0.000000s ]
INFO: [ action_begin ] --START--
INFO: Run Admin\Behavior\CheckPermissionBehavior [ RunTime:0.000000s ]
INFO: [ action_begin ] --END-- [ RunTime:0.001000s ]
NOTIC: [2048] Declaration of Admin\Model\BaseModel::page() should be compatible with Think\Model::page($page, $listRows = NULL) D:\wwwroot\7g\Application\Admin\Model\BaseModel.class.php 第 16 行.
NOTIC: [8192] mysql_connect(): The mysql extension is deprecated and will be removed in the future: use mysqli or PDO instead D:\wwwroot\7g\ThinkPHP\Library\Think\Db\Driver\Mysql.class.php 第 52 行.
SQL: SHOW COLUMNS FROM `product` [ RunTime:0.001000s ]
SQL: SELECT COUNT(*) AS tp_count FROM `product` LEFT JOIN `members_product` ON `members_product`.`goods_id`=`product`.`id` LEFT JOIN `category` ON `category`.`id`=`product`.`category_id`  GROUP BY `product`.`id` ORDER BY `top_time` DESC LIMIT 1   [ RunTime:0.001000s ]
SQL: SELECT count(members_product.id) AS have,category.category_name,product.* FROM `product` LEFT JOIN `members_product` ON `members_product`.`goods_id`=`product`.`id` LEFT JOIN `category` ON `category`.`id`=`product`.`category_id`  GROUP BY `product`.`id` ORDER BY `top_time` DESC LIMIT 0,30   [ RunTime:0.002000s ]
NOTIC: [8] Undefined variable: up_page D:\wwwroot\7g\ThinkPHP\Library\Think\Page.class.php 第 155 行.
NOTIC: [8] Undefined variable: down_page D:\wwwroot\7g\ThinkPHP\Library\Think\Page.class.php 第 155 行.
NOTIC: [8] Undefined variable: the_first D:\wwwroot\7g\ThinkPHP\Library\Think\Page.class.php 第 155 行.
NOTIC: [8] Undefined variable: the_end D:\wwwroot\7g\ThinkPHP\Library\Think\Page.class.php 第 155 行.
SQL: SHOW COLUMNS FROM `category` [ RunTime:0.001000s ]
SQL: SELECT * FROM `category`  [ RunTime:0.000000s ]
INFO: [ view_parse ] --START--
INFO: [ template_filter ] --START--
INFO: Run Behavior\ContentReplaceBehavior [ RunTime:0.000000s ]
INFO: [ template_filter ] --END-- [ RunTime:0.000000s ]
INFO: Run Behavior\ParseTemplateBehavior [ RunTime:0.025002s ]
INFO: [ view_parse ] --END-- [ RunTime:0.025002s ]
INFO: [ view_filter ] --START--
INFO: Run Behavior\WriteHtmlCacheBehavior [ RunTime:0.000000s ]
INFO: [ view_filter ] --END-- [ RunTime:0.000000s ]
INFO: [ app_end ] --START--
INFO: Run Behavior\ShowPageTraceBehavior [ RunTime:0.000000s ]
INFO: [ app_end ] --END-- [ RunTime:0.000000s ]

[ 2015-07-08T12:07:01+08:00 ] 220.181.132.218 /Verify/Index/common
INFO: [ app_init ] --START--
INFO: Run Behavior\BuildLiteBehavior [ RunTime:0.000000s ]
INFO: [ app_init ] --END-- [ RunTime:0.000000s ]
INFO: [ app_begin ] --START--
INFO: Run Behavior\ReadHtmlCacheBehavior [ RunTime:0.000000s ]
INFO: [ app_begin ] --END-- [ RunTime:0.000000s ]

[ 2015-07-08T12:10:29+08:00 ] 220.181.132.197 /Verify/Index/common
INFO: [ app_init ] --START--
INFO: Run Behavior\BuildLiteBehavior [ RunTime:0.000000s ]
INFO: [ app_init ] --END-- [ RunTime:0.000000s ]
INFO: [ app_begin ] --START--
INFO: Run Behavior\ReadHtmlCacheBehavior [ RunTime:0.000000s ]
INFO: [ app_begin ] --END-- [ RunTime:0.000000s ]

[ 2015-07-08T12:43:17+08:00 ] 113.243.114.123 /Verify/Index/common
INFO: [ app_init ] --START--
INFO: Run Behavior\BuildLiteBehavior [ RunTime:0.000000s ]
INFO: [ app_init ] --END-- [ RunTime:0.000000s ]
INFO: [ app_begin ] --START--
INFO: Run Behavior\ReadHtmlCacheBehavior [ RunTime:0.002000s ]
INFO: [ app_begin ] --END-- [ RunTime:0.002000s ]

[ 2015-07-08T12:43:17+08:00 ] 113.243.114.123 /Verify/Index/verify.html
INFO: [ app_init ] --START--
INFO: Run Behavior\BuildLiteBehavior [ RunTime:0.000000s ]
INFO: [ app_init ] --END-- [ RunTime:0.000000s ]
INFO: [ app_begin ] --START--
INFO: Run Behavior\ReadHtmlCacheBehavior [ RunTime:0.000000s ]
INFO: [ app_begin ] --END-- [ RunTime:0.000000s ]
INFO: [ app_end ] --START--
INFO: Run Behavior\ShowPageTraceBehavior [ RunTime:0.001000s ]
INFO: [ app_end ] --END-- [ RunTime:0.001000s ]

[ 2015-07-08T12:43:17+08:00 ] 113.243.114.123 /Verify/Index/common
INFO: [ app_init ] --START--
INFO: Run Behavior\BuildLiteBehavior [ RunTime:0.000000s ]
INFO: [ app_init ] --END-- [ RunTime:0.000000s ]
INFO: [ app_begin ] --START--
INFO: Run Behavior\ReadHtmlCacheBehavior [ RunTime:0.000000s ]
INFO: [ app_begin ] --END-- [ RunTime:0.000000s ]

[ 2015-07-08T12:43:17+08:00 ] 113.243.114.123 /Verify/Index/verify.html
INFO: [ app_init ] --START--
INFO: Run Behavior\BuildLiteBehavior [ RunTime:0.000000s ]
INFO: [ app_init ] --END-- [ RunTime:0.000000s ]
INFO: [ app_begin ] --START--
INFO: Run Behavior\ReadHtmlCacheBehavior [ RunTime:0.000000s ]
INFO: [ app_begin ] --END-- [ RunTime:0.000000s ]
INFO: [ app_end ] --START--
INFO: Run Behavior\ShowPageTraceBehavior [ RunTime:0.000000s ]
INFO: [ app_end ] --END-- [ RunTime:0.000000s ]

[ 2015-07-08T14:21:39+08:00 ] 218.76.96.223 /Verify/Index/common
INFO: [ app_init ] --START--
INFO: Run Behavior\BuildLiteBehavior [ RunTime:0.000000s ]
INFO: [ app_init ] --END-- [ RunTime:0.000000s ]
INFO: [ app_begin ] --START--
INFO: Run Behavior\ReadHtmlCacheBehavior [ RunTime:0.001000s ]
INFO: [ app_begin ] --END-- [ RunTime:0.001000s ]

[ 2015-07-08T14:21:39+08:00 ] 218.76.96.223 /Verify/Index/verify.html
INFO: [ app_init ] --START--
INFO: Run Behavior\BuildLiteBehavior [ RunTime:0.000000s ]
INFO: [ app_init ] --END-- [ RunTime:0.000000s ]
INFO: [ app_begin ] --START--
INFO: Run Behavior\ReadHtmlCacheBehavior [ RunTime:0.000000s ]
INFO: [ app_begin ] --END-- [ RunTime:0.000000s ]
INFO: [ app_end ] --START--
INFO: Run Behavior\ShowPageTraceBehavior [ RunTime:0.001000s ]
INFO: [ app_end ] --END-- [ RunTime:0.001000s ]

[ 2015-07-08T15:52:11+08:00 ] 222.211.213.247 /Verify/Index/common
INFO: [ app_init ] --START--
INFO: Run Behavior\BuildLiteBehavior [ RunTime:0.000000s ]
INFO: [ app_init ] --END-- [ RunTime:0.000000s ]
INFO: [ app_begin ] --START--
INFO: Run Behavior\ReadHtmlCacheBehavior [ RunTime:0.001000s ]
INFO: [ app_begin ] --END-- [ RunTime:0.001000s ]

[ 2015-07-08T15:52:11+08:00 ] 222.211.213.247 /Verify/Index/verify.html
INFO: [ app_init ] --START--
INFO: Run Behavior\BuildLiteBehavior [ RunTime:0.000000s ]
INFO: [ app_init ] --END-- [ RunTime:0.000000s ]
INFO: [ app_begin ] --START--
INFO: Run Behavior\ReadHtmlCacheBehavior [ RunTime:0.000000s ]
INFO: [ app_begin ] --END-- [ RunTime:0.000000s ]
INFO: [ app_end ] --START--
INFO: Run Behavior\ShowPageTraceBehavior [ RunTime:0.001000s ]
INFO: [ app_end ] --END-- [ RunTime:0.001000s ]

[ 2015-07-08T15:52:15+08:00 ] 222.211.213.247 /Home/Index/index.html
INFO: [ app_init ] --START--
INFO: Run Behavior\BuildLiteBehavior [ RunTime:0.000000s ]
INFO: [ app_init ] --END-- [ RunTime:0.000000s ]
INFO: [ app_begin ] --START--
INFO: Run Behavior\ReadHtmlCacheBehavior [ RunTime:0.000000s ]
INFO: [ app_begin ] --END-- [ RunTime:0.000000s ]
INFO: [ action_begin ] --START--
INFO: Run Home\Behavior\HomePermissionBehavior [ RunTime:0.001000s ]
INFO: [ action_begin ] --END-- [ RunTime:0.001000s ]

[ 2015-07-08T15:52:16+08:00 ] 222.211.213.247 /Verify/Index/verify.html
INFO: [ app_init ] --START--
INFO: Run Behavior\BuildLiteBehavior [ RunTime:0.000000s ]
INFO: [ app_init ] --END-- [ RunTime:0.001000s ]
INFO: [ app_begin ] --START--
INFO: Run Behavior\ReadHtmlCacheBehavior [ RunTime:0.000000s ]
INFO: [ app_begin ] --END-- [ RunTime:0.000000s ]
INFO: [ app_end ] --START--
INFO: Run Behavior\ShowPageTraceBehavior [ RunTime:0.000000s ]
INFO: [ app_end ] --END-- [ RunTime:0.001000s ]

[ 2015-07-08T15:52:21+08:00 ] 222.211.213.247 /Home/Index/index.html
INFO: [ app_init ] --START--
INFO: Run Behavior\BuildLiteBehavior [ RunTime:0.000000s ]
INFO: [ app_init ] --END-- [ RunTime:0.001000s ]
INFO: [ app_begin ] --START--
INFO: Run Behavior\ReadHtmlCacheBehavior [ RunTime:0.000000s ]
INFO: [ app_begin ] --END-- [ RunTime:0.000000s ]
INFO: [ action_begin ] --START--
INFO: Run Home\Behavior\HomePermissionBehavior [ RunTime:0.000000s ]
INFO: [ action_begin ] --END-- [ RunTime:0.000000s ]
NOTIC: [8192] mysql_connect(): The mysql extension is deprecated and will be removed in the future: use mysqli or PDO instead D:\wwwroot\7g\ThinkPHP\Library\Think\Db\Driver\Mysql.class.php 第 52 行.
SQL: SHOW COLUMNS FROM `members` [ RunTime:0.001000s ]
SQL: SELECT * FROM `members` WHERE ( `username` = 'xiaomen' ) LIMIT 1   [ RunTime:0.000000s ]
SQL: UPDATE `members` SET `login_num`=login_num+1 WHERE ( id=1 ) [ RunTime:0.010001s ]

[ 2015-07-08T15:52:21+08:00 ] 222.211.213.247 /userinfo.html
INFO: [ app_init ] --START--
INFO: Run Behavior\BuildLiteBehavior [ RunTime:0.000000s ]
INFO: [ app_init ] --END-- [ RunTime:0.000000s ]
INFO: [ app_begin ] --START--
INFO: Run Behavior\ReadHtmlCacheBehavior [ RunTime:0.001000s ]
INFO: [ app_begin ] --END-- [ RunTime:0.001000s ]
INFO: [ action_begin ] --START--
INFO: Run Home\Behavior\HomePermissionBehavior [ RunTime:0.000000s ]
INFO: [ action_begin ] --END-- [ RunTime:0.000000s ]
NOTIC: [8192] mysql_connect(): The mysql extension is deprecated and will be removed in the future: use mysqli or PDO instead D:\wwwroot\7g\ThinkPHP\Library\Think\Db\Driver\Mysql.class.php 第 52 行.
SQL: SHOW COLUMNS FROM `members` [ RunTime:0.001000s ]
SQL: SELECT * FROM `members` WHERE ( `username` = 'xiaomen' ) LIMIT 1   [ RunTime:0.000000s ]
SQL: SHOW COLUMNS FROM `product_data` [ RunTime:0.001000s ]
SQL: SELECT SUM(money) AS tp_sum FROM `product_data` WHERE ( `member_id`='1' AND DATE(FROM_UNIXTIME(`time`))='2015-07-07' ) LIMIT 1   [ RunTime:0.001000s ]
SQL: SELECT SUM(money) AS tp_sum FROM `product_data` WHERE ( `member_id`='1' ) LIMIT 1   [ RunTime:0.000000s ]
NOTIC: [2048] Declaration of Home\Model\CashModel::page() should be compatible with Think\Model::page($page, $listRows = NULL) D:\wwwroot\7g\Application\Home\Model\CashModel.class.php 第 0 行.
SQL: SHOW COLUMNS FROM `cash` [ RunTime:0.001000s ]
SQL: SELECT SUM(`withdrawal_amount`) AS tp_sum FROM `cash` WHERE ( `member_id`='1' AND `checked`!=-1 ) LIMIT 1   [ RunTime:0.001000s ]
INFO: [ view_parse ] --START--
INFO: [ template_filter ] --START--
INFO: Run Behavior\ContentReplaceBehavior [ RunTime:0.000000s ]
INFO: [ template_filter ] --END-- [ RunTime:0.000000s ]
INFO: Run Behavior\ParseTemplateBehavior [ RunTime:0.031002s ]
INFO: [ view_parse ] --END-- [ RunTime:0.031002s ]
INFO: [ view_filter ] --START--
INFO: Run Behavior\WriteHtmlCacheBehavior [ RunTime:0.000000s ]
INFO: [ view_filter ] --END-- [ RunTime:0.001000s ]
INFO: [ app_end ] --START--
INFO: Run Behavior\ShowPageTraceBehavior [ RunTime:0.000000s ]
INFO: [ app_end ] --END-- [ RunTime:0.000000s ]

[ 2015-07-08T15:52:23+08:00 ] 222.211.213.247 /getgoods.html
INFO: [ app_init ] --START--
INFO: Run Behavior\BuildLiteBehavior [ RunTime:0.000000s ]
INFO: [ app_init ] --END-- [ RunTime:0.000000s ]
INFO: [ app_begin ] --START--
INFO: Run Behavior\ReadHtmlCacheBehavior [ RunTime:0.000000s ]
INFO: [ app_begin ] --END-- [ RunTime:0.000000s ]
INFO: [ action_begin ] --START--
INFO: Run Home\Behavior\HomePermissionBehavior [ RunTime:0.000000s ]
INFO: [ action_begin ] --END-- [ RunTime:0.000000s ]
NOTIC: [8192] mysql_connect(): The mysql extension is deprecated and will be removed in the future: use mysqli or PDO instead D:\wwwroot\7g\ThinkPHP\Library\Think\Db\Driver\Mysql.class.php 第 52 行.
SQL: SHOW COLUMNS FROM `product` [ RunTime:0.001000s ]
SQL: SELECT DISTINCT  `category_id` FROM `product` WHERE ( `state`=1 )  [ RunTime:0.001000s ]
SQL: SHOW COLUMNS FROM `category` [ RunTime:0.001000s ]
SQL: SELECT * FROM `category` WHERE ( `id` IN (2,1,3) )  [ RunTime:0.001000s ]
SQL: SELECT COUNT(*) AS tp_count FROM `product` WHERE ( category_id = '2' AND `state`=1 ) ORDER BY `top_time` DESC LIMIT 1   [ RunTime:0.001001s ]
SQL: SELECT * FROM `product` WHERE ( category_id = '2' AND `state`=1 ) ORDER BY `top_time` DESC LIMIT 0,30   [ RunTime:0.001000s ]
NOTIC: [8] Undefined index: m D:\wwwroot\7g\ThinkPHP\Common\functions.php 第 885 行.
NOTIC: [8] Undefined variable: up_page D:\wwwroot\7g\ThinkPHP\Library\Think\Page.class.php 第 155 行.
NOTIC: [8] Undefined variable: down_page D:\wwwroot\7g\ThinkPHP\Library\Think\Page.class.php 第 155 行.
NOTIC: [8] Undefined variable: the_first D:\wwwroot\7g\ThinkPHP\Library\Think\Page.class.php 第 155 行.
NOTIC: [8] Undefined variable: the_end D:\wwwroot\7g\ThinkPHP\Library\Think\Page.class.php 第 155 行.
SQL: SHOW COLUMNS FROM `members` [ RunTime:0.001000s ]
SQL: SELECT `id` FROM `members` WHERE ( `username` = 'xiaomen' ) LIMIT 1   [ RunTime:0.000000s ]
SQL: SHOW COLUMNS FROM `members_product` [ RunTime:0.002000s ]
SQL: SELECT `goods_id`,`dprice1`,`dprice2`,`dprice3` FROM `members_product` WHERE ( `members_id` = 1 ) AND ( `goods_id` IN ('1','3','2','4','5','6','7','8','9','10','11','12','13','14','15','16') )  [ RunTime:0.000000s ]
INFO: [ view_parse ] --START--
INFO: [ template_filter ] --START--
INFO: Run Behavior\ContentReplaceBehavior [ RunTime:0.000000s ]
INFO: [ template_filter ] --END-- [ RunTime:0.000000s ]
NOTIC: [8] Undefined index: have D:\wwwroot\7g\Application\Runtime\Cache\Home\38ed0e9cddc00f8541eb7e42ce4b2867.php 第 48 行.
NOTIC: [8] Undefined index: have D:\wwwroot\7g\Application\Runtime\Cache\Home\38ed0e9cddc00f8541eb7e42ce4b2867.php 第 48 行.
NOTIC: [8] Undefined index: have D:\wwwroot\7g\Application\Runtime\Cache\Home\38ed0e9cddc00f8541eb7e42ce4b2867.php 第 48 行.
NOTIC: [8] Undefined index: have D:\wwwroot\7g\Application\Runtime\Cache\Home\38ed0e9cddc00f8541eb7e42ce4b2867.php 第 48 行.
NOTIC: [8] Undefined index: have D:\wwwroot\7g\Application\Runtime\Cache\Home\38ed0e9cddc00f8541eb7e42ce4b2867.php 第 48 行.
NOTIC: [8] Undefined index: have D:\wwwroot\7g\Application\Runtime\Cache\Home\38ed0e9cddc00f8541eb7e42ce4b2867.php 第 48 行.
NOTIC: [8] Undefined index: have D:\wwwroot\7g\Application\Runtime\Cache\Home\38ed0e9cddc00f8541eb7e42ce4b2867.php 第 48 行.
NOTIC: [8] Undefined index: have D:\wwwroot\7g\Application\Runtime\Cache\Home\38ed0e9cddc00f8541eb7e42ce4b2867.php 第 48 行.
NOTIC: [8] Undefined index: have D:\wwwroot\7g\Application\Runtime\Cache\Home\38ed0e9cddc00f8541eb7e42ce4b2867.php 第 48 行.
NOTIC: [8] Undefined index: have D:\wwwroot\7g\Application\Runtime\Cache\Home\38ed0e9cddc00f8541eb7e42ce4b2867.php 第 48 行.
NOTIC: [8] Undefined index: have D:\wwwroot\7g\Application\Runtime\Cache\Home\38ed0e9cddc00f8541eb7e42ce4b2867.php 第 48 行.
NOTIC: [8] Undefined index: have D:\wwwroot\7g\Application\Runtime\Cache\Home\38ed0e9cddc00f8541eb7e42ce4b2867.php 第 48 行.
NOTIC: [8] Undefined index: have D:\wwwroot\7g\Application\Runtime\Cache\Home\38ed0e9cddc00f8541eb7e42ce4b2867.php 第 48 行.
NOTIC: [8] Undefined index: have D:\wwwroot\7g\Application\Runtime\Cache\Home\38ed0e9cddc00f8541eb7e42ce4b2867.php 第 48 行.
NOTIC: [8] Undefined index: have D:\wwwroot\7g\Application\Runtime\Cache\Home\38ed0e9cddc00f8541eb7e42ce4b2867.php 第 48 行.
INFO: Run Behavior\ParseTemplateBehavior [ RunTime:0.013001s ]
INFO: [ view_parse ] --END-- [ RunTime:0.013001s ]
INFO: [ view_filter ] --START--
INFO: Run Behavior\WriteHtmlCacheBehavior [ RunTime:0.000000s ]
INFO: [ view_filter ] --END-- [ RunTime:0.000000s ]
INFO: [ app_end ] --START--
INFO: Run Behavior\ShowPageTraceBehavior [ RunTime:0.000000s ]
INFO: [ app_end ] --END-- [ RunTime:0.000000s ]

[ 2015-07-08T15:58:21+08:00 ] 222.211.213.247 /Admin/Product/goodsData.html?goods_id=1
INFO: [ app_init ] --START--
INFO: Run Behavior\BuildLiteBehavior [ RunTime:0.000000s ]
INFO: [ app_init ] --END-- [ RunTime:0.000000s ]
INFO: [ app_begin ] --START--
INFO: Run Behavior\ReadHtmlCacheBehavior [ RunTime:0.000000s ]
INFO: [ app_begin ] --END-- [ RunTime:0.000000s ]
INFO: [ action_begin ] --START--

[ 2015-07-08T15:58:21+08:00 ] 222.211.213.247 /Login/Index/index.html
INFO: [ app_init ] --START--
INFO: Run Behavior\BuildLiteBehavior [ RunTime:0.000000s ]
INFO: [ app_init ] --END-- [ RunTime:0.000000s ]
INFO: [ app_begin ] --START--
INFO: Run Behavior\ReadHtmlCacheBehavior [ RunTime:0.000000s ]
INFO: [ app_begin ] --END-- [ RunTime:0.000000s ]
INFO: [ view_parse ] --START--
INFO: [ template_filter ] --START--
INFO: Run Behavior\ContentReplaceBehavior [ RunTime:0.000000s ]
INFO: [ template_filter ] --END-- [ RunTime:0.000000s ]
INFO: Run Behavior\ParseTemplateBehavior [ RunTime:0.004001s ]
INFO: [ view_parse ] --END-- [ RunTime:0.004001s ]
INFO: [ view_filter ] --START--
INFO: Run Behavior\WriteHtmlCacheBehavior [ RunTime:0.000000s ]
INFO: [ view_filter ] --END-- [ RunTime:0.000000s ]
INFO: [ app_end ] --START--
INFO: Run Behavior\ShowPageTraceBehavior [ RunTime:0.000000s ]
INFO: [ app_end ] --END-- [ RunTime:0.000000s ]

[ 2015-07-08T15:58:22+08:00 ] 222.211.213.247 /Verify/Index/verify.html
INFO: [ app_init ] --START--
INFO: Run Behavior\BuildLiteBehavior [ RunTime:0.000000s ]
INFO: [ app_init ] --END-- [ RunTime:0.000000s ]
INFO: [ app_begin ] --START--
INFO: Run Behavior\ReadHtmlCacheBehavior [ RunTime:0.000000s ]
INFO: [ app_begin ] --END-- [ RunTime:0.000000s ]
INFO: [ app_end ] --START--
INFO: Run Behavior\ShowPageTraceBehavior [ RunTime:0.000000s ]
INFO: [ app_end ] --END-- [ RunTime:0.000000s ]

[ 2015-07-08T17:05:26+08:00 ] 218.30.116.96 /Verify/Index/common
INFO: [ app_init ] --START--
INFO: Run Behavior\BuildLiteBehavior [ RunTime:0.000000s ]
INFO: [ app_init ] --END-- [ RunTime:0.000000s ]
INFO: [ app_begin ] --START--
INFO: Run Behavior\ReadHtmlCacheBehavior [ RunTime:0.001000s ]
INFO: [ app_begin ] --END-- [ RunTime:0.001000s ]

[ 2015-07-08T17:09:05+08:00 ] 101.199.108.119 /Verify/Index/common
INFO: [ app_init ] --START--
INFO: Run Behavior\BuildLiteBehavior [ RunTime:0.000000s ]
INFO: [ app_init ] --END-- [ RunTime:0.000000s ]
INFO: [ app_begin ] --START--
INFO: Run Behavior\ReadHtmlCacheBehavior [ RunTime:0.000000s ]
INFO: [ app_begin ] --END-- [ RunTime:0.000000s ]

[ 2015-07-08T17:48:47+08:00 ] 61.50.122.130 /Verify/Index/common
INFO: [ app_init ] --START--
INFO: Run Behavior\BuildLiteBehavior [ RunTime:0.000000s ]
INFO: [ app_init ] --END-- [ RunTime:0.000000s ]
INFO: [ app_begin ] --START--
INFO: Run Behavior\ReadHtmlCacheBehavior [ RunTime:0.001000s ]
INFO: [ app_begin ] --END-- [ RunTime:0.001000s ]

[ 2015-07-08T17:48:47+08:00 ] 61.50.122.130 /Verify/Index/verify.html
INFO: [ app_init ] --START--
INFO: Run Behavior\BuildLiteBehavior [ RunTime:0.000000s ]
INFO: [ app_init ] --END-- [ RunTime:0.000000s ]
INFO: [ app_begin ] --START--
INFO: Run Behavior\ReadHtmlCacheBehavior [ RunTime:0.000000s ]
INFO: [ app_begin ] --END-- [ RunTime:0.001000s ]
INFO: [ app_end ] --START--
INFO: Run Behavior\ShowPageTraceBehavior [ RunTime:0.001000s ]
INFO: [ app_end ] --END-- [ RunTime:0.001000s ]

[ 2015-07-08T17:49:02+08:00 ] 101.199.112.50 /Verify/Index/common
INFO: [ app_init ] --START--
INFO: Run Behavior\BuildLiteBehavior [ RunTime:0.000000s ]
INFO: [ app_init ] --END-- [ RunTime:0.000000s ]
INFO: [ app_begin ] --START--
INFO: Run Behavior\ReadHtmlCacheBehavior [ RunTime:0.000000s ]
INFO: [ app_begin ] --END-- [ RunTime:0.000000s ]

