[ 2015-07-23T00:46:19+08:00 ] 66.249.64.73 /reg.asp
INFO: [ app_init ] --START--
INFO: Run Behavior\BuildLiteBehavior [ RunTime:0.000000s ]
INFO: [ app_init ] --END-- [ RunTime:0.000000s ]
INFO: [ app_begin ] --START--
INFO: Run Behavior\ReadHtmlCacheBehavior [ RunTime:0.001000s ]
INFO: [ app_begin ] --END-- [ RunTime:0.001000s ]
ERR: æ— æ³•åŠ è½½æŽ§åˆ¶å™¨:Reg.asp

[ 2015-07-23T01:27:43+08:00 ] 182.118.21.236 /robots.txt
INFO: [ app_init ] --START--
INFO: Run Behavior\BuildLiteBehavior [ RunTime:0.000000s ]
INFO: [ app_init ] --END-- [ RunTime:0.000000s ]
INFO: [ app_begin ] --START--
INFO: Run Behavior\ReadHtmlCacheBehavior [ RunTime:0.001001s ]
INFO: [ app_begin ] --END-- [ RunTime:0.001001s ]
ERR: æ— æ³•åŠ è½½æŽ§åˆ¶å™¨:Robots.txt

[ 2015-07-23T07:45:15+08:00 ] 60.173.236.205 /Verify/Index/common
INFO: [ app_init ] --START--
INFO: Run Behavior\BuildLiteBehavior [ RunTime:0.000000s ]
INFO: [ app_init ] --END-- [ RunTime:0.000000s ]
INFO: [ app_begin ] --START--
INFO: Run Behavior\ReadHtmlCacheBehavior [ RunTime:0.001000s ]
INFO: [ app_begin ] --END-- [ RunTime:0.001000s ]

[ 2015-07-23T07:45:15+08:00 ] 60.173.236.205 /Verify/Index/verify.html
INFO: [ app_init ] --START--
INFO: Run Behavior\BuildLiteBehavior [ RunTime:0.000000s ]
INFO: [ app_init ] --END-- [ RunTime:0.000000s ]
INFO: [ app_begin ] --START--
INFO: Run Behavior\ReadHtmlCacheBehavior [ RunTime:0.000000s ]
INFO: [ app_begin ] --END-- [ RunTime:0.000000s ]
INFO: [ app_end ] --START--
INFO: Run Behavior\ShowPageTraceBehavior [ RunTime:0.001000s ]
INFO: [ app_end ] --END-- [ RunTime:0.001000s ]

[ 2015-07-23T07:52:50+08:00 ] 101.226.33.228 /Verify/Index/common
INFO: [ app_init ] --START--
INFO: Run Behavior\BuildLiteBehavior [ RunTime:0.000000s ]
INFO: [ app_init ] --END-- [ RunTime:0.000000s ]
INFO: [ app_begin ] --START--
INFO: Run Behavior\ReadHtmlCacheBehavior [ RunTime:0.000000s ]
INFO: [ app_begin ] --END-- [ RunTime:0.000000s ]

[ 2015-07-23T08:52:41+08:00 ] 66.249.64.73 /robots.txt
INFO: [ app_init ] --START--
INFO: Run Behavior\BuildLiteBehavior [ RunTime:0.000000s ]
INFO: [ app_init ] --END-- [ RunTime:0.000000s ]
INFO: [ app_begin ] --START--
INFO: Run Behavior\ReadHtmlCacheBehavior [ RunTime:0.001000s ]
INFO: [ app_begin ] --END-- [ RunTime:0.001000s ]
ERR: æ— æ³•åŠ è½½æŽ§åˆ¶å™¨:Robots.txt

[ 2015-07-23T09:37:13+08:00 ] 222.211.173.110 /login
INFO: [ app_init ] --START--
INFO: Run Behavior\BuildLiteBehavior [ RunTime:0.000000s ]
INFO: [ app_init ] --END-- [ RunTime:0.000000s ]
INFO: [ app_begin ] --START--
INFO: Run Behavior\ReadHtmlCacheBehavior [ RunTime:0.001000s ]
INFO: [ app_begin ] --END-- [ RunTime:0.002000s ]
INFO: [ view_parse ] --START--
INFO: [ template_filter ] --START--
INFO: Run Behavior\ContentReplaceBehavior [ RunTime:0.000000s ]
INFO: [ template_filter ] --END-- [ RunTime:0.000000s ]
INFO: Run Behavior\ParseTemplateBehavior [ RunTime:0.027002s ]
INFO: [ view_parse ] --END-- [ RunTime:0.027002s ]
INFO: [ view_filter ] --START--
INFO: Run Behavior\WriteHtmlCacheBehavior [ RunTime:0.000000s ]
INFO: [ view_filter ] --END-- [ RunTime:0.000000s ]
INFO: [ app_end ] --START--
INFO: Run Behavior\ShowPageTraceBehavior [ RunTime:0.001000s ]
INFO: [ app_end ] --END-- [ RunTime:0.001000s ]

[ 2015-07-23T09:37:13+08:00 ] 222.211.173.110 /Verify/Index/verify.html
INFO: [ app_init ] --START--
INFO: Run Behavior\BuildLiteBehavior [ RunTime:0.000000s ]
INFO: [ app_init ] --END-- [ RunTime:0.000000s ]
INFO: [ app_begin ] --START--
INFO: Run Behavior\ReadHtmlCacheBehavior [ RunTime:0.000000s ]
INFO: [ app_begin ] --END-- [ RunTime:0.000000s ]
INFO: [ app_end ] --START--
INFO: Run Behavior\ShowPageTraceBehavior [ RunTime:0.000000s ]
INFO: [ app_end ] --END-- [ RunTime:0.000000s ]

[ 2015-07-23T09:37:21+08:00 ] 222.211.173.110 /Login/Index/index.html
INFO: [ app_init ] --START--
INFO: Run Behavior\BuildLiteBehavior [ RunTime:0.000000s ]
INFO: [ app_init ] --END-- [ RunTime:0.000000s ]
INFO: [ app_begin ] --START--
INFO: Run Behavior\ReadHtmlCacheBehavior [ RunTime:0.001000s ]
INFO: [ app_begin ] --END-- [ RunTime:0.001000s ]
NOTIC: [8192] mysql_connect(): The mysql extension is deprecated and will be removed in the future: use mysqli or PDO instead D:\wwwroot\7g\ThinkPHP\Library\Think\Db\Driver\Mysql.class.php ç¬¬ 52 è¡Œ.
SQL: SHOW COLUMNS FROM `admin` [ RunTime:0.001000s ]
SQL: SELECT * FROM `admin` WHERE ( `username` = 'amoadmincpa' ) LIMIT 1   [ RunTime:0.001000s ]
SQL: UPDATE `admin` SET `username`='amoadmincpa',`password`='0192023a7bbd73250516f069df18b500',`lasttime`=1437615441,`lastip`=-556552850 WHERE ( id=1 ) [ RunTime:0.008000s ]

[ 2015-07-23T09:37:21+08:00 ] 222.211.173.110 /Admin/Index/index.html
INFO: [ app_init ] --START--
INFO: Run Behavior\BuildLiteBehavior [ RunTime:0.000000s ]
INFO: [ app_init ] --END-- [ RunTime:0.000000s ]
INFO: [ app_begin ] --START--
INFO: Run Behavior\ReadHtmlCacheBehavior [ RunTime:0.001000s ]
INFO: [ app_begin ] --END-- [ RunTime:0.001000s ]
INFO: [ action_begin ] --START--
INFO: Run Admin\Behavior\CheckPermissionBehavior [ RunTime:0.001000s ]
INFO: [ action_begin ] --END-- [ RunTime:0.001000s ]
NOTIC: [2048] Declaration of Admin\Model\BaseModel::page() should be compatible with Think\Model::page($page, $listRows = NULL) D:\wwwroot\7g\Application\Admin\Model\BaseModel.class.php ç¬¬ 16 è¡Œ.
NOTIC: [8192] mysql_connect(): The mysql extension is deprecated and will be removed in the future: use mysqli or PDO instead D:\wwwroot\7g\ThinkPHP\Library\Think\Db\Driver\Mysql.class.php ç¬¬ 52 è¡Œ.
SQL: SHOW COLUMNS FROM `members` [ RunTime:0.001000s ]
SQL: SHOW COLUMNS FROM `product` [ RunTime:0.002000s ]
SQL: SHOW COLUMNS FROM `product_data` [ RunTime:0.001000s ]
SQL: SELECT COUNT(*) AS tp_count FROM `members` LIMIT 1   [ RunTime:0.001000s ]
SQL: SELECT COUNT(*) AS tp_count FROM `product` LIMIT 1   [ RunTime:0.000000s ]
SQL: SELECT SUM(umoney-money) AS tp_sum FROM `product_data` WHERE ( DATE(FROM_UNIXTIME(`time`))=DATE(DATE_SUB(NOW(),INTERVAL 1 DAY)) ) LIMIT 1   [ RunTime:0.001000s ]
SQL: SELECT SUM(umoney-money) AS tp_sum FROM `product_data` WHERE ( CONCAT(YEAR(FROM_UNIXTIME(`time`)),'-',MONTH(FROM_UNIXTIME(`time`)))=CONCAT(YEAR(NOW()),'-',MONTH(NOW())) ) LIMIT 1   [ RunTime:0.000000s ]
SQL: SELECT SUM(umoney-money) AS tp_sum FROM `product_data` WHERE ( CONCAT(YEAR(FROM_UNIXTIME(`time`)),'-',MONTH(FROM_UNIXTIME(`time`)))=CONCAT(YEAR(DATE_SUB(NOW(),INTERVAL 1 MONTH)),'-',MONTH(DATE_SUB(NOW(),INTERVAL 1 MONTH))) ) LIMIT 1   [ RunTime:0.001000s ]
SQL: SELECT SUM(umoney-money) AS tp_sum FROM `product_data` WHERE ( DATE(FROM_UNIXTIME(`time`))>=DATE(DATE_SUB(NOW(),INTERVAL 7 DAY)) AND DATE(FROM_UNIXTIME(`time`))<=DATE(NOW()) ) LIMIT 1   [ RunTime:0.000000s ]
SQL: SELECT SUM(`data`.`umoney`-`data`.`money`) AS union_price,`data`.`time` FROM product_data data GROUP BY DATE(FROM_UNIXTIME(`data`.`time`)) ORDER BY `data`.`time` ASC  [ RunTime:0.000000s ]
INFO: [ view_parse ] --START--
INFO: [ template_filter ] --START--
INFO: Run Behavior\ContentReplaceBehavior [ RunTime:0.000000s ]
INFO: [ template_filter ] --END-- [ RunTime:0.000000s ]
INFO: Run Behavior\ParseTemplateBehavior [ RunTime:0.006000s ]
INFO: [ view_parse ] --END-- [ RunTime:0.006000s ]
INFO: [ view_filter ] --START--
INFO: Run Behavior\WriteHtmlCacheBehavior [ RunTime:0.000000s ]
INFO: [ view_filter ] --END-- [ RunTime:0.000000s ]
INFO: [ app_end ] --START--
INFO: Run Behavior\ShowPageTraceBehavior [ RunTime:0.000000s ]
INFO: [ app_end ] --END-- [ RunTime:0.000000s ]

[ 2015-07-23T09:37:26+08:00 ] 222.211.173.110 /Admin/Product/index.html
INFO: [ app_init ] --START--
INFO: Run Behavior\BuildLiteBehavior [ RunTime:0.000000s ]
INFO: [ app_init ] --END-- [ RunTime:0.000000s ]
INFO: [ app_begin ] --START--
INFO: Run Behavior\ReadHtmlCacheBehavior [ RunTime:0.000000s ]
INFO: [ app_begin ] --END-- [ RunTime:0.000000s ]
INFO: [ action_begin ] --START--
INFO: Run Admin\Behavior\CheckPermissionBehavior [ RunTime:0.000000s ]
INFO: [ action_begin ] --END-- [ RunTime:0.000000s ]
NOTIC: [2048] Declaration of Admin\Model\BaseModel::page() should be compatible with Think\Model::page($page, $listRows = NULL) D:\wwwroot\7g\Application\Admin\Model\BaseModel.class.php ç¬¬ 16 è¡Œ.
NOTIC: [8192] mysql_connect(): The mysql extension is deprecated and will be removed in the future: use mysqli or PDO instead D:\wwwroot\7g\ThinkPHP\Library\Think\Db\Driver\Mysql.class.php ç¬¬ 52 è¡Œ.
SQL: SHOW COLUMNS FROM `product` [ RunTime:0.002000s ]
SQL: SELECT COUNT(*) AS tp_count FROM `product` LEFT JOIN `members_product` ON `members_product`.`goods_id`=`product`.`id` LEFT JOIN `category` ON `category`.`id`=`product`.`category_id`  GROUP BY `product`.`id` ORDER BY `top_time` DESC LIMIT 1   [ RunTime:0.001000s ]
SQL: SELECT count(members_product.id) AS have,category.category_name,product.* FROM `product` LEFT JOIN `members_product` ON `members_product`.`goods_id`=`product`.`id` LEFT JOIN `category` ON `category`.`id`=`product`.`category_id`  GROUP BY `product`.`id` ORDER BY `top_time` DESC LIMIT 0,30   [ RunTime:0.000000s ]
NOTIC: [8] Undefined variable: up_page D:\wwwroot\7g\ThinkPHP\Library\Think\Page.class.php ç¬¬ 155 è¡Œ.
NOTIC: [8] Undefined variable: down_page D:\wwwroot\7g\ThinkPHP\Library\Think\Page.class.php ç¬¬ 155 è¡Œ.
NOTIC: [8] Undefined variable: the_first D:\wwwroot\7g\ThinkPHP\Library\Think\Page.class.php ç¬¬ 155 è¡Œ.
NOTIC: [8] Undefined variable: the_end D:\wwwroot\7g\ThinkPHP\Library\Think\Page.class.php ç¬¬ 155 è¡Œ.
SQL: SHOW COLUMNS FROM `category` [ RunTime:0.001000s ]
SQL: SELECT * FROM `category`  [ RunTime:0.001000s ]
INFO: [ view_parse ] --START--
INFO: [ template_filter ] --START--
INFO: Run Behavior\ContentReplaceBehavior [ RunTime:0.000000s ]
INFO: [ template_filter ] --END-- [ RunTime:0.000000s ]
INFO: Run Behavior\ParseTemplateBehavior [ RunTime:0.023001s ]
INFO: [ view_parse ] --END-- [ RunTime:0.023001s ]
INFO: [ view_filter ] --START--
INFO: Run Behavior\WriteHtmlCacheBehavior [ RunTime:0.001001s ]
INFO: [ view_filter ] --END-- [ RunTime:0.001001s ]
INFO: [ app_end ] --START--
INFO: Run Behavior\ShowPageTraceBehavior [ RunTime:0.000000s ]
INFO: [ app_end ] --END-- [ RunTime:0.000000s ]

[ 2015-07-23T09:37:32+08:00 ] 222.211.173.110 /Verify/Index/verify.html
INFO: [ app_init ] --START--
INFO: Run Behavior\BuildLiteBehavior [ RunTime:0.000000s ]
INFO: [ app_init ] --END-- [ RunTime:0.000000s ]
INFO: [ app_begin ] --START--
INFO: Run Behavior\ReadHtmlCacheBehavior [ RunTime:0.000000s ]
INFO: [ app_begin ] --END-- [ RunTime:0.000000s ]
INFO: [ app_end ] --START--
INFO: Run Behavior\ShowPageTraceBehavior [ RunTime:0.000000s ]
INFO: [ app_end ] --END-- [ RunTime:0.000000s ]

[ 2015-07-23T09:37:32+08:00 ] 222.211.173.110 /Verify/Index/common
INFO: [ app_init ] --START--
INFO: Run Behavior\BuildLiteBehavior [ RunTime:0.000000s ]
INFO: [ app_init ] --END-- [ RunTime:0.000000s ]
INFO: [ app_begin ] --START--
INFO: Run Behavior\ReadHtmlCacheBehavior [ RunTime:0.000000s ]
INFO: [ app_begin ] --END-- [ RunTime:0.000000s ]

[ 2015-07-23T09:37:39+08:00 ] 222.211.173.110 /Home/Index/index.html
INFO: [ app_init ] --START--
INFO: Run Behavior\BuildLiteBehavior [ RunTime:0.000000s ]
INFO: [ app_init ] --END-- [ RunTime:0.000000s ]
INFO: [ app_begin ] --START--
INFO: Run Behavior\ReadHtmlCacheBehavior [ RunTime:0.000000s ]
INFO: [ app_begin ] --END-- [ RunTime:0.000000s ]
INFO: [ action_begin ] --START--
INFO: Run Home\Behavior\HomePermissionBehavior [ RunTime:0.001000s ]
INFO: [ action_begin ] --END-- [ RunTime:0.001000s ]
NOTIC: [8192] mysql_connect(): The mysql extension is deprecated and will be removed in the future: use mysqli or PDO instead D:\wwwroot\7g\ThinkPHP\Library\Think\Db\Driver\Mysql.class.php ç¬¬ 52 è¡Œ.
SQL: SHOW COLUMNS FROM `members` [ RunTime:0.002001s ]
SQL: SELECT * FROM `members` WHERE ( `username` = 'xiaomen' ) LIMIT 1   [ RunTime:0.001000s ]
SQL: UPDATE `members` SET `login_num`=login_num+1 WHERE ( id=1 ) [ RunTime:0.005000s ]

[ 2015-07-23T09:37:39+08:00 ] 222.211.173.110 /userinfo.html
INFO: [ app_init ] --START--
INFO: Run Behavior\BuildLiteBehavior [ RunTime:0.000000s ]
INFO: [ app_init ] --END-- [ RunTime:0.000000s ]
INFO: [ app_begin ] --START--
INFO: Run Behavior\ReadHtmlCacheBehavior [ RunTime:0.000000s ]
INFO: [ app_begin ] --END-- [ RunTime:0.000000s ]
INFO: [ action_begin ] --START--
INFO: Run Home\Behavior\HomePermissionBehavior [ RunTime:0.001000s ]
INFO: [ action_begin ] --END-- [ RunTime:0.001000s ]
NOTIC: [8192] mysql_connect(): The mysql extension is deprecated and will be removed in the future: use mysqli or PDO instead D:\wwwroot\7g\ThinkPHP\Library\Think\Db\Driver\Mysql.class.php ç¬¬ 52 è¡Œ.
SQL: SHOW COLUMNS FROM `members` [ RunTime:0.001000s ]
SQL: SELECT * FROM `members` WHERE ( `username` = 'xiaomen' ) LIMIT 1   [ RunTime:0.000000s ]
SQL: SHOW COLUMNS FROM `product_data` [ RunTime:0.001000s ]
SQL: SELECT SUM(money) AS tp_sum FROM `product_data` WHERE ( `member_id`='1' AND DATE(FROM_UNIXTIME(`time`))='2015-07-22' ) LIMIT 1   [ RunTime:0.000000s ]
SQL: SELECT SUM(money) AS tp_sum FROM `product_data` WHERE ( `member_id`='1' ) LIMIT 1   [ RunTime:0.000000s ]
NOTIC: [2048] Declaration of Home\Model\CashModel::page() should be compatible with Think\Model::page($page, $listRows = NULL) D:\wwwroot\7g\Application\Home\Model\CashModel.class.php ç¬¬ 0 è¡Œ.
SQL: SHOW COLUMNS FROM `cash` [ RunTime:0.002000s ]
SQL: SELECT SUM(`withdrawal_amount`) AS tp_sum FROM `cash` WHERE ( `member_id`='1' AND `checked`!=-1 ) LIMIT 1   [ RunTime:0.000000s ]
INFO: [ view_parse ] --START--
INFO: [ template_filter ] --START--
INFO: Run Behavior\ContentReplaceBehavior [ RunTime:0.000000s ]
INFO: [ template_filter ] --END-- [ RunTime:0.000000s ]
INFO: Run Behavior\ParseTemplateBehavior [ RunTime:0.007001s ]
INFO: [ view_parse ] --END-- [ RunTime:0.007001s ]
INFO: [ view_filter ] --START--
INFO: Run Behavior\WriteHtmlCacheBehavior [ RunTime:0.000000s ]
INFO: [ view_filter ] --END-- [ RunTime:0.001000s ]
INFO: [ app_end ] --START--
INFO: Run Behavior\ShowPageTraceBehavior [ RunTime:0.000000s ]
INFO: [ app_end ] --END-- [ RunTime:0.000000s ]

[ 2015-07-23T09:37:44+08:00 ] 222.211.173.110 /getgoods.html
INFO: [ app_init ] --START--
INFO: Run Behavior\BuildLiteBehavior [ RunTime:0.000000s ]
INFO: [ app_init ] --END-- [ RunTime:0.000000s ]
INFO: [ app_begin ] --START--
INFO: Run Behavior\ReadHtmlCacheBehavior [ RunTime:0.000000s ]
INFO: [ app_begin ] --END-- [ RunTime:0.000000s ]
INFO: [ action_begin ] --START--
INFO: Run Home\Behavior\HomePermissionBehavior [ RunTime:0.001000s ]
INFO: [ action_begin ] --END-- [ RunTime:0.001000s ]
NOTIC: [8192] mysql_connect(): The mysql extension is deprecated and will be removed in the future: use mysqli or PDO instead D:\wwwroot\7g\ThinkPHP\Library\Think\Db\Driver\Mysql.class.php ç¬¬ 52 è¡Œ.
SQL: SHOW COLUMNS FROM `product` [ RunTime:0.001000s ]
SQL: SELECT DISTINCT  `category_id` FROM `product` WHERE ( `state`=1 )  [ RunTime:0.000000s ]
SQL: SHOW COLUMNS FROM `category` [ RunTime:0.001000s ]
SQL: SELECT * FROM `category` WHERE ( `id` IN (2,3,1) )  [ RunTime:0.001000s ]
SQL: SELECT COUNT(*) AS tp_count FROM `product` WHERE ( category_id = '2' AND `state`=1 ) ORDER BY `top_time` DESC LIMIT 1   [ RunTime:0.000000s ]
SQL: SELECT * FROM `product` WHERE ( category_id = '2' AND `state`=1 ) ORDER BY `top_time` DESC LIMIT 0,30   [ RunTime:0.000000s ]
NOTIC: [8] Undefined index: m D:\wwwroot\7g\ThinkPHP\Common\functions.php ç¬¬ 885 è¡Œ.
NOTIC: [8] Undefined variable: up_page D:\wwwroot\7g\ThinkPHP\Library\Think\Page.class.php ç¬¬ 155 è¡Œ.
NOTIC: [8] Undefined variable: down_page D:\wwwroot\7g\ThinkPHP\Library\Think\Page.class.php ç¬¬ 155 è¡Œ.
NOTIC: [8] Undefined variable: the_first D:\wwwroot\7g\ThinkPHP\Library\Think\Page.class.php ç¬¬ 155 è¡Œ.
NOTIC: [8] Undefined variable: the_end D:\wwwroot\7g\ThinkPHP\Library\Think\Page.class.php ç¬¬ 155 è¡Œ.
SQL: SHOW COLUMNS FROM `members` [ RunTime:0.001000s ]
SQL: SELECT `id` FROM `members` WHERE ( `username` = 'xiaomen' ) LIMIT 1   [ RunTime:0.000000s ]
SQL: SHOW COLUMNS FROM `members_product` [ RunTime:0.001000s ]
SQL: SELECT `goods_id`,`dprice1`,`dprice2`,`dprice3` FROM `members_product` WHERE ( `members_id` = 1 ) AND ( `goods_id` IN ('29','1','3','2','14','24','25','26','27','28','30') )  [ RunTime:0.001000s ]
INFO: [ view_parse ] --START--
INFO: [ template_filter ] --START--
INFO: Run Behavior\ContentReplaceBehavior [ RunTime:0.000000s ]
INFO: [ template_filter ] --END-- [ RunTime:0.000000s ]
NOTIC: [8] Undefined index: have D:\wwwroot\7g\Application\Runtime\Cache\Home\38ed0e9cddc00f8541eb7e42ce4b2867.php ç¬¬ 48 è¡Œ.
NOTIC: [8] Undefined index: have D:\wwwroot\7g\Application\Runtime\Cache\Home\38ed0e9cddc00f8541eb7e42ce4b2867.php ç¬¬ 48 è¡Œ.
NOTIC: [8] Undefined index: have D:\wwwroot\7g\Application\Runtime\Cache\Home\38ed0e9cddc00f8541eb7e42ce4b2867.php ç¬¬ 48 è¡Œ.
NOTIC: [8] Undefined index: have D:\wwwroot\7g\Application\Runtime\Cache\Home\38ed0e9cddc00f8541eb7e42ce4b2867.php ç¬¬ 48 è¡Œ.
NOTIC: [8] Undefined index: have D:\wwwroot\7g\Application\Runtime\Cache\Home\38ed0e9cddc00f8541eb7e42ce4b2867.php ç¬¬ 48 è¡Œ.
NOTIC: [8] Undefined index: have D:\wwwroot\7g\Application\Runtime\Cache\Home\38ed0e9cddc00f8541eb7e42ce4b2867.php ç¬¬ 48 è¡Œ.
NOTIC: [8] Undefined index: have D:\wwwroot\7g\Application\Runtime\Cache\Home\38ed0e9cddc00f8541eb7e42ce4b2867.php ç¬¬ 48 è¡Œ.
NOTIC: [8] Undefined index: have D:\wwwroot\7g\Application\Runtime\Cache\Home\38ed0e9cddc00f8541eb7e42ce4b2867.php ç¬¬ 48 è¡Œ.
NOTIC: [8] Undefined index: have D:\wwwroot\7g\Application\Runtime\Cache\Home\38ed0e9cddc00f8541eb7e42ce4b2867.php ç¬¬ 48 è¡Œ.
NOTIC: [8] Undefined index: have D:\wwwroot\7g\Application\Runtime\Cache\Home\38ed0e9cddc00f8541eb7e42ce4b2867.php ç¬¬ 48 è¡Œ.
INFO: Run Behavior\ParseTemplateBehavior [ RunTime:0.012001s ]
INFO: [ view_parse ] --END-- [ RunTime:0.012001s ]
INFO: [ view_filter ] --START--
INFO: Run Behavior\WriteHtmlCacheBehavior [ RunTime:0.000000s ]
INFO: [ view_filter ] --END-- [ RunTime:0.000000s ]
INFO: [ app_end ] --START--
INFO: Run Behavior\ShowPageTraceBehavior [ RunTime:0.000000s ]
INFO: [ app_end ] --END-- [ RunTime:0.000000s ]

[ 2015-07-23T09:39:41+08:00 ] 222.211.173.110 /Admin/Product/add.html
INFO: [ app_init ] --START--
INFO: Run Behavior\BuildLiteBehavior [ RunTime:0.000000s ]
INFO: [ app_init ] --END-- [ RunTime:0.000000s ]
INFO: [ app_begin ] --START--
INFO: Run Behavior\ReadHtmlCacheBehavior [ RunTime:0.000000s ]
INFO: [ app_begin ] --END-- [ RunTime:0.000000s ]
INFO: [ action_begin ] --START--
INFO: Run Admin\Behavior\CheckPermissionBehavior [ RunTime:0.000000s ]
INFO: [ action_begin ] --END-- [ RunTime:0.000000s ]
NOTIC: [2048] Declaration of Admin\Model\BaseModel::page() should be compatible with Think\Model::page($page, $listRows = NULL) D:\wwwroot\7g\Application\Admin\Model\BaseModel.class.php ç¬¬ 16 è¡Œ.
NOTIC: [8192] mysql_connect(): The mysql extension is deprecated and will be removed in the future: use mysqli or PDO instead D:\wwwroot\7g\ThinkPHP\Library\Think\Db\Driver\Mysql.class.php ç¬¬ 52 è¡Œ.
SQL: SHOW COLUMNS FROM `product` [ RunTime:0.001000s ]
NOTIC: [2] call_user_func() expects parameter 1 to be a valid callback, no array or string given D:\wwwroot\7g\ThinkPHP\Library\Think\Upload.class.php ç¬¬ 169 è¡Œ.
SQL: INSERT INTO `product` (`category_id`,`cash_type`,`goods_name`,`discount`,`up_price_1`,`down_price_1`,`up_price_2`,`down_price_2`,`up_price_3`,`down_price_3`,`invoicing_cycle`,`state`,`data_back`,`intro`,`goods_big_img`,`goods_small_img`) VALUES (2,0,'UCæµè§ˆå™\¨',0,'2','1.7','','','','',3,1,0,'æŒ‰æ–°å¢žæ¿€æ´»è®¡è´\¹','/Uploads/goods/2015-07-23/55b045dde7eab.jpg','/Uploads/goods/2015-07-23/55b045dde7eab_small.jpg') [ RunTime:0.010001s ]
INFO: [ view_parse ] --START--
INFO: [ template_filter ] --START--
INFO: Run Behavior\ContentReplaceBehavior [ RunTime:0.000000s ]
INFO: [ template_filter ] --END-- [ RunTime:0.001000s ]
INFO: Run Behavior\ParseTemplateBehavior [ RunTime:0.004000s ]
INFO: [ view_parse ] --END-- [ RunTime:0.004000s ]
INFO: [ view_filter ] --START--
INFO: Run Behavior\WriteHtmlCacheBehavior [ RunTime:0.000000s ]
INFO: [ view_filter ] --END-- [ RunTime:0.000000s ]

[ 2015-07-23T09:39:43+08:00 ] 222.211.173.110 /Admin/Product/index.html
INFO: [ app_init ] --START--
INFO: Run Behavior\BuildLiteBehavior [ RunTime:0.000000s ]
INFO: [ app_init ] --END-- [ RunTime:0.000000s ]
INFO: [ app_begin ] --START--
INFO: Run Behavior\ReadHtmlCacheBehavior [ RunTime:0.000000s ]
INFO: [ app_begin ] --END-- [ RunTime:0.000000s ]
INFO: [ action_begin ] --START--
INFO: Run Admin\Behavior\CheckPermissionBehavior [ RunTime:0.000000s ]
INFO: [ action_begin ] --END-- [ RunTime:0.000000s ]
NOTIC: [2048] Declaration of Admin\Model\BaseModel::page() should be compatible with Think\Model::page($page, $listRows = NULL) D:\wwwroot\7g\Application\Admin\Model\BaseModel.class.php ç¬¬ 16 è¡Œ.
NOTIC: [8192] mysql_connect(): The mysql extension is deprecated and will be removed in the future: use mysqli or PDO instead D:\wwwroot\7g\ThinkPHP\Library\Think\Db\Driver\Mysql.class.php ç¬¬ 52 è¡Œ.
SQL: SHOW COLUMNS FROM `product` [ RunTime:0.002000s ]
SQL: SELECT COUNT(*) AS tp_count FROM `product` LEFT JOIN `members_product` ON `members_product`.`goods_id`=`product`.`id` LEFT JOIN `category` ON `category`.`id`=`product`.`category_id`  GROUP BY `product`.`id` ORDER BY `top_time` DESC LIMIT 1   [ RunTime:0.001000s ]
SQL: SELECT count(members_product.id) AS have,category.category_name,product.* FROM `product` LEFT JOIN `members_product` ON `members_product`.`goods_id`=`product`.`id` LEFT JOIN `category` ON `category`.`id`=`product`.`category_id`  GROUP BY `product`.`id` ORDER BY `top_time` DESC LIMIT 0,30   [ RunTime:0.003000s ]
NOTIC: [8] Undefined variable: up_page D:\wwwroot\7g\ThinkPHP\Library\Think\Page.class.php ç¬¬ 155 è¡Œ.
NOTIC: [8] Undefined variable: down_page D:\wwwroot\7g\ThinkPHP\Library\Think\Page.class.php ç¬¬ 155 è¡Œ.
NOTIC: [8] Undefined variable: the_first D:\wwwroot\7g\ThinkPHP\Library\Think\Page.class.php ç¬¬ 155 è¡Œ.
NOTIC: [8] Undefined variable: the_end D:\wwwroot\7g\ThinkPHP\Library\Think\Page.class.php ç¬¬ 155 è¡Œ.
SQL: SHOW COLUMNS FROM `category` [ RunTime:0.001000s ]
SQL: SELECT * FROM `category`  [ RunTime:0.001001s ]
INFO: [ view_parse ] --START--
INFO: [ template_filter ] --START--
INFO: Run Behavior\ContentReplaceBehavior [ RunTime:0.001000s ]
INFO: [ template_filter ] --END-- [ RunTime:0.001000s ]
INFO: Run Behavior\ParseTemplateBehavior [ RunTime:0.023001s ]
INFO: [ view_parse ] --END-- [ RunTime:0.023001s ]
INFO: [ view_filter ] --START--
INFO: Run Behavior\WriteHtmlCacheBehavior [ RunTime:0.001000s ]
INFO: [ view_filter ] --END-- [ RunTime:0.001000s ]
INFO: [ app_end ] --START--
INFO: Run Behavior\ShowPageTraceBehavior [ RunTime:0.000000s ]
INFO: [ app_end ] --END-- [ RunTime:0.000000s ]

[ 2015-07-23T09:39:43+08:00 ] 222.211.173.110 /getgoods.html
INFO: [ app_init ] --START--
INFO: Run Behavior\BuildLiteBehavior [ RunTime:0.000000s ]
INFO: [ app_init ] --END-- [ RunTime:0.000000s ]
INFO: [ app_begin ] --START--
INFO: Run Behavior\ReadHtmlCacheBehavior [ RunTime:0.001000s ]
INFO: [ app_begin ] --END-- [ RunTime:0.001000s ]
INFO: [ action_begin ] --START--
INFO: Run Home\Behavior\HomePermissionBehavior [ RunTime:0.001000s ]
INFO: [ action_begin ] --END-- [ RunTime:0.001000s ]
NOTIC: [8192] mysql_connect(): The mysql extension is deprecated and will be removed in the future: use mysqli or PDO instead D:\wwwroot\7g\ThinkPHP\Library\Think\Db\Driver\Mysql.class.php ç¬¬ 52 è¡Œ.
SQL: SHOW COLUMNS FROM `product` [ RunTime:0.001000s ]
SQL: SELECT DISTINCT  `category_id` FROM `product` WHERE ( `state`=1 )  [ RunTime:0.001001s ]
SQL: SHOW COLUMNS FROM `category` [ RunTime:0.001000s ]
SQL: SELECT * FROM `category` WHERE ( `id` IN (2,3,1) )  [ RunTime:0.001000s ]
SQL: SELECT COUNT(*) AS tp_count FROM `product` WHERE ( category_id = '2' AND `state`=1 ) ORDER BY `top_time` DESC LIMIT 1   [ RunTime:0.000000s ]
SQL: SELECT * FROM `product` WHERE ( category_id = '2' AND `state`=1 ) ORDER BY `top_time` DESC LIMIT 0,30   [ RunTime:0.000000s ]
NOTIC: [8] Undefined index: m D:\wwwroot\7g\ThinkPHP\Common\functions.php ç¬¬ 885 è¡Œ.
NOTIC: [8] Undefined variable: up_page D:\wwwroot\7g\ThinkPHP\Library\Think\Page.class.php ç¬¬ 155 è¡Œ.
NOTIC: [8] Undefined variable: down_page D:\wwwroot\7g\ThinkPHP\Library\Think\Page.class.php ç¬¬ 155 è¡Œ.
NOTIC: [8] Undefined variable: the_first D:\wwwroot\7g\ThinkPHP\Library\Think\Page.class.php ç¬¬ 155 è¡Œ.
NOTIC: [8] Undefined variable: the_end D:\wwwroot\7g\ThinkPHP\Library\Think\Page.class.php ç¬¬ 155 è¡Œ.
SQL: SHOW COLUMNS FROM `members` [ RunTime:0.001000s ]
SQL: SELECT `id` FROM `members` WHERE ( `username` = 'xiaomen' ) LIMIT 1   [ RunTime:0.000000s ]
SQL: SHOW COLUMNS FROM `members_product` [ RunTime:0.002000s ]
SQL: SELECT `goods_id`,`dprice1`,`dprice2`,`dprice3` FROM `members_product` WHERE ( `members_id` = 1 ) AND ( `goods_id` IN ('29','1','3','2','14','24','25','26','27','28','30','31') )  [ RunTime:0.000000s ]
INFO: [ view_parse ] --START--
INFO: [ template_filter ] --START--
INFO: Run Behavior\ContentReplaceBehavior [ RunTime:0.000000s ]
INFO: [ template_filter ] --END-- [ RunTime:0.000000s ]
NOTIC: [8] Undefined index: have D:\wwwroot\7g\Application\Runtime\Cache\Home\38ed0e9cddc00f8541eb7e42ce4b2867.php ç¬¬ 48 è¡Œ.
NOTIC: [8] Undefined index: have D:\wwwroot\7g\Application\Runtime\Cache\Home\38ed0e9cddc00f8541eb7e42ce4b2867.php ç¬¬ 48 è¡Œ.
NOTIC: [8] Undefined index: have D:\wwwroot\7g\Application\Runtime\Cache\Home\38ed0e9cddc00f8541eb7e42ce4b2867.php ç¬¬ 48 è¡Œ.
NOTIC: [8] Undefined index: have D:\wwwroot\7g\Application\Runtime\Cache\Home\38ed0e9cddc00f8541eb7e42ce4b2867.php ç¬¬ 48 è¡Œ.
NOTIC: [8] Undefined index: have D:\wwwroot\7g\Application\Runtime\Cache\Home\38ed0e9cddc00f8541eb7e42ce4b2867.php ç¬¬ 48 è¡Œ.
NOTIC: [8] Undefined index: have D:\wwwroot\7g\Application\Runtime\Cache\Home\38ed0e9cddc00f8541eb7e42ce4b2867.php ç¬¬ 48 è¡Œ.
NOTIC: [8] Undefined index: have D:\wwwroot\7g\Application\Runtime\Cache\Home\38ed0e9cddc00f8541eb7e42ce4b2867.php ç¬¬ 48 è¡Œ.
NOTIC: [8] Undefined index: have D:\wwwroot\7g\Application\Runtime\Cache\Home\38ed0e9cddc00f8541eb7e42ce4b2867.php ç¬¬ 48 è¡Œ.
NOTIC: [8] Undefined index: have D:\wwwroot\7g\Application\Runtime\Cache\Home\38ed0e9cddc00f8541eb7e42ce4b2867.php ç¬¬ 48 è¡Œ.
NOTIC: [8] Undefined index: have D:\wwwroot\7g\Application\Runtime\Cache\Home\38ed0e9cddc00f8541eb7e42ce4b2867.php ç¬¬ 48 è¡Œ.
NOTIC: [8] Undefined index: have D:\wwwroot\7g\Application\Runtime\Cache\Home\38ed0e9cddc00f8541eb7e42ce4b2867.php ç¬¬ 48 è¡Œ.
INFO: Run Behavior\ParseTemplateBehavior [ RunTime:0.011001s ]
INFO: [ view_parse ] --END-- [ RunTime:0.012001s ]
INFO: [ view_filter ] --START--
INFO: Run Behavior\WriteHtmlCacheBehavior [ RunTime:0.001000s ]
INFO: [ view_filter ] --END-- [ RunTime:0.001000s ]
INFO: [ app_end ] --START--
INFO: Run Behavior\ShowPageTraceBehavior [ RunTime:0.000000s ]
INFO: [ app_end ] --END-- [ RunTime:0.000000s ]

[ 2015-07-23T09:45:04+08:00 ] 222.211.173.110 /Admin/Product/add.html
INFO: [ app_init ] --START--
INFO: Run Behavior\BuildLiteBehavior [ RunTime:0.000000s ]
INFO: [ app_init ] --END-- [ RunTime:0.000000s ]
INFO: [ app_begin ] --START--
INFO: Run Behavior\ReadHtmlCacheBehavior [ RunTime:0.000000s ]
INFO: [ app_begin ] --END-- [ RunTime:0.001000s ]
INFO: [ action_begin ] --START--
INFO: Run Admin\Behavior\CheckPermissionBehavior [ RunTime:0.000000s ]
INFO: [ action_begin ] --END-- [ RunTime:0.000000s ]
NOTIC: [2048] Declaration of Admin\Model\BaseModel::page() should be compatible with Think\Model::page($page, $listRows = NULL) D:\wwwroot\7g\Application\Admin\Model\BaseModel.class.php ç¬¬ 16 è¡Œ.
NOTIC: [8192] mysql_connect(): The mysql extension is deprecated and will be removed in the future: use mysqli or PDO instead D:\wwwroot\7g\ThinkPHP\Library\Think\Db\Driver\Mysql.class.php ç¬¬ 52 è¡Œ.
SQL: SHOW COLUMNS FROM `product` [ RunTime:0.001000s ]
NOTIC: [2] call_user_func() expects parameter 1 to be a valid callback, no array or string given D:\wwwroot\7g\ThinkPHP\Library\Think\Upload.class.php ç¬¬ 169 è¡Œ.
SQL: INSERT INTO `product` (`category_id`,`cash_type`,`goods_name`,`discount`,`up_price_1`,`down_price_1`,`up_price_2`,`down_price_2`,`up_price_3`,`down_price_3`,`invoicing_cycle`,`state`,`data_back`,`intro`,`goods_big_img`,`goods_small_img`) VALUES (2,0,'hao123æµè§ˆå™\¨',0,'1.6','1.4','','','','',2,1,0,'æ­£å¸¸æŽ¨å¹¿','/Uploads/goods/2015-07-23/55b047200f77a.jpg','/Uploads/goods/2015-07-23/55b047200f77a_small.jpg') [ RunTime:0.013000s ]
INFO: [ view_parse ] --START--
INFO: [ template_filter ] --START--
INFO: Run Behavior\ContentReplaceBehavior [ RunTime:0.000000s ]
INFO: [ template_filter ] --END-- [ RunTime:0.000000s ]
INFO: Run Behavior\ParseTemplateBehavior [ RunTime:0.004001s ]
INFO: [ view_parse ] --END-- [ RunTime:0.004001s ]
INFO: [ view_filter ] --START--
INFO: Run Behavior\WriteHtmlCacheBehavior [ RunTime:0.000000s ]
INFO: [ view_filter ] --END-- [ RunTime:0.000000s ]

[ 2015-07-23T09:45:05+08:00 ] 222.211.173.110 /Admin/Product/index.html
INFO: [ app_init ] --START--
INFO: Run Behavior\BuildLiteBehavior [ RunTime:0.000000s ]
INFO: [ app_init ] --END-- [ RunTime:0.000000s ]
INFO: [ app_begin ] --START--
INFO: Run Behavior\ReadHtmlCacheBehavior [ RunTime:0.000000s ]
INFO: [ app_begin ] --END-- [ RunTime:0.000000s ]
INFO: [ action_begin ] --START--
INFO: Run Admin\Behavior\CheckPermissionBehavior [ RunTime:0.001000s ]
INFO: [ action_begin ] --END-- [ RunTime:0.001000s ]
NOTIC: [2048] Declaration of Admin\Model\BaseModel::page() should be compatible with Think\Model::page($page, $listRows = NULL) D:\wwwroot\7g\Application\Admin\Model\BaseModel.class.php ç¬¬ 16 è¡Œ.
NOTIC: [8192] mysql_connect(): The mysql extension is deprecated and will be removed in the future: use mysqli or PDO instead D:\wwwroot\7g\ThinkPHP\Library\Think\Db\Driver\Mysql.class.php ç¬¬ 52 è¡Œ.
SQL: SHOW COLUMNS FROM `product` [ RunTime:0.002000s ]
SQL: SELECT COUNT(*) AS tp_count FROM `product` LEFT JOIN `members_product` ON `members_product`.`goods_id`=`product`.`id` LEFT JOIN `category` ON `category`.`id`=`product`.`category_id`  GROUP BY `product`.`id` ORDER BY `top_time` DESC LIMIT 1   [ RunTime:0.001000s ]
SQL: SELECT count(members_product.id) AS have,category.category_name,product.* FROM `product` LEFT JOIN `members_product` ON `members_product`.`goods_id`=`product`.`id` LEFT JOIN `category` ON `category`.`id`=`product`.`category_id`  GROUP BY `product`.`id` ORDER BY `top_time` DESC LIMIT 0,30   [ RunTime:0.003000s ]
NOTIC: [8] Undefined variable: up_page D:\wwwroot\7g\ThinkPHP\Library\Think\Page.class.php ç¬¬ 155 è¡Œ.
NOTIC: [8] Undefined variable: down_page D:\wwwroot\7g\ThinkPHP\Library\Think\Page.class.php ç¬¬ 155 è¡Œ.
NOTIC: [8] Undefined variable: the_first D:\wwwroot\7g\ThinkPHP\Library\Think\Page.class.php ç¬¬ 155 è¡Œ.
NOTIC: [8] Undefined variable: the_end D:\wwwroot\7g\ThinkPHP\Library\Think\Page.class.php ç¬¬ 155 è¡Œ.
SQL: SHOW COLUMNS FROM `category` [ RunTime:0.001000s ]
SQL: SELECT * FROM `category`  [ RunTime:0.000000s ]
INFO: [ view_parse ] --START--
INFO: [ template_filter ] --START--
INFO: Run Behavior\ContentReplaceBehavior [ RunTime:0.001000s ]
INFO: [ template_filter ] --END-- [ RunTime:0.001000s ]
INFO: Run Behavior\ParseTemplateBehavior [ RunTime:0.024002s ]
INFO: [ view_parse ] --END-- [ RunTime:0.024002s ]
INFO: [ view_filter ] --START--
INFO: Run Behavior\WriteHtmlCacheBehavior [ RunTime:0.000000s ]
INFO: [ view_filter ] --END-- [ RunTime:0.000000s ]
INFO: [ app_end ] --START--
INFO: Run Behavior\ShowPageTraceBehavior [ RunTime:0.000000s ]
INFO: [ app_end ] --END-- [ RunTime:0.000000s ]

[ 2015-07-23T09:45:06+08:00 ] 222.211.173.110 /getgoods.html
INFO: [ app_init ] --START--
INFO: Run Behavior\BuildLiteBehavior [ RunTime:0.000000s ]
INFO: [ app_init ] --END-- [ RunTime:0.000000s ]
INFO: [ app_begin ] --START--
INFO: Run Behavior\ReadHtmlCacheBehavior [ RunTime:0.000000s ]
INFO: [ app_begin ] --END-- [ RunTime:0.000000s ]
INFO: [ action_begin ] --START--
INFO: Run Home\Behavior\HomePermissionBehavior [ RunTime:0.001000s ]
INFO: [ action_begin ] --END-- [ RunTime:0.001000s ]
NOTIC: [8192] mysql_connect(): The mysql extension is deprecated and will be removed in the future: use mysqli or PDO instead D:\wwwroot\7g\ThinkPHP\Library\Think\Db\Driver\Mysql.class.php ç¬¬ 52 è¡Œ.
SQL: SHOW COLUMNS FROM `product` [ RunTime:0.001000s ]
SQL: SELECT DISTINCT  `category_id` FROM `product` WHERE ( `state`=1 )  [ RunTime:0.001000s ]
SQL: SHOW COLUMNS FROM `category` [ RunTime:0.001000s ]
SQL: SELECT * FROM `category` WHERE ( `id` IN (2,3,1) )  [ RunTime:0.000000s ]
SQL: SELECT COUNT(*) AS tp_count FROM `product` WHERE ( category_id = '2' AND `state`=1 ) ORDER BY `top_time` DESC LIMIT 1   [ RunTime:0.001000s ]
SQL: SELECT * FROM `product` WHERE ( category_id = '2' AND `state`=1 ) ORDER BY `top_time` DESC LIMIT 0,30   [ RunTime:0.001000s ]
NOTIC: [8] Undefined index: m D:\wwwroot\7g\ThinkPHP\Common\functions.php ç¬¬ 885 è¡Œ.
NOTIC: [8] Undefined variable: up_page D:\wwwroot\7g\ThinkPHP\Library\Think\Page.class.php ç¬¬ 155 è¡Œ.
NOTIC: [8] Undefined variable: down_page D:\wwwroot\7g\ThinkPHP\Library\Think\Page.class.php ç¬¬ 155 è¡Œ.
NOTIC: [8] Undefined variable: the_first D:\wwwroot\7g\ThinkPHP\Library\Think\Page.class.php ç¬¬ 155 è¡Œ.
NOTIC: [8] Undefined variable: the_end D:\wwwroot\7g\ThinkPHP\Library\Think\Page.class.php ç¬¬ 155 è¡Œ.
SQL: SHOW COLUMNS FROM `members` [ RunTime:0.002000s ]
SQL: SELECT `id` FROM `members` WHERE ( `username` = 'xiaomen' ) LIMIT 1   [ RunTime:0.000000s ]
SQL: SHOW COLUMNS FROM `members_product` [ RunTime:0.001000s ]
SQL: SELECT `goods_id`,`dprice1`,`dprice2`,`dprice3` FROM `members_product` WHERE ( `members_id` = 1 ) AND ( `goods_id` IN ('29','1','3','2','14','24','25','26','27','28','30','31','32') )  [ RunTime:0.001000s ]
INFO: [ view_parse ] --START--
INFO: [ template_filter ] --START--
INFO: Run Behavior\ContentReplaceBehavior [ RunTime:0.000000s ]
INFO: [ template_filter ] --END-- [ RunTime:0.000000s ]
NOTIC: [8] Undefined index: have D:\wwwroot\7g\Application\Runtime\Cache\Home\38ed0e9cddc00f8541eb7e42ce4b2867.php ç¬¬ 48 è¡Œ.
NOTIC: [8] Undefined index: have D:\wwwroot\7g\Application\Runtime\Cache\Home\38ed0e9cddc00f8541eb7e42ce4b2867.php ç¬¬ 48 è¡Œ.
NOTIC: [8] Undefined index: have D:\wwwroot\7g\Application\Runtime\Cache\Home\38ed0e9cddc00f8541eb7e42ce4b2867.php ç¬¬ 48 è¡Œ.
NOTIC: [8] Undefined index: have D:\wwwroot\7g\Application\Runtime\Cache\Home\38ed0e9cddc00f8541eb7e42ce4b2867.php ç¬¬ 48 è¡Œ.
NOTIC: [8] Undefined index: have D:\wwwroot\7g\Application\Runtime\Cache\Home\38ed0e9cddc00f8541eb7e42ce4b2867.php ç¬¬ 48 è¡Œ.
NOTIC: [8] Undefined index: have D:\wwwroot\7g\Application\Runtime\Cache\Home\38ed0e9cddc00f8541eb7e42ce4b2867.php ç¬¬ 48 è¡Œ.
NOTIC: [8] Undefined index: have D:\wwwroot\7g\Application\Runtime\Cache\Home\38ed0e9cddc00f8541eb7e42ce4b2867.php ç¬¬ 48 è¡Œ.
NOTIC: [8] Undefined index: have D:\wwwroot\7g\Application\Runtime\Cache\Home\38ed0e9cddc00f8541eb7e42ce4b2867.php ç¬¬ 48 è¡Œ.
NOTIC: [8] Undefined index: have D:\wwwroot\7g\Application\Runtime\Cache\Home\38ed0e9cddc00f8541eb7e42ce4b2867.php ç¬¬ 48 è¡Œ.
NOTIC: [8] Undefined index: have D:\wwwroot\7g\Application\Runtime\Cache\Home\38ed0e9cddc00f8541eb7e42ce4b2867.php ç¬¬ 48 è¡Œ.
NOTIC: [8] Undefined index: have D:\wwwroot\7g\Application\Runtime\Cache\Home\38ed0e9cddc00f8541eb7e42ce4b2867.php ç¬¬ 48 è¡Œ.
NOTIC: [8] Undefined index: have D:\wwwroot\7g\Application\Runtime\Cache\Home\38ed0e9cddc00f8541eb7e42ce4b2867.php ç¬¬ 48 è¡Œ.
INFO: Run Behavior\ParseTemplateBehavior [ RunTime:0.012001s ]
INFO: [ view_parse ] --END-- [ RunTime:0.012001s ]
INFO: [ view_filter ] --START--
INFO: Run Behavior\WriteHtmlCacheBehavior [ RunTime:0.000000s ]
INFO: [ view_filter ] --END-- [ RunTime:0.001000s ]
INFO: [ app_end ] --START--
INFO: Run Behavior\ShowPageTraceBehavior [ RunTime:0.000000s ]
INFO: [ app_end ] --END-- [ RunTime:0.000000s ]

[ 2015-07-23T11:16:08+08:00 ] 222.211.173.110 /Verify/Index/verify.html
INFO: [ app_init ] --START--
INFO: Run Behavior\BuildLiteBehavior [ RunTime:0.000000s ]
INFO: [ app_init ] --END-- [ RunTime:0.000000s ]
INFO: [ app_begin ] --START--
INFO: Run Behavior\ReadHtmlCacheBehavior [ RunTime:0.001000s ]
INFO: [ app_begin ] --END-- [ RunTime:0.001000s ]
INFO: [ app_end ] --START--
INFO: Run Behavior\ShowPageTraceBehavior [ RunTime:0.001000s ]
INFO: [ app_end ] --END-- [ RunTime:0.001000s ]

[ 2015-07-23T11:18:23+08:00 ] 222.211.173.110 /Verify/Index/common
INFO: [ app_init ] --START--
INFO: Run Behavior\BuildLiteBehavior [ RunTime:0.000000s ]
INFO: [ app_init ] --END-- [ RunTime:0.000000s ]
INFO: [ app_begin ] --START--
INFO: Run Behavior\ReadHtmlCacheBehavior [ RunTime:0.001000s ]
INFO: [ app_begin ] --END-- [ RunTime:0.001000s ]

[ 2015-07-23T11:18:23+08:00 ] 222.211.173.110 /Verify/Index/verify.html
INFO: [ app_init ] --START--
INFO: Run Behavior\BuildLiteBehavior [ RunTime:0.000000s ]
INFO: [ app_init ] --END-- [ RunTime:0.000000s ]
INFO: [ app_begin ] --START--
INFO: Run Behavior\ReadHtmlCacheBehavior [ RunTime:0.000000s ]
INFO: [ app_begin ] --END-- [ RunTime:0.000000s ]
INFO: [ app_end ] --START--
INFO: Run Behavior\ShowPageTraceBehavior [ RunTime:0.000000s ]
INFO: [ app_end ] --END-- [ RunTime:0.000000s ]

[ 2015-07-23T11:24:14+08:00 ] 114.111.167.72 /Verify/Index/verify.html
INFO: [ app_init ] --START--
INFO: Run Behavior\BuildLiteBehavior [ RunTime:0.000000s ]
INFO: [ app_init ] --END-- [ RunTime:0.000000s ]
INFO: [ app_begin ] --START--
INFO: Run Behavior\ReadHtmlCacheBehavior [ RunTime:0.000000s ]
INFO: [ app_begin ] --END-- [ RunTime:0.000000s ]
INFO: [ app_end ] --START--
INFO: Run Behavior\ShowPageTraceBehavior [ RunTime:0.000000s ]
INFO: [ app_end ] --END-- [ RunTime:0.000000s ]

[ 2015-07-23T11:24:14+08:00 ] 114.111.167.72 /Verify/Index/common
INFO: [ app_init ] --START--
INFO: Run Behavior\BuildLiteBehavior [ RunTime:0.000000s ]
INFO: [ app_init ] --END-- [ RunTime:0.000000s ]
INFO: [ app_begin ] --START--
INFO: Run Behavior\ReadHtmlCacheBehavior [ RunTime:0.000000s ]
INFO: [ app_begin ] --END-- [ RunTime:0.000000s ]

[ 2015-07-23T11:37:40+08:00 ] 222.211.173.110 /Verify/Index/common
INFO: [ app_init ] --START--
INFO: Run Behavior\BuildLiteBehavior [ RunTime:0.000000s ]
INFO: [ app_init ] --END-- [ RunTime:0.000000s ]
INFO: [ app_begin ] --START--
INFO: Run Behavior\ReadHtmlCacheBehavior [ RunTime:0.000000s ]
INFO: [ app_begin ] --END-- [ RunTime:0.000000s ]

[ 2015-07-23T11:37:40+08:00 ] 222.211.173.110 /Verify/Index/verify.html
INFO: [ app_init ] --START--
INFO: Run Behavior\BuildLiteBehavior [ RunTime:0.000000s ]
INFO: [ app_init ] --END-- [ RunTime:0.000000s ]
INFO: [ app_begin ] --START--
INFO: Run Behavior\ReadHtmlCacheBehavior [ RunTime:0.000000s ]
INFO: [ app_begin ] --END-- [ RunTime:0.000000s ]
INFO: [ app_end ] --START--
INFO: Run Behavior\ShowPageTraceBehavior [ RunTime:0.000000s ]
INFO: [ app_end ] --END-- [ RunTime:0.000000s ]

[ 2015-07-23T12:01:35+08:00 ] 123.125.71.99 /robots.txt
INFO: [ app_init ] --START--
INFO: Run Behavior\BuildLiteBehavior [ RunTime:0.000000s ]
INFO: [ app_init ] --END-- [ RunTime:0.000000s ]
INFO: [ app_begin ] --START--
INFO: Run Behavior\ReadHtmlCacheBehavior [ RunTime:0.001000s ]
INFO: [ app_begin ] --END-- [ RunTime:0.001000s ]
ERR: æ— æ³•åŠ è½½æŽ§åˆ¶å™¨:Robots.txt

[ 2015-07-23T13:21:06+08:00 ] 59.53.23.174 /Verify/Index/verify.html
INFO: [ app_init ] --START--
INFO: Run Behavior\BuildLiteBehavior [ RunTime:0.000000s ]
INFO: [ app_init ] --END-- [ RunTime:0.000000s ]
INFO: [ app_begin ] --START--
INFO: Run Behavior\ReadHtmlCacheBehavior [ RunTime:0.001000s ]
INFO: [ app_begin ] --END-- [ RunTime:0.001000s ]
INFO: [ app_end ] --START--
INFO: Run Behavior\ShowPageTraceBehavior [ RunTime:0.001000s ]
INFO: [ app_end ] --END-- [ RunTime:0.001000s ]

[ 2015-07-23T13:21:06+08:00 ] 59.53.23.174 /Verify/Index/common
INFO: [ app_init ] --START--
INFO: Run Behavior\BuildLiteBehavior [ RunTime:0.000000s ]
INFO: [ app_init ] --END-- [ RunTime:0.000000s ]
INFO: [ app_begin ] --START--
INFO: Run Behavior\ReadHtmlCacheBehavior [ RunTime:0.000000s ]
INFO: [ app_begin ] --END-- [ RunTime:0.000000s ]

[ 2015-07-23T13:21:47+08:00 ] 59.53.23.174 /Home/Registe/checkUserExist.html
INFO: [ app_init ] --START--
INFO: Run Behavior\BuildLiteBehavior [ RunTime:0.000000s ]
INFO: [ app_init ] --END-- [ RunTime:0.000000s ]
INFO: [ app_begin ] --START--
INFO: Run Behavior\ReadHtmlCacheBehavior [ RunTime:0.000000s ]
INFO: [ app_begin ] --END-- [ RunTime:0.000000s ]
INFO: [ action_begin ] --START--
INFO: Run Home\Behavior\HomePermissionBehavior [ RunTime:0.001000s ]
INFO: [ action_begin ] --END-- [ RunTime:0.001000s ]
NOTIC: [8192] mysql_connect(): The mysql extension is deprecated and will be removed in the future: use mysqli or PDO instead D:\wwwroot\7g\ThinkPHP\Library\Think\Db\Driver\Mysql.class.php ç¬¬ 52 è¡Œ.
SQL: SHOW COLUMNS FROM `members` [ RunTime:0.001000s ]
SQL: SELECT `id` FROM `members` WHERE ( `username` = 'xzy1006' ) LIMIT 1   [ RunTime:0.001000s ]

[ 2015-07-23T13:23:01+08:00 ] 59.53.23.174 /Home/Registe/index.html
INFO: [ app_init ] --START--
INFO: Run Behavior\BuildLiteBehavior [ RunTime:0.000000s ]
INFO: [ app_init ] --END-- [ RunTime:0.000000s ]
INFO: [ app_begin ] --START--
INFO: Run Behavior\ReadHtmlCacheBehavior [ RunTime:0.000000s ]
INFO: [ app_begin ] --END-- [ RunTime:0.000000s ]
INFO: [ action_begin ] --START--
INFO: Run Home\Behavior\HomePermissionBehavior [ RunTime:0.000000s ]
INFO: [ action_begin ] --END-- [ RunTime:0.000000s ]
NOTIC: [8192] mysql_connect(): The mysql extension is deprecated and will be removed in the future: use mysqli or PDO instead D:\wwwroot\7g\ThinkPHP\Library\Think\Db\Driver\Mysql.class.php ç¬¬ 52 è¡Œ.
SQL: SHOW COLUMNS FROM `members` [ RunTime:0.002000s ]
SQL: INSERT INTO `members` (`username`,`password`,`qq`,`tel`,`email`,`payee`,`bank_name`,`bank_addr`,`bank_account`,`client_ip`,`enter_time`) VALUES ('xzy1006','b00a494ff6d4ae599843998d66aa0445','214608183','13870965027','keein@qq.com','è®¸å¿—å‹\‡','æ‹›å•†é“¶è¡Œ','æ±Ÿè¥¿çœå—æ˜Œå¸‚æ‹›å•†é“¶è¡Œåˆ†è¡Œè±¡å±±å—è·¯æ”¯è¡Œ','6225887903066591',993335214,1437628981) [ RunTime:0.005000s ]
SQL: SELECT * FROM `members` WHERE ( `id` = 35 ) LIMIT 1   [ RunTime:0.001000s ]
SQL: UPDATE `members` SET `login_num`=login_num+1 WHERE ( id=35 ) [ RunTime:0.004001s ]

[ 2015-07-23T13:23:01+08:00 ] 59.53.23.174 /Home/Userinfo/userInfo.html
INFO: [ app_init ] --START--
INFO: Run Behavior\BuildLiteBehavior [ RunTime:0.000000s ]
INFO: [ app_init ] --END-- [ RunTime:0.000000s ]
INFO: [ app_begin ] --START--
INFO: Run Behavior\ReadHtmlCacheBehavior [ RunTime:0.000000s ]
INFO: [ app_begin ] --END-- [ RunTime:0.000000s ]
INFO: [ action_begin ] --START--
INFO: Run Home\Behavior\HomePermissionBehavior [ RunTime:0.001000s ]
INFO: [ action_begin ] --END-- [ RunTime:0.001000s ]
NOTIC: [8192] mysql_connect(): The mysql extension is deprecated and will be removed in the future: use mysqli or PDO instead D:\wwwroot\7g\ThinkPHP\Library\Think\Db\Driver\Mysql.class.php ç¬¬ 52 è¡Œ.
SQL: SHOW COLUMNS FROM `members` [ RunTime:0.002000s ]
SQL: SELECT * FROM `members` WHERE ( `username` = 'xzy1006' ) LIMIT 1   [ RunTime:0.001000s ]
SQL: SHOW COLUMNS FROM `product_data` [ RunTime:0.002001s ]
SQL: SELECT SUM(money) AS tp_sum FROM `product_data` WHERE ( `member_id`='35' AND DATE(FROM_UNIXTIME(`time`))='2015-07-22' ) LIMIT 1   [ RunTime:0.001000s ]
SQL: SELECT SUM(money) AS tp_sum FROM `product_data` WHERE ( `member_id`='35' ) LIMIT 1   [ RunTime:0.000000s ]
NOTIC: [2048] Declaration of Home\Model\CashModel::page() should be compatible with Think\Model::page($page, $listRows = NULL) D:\wwwroot\7g\Application\Home\Model\CashModel.class.php ç¬¬ 0 è¡Œ.
SQL: SHOW COLUMNS FROM `cash` [ RunTime:0.001000s ]
SQL: SELECT SUM(`withdrawal_amount`) AS tp_sum FROM `cash` WHERE ( `member_id`='35' AND `checked`!=-1 ) LIMIT 1   [ RunTime:0.000000s ]
INFO: [ view_parse ] --START--
INFO: [ template_filter ] --START--
INFO: Run Behavior\ContentReplaceBehavior [ RunTime:0.000000s ]
INFO: [ template_filter ] --END-- [ RunTime:0.000000s ]
INFO: Run Behavior\ParseTemplateBehavior [ RunTime:0.030001s ]
INFO: [ view_parse ] --END-- [ RunTime:0.030001s ]
INFO: [ view_filter ] --START--
INFO: Run Behavior\WriteHtmlCacheBehavior [ RunTime:0.000000s ]
INFO: [ view_filter ] --END-- [ RunTime:0.000000s ]
INFO: [ app_end ] --START--
INFO: Run Behavior\ShowPageTraceBehavior [ RunTime:0.000000s ]
INFO: [ app_end ] --END-- [ RunTime:0.000000s ]

[ 2015-07-23T13:23:06+08:00 ] 59.53.23.174 /myad.html
INFO: [ app_init ] --START--
INFO: Run Behavior\BuildLiteBehavior [ RunTime:0.000000s ]
INFO: [ app_init ] --END-- [ RunTime:0.001000s ]
INFO: [ app_begin ] --START--
INFO: Run Behavior\ReadHtmlCacheBehavior [ RunTime:0.000000s ]
INFO: [ app_begin ] --END-- [ RunTime:0.000000s ]
INFO: [ action_begin ] --START--
INFO: Run Home\Behavior\HomePermissionBehavior [ RunTime:0.001000s ]
INFO: [ action_begin ] --END-- [ RunTime:0.001000s ]
NOTIC: [8192] mysql_connect(): The mysql extension is deprecated and will be removed in the future: use mysqli or PDO instead D:\wwwroot\7g\ThinkPHP\Library\Think\Db\Driver\Mysql.class.php ç¬¬ 52 è¡Œ.
SQL: SHOW COLUMNS FROM `members` [ RunTime:0.001000s ]
SQL: SELECT `id` FROM `members` WHERE ( `username` = 'xzy1006' ) LIMIT 1   [ RunTime:0.000000s ]
SQL: SHOW COLUMNS FROM `members_product` [ RunTime:0.002000s ]
SQL: SELECT COUNT(*) AS tp_count FROM `members_product` WHERE ( `members_id` = 35 ) LIMIT 1   [ RunTime:0.000000s ]
SQL: SELECT * FROM `members_product` WHERE ( `members_id` = 35 ) LIMIT 0,30   [ RunTime:0.000000s ]
NOTIC: [2] Invalid argument supplied for foreach() D:\wwwroot\7g\Application\Home\Controller\AdController.class.php ç¬¬ 41 è¡Œ.
INFO: [ view_parse ] --START--
INFO: [ template_filter ] --START--
INFO: Run Behavior\ContentReplaceBehavior [ RunTime:0.000000s ]
INFO: [ template_filter ] --END-- [ RunTime:0.000000s ]
INFO: Run Behavior\ParseTemplateBehavior [ RunTime:0.008001s ]
INFO: [ view_parse ] --END-- [ RunTime:0.008001s ]
INFO: [ view_filter ] --START--
INFO: Run Behavior\WriteHtmlCacheBehavior [ RunTime:0.000000s ]
INFO: [ view_filter ] --END-- [ RunTime:0.000000s ]
INFO: [ app_end ] --START--
INFO: Run Behavior\ShowPageTraceBehavior [ RunTime:0.000000s ]
INFO: [ app_end ] --END-- [ RunTime:0.000000s ]

[ 2015-07-23T13:23:09+08:00 ] 59.53.23.174 /getgoods.html
INFO: [ app_init ] --START--
INFO: Run Behavior\BuildLiteBehavior [ RunTime:0.000000s ]
INFO: [ app_init ] --END-- [ RunTime:0.000000s ]
INFO: [ app_begin ] --START--
INFO: Run Behavior\ReadHtmlCacheBehavior [ RunTime:0.000000s ]
INFO: [ app_begin ] --END-- [ RunTime:0.000000s ]
INFO: [ action_begin ] --START--
INFO: Run Home\Behavior\HomePermissionBehavior [ RunTime:0.001000s ]
INFO: [ action_begin ] --END-- [ RunTime:0.001000s ]
NOTIC: [8192] mysql_connect(): The mysql extension is deprecated and will be removed in the future: use mysqli or PDO instead D:\wwwroot\7g\ThinkPHP\Library\Think\Db\Driver\Mysql.class.php ç¬¬ 52 è¡Œ.
SQL: SHOW COLUMNS FROM `product` [ RunTime:0.002000s ]
SQL: SELECT DISTINCT  `category_id` FROM `product` WHERE ( `state`=1 )  [ RunTime:0.000000s ]
SQL: SHOW COLUMNS FROM `category` [ RunTime:0.001000s ]
SQL: SELECT * FROM `category` WHERE ( `id` IN (2,3,1) )  [ RunTime:0.000000s ]
SQL: SELECT COUNT(*) AS tp_count FROM `product` WHERE ( category_id = '2' AND `state`=1 ) ORDER BY `top_time` DESC LIMIT 1   [ RunTime:0.000000s ]
SQL: SELECT * FROM `product` WHERE ( category_id = '2' AND `state`=1 ) ORDER BY `top_time` DESC LIMIT 0,30   [ RunTime:0.000000s ]
NOTIC: [8] Undefined index: m D:\wwwroot\7g\ThinkPHP\Common\functions.php ç¬¬ 885 è¡Œ.
NOTIC: [8] Undefined variable: up_page D:\wwwroot\7g\ThinkPHP\Library\Think\Page.class.php ç¬¬ 155 è¡Œ.
NOTIC: [8] Undefined variable: down_page D:\wwwroot\7g\ThinkPHP\Library\Think\Page.class.php ç¬¬ 155 è¡Œ.
NOTIC: [8] Undefined variable: the_first D:\wwwroot\7g\ThinkPHP\Library\Think\Page.class.php ç¬¬ 155 è¡Œ.
NOTIC: [8] Undefined variable: the_end D:\wwwroot\7g\ThinkPHP\Library\Think\Page.class.php ç¬¬ 155 è¡Œ.
SQL: SHOW COLUMNS FROM `members` [ RunTime:0.001001s ]
SQL: SELECT `id` FROM `members` WHERE ( `username` = 'xzy1006' ) LIMIT 1   [ RunTime:0.001000s ]
SQL: SHOW COLUMNS FROM `members_product` [ RunTime:0.001000s ]
SQL: SELECT `goods_id`,`dprice1`,`dprice2`,`dprice3` FROM `members_product` WHERE ( `members_id` = 35 ) AND ( `goods_id` IN ('29','1','3','2','14','24','25','26','27','28','30','31','32') )  [ RunTime:0.000000s ]
NOTIC: [2] Invalid argument supplied for foreach() D:\wwwroot\7g\Application\Home\Controller\GoodsController.class.php ç¬¬ 77 è¡Œ.
INFO: [ view_parse ] --START--
INFO: [ template_filter ] --START--
INFO: Run Behavior\ContentReplaceBehavior [ RunTime:0.000000s ]
INFO: [ template_filter ] --END-- [ RunTime:0.000000s ]
NOTIC: [8] Undefined index: have D:\wwwroot\7g\Application\Runtime\Cache\Home\38ed0e9cddc00f8541eb7e42ce4b2867.php ç¬¬ 48 è¡Œ.
NOTIC: [8] Undefined index: have D:\wwwroot\7g\Application\Runtime\Cache\Home\38ed0e9cddc00f8541eb7e42ce4b2867.php ç¬¬ 48 è¡Œ.
NOTIC: [8] Undefined index: have D:\wwwroot\7g\Application\Runtime\Cache\Home\38ed0e9cddc00f8541eb7e42ce4b2867.php ç¬¬ 48 è¡Œ.
NOTIC: [8] Undefined index: have D:\wwwroot\7g\Application\Runtime\Cache\Home\38ed0e9cddc00f8541eb7e42ce4b2867.php ç¬¬ 48 è¡Œ.
NOTIC: [8] Undefined index: have D:\wwwroot\7g\Application\Runtime\Cache\Home\38ed0e9cddc00f8541eb7e42ce4b2867.php ç¬¬ 48 è¡Œ.
NOTIC: [8] Undefined index: have D:\wwwroot\7g\Application\Runtime\Cache\Home\38ed0e9cddc00f8541eb7e42ce4b2867.php ç¬¬ 48 è¡Œ.
NOTIC: [8] Undefined index: have D:\wwwroot\7g\Application\Runtime\Cache\Home\38ed0e9cddc00f8541eb7e42ce4b2867.php ç¬¬ 48 è¡Œ.
NOTIC: [8] Undefined index: have D:\wwwroot\7g\Application\Runtime\Cache\Home\38ed0e9cddc00f8541eb7e42ce4b2867.php ç¬¬ 48 è¡Œ.
NOTIC: [8] Undefined index: have D:\wwwroot\7g\Application\Runtime\Cache\Home\38ed0e9cddc00f8541eb7e42ce4b2867.php ç¬¬ 48 è¡Œ.
NOTIC: [8] Undefined index: have D:\wwwroot\7g\Application\Runtime\Cache\Home\38ed0e9cddc00f8541eb7e42ce4b2867.php ç¬¬ 48 è¡Œ.
NOTIC: [8] Undefined index: have D:\wwwroot\7g\Application\Runtime\Cache\Home\38ed0e9cddc00f8541eb7e42ce4b2867.php ç¬¬ 48 è¡Œ.
NOTIC: [8] Undefined index: have D:\wwwroot\7g\Application\Runtime\Cache\Home\38ed0e9cddc00f8541eb7e42ce4b2867.php ç¬¬ 48 è¡Œ.
NOTIC: [8] Undefined index: have D:\wwwroot\7g\Application\Runtime\Cache\Home\38ed0e9cddc00f8541eb7e42ce4b2867.php ç¬¬ 48 è¡Œ.
INFO: Run Behavior\ParseTemplateBehavior [ RunTime:0.011000s ]
INFO: [ view_parse ] --END-- [ RunTime:0.012000s ]
INFO: [ view_filter ] --START--
INFO: Run Behavior\WriteHtmlCacheBehavior [ RunTime:0.000000s ]
INFO: [ view_filter ] --END-- [ RunTime:0.000000s ]
INFO: [ app_end ] --START--
INFO: Run Behavior\ShowPageTraceBehavior [ RunTime:0.000000s ]
INFO: [ app_end ] --END-- [ RunTime:0.000000s ]

[ 2015-07-23T13:23:55+08:00 ] 59.53.23.174 /getgoods3.html
INFO: [ app_init ] --START--
INFO: Run Behavior\BuildLiteBehavior [ RunTime:0.000000s ]
INFO: [ app_init ] --END-- [ RunTime:0.000000s ]
INFO: [ app_begin ] --START--
INFO: Run Behavior\ReadHtmlCacheBehavior [ RunTime:0.000000s ]
INFO: [ app_begin ] --END-- [ RunTime:0.000000s ]
INFO: [ action_begin ] --START--
INFO: Run Home\Behavior\HomePermissionBehavior [ RunTime:0.001001s ]
INFO: [ action_begin ] --END-- [ RunTime:0.001001s ]
NOTIC: [8192] mysql_connect(): The mysql extension is deprecated and will be removed in the future: use mysqli or PDO instead D:\wwwroot\7g\ThinkPHP\Library\Think\Db\Driver\Mysql.class.php ç¬¬ 52 è¡Œ.
SQL: SHOW COLUMNS FROM `product` [ RunTime:0.001000s ]
SQL: SELECT DISTINCT  `category_id` FROM `product` WHERE ( `state`=1 )  [ RunTime:0.001000s ]
SQL: SHOW COLUMNS FROM `category` [ RunTime:0.001000s ]
SQL: SELECT * FROM `category` WHERE ( `id` IN (2,3,1) )  [ RunTime:0.001000s ]
SQL: SELECT COUNT(*) AS tp_count FROM `product` WHERE ( category_id = '3' AND `state`=1 ) ORDER BY `top_time` DESC LIMIT 1   [ RunTime:0.000000s ]
SQL: SELECT * FROM `product` WHERE ( category_id = '3' AND `state`=1 ) ORDER BY `top_time` DESC LIMIT 0,30   [ RunTime:0.001000s ]
NOTIC: [8] Undefined index: m D:\wwwroot\7g\ThinkPHP\Common\functions.php ç¬¬ 885 è¡Œ.
NOTIC: [8] Undefined variable: up_page D:\wwwroot\7g\ThinkPHP\Library\Think\Page.class.php ç¬¬ 155 è¡Œ.
NOTIC: [8] Undefined variable: down_page D:\wwwroot\7g\ThinkPHP\Library\Think\Page.class.php ç¬¬ 155 è¡Œ.
NOTIC: [8] Undefined variable: the_first D:\wwwroot\7g\ThinkPHP\Library\Think\Page.class.php ç¬¬ 155 è¡Œ.
NOTIC: [8] Undefined variable: the_end D:\wwwroot\7g\ThinkPHP\Library\Think\Page.class.php ç¬¬ 155 è¡Œ.
SQL: SHOW COLUMNS FROM `members` [ RunTime:0.001000s ]
SQL: SELECT `id` FROM `members` WHERE ( `username` = 'xzy1006' ) LIMIT 1   [ RunTime:0.000000s ]
SQL: SHOW COLUMNS FROM `members_product` [ RunTime:0.001000s ]
SQL: SELECT `goods_id`,`dprice1`,`dprice2`,`dprice3` FROM `members_product` WHERE ( `members_id` = 35 ) AND ( `goods_id` IN ('18','19','20','21','22') )  [ RunTime:0.000000s ]
NOTIC: [2] Invalid argument supplied for foreach() D:\wwwroot\7g\Application\Home\Controller\GoodsController.class.php ç¬¬ 77 è¡Œ.
INFO: [ view_parse ] --START--
INFO: [ template_filter ] --START--
INFO: Run Behavior\ContentReplaceBehavior [ RunTime:0.000000s ]
INFO: [ template_filter ] --END-- [ RunTime:0.000000s ]
NOTIC: [8] Undefined index: have D:\wwwroot\7g\Application\Runtime\Cache\Home\38ed0e9cddc00f8541eb7e42ce4b2867.php ç¬¬ 48 è¡Œ.
NOTIC: [8] Undefined index: have D:\wwwroot\7g\Application\Runtime\Cache\Home\38ed0e9cddc00f8541eb7e42ce4b2867.php ç¬¬ 48 è¡Œ.
NOTIC: [8] Undefined index: have D:\wwwroot\7g\Application\Runtime\Cache\Home\38ed0e9cddc00f8541eb7e42ce4b2867.php ç¬¬ 48 è¡Œ.
NOTIC: [8] Undefined index: have D:\wwwroot\7g\Application\Runtime\Cache\Home\38ed0e9cddc00f8541eb7e42ce4b2867.php ç¬¬ 48 è¡Œ.
NOTIC: [8] Undefined index: have D:\wwwroot\7g\Application\Runtime\Cache\Home\38ed0e9cddc00f8541eb7e42ce4b2867.php ç¬¬ 48 è¡Œ.
INFO: Run Behavior\ParseTemplateBehavior [ RunTime:0.011001s ]
INFO: [ view_parse ] --END-- [ RunTime:0.011001s ]
INFO: [ view_filter ] --START--
INFO: Run Behavior\WriteHtmlCacheBehavior [ RunTime:0.000000s ]
INFO: [ view_filter ] --END-- [ RunTime:0.000000s ]
INFO: [ app_end ] --START--
INFO: Run Behavior\ShowPageTraceBehavior [ RunTime:0.001000s ]
INFO: [ app_end ] --END-- [ RunTime:0.001000s ]

[ 2015-07-23T13:24:12+08:00 ] 59.53.23.174 /getgoods2.html
INFO: [ app_init ] --START--
INFO: Run Behavior\BuildLiteBehavior [ RunTime:0.000000s ]
INFO: [ app_init ] --END-- [ RunTime:0.000000s ]
INFO: [ app_begin ] --START--
INFO: Run Behavior\ReadHtmlCacheBehavior [ RunTime:0.000000s ]
INFO: [ app_begin ] --END-- [ RunTime:0.001000s ]
INFO: [ action_begin ] --START--
INFO: Run Home\Behavior\HomePermissionBehavior [ RunTime:0.001000s ]
INFO: [ action_begin ] --END-- [ RunTime:0.001000s ]
NOTIC: [8192] mysql_connect(): The mysql extension is deprecated and will be removed in the future: use mysqli or PDO instead D:\wwwroot\7g\ThinkPHP\Library\Think\Db\Driver\Mysql.class.php ç¬¬ 52 è¡Œ.
SQL: SHOW COLUMNS FROM `product` [ RunTime:0.002000s ]
SQL: SELECT DISTINCT  `category_id` FROM `product` WHERE ( `state`=1 )  [ RunTime:0.000000s ]
SQL: SHOW COLUMNS FROM `category` [ RunTime:0.000000s ]
SQL: SELECT * FROM `category` WHERE ( `id` IN (2,3,1) )  [ RunTime:0.000000s ]
SQL: SELECT COUNT(*) AS tp_count FROM `product` WHERE ( category_id = '2' AND `state`=1 ) ORDER BY `top_time` DESC LIMIT 1   [ RunTime:0.000000s ]
SQL: SELECT * FROM `product` WHERE ( category_id = '2' AND `state`=1 ) ORDER BY `top_time` DESC LIMIT 0,30   [ RunTime:0.000000s ]
NOTIC: [8] Undefined index: m D:\wwwroot\7g\ThinkPHP\Common\functions.php ç¬¬ 885 è¡Œ.
NOTIC: [8] Undefined variable: up_page D:\wwwroot\7g\ThinkPHP\Library\Think\Page.class.php ç¬¬ 155 è¡Œ.
NOTIC: [8] Undefined variable: down_page D:\wwwroot\7g\ThinkPHP\Library\Think\Page.class.php ç¬¬ 155 è¡Œ.
NOTIC: [8] Undefined variable: the_first D:\wwwroot\7g\ThinkPHP\Library\Think\Page.class.php ç¬¬ 155 è¡Œ.
NOTIC: [8] Undefined variable: the_end D:\wwwroot\7g\ThinkPHP\Library\Think\Page.class.php ç¬¬ 155 è¡Œ.
SQL: SHOW COLUMNS FROM `members` [ RunTime:0.002000s ]
SQL: SELECT `id` FROM `members` WHERE ( `username` = 'xzy1006' ) LIMIT 1   [ RunTime:0.001000s ]
SQL: SHOW COLUMNS FROM `members_product` [ RunTime:0.001000s ]
SQL: SELECT `goods_id`,`dprice1`,`dprice2`,`dprice3` FROM `members_product` WHERE ( `members_id` = 35 ) AND ( `goods_id` IN ('29','1','3','2','14','24','25','26','27','28','30','31','32') )  [ RunTime:0.001000s ]
NOTIC: [2] Invalid argument supplied for foreach() D:\wwwroot\7g\Application\Home\Controller\GoodsController.class.php ç¬¬ 77 è¡Œ.
INFO: [ view_parse ] --START--
INFO: [ template_filter ] --START--
INFO: Run Behavior\ContentReplaceBehavior [ RunTime:0.000000s ]
INFO: [ template_filter ] --END-- [ RunTime:0.000000s ]
NOTIC: [8] Undefined index: have D:\wwwroot\7g\Application\Runtime\Cache\Home\38ed0e9cddc00f8541eb7e42ce4b2867.php ç¬¬ 48 è¡Œ.
NOTIC: [8] Undefined index: have D:\wwwroot\7g\Application\Runtime\Cache\Home\38ed0e9cddc00f8541eb7e42ce4b2867.php ç¬¬ 48 è¡Œ.
NOTIC: [8] Undefined index: have D:\wwwroot\7g\Application\Runtime\Cache\Home\38ed0e9cddc00f8541eb7e42ce4b2867.php ç¬¬ 48 è¡Œ.
NOTIC: [8] Undefined index: have D:\wwwroot\7g\Application\Runtime\Cache\Home\38ed0e9cddc00f8541eb7e42ce4b2867.php ç¬¬ 48 è¡Œ.
NOTIC: [8] Undefined index: have D:\wwwroot\7g\Application\Runtime\Cache\Home\38ed0e9cddc00f8541eb7e42ce4b2867.php ç¬¬ 48 è¡Œ.
NOTIC: [8] Undefined index: have D:\wwwroot\7g\Application\Runtime\Cache\Home\38ed0e9cddc00f8541eb7e42ce4b2867.php ç¬¬ 48 è¡Œ.
NOTIC: [8] Undefined index: have D:\wwwroot\7g\Application\Runtime\Cache\Home\38ed0e9cddc00f8541eb7e42ce4b2867.php ç¬¬ 48 è¡Œ.
NOTIC: [8] Undefined index: have D:\wwwroot\7g\Application\Runtime\Cache\Home\38ed0e9cddc00f8541eb7e42ce4b2867.php ç¬¬ 48 è¡Œ.
NOTIC: [8] Undefined index: have D:\wwwroot\7g\Application\Runtime\Cache\Home\38ed0e9cddc00f8541eb7e42ce4b2867.php ç¬¬ 48 è¡Œ.
NOTIC: [8] Undefined index: have D:\wwwroot\7g\Application\Runtime\Cache\Home\38ed0e9cddc00f8541eb7e42ce4b2867.php ç¬¬ 48 è¡Œ.
NOTIC: [8] Undefined index: have D:\wwwroot\7g\Application\Runtime\Cache\Home\38ed0e9cddc00f8541eb7e42ce4b2867.php ç¬¬ 48 è¡Œ.
NOTIC: [8] Undefined index: have D:\wwwroot\7g\Application\Runtime\Cache\Home\38ed0e9cddc00f8541eb7e42ce4b2867.php ç¬¬ 48 è¡Œ.
NOTIC: [8] Undefined index: have D:\wwwroot\7g\Application\Runtime\Cache\Home\38ed0e9cddc00f8541eb7e42ce4b2867.php ç¬¬ 48 è¡Œ.
INFO: Run Behavior\ParseTemplateBehavior [ RunTime:0.011000s ]
INFO: [ view_parse ] --END-- [ RunTime:0.012000s ]
INFO: [ view_filter ] --START--
INFO: Run Behavior\WriteHtmlCacheBehavior [ RunTime:0.000000s ]
INFO: [ view_filter ] --END-- [ RunTime:0.000000s ]
INFO: [ app_end ] --START--
INFO: Run Behavior\ShowPageTraceBehavior [ RunTime:0.000000s ]
INFO: [ app_end ] --END-- [ RunTime:0.000000s ]

[ 2015-07-23T13:28:44+08:00 ] 182.202.48.149 /Verify/Index/common
INFO: [ app_init ] --START--
INFO: Run Behavior\BuildLiteBehavior [ RunTime:0.000000s ]
INFO: [ app_init ] --END-- [ RunTime:0.000000s ]
INFO: [ app_begin ] --START--
INFO: Run Behavior\ReadHtmlCacheBehavior [ RunTime:0.000000s ]
INFO: [ app_begin ] --END-- [ RunTime:0.000000s ]

[ 2015-07-23T13:28:44+08:00 ] 182.202.48.149 /Verify/Index/verify.html
INFO: [ app_init ] --START--
INFO: Run Behavior\BuildLiteBehavior [ RunTime:0.000000s ]
INFO: [ app_init ] --END-- [ RunTime:0.000000s ]
INFO: [ app_begin ] --START--
INFO: Run Behavior\ReadHtmlCacheBehavior [ RunTime:0.000000s ]
INFO: [ app_begin ] --END-- [ RunTime:0.000000s ]
INFO: [ app_end ] --START--
INFO: Run Behavior\ShowPageTraceBehavior [ RunTime:0.000000s ]
INFO: [ app_end ] --END-- [ RunTime:0.000000s ]

[ 2015-07-23T13:34:37+08:00 ] 180.153.205.254 /Verify/Index/common
INFO: [ app_init ] --START--
INFO: Run Behavior\BuildLiteBehavior [ RunTime:0.000000s ]
INFO: [ app_init ] --END-- [ RunTime:0.000000s ]
INFO: [ app_begin ] --START--
INFO: Run Behavior\ReadHtmlCacheBehavior [ RunTime:0.000000s ]
INFO: [ app_begin ] --END-- [ RunTime:0.000000s ]

[ 2015-07-23T13:34:37+08:00 ] 101.226.65.107 /Verify/Index/verify.html
INFO: [ app_init ] --START--
INFO: Run Behavior\BuildLiteBehavior [ RunTime:0.001000s ]
INFO: [ app_init ] --END-- [ RunTime:0.001000s ]
INFO: [ app_begin ] --START--
INFO: Run Behavior\ReadHtmlCacheBehavior [ RunTime:0.000000s ]
INFO: [ app_begin ] --END-- [ RunTime:0.000000s ]
INFO: [ app_end ] --START--
INFO: Run Behavior\ShowPageTraceBehavior [ RunTime:0.000000s ]
INFO: [ app_end ] --END-- [ RunTime:0.000000s ]

[ 2015-07-23T13:36:35+08:00 ] 180.153.163.189 /Home/Userinfo/userInfo.html
INFO: [ app_init ] --START--
INFO: Run Behavior\BuildLiteBehavior [ RunTime:0.000000s ]
INFO: [ app_init ] --END-- [ RunTime:0.000000s ]
INFO: [ app_begin ] --START--
INFO: Run Behavior\ReadHtmlCacheBehavior [ RunTime:0.000000s ]
INFO: [ app_begin ] --END-- [ RunTime:0.000000s ]
INFO: [ action_begin ] --START--

[ 2015-07-23T13:37:25+08:00 ] 101.226.66.179 /getgoods3.html
INFO: [ app_init ] --START--
INFO: Run Behavior\BuildLiteBehavior [ RunTime:0.000000s ]
INFO: [ app_init ] --END-- [ RunTime:0.000000s ]
INFO: [ app_begin ] --START--
INFO: Run Behavior\ReadHtmlCacheBehavior [ RunTime:0.000000s ]
INFO: [ app_begin ] --END-- [ RunTime:0.000000s ]
INFO: [ action_begin ] --START--

[ 2015-07-23T13:37:44+08:00 ] 180.153.163.209 /getgoods2.html
INFO: [ app_init ] --START--
INFO: Run Behavior\BuildLiteBehavior [ RunTime:0.000000s ]
INFO: [ app_init ] --END-- [ RunTime:0.000000s ]
INFO: [ app_begin ] --START--
INFO: Run Behavior\ReadHtmlCacheBehavior [ RunTime:0.000000s ]
INFO: [ app_begin ] --END-- [ RunTime:0.000000s ]
INFO: [ action_begin ] --START--

[ 2015-07-23T13:57:25+08:00 ] 180.153.163.211 /news/script/DD_belatedPNG_0.0.8a.js
INFO: [ app_init ] --START--
INFO: Run Behavior\BuildLiteBehavior [ RunTime:0.000000s ]
INFO: [ app_init ] --END-- [ RunTime:0.000000s ]
INFO: [ app_begin ] --START--
INFO: Run Behavior\ReadHtmlCacheBehavior [ RunTime:0.001000s ]
INFO: [ app_begin ] --END-- [ RunTime:0.001000s ]
ERR: æ— æ³•åŠ è½½æŽ§åˆ¶å™¨:News

[ 2015-07-23T14:09:18+08:00 ] 220.181.132.216 /Verify/Index/common
INFO: [ app_init ] --START--
INFO: Run Behavior\BuildLiteBehavior [ RunTime:0.000000s ]
INFO: [ app_init ] --END-- [ RunTime:0.000000s ]
INFO: [ app_begin ] --START--
INFO: Run Behavior\ReadHtmlCacheBehavior [ RunTime:0.000000s ]
INFO: [ app_begin ] --END-- [ RunTime:0.000000s ]

[ 2015-07-23T14:28:07+08:00 ] 222.211.173.110 /Admin/Product/goodsData.html?goods_id=1
INFO: [ app_init ] --START--
INFO: Run Behavior\BuildLiteBehavior [ RunTime:0.000000s ]
INFO: [ app_init ] --END-- [ RunTime:0.000000s ]
INFO: [ app_begin ] --START--
INFO: Run Behavior\ReadHtmlCacheBehavior [ RunTime:0.001000s ]
INFO: [ app_begin ] --END-- [ RunTime:0.001000s ]
INFO: [ action_begin ] --START--

[ 2015-07-23T14:28:07+08:00 ] 222.211.173.110 /Login/Index/index.html
INFO: [ app_init ] --START--
INFO: Run Behavior\BuildLiteBehavior [ RunTime:0.000000s ]
INFO: [ app_init ] --END-- [ RunTime:0.000000s ]
INFO: [ app_begin ] --START--
INFO: Run Behavior\ReadHtmlCacheBehavior [ RunTime:0.000000s ]
INFO: [ app_begin ] --END-- [ RunTime:0.000000s ]
INFO: [ view_parse ] --START--
INFO: [ template_filter ] --START--
INFO: Run Behavior\ContentReplaceBehavior [ RunTime:0.000000s ]
INFO: [ template_filter ] --END-- [ RunTime:0.000000s ]
INFO: Run Behavior\ParseTemplateBehavior [ RunTime:0.026002s ]
INFO: [ view_parse ] --END-- [ RunTime:0.026002s ]
INFO: [ view_filter ] --START--
INFO: Run Behavior\WriteHtmlCacheBehavior [ RunTime:0.001000s ]
INFO: [ view_filter ] --END-- [ RunTime:0.001000s ]
INFO: [ app_end ] --START--
INFO: Run Behavior\ShowPageTraceBehavior [ RunTime:0.001000s ]
INFO: [ app_end ] --END-- [ RunTime:0.001000s ]

[ 2015-07-23T14:57:15+08:00 ] 124.126.172.228 /Verify/Index/common
INFO: [ app_init ] --START--
INFO: Run Behavior\BuildLiteBehavior [ RunTime:0.000000s ]
INFO: [ app_init ] --END-- [ RunTime:0.000000s ]
INFO: [ app_begin ] --START--
INFO: Run Behavior\ReadHtmlCacheBehavior [ RunTime:0.001000s ]
INFO: [ app_begin ] --END-- [ RunTime:0.001000s ]

[ 2015-07-23T14:57:15+08:00 ] 124.126.172.228 /Verify/Index/verify.html
INFO: [ app_init ] --START--
INFO: Run Behavior\BuildLiteBehavior [ RunTime:0.000000s ]
INFO: [ app_init ] --END-- [ RunTime:0.000000s ]
INFO: [ app_begin ] --START--
INFO: Run Behavior\ReadHtmlCacheBehavior [ RunTime:0.000000s ]
INFO: [ app_begin ] --END-- [ RunTime:0.000000s ]
INFO: [ app_end ] --START--
INFO: Run Behavior\ShowPageTraceBehavior [ RunTime:0.001000s ]
INFO: [ app_end ] --END-- [ RunTime:0.001000s ]

[ 2015-07-23T16:31:31+08:00 ] 101.199.112.45 /Verify/Index/common
INFO: [ app_init ] --START--
INFO: Run Behavior\BuildLiteBehavior [ RunTime:0.000000s ]
INFO: [ app_init ] --END-- [ RunTime:0.000000s ]
INFO: [ app_begin ] --START--
INFO: Run Behavior\ReadHtmlCacheBehavior [ RunTime:0.001000s ]
INFO: [ app_begin ] --END-- [ RunTime:0.001000s ]

[ 2015-07-23T17:47:25+08:00 ] 175.44.112.252 /Verify/Index/common
INFO: [ app_init ] --START--
INFO: Run Behavior\BuildLiteBehavior [ RunTime:0.000000s ]
INFO: [ app_init ] --END-- [ RunTime:0.000000s ]
INFO: [ app_begin ] --START--
INFO: Run Behavior\ReadHtmlCacheBehavior [ RunTime:0.001000s ]
INFO: [ app_begin ] --END-- [ RunTime:0.001000s ]

[ 2015-07-23T17:47:26+08:00 ] 175.44.112.252 /Verify/Index/verify.html
INFO: [ app_init ] --START--
INFO: Run Behavior\BuildLiteBehavior [ RunTime:0.000000s ]
INFO: [ app_init ] --END-- [ RunTime:0.000000s ]
INFO: [ app_begin ] --START--
INFO: Run Behavior\ReadHtmlCacheBehavior [ RunTime:0.000000s ]
INFO: [ app_begin ] --END-- [ RunTime:0.000000s ]
INFO: [ app_end ] --START--
INFO: Run Behavior\ShowPageTraceBehavior [ RunTime:0.002000s ]
INFO: [ app_end ] --END-- [ RunTime:0.002000s ]

[ 2015-07-23T18:59:15+08:00 ] 58.246.5.26 /Verify/Index/common
INFO: [ app_init ] --START--
INFO: Run Behavior\BuildLiteBehavior [ RunTime:0.000000s ]
INFO: [ app_init ] --END-- [ RunTime:0.000000s ]
INFO: [ app_begin ] --START--
INFO: Run Behavior\ReadHtmlCacheBehavior [ RunTime:0.001000s ]
INFO: [ app_begin ] --END-- [ RunTime:0.001000s ]

[ 2015-07-23T18:59:15+08:00 ] 58.246.5.26 /Verify/Index/verify.html
INFO: [ app_init ] --START--
INFO: Run Behavior\BuildLiteBehavior [ RunTime:0.000000s ]
INFO: [ app_init ] --END-- [ RunTime:0.000000s ]
INFO: [ app_begin ] --START--
INFO: Run Behavior\ReadHtmlCacheBehavior [ RunTime:0.000000s ]
INFO: [ app_begin ] --END-- [ RunTime:0.000000s ]
INFO: [ app_end ] --START--
INFO: Run Behavior\ShowPageTraceBehavior [ RunTime:0.002000s ]
INFO: [ app_end ] --END-- [ RunTime:0.002000s ]

[ 2015-07-23T21:46:31+08:00 ] 42.48.249.164 /Verify/Index/common
INFO: [ app_init ] --START--
INFO: Run Behavior\BuildLiteBehavior [ RunTime:0.000000s ]
INFO: [ app_init ] --END-- [ RunTime:0.000000s ]
INFO: [ app_begin ] --START--
INFO: Run Behavior\ReadHtmlCacheBehavior [ RunTime:0.001000s ]
INFO: [ app_begin ] --END-- [ RunTime:0.001000s ]

[ 2015-07-23T21:46:31+08:00 ] 42.48.249.164 /Verify/Index/verify.html
INFO: [ app_init ] --START--
INFO: Run Behavior\BuildLiteBehavior [ RunTime:0.000000s ]
INFO: [ app_init ] --END-- [ RunTime:0.000000s ]
INFO: [ app_begin ] --START--
INFO: Run Behavior\ReadHtmlCacheBehavior [ RunTime:0.000000s ]
INFO: [ app_begin ] --END-- [ RunTime:0.000000s ]
INFO: [ app_end ] --START--
INFO: Run Behavior\ShowPageTraceBehavior [ RunTime:0.001000s ]
INFO: [ app_end ] --END-- [ RunTime:0.001000s ]

[ 2015-07-23T22:15:04+08:00 ] 116.11.149.228 /Verify/Index/common
INFO: [ app_init ] --START--
INFO: Run Behavior\BuildLiteBehavior [ RunTime:0.000000s ]
INFO: [ app_init ] --END-- [ RunTime:0.001000s ]
INFO: [ app_begin ] --START--
INFO: Run Behavior\ReadHtmlCacheBehavior [ RunTime:0.001000s ]
INFO: [ app_begin ] --END-- [ RunTime:0.001000s ]

[ 2015-07-23T22:15:04+08:00 ] 116.11.149.228 /Verify/Index/verify.html
INFO: [ app_init ] --START--
INFO: Run Behavior\BuildLiteBehavior [ RunTime:0.000000s ]
INFO: [ app_init ] --END-- [ RunTime:0.001000s ]
INFO: [ app_begin ] --START--
INFO: Run Behavior\ReadHtmlCacheBehavior [ RunTime:0.001000s ]
INFO: [ app_begin ] --END-- [ RunTime:0.001000s ]
INFO: [ app_end ] --START--
INFO: Run Behavior\ShowPageTraceBehavior [ RunTime:0.001000s ]
INFO: [ app_end ] --END-- [ RunTime:0.001000s ]

[ 2015-07-23T22:15:42+08:00 ] 116.11.149.228 /Home/Registe/checkUserExist.html
INFO: [ app_init ] --START--
INFO: Run Behavior\BuildLiteBehavior [ RunTime:0.000000s ]
INFO: [ app_init ] --END-- [ RunTime:0.000000s ]
INFO: [ app_begin ] --START--
INFO: Run Behavior\ReadHtmlCacheBehavior [ RunTime:0.000000s ]
INFO: [ app_begin ] --END-- [ RunTime:0.000000s ]
INFO: [ action_begin ] --START--
INFO: Run Home\Behavior\HomePermissionBehavior [ RunTime:0.001000s ]
INFO: [ action_begin ] --END-- [ RunTime:0.001000s ]
NOTIC: [8192] mysql_connect(): The mysql extension is deprecated and will be removed in the future: use mysqli or PDO instead D:\wwwroot\7g\ThinkPHP\Library\Think\Db\Driver\Mysql.class.php ç¬¬ 52 è¡Œ.
SQL: SHOW COLUMNS FROM `members` [ RunTime:0.001000s ]
SQL: SELECT `id` FROM `members` WHERE ( `username` = 'pengjun' ) LIMIT 1   [ RunTime:0.000000s ]

[ 2015-07-23T22:17:15+08:00 ] 116.11.149.228 /Home/Registe/index.html
INFO: [ app_init ] --START--
INFO: Run Behavior\BuildLiteBehavior [ RunTime:0.000000s ]
INFO: [ app_init ] --END-- [ RunTime:0.000000s ]
INFO: [ app_begin ] --START--
INFO: Run Behavior\ReadHtmlCacheBehavior [ RunTime:0.000000s ]
INFO: [ app_begin ] --END-- [ RunTime:0.000000s ]
INFO: [ action_begin ] --START--
INFO: Run Home\Behavior\HomePermissionBehavior [ RunTime:0.000000s ]
INFO: [ action_begin ] --END-- [ RunTime:0.000000s ]
NOTIC: [8192] mysql_connect(): The mysql extension is deprecated and will be removed in the future: use mysqli or PDO instead D:\wwwroot\7g\ThinkPHP\Library\Think\Db\Driver\Mysql.class.php ç¬¬ 52 è¡Œ.
SQL: SHOW COLUMNS FROM `members` [ RunTime:0.001000s ]
SQL: INSERT INTO `members` (`username`,`password`,`qq`,`tel`,`email`,`payee`,`bank_name`,`bank_addr`,`bank_account`,`client_ip`,`enter_time`) VALUES ('pengjun','670b14728ad9902aecba32e22fa4f6bd','157589097','13988886666','157589097@qq.com','å½­ä¿Š','å·¥å•†é“¶è¡Œ','å·¥å•†é“¶è¡Œå¹¿è¥¿åˆ†è¡Œå®¹åŽ¿è¥¿å¤§è¡—æ”¯è¡\Œ','6212252111000002449',1946916324,1437661035) [ RunTime:0.006001s ]
SQL: SELECT * FROM `members` WHERE ( `id` = 36 ) LIMIT 1   [ RunTime:0.000000s ]
SQL: UPDATE `members` SET `login_num`=login_num+1 WHERE ( id=36 ) [ RunTime:0.005000s ]

[ 2015-07-23T22:17:15+08:00 ] 116.11.149.228 /Home/Userinfo/userInfo.html
INFO: [ app_init ] --START--
INFO: Run Behavior\BuildLiteBehavior [ RunTime:0.000000s ]
INFO: [ app_init ] --END-- [ RunTime:0.000000s ]
INFO: [ app_begin ] --START--
INFO: Run Behavior\ReadHtmlCacheBehavior [ RunTime:0.000000s ]
INFO: [ app_begin ] --END-- [ RunTime:0.000000s ]
INFO: [ action_begin ] --START--
INFO: Run Home\Behavior\HomePermissionBehavior [ RunTime:0.001000s ]
INFO: [ action_begin ] --END-- [ RunTime:0.001000s ]
NOTIC: [8192] mysql_connect(): The mysql extension is deprecated and will be removed in the future: use mysqli or PDO instead D:\wwwroot\7g\ThinkPHP\Library\Think\Db\Driver\Mysql.class.php ç¬¬ 52 è¡Œ.
SQL: SHOW COLUMNS FROM `members` [ RunTime:0.001000s ]
SQL: SELECT * FROM `members` WHERE ( `username` = 'pengjun' ) LIMIT 1   [ RunTime:0.000000s ]
SQL: SHOW COLUMNS FROM `product_data` [ RunTime:0.001001s ]
SQL: SELECT SUM(money) AS tp_sum FROM `product_data` WHERE ( `member_id`='36' AND DATE(FROM_UNIXTIME(`time`))='2015-07-22' ) LIMIT 1   [ RunTime:0.000000s ]
SQL: SELECT SUM(money) AS tp_sum FROM `product_data` WHERE ( `member_id`='36' ) LIMIT 1   [ RunTime:0.000000s ]
NOTIC: [2048] Declaration of Home\Model\CashModel::page() should be compatible with Think\Model::page($page, $listRows = NULL) D:\wwwroot\7g\Application\Home\Model\CashModel.class.php ç¬¬ 0 è¡Œ.
SQL: SHOW COLUMNS FROM `cash` [ RunTime:0.001000s ]
SQL: SELECT SUM(`withdrawal_amount`) AS tp_sum FROM `cash` WHERE ( `member_id`='36' AND `checked`!=-1 ) LIMIT 1   [ RunTime:0.001000s ]
INFO: [ view_parse ] --START--
INFO: [ template_filter ] --START--
INFO: Run Behavior\ContentReplaceBehavior [ RunTime:0.000000s ]
INFO: [ template_filter ] --END-- [ RunTime:0.000000s ]
INFO: Run Behavior\ParseTemplateBehavior [ RunTime:0.029001s ]
INFO: [ view_parse ] --END-- [ RunTime:0.029001s ]
INFO: [ view_filter ] --START--
INFO: Run Behavior\WriteHtmlCacheBehavior [ RunTime:0.000000s ]
INFO: [ view_filter ] --END-- [ RunTime:0.000000s ]
INFO: [ app_end ] --START--
INFO: Run Behavior\ShowPageTraceBehavior [ RunTime:0.000000s ]
INFO: [ app_end ] --END-- [ RunTime:0.001001s ]

[ 2015-07-23T22:17:20+08:00 ] 116.11.149.228 /myad.html
INFO: [ app_init ] --START--
INFO: Run Behavior\BuildLiteBehavior [ RunTime:0.000000s ]
INFO: [ app_init ] --END-- [ RunTime:0.000000s ]
INFO: [ app_begin ] --START--
INFO: Run Behavior\ReadHtmlCacheBehavior [ RunTime:0.001000s ]
INFO: [ app_begin ] --END-- [ RunTime:0.001000s ]
INFO: [ action_begin ] --START--
INFO: Run Home\Behavior\HomePermissionBehavior [ RunTime:0.001000s ]
INFO: [ action_begin ] --END-- [ RunTime:0.001000s ]
NOTIC: [8192] mysql_connect(): The mysql extension is deprecated and will be removed in the future: use mysqli or PDO instead D:\wwwroot\7g\ThinkPHP\Library\Think\Db\Driver\Mysql.class.php ç¬¬ 52 è¡Œ.
SQL: SHOW COLUMNS FROM `members` [ RunTime:0.002000s ]
SQL: SELECT `id` FROM `members` WHERE ( `username` = 'pengjun' ) LIMIT 1   [ RunTime:0.001000s ]
SQL: SHOW COLUMNS FROM `members_product` [ RunTime:0.001000s ]
SQL: SELECT COUNT(*) AS tp_count FROM `members_product` WHERE ( `members_id` = 36 ) LIMIT 1   [ RunTime:0.001000s ]
SQL: SELECT * FROM `members_product` WHERE ( `members_id` = 36 ) LIMIT 0,30   [ RunTime:0.000000s ]
NOTIC: [2] Invalid argument supplied for foreach() D:\wwwroot\7g\Application\Home\Controller\AdController.class.php ç¬¬ 41 è¡Œ.
INFO: [ view_parse ] --START--
INFO: [ template_filter ] --START--
INFO: Run Behavior\ContentReplaceBehavior [ RunTime:0.000000s ]
INFO: [ template_filter ] --END-- [ RunTime:0.000000s ]
INFO: Run Behavior\ParseTemplateBehavior [ RunTime:0.007000s ]
INFO: [ view_parse ] --END-- [ RunTime:0.008000s ]
INFO: [ view_filter ] --START--
INFO: Run Behavior\WriteHtmlCacheBehavior [ RunTime:0.000000s ]
INFO: [ view_filter ] --END-- [ RunTime:0.000000s ]
INFO: [ app_end ] --START--
INFO: Run Behavior\ShowPageTraceBehavior [ RunTime:0.000000s ]
INFO: [ app_end ] --END-- [ RunTime:0.000000s ]

[ 2015-07-23T22:17:21+08:00 ] 116.11.149.228 /getgoods.html
INFO: [ app_init ] --START--
INFO: Run Behavior\BuildLiteBehavior [ RunTime:0.000000s ]
INFO: [ app_init ] --END-- [ RunTime:0.000000s ]
INFO: [ app_begin ] --START--
INFO: Run Behavior\ReadHtmlCacheBehavior [ RunTime:0.000000s ]
INFO: [ app_begin ] --END-- [ RunTime:0.000000s ]
INFO: [ action_begin ] --START--
INFO: Run Home\Behavior\HomePermissionBehavior [ RunTime:0.000000s ]
INFO: [ action_begin ] --END-- [ RunTime:0.001000s ]
NOTIC: [8192] mysql_connect(): The mysql extension is deprecated and will be removed in the future: use mysqli or PDO instead D:\wwwroot\7g\ThinkPHP\Library\Think\Db\Driver\Mysql.class.php ç¬¬ 52 è¡Œ.
SQL: SHOW COLUMNS FROM `product` [ RunTime:0.002001s ]
SQL: SELECT DISTINCT  `category_id` FROM `product` WHERE ( `state`=1 )  [ RunTime:0.001000s ]
SQL: SHOW COLUMNS FROM `category` [ RunTime:0.001000s ]
SQL: SELECT * FROM `category` WHERE ( `id` IN (2,3,1) )  [ RunTime:0.001000s ]
SQL: SELECT COUNT(*) AS tp_count FROM `product` WHERE ( category_id = '2' AND `state`=1 ) ORDER BY `top_time` DESC LIMIT 1   [ RunTime:0.000000s ]
SQL: SELECT * FROM `product` WHERE ( category_id = '2' AND `state`=1 ) ORDER BY `top_time` DESC LIMIT 0,30   [ RunTime:0.001000s ]
NOTIC: [8] Undefined index: m D:\wwwroot\7g\ThinkPHP\Common\functions.php ç¬¬ 885 è¡Œ.
NOTIC: [8] Undefined variable: up_page D:\wwwroot\7g\ThinkPHP\Library\Think\Page.class.php ç¬¬ 155 è¡Œ.
NOTIC: [8] Undefined variable: down_page D:\wwwroot\7g\ThinkPHP\Library\Think\Page.class.php ç¬¬ 155 è¡Œ.
NOTIC: [8] Undefined variable: the_first D:\wwwroot\7g\ThinkPHP\Library\Think\Page.class.php ç¬¬ 155 è¡Œ.
NOTIC: [8] Undefined variable: the_end D:\wwwroot\7g\ThinkPHP\Library\Think\Page.class.php ç¬¬ 155 è¡Œ.
SQL: SHOW COLUMNS FROM `members` [ RunTime:0.002000s ]
SQL: SELECT `id` FROM `members` WHERE ( `username` = 'pengjun' ) LIMIT 1   [ RunTime:0.000000s ]
SQL: SHOW COLUMNS FROM `members_product` [ RunTime:0.001000s ]
SQL: SELECT `goods_id`,`dprice1`,`dprice2`,`dprice3` FROM `members_product` WHERE ( `members_id` = 36 ) AND ( `goods_id` IN ('29','1','3','2','14','24','25','26','27','28','30','31','32') )  [ RunTime:0.001000s ]
NOTIC: [2] Invalid argument supplied for foreach() D:\wwwroot\7g\Application\Home\Controller\GoodsController.class.php ç¬¬ 77 è¡Œ.
INFO: [ view_parse ] --START--
INFO: [ template_filter ] --START--
INFO: Run Behavior\ContentReplaceBehavior [ RunTime:0.000000s ]
INFO: [ template_filter ] --END-- [ RunTime:0.001000s ]
NOTIC: [8] Undefined index: have D:\wwwroot\7g\Application\Runtime\Cache\Home\38ed0e9cddc00f8541eb7e42ce4b2867.php ç¬¬ 48 è¡Œ.
NOTIC: [8] Undefined index: have D:\wwwroot\7g\Application\Runtime\Cache\Home\38ed0e9cddc00f8541eb7e42ce4b2867.php ç¬¬ 48 è¡Œ.
NOTIC: [8] Undefined index: have D:\wwwroot\7g\Application\Runtime\Cache\Home\38ed0e9cddc00f8541eb7e42ce4b2867.php ç¬¬ 48 è¡Œ.
NOTIC: [8] Undefined index: have D:\wwwroot\7g\Application\Runtime\Cache\Home\38ed0e9cddc00f8541eb7e42ce4b2867.php ç¬¬ 48 è¡Œ.
NOTIC: [8] Undefined index: have D:\wwwroot\7g\Application\Runtime\Cache\Home\38ed0e9cddc00f8541eb7e42ce4b2867.php ç¬¬ 48 è¡Œ.
NOTIC: [8] Undefined index: have D:\wwwroot\7g\Application\Runtime\Cache\Home\38ed0e9cddc00f8541eb7e42ce4b2867.php ç¬¬ 48 è¡Œ.
NOTIC: [8] Undefined index: have D:\wwwroot\7g\Application\Runtime\Cache\Home\38ed0e9cddc00f8541eb7e42ce4b2867.php ç¬¬ 48 è¡Œ.
NOTIC: [8] Undefined index: have D:\wwwroot\7g\Application\Runtime\Cache\Home\38ed0e9cddc00f8541eb7e42ce4b2867.php ç¬¬ 48 è¡Œ.
NOTIC: [8] Undefined index: have D:\wwwroot\7g\Application\Runtime\Cache\Home\38ed0e9cddc00f8541eb7e42ce4b2867.php ç¬¬ 48 è¡Œ.
NOTIC: [8] Undefined index: have D:\wwwroot\7g\Application\Runtime\Cache\Home\38ed0e9cddc00f8541eb7e42ce4b2867.php ç¬¬ 48 è¡Œ.
NOTIC: [8] Undefined index: have D:\wwwroot\7g\Application\Runtime\Cache\Home\38ed0e9cddc00f8541eb7e42ce4b2867.php ç¬¬ 48 è¡Œ.
NOTIC: [8] Undefined index: have D:\wwwroot\7g\Application\Runtime\Cache\Home\38ed0e9cddc00f8541eb7e42ce4b2867.php ç¬¬ 48 è¡Œ.
NOTIC: [8] Undefined index: have D:\wwwroot\7g\Application\Runtime\Cache\Home\38ed0e9cddc00f8541eb7e42ce4b2867.php ç¬¬ 48 è¡Œ.
INFO: Run Behavior\ParseTemplateBehavior [ RunTime:0.011001s ]
INFO: [ view_parse ] --END-- [ RunTime:0.011001s ]
INFO: [ view_filter ] --START--
INFO: Run Behavior\WriteHtmlCacheBehavior [ RunTime:0.000000s ]
INFO: [ view_filter ] --END-- [ RunTime:0.000000s ]
INFO: [ app_end ] --START--
INFO: Run Behavior\ShowPageTraceBehavior [ RunTime:0.000000s ]
INFO: [ app_end ] --END-- [ RunTime:0.000000s ]

[ 2015-07-23T22:17:57+08:00 ] 116.11.149.228 /getgoods1.html
INFO: [ app_init ] --START--
INFO: Run Behavior\BuildLiteBehavior [ RunTime:0.000000s ]
INFO: [ app_init ] --END-- [ RunTime:0.000000s ]
INFO: [ app_begin ] --START--
INFO: Run Behavior\ReadHtmlCacheBehavior [ RunTime:0.000000s ]
INFO: [ app_begin ] --END-- [ RunTime:0.000000s ]
INFO: [ action_begin ] --START--
INFO: Run Home\Behavior\HomePermissionBehavior [ RunTime:0.000000s ]
INFO: [ action_begin ] --END-- [ RunTime:0.000000s ]
NOTIC: [8192] mysql_connect(): The mysql extension is deprecated and will be removed in the future: use mysqli or PDO instead D:\wwwroot\7g\ThinkPHP\Library\Think\Db\Driver\Mysql.class.php ç¬¬ 52 è¡Œ.
SQL: SHOW COLUMNS FROM `product` [ RunTime:0.001000s ]
SQL: SELECT DISTINCT  `category_id` FROM `product` WHERE ( `state`=1 )  [ RunTime:0.000000s ]
SQL: SHOW COLUMNS FROM `category` [ RunTime:0.001001s ]
SQL: SELECT * FROM `category` WHERE ( `id` IN (2,3,1) )  [ RunTime:0.001000s ]
NOTIC: [8] Undefined offset: 0 D:\wwwroot\7g\Application\Home\Controller\GoodsController.class.php ç¬¬ 39 è¡Œ.
SQL: SELECT COUNT(*) AS tp_count FROM `product` WHERE ( category_id = '1' AND `state`=1 ) ORDER BY `top_time` DESC LIMIT 1   [ RunTime:0.001000s ]
SQL: SELECT * FROM `product` WHERE ( category_id = '1' AND `state`=1 ) ORDER BY `top_time` DESC LIMIT 0,30   [ RunTime:0.000000s ]
NOTIC: [8] Undefined index: m D:\wwwroot\7g\ThinkPHP\Common\functions.php ç¬¬ 885 è¡Œ.
NOTIC: [8] Undefined variable: up_page D:\wwwroot\7g\ThinkPHP\Library\Think\Page.class.php ç¬¬ 155 è¡Œ.
NOTIC: [8] Undefined variable: down_page D:\wwwroot\7g\ThinkPHP\Library\Think\Page.class.php ç¬¬ 155 è¡Œ.
NOTIC: [8] Undefined variable: the_first D:\wwwroot\7g\ThinkPHP\Library\Think\Page.class.php ç¬¬ 155 è¡Œ.
NOTIC: [8] Undefined variable: the_end D:\wwwroot\7g\ThinkPHP\Library\Think\Page.class.php ç¬¬ 155 è¡Œ.
SQL: SHOW COLUMNS FROM `members` [ RunTime:0.001000s ]
SQL: SELECT `id` FROM `members` WHERE ( `username` = 'pengjun' ) LIMIT 1   [ RunTime:0.001000s ]
SQL: SHOW COLUMNS FROM `members_product` [ RunTime:0.001000s ]
SQL: SELECT `goods_id`,`dprice1`,`dprice2`,`dprice3` FROM `members_product` WHERE ( `members_id` = 36 ) AND ( `goods_id` IN ('23') )  [ RunTime:0.001000s ]
NOTIC: [2] Invalid argument supplied for foreach() D:\wwwroot\7g\Application\Home\Controller\GoodsController.class.php ç¬¬ 77 è¡Œ.
INFO: [ view_parse ] --START--
INFO: [ template_filter ] --START--
INFO: Run Behavior\ContentReplaceBehavior [ RunTime:0.000000s ]
INFO: [ template_filter ] --END-- [ RunTime:0.001000s ]
NOTIC: [8] Undefined index: have D:\wwwroot\7g\Application\Runtime\Cache\Home\38ed0e9cddc00f8541eb7e42ce4b2867.php ç¬¬ 48 è¡Œ.
INFO: Run Behavior\ParseTemplateBehavior [ RunTime:0.011001s ]
INFO: [ view_parse ] --END-- [ RunTime:0.011001s ]
INFO: [ view_filter ] --START--
INFO: Run Behavior\WriteHtmlCacheBehavior [ RunTime:0.000000s ]
INFO: [ view_filter ] --END-- [ RunTime:0.000000s ]
INFO: [ app_end ] --START--
INFO: Run Behavior\ShowPageTraceBehavior [ RunTime:0.000000s ]
INFO: [ app_end ] --END-- [ RunTime:0.000000s ]

[ 2015-07-23T22:18:03+08:00 ] 116.11.149.228 /getgoods2.html
INFO: [ app_init ] --START--
INFO: Run Behavior\BuildLiteBehavior [ RunTime:0.000000s ]
INFO: [ app_init ] --END-- [ RunTime:0.000000s ]
INFO: [ app_begin ] --START--
INFO: Run Behavior\ReadHtmlCacheBehavior [ RunTime:0.000000s ]
INFO: [ app_begin ] --END-- [ RunTime:0.000000s ]
INFO: [ action_begin ] --START--
INFO: Run Home\Behavior\HomePermissionBehavior [ RunTime:0.000000s ]
INFO: [ action_begin ] --END-- [ RunTime:0.000000s ]
NOTIC: [8192] mysql_connect(): The mysql extension is deprecated and will be removed in the future: use mysqli or PDO instead D:\wwwroot\7g\ThinkPHP\Library\Think\Db\Driver\Mysql.class.php ç¬¬ 52 è¡Œ.
SQL: SHOW COLUMNS FROM `product` [ RunTime:0.002000s ]
SQL: SELECT DISTINCT  `category_id` FROM `product` WHERE ( `state`=1 )  [ RunTime:0.001000s ]
SQL: SHOW COLUMNS FROM `category` [ RunTime:0.001000s ]
SQL: SELECT * FROM `category` WHERE ( `id` IN (2,3,1) )  [ RunTime:0.000000s ]
SQL: SELECT COUNT(*) AS tp_count FROM `product` WHERE ( category_id = '2' AND `state`=1 ) ORDER BY `top_time` DESC LIMIT 1   [ RunTime:0.000000s ]
SQL: SELECT * FROM `product` WHERE ( category_id = '2' AND `state`=1 ) ORDER BY `top_time` DESC LIMIT 0,30   [ RunTime:0.000000s ]
NOTIC: [8] Undefined index: m D:\wwwroot\7g\ThinkPHP\Common\functions.php ç¬¬ 885 è¡Œ.
NOTIC: [8] Undefined variable: up_page D:\wwwroot\7g\ThinkPHP\Library\Think\Page.class.php ç¬¬ 155 è¡Œ.
NOTIC: [8] Undefined variable: down_page D:\wwwroot\7g\ThinkPHP\Library\Think\Page.class.php ç¬¬ 155 è¡Œ.
NOTIC: [8] Undefined variable: the_first D:\wwwroot\7g\ThinkPHP\Library\Think\Page.class.php ç¬¬ 155 è¡Œ.
NOTIC: [8] Undefined variable: the_end D:\wwwroot\7g\ThinkPHP\Library\Think\Page.class.php ç¬¬ 155 è¡Œ.
SQL: SHOW COLUMNS FROM `members` [ RunTime:0.001000s ]
SQL: SELECT `id` FROM `members` WHERE ( `username` = 'pengjun' ) LIMIT 1   [ RunTime:0.001000s ]
SQL: SHOW COLUMNS FROM `members_product` [ RunTime:0.001000s ]
SQL: SELECT `goods_id`,`dprice1`,`dprice2`,`dprice3` FROM `members_product` WHERE ( `members_id` = 36 ) AND ( `goods_id` IN ('29','1','3','2','14','24','25','26','27','28','30','31','32') )  [ RunTime:0.000000s ]
NOTIC: [2] Invalid argument supplied for foreach() D:\wwwroot\7g\Application\Home\Controller\GoodsController.class.php ç¬¬ 77 è¡Œ.
INFO: [ view_parse ] --START--
INFO: [ template_filter ] --START--
INFO: Run Behavior\ContentReplaceBehavior [ RunTime:0.000000s ]
INFO: [ template_filter ] --END-- [ RunTime:0.000000s ]
NOTIC: [8] Undefined index: have D:\wwwroot\7g\Application\Runtime\Cache\Home\38ed0e9cddc00f8541eb7e42ce4b2867.php ç¬¬ 48 è¡Œ.
NOTIC: [8] Undefined index: have D:\wwwroot\7g\Application\Runtime\Cache\Home\38ed0e9cddc00f8541eb7e42ce4b2867.php ç¬¬ 48 è¡Œ.
NOTIC: [8] Undefined index: have D:\wwwroot\7g\Application\Runtime\Cache\Home\38ed0e9cddc00f8541eb7e42ce4b2867.php ç¬¬ 48 è¡Œ.
NOTIC: [8] Undefined index: have D:\wwwroot\7g\Application\Runtime\Cache\Home\38ed0e9cddc00f8541eb7e42ce4b2867.php ç¬¬ 48 è¡Œ.
NOTIC: [8] Undefined index: have D:\wwwroot\7g\Application\Runtime\Cache\Home\38ed0e9cddc00f8541eb7e42ce4b2867.php ç¬¬ 48 è¡Œ.
NOTIC: [8] Undefined index: have D:\wwwroot\7g\Application\Runtime\Cache\Home\38ed0e9cddc00f8541eb7e42ce4b2867.php ç¬¬ 48 è¡Œ.
NOTIC: [8] Undefined index: have D:\wwwroot\7g\Application\Runtime\Cache\Home\38ed0e9cddc00f8541eb7e42ce4b2867.php ç¬¬ 48 è¡Œ.
NOTIC: [8] Undefined index: have D:\wwwroot\7g\Application\Runtime\Cache\Home\38ed0e9cddc00f8541eb7e42ce4b2867.php ç¬¬ 48 è¡Œ.
NOTIC: [8] Undefined index: have D:\wwwroot\7g\Application\Runtime\Cache\Home\38ed0e9cddc00f8541eb7e42ce4b2867.php ç¬¬ 48 è¡Œ.
NOTIC: [8] Undefined index: have D:\wwwroot\7g\Application\Runtime\Cache\Home\38ed0e9cddc00f8541eb7e42ce4b2867.php ç¬¬ 48 è¡Œ.
NOTIC: [8] Undefined index: have D:\wwwroot\7g\Application\Runtime\Cache\Home\38ed0e9cddc00f8541eb7e42ce4b2867.php ç¬¬ 48 è¡Œ.
NOTIC: [8] Undefined index: have D:\wwwroot\7g\Application\Runtime\Cache\Home\38ed0e9cddc00f8541eb7e42ce4b2867.php ç¬¬ 48 è¡Œ.
NOTIC: [8] Undefined index: have D:\wwwroot\7g\Application\Runtime\Cache\Home\38ed0e9cddc00f8541eb7e42ce4b2867.php ç¬¬ 48 è¡Œ.
INFO: Run Behavior\ParseTemplateBehavior [ RunTime:0.012000s ]
INFO: [ view_parse ] --END-- [ RunTime:0.012000s ]
INFO: [ view_filter ] --START--
INFO: Run Behavior\WriteHtmlCacheBehavior [ RunTime:0.000000s ]
INFO: [ view_filter ] --END-- [ RunTime:0.000000s ]
INFO: [ app_end ] --START--
INFO: Run Behavior\ShowPageTraceBehavior [ RunTime:0.000000s ]
INFO: [ app_end ] --END-- [ RunTime:0.000000s ]

[ 2015-07-23T22:18:03+08:00 ] 116.11.149.228 /getgoods3.html
INFO: [ app_init ] --START--
INFO: Run Behavior\BuildLiteBehavior [ RunTime:0.000000s ]
INFO: [ app_init ] --END-- [ RunTime:0.000000s ]
INFO: [ app_begin ] --START--
INFO: Run Behavior\ReadHtmlCacheBehavior [ RunTime:0.000000s ]
INFO: [ app_begin ] --END-- [ RunTime:0.000000s ]
INFO: [ action_begin ] --START--
INFO: Run Home\Behavior\HomePermissionBehavior [ RunTime:0.001000s ]
INFO: [ action_begin ] --END-- [ RunTime:0.001000s ]
NOTIC: [8192] mysql_connect(): The mysql extension is deprecated and will be removed in the future: use mysqli or PDO instead D:\wwwroot\7g\ThinkPHP\Library\Think\Db\Driver\Mysql.class.php ç¬¬ 52 è¡Œ.
SQL: SHOW COLUMNS FROM `product` [ RunTime:0.001000s ]
SQL: SELECT DISTINCT  `category_id` FROM `product` WHERE ( `state`=1 )  [ RunTime:0.000000s ]
SQL: SHOW COLUMNS FROM `category` [ RunTime:0.001000s ]
SQL: SELECT * FROM `category` WHERE ( `id` IN (2,3,1) )  [ RunTime:0.001000s ]
SQL: SELECT COUNT(*) AS tp_count FROM `product` WHERE ( category_id = '3' AND `state`=1 ) ORDER BY `top_time` DESC LIMIT 1   [ RunTime:0.000000s ]
SQL: SELECT * FROM `product` WHERE ( category_id = '3' AND `state`=1 ) ORDER BY `top_time` DESC LIMIT 0,30   [ RunTime:0.001000s ]
NOTIC: [8] Undefined index: m D:\wwwroot\7g\ThinkPHP\Common\functions.php ç¬¬ 885 è¡Œ.
NOTIC: [8] Undefined variable: up_page D:\wwwroot\7g\ThinkPHP\Library\Think\Page.class.php ç¬¬ 155 è¡Œ.
NOTIC: [8] Undefined variable: down_page D:\wwwroot\7g\ThinkPHP\Library\Think\Page.class.php ç¬¬ 155 è¡Œ.
NOTIC: [8] Undefined variable: the_first D:\wwwroot\7g\ThinkPHP\Library\Think\Page.class.php ç¬¬ 155 è¡Œ.
NOTIC: [8] Undefined variable: the_end D:\wwwroot\7g\ThinkPHP\Library\Think\Page.class.php ç¬¬ 155 è¡Œ.
SQL: SHOW COLUMNS FROM `members` [ RunTime:0.001000s ]
SQL: SELECT `id` FROM `members` WHERE ( `username` = 'pengjun' ) LIMIT 1   [ RunTime:0.000000s ]
SQL: SHOW COLUMNS FROM `members_product` [ RunTime:0.001000s ]
SQL: SELECT `goods_id`,`dprice1`,`dprice2`,`dprice3` FROM `members_product` WHERE ( `members_id` = 36 ) AND ( `goods_id` IN ('18','19','20','21','22') )  [ RunTime:0.000000s ]
NOTIC: [2] Invalid argument supplied for foreach() D:\wwwroot\7g\Application\Home\Controller\GoodsController.class.php ç¬¬ 77 è¡Œ.
INFO: [ view_parse ] --START--
INFO: [ template_filter ] --START--
INFO: Run Behavior\ContentReplaceBehavior [ RunTime:0.000000s ]
INFO: [ template_filter ] --END-- [ RunTime:0.000000s ]
NOTIC: [8] Undefined index: have D:\wwwroot\7g\Application\Runtime\Cache\Home\38ed0e9cddc00f8541eb7e42ce4b2867.php ç¬¬ 48 è¡Œ.
NOTIC: [8] Undefined index: have D:\wwwroot\7g\Application\Runtime\Cache\Home\38ed0e9cddc00f8541eb7e42ce4b2867.php ç¬¬ 48 è¡Œ.
NOTIC: [8] Undefined index: have D:\wwwroot\7g\Application\Runtime\Cache\Home\38ed0e9cddc00f8541eb7e42ce4b2867.php ç¬¬ 48 è¡Œ.
NOTIC: [8] Undefined index: have D:\wwwroot\7g\Application\Runtime\Cache\Home\38ed0e9cddc00f8541eb7e42ce4b2867.php ç¬¬ 48 è¡Œ.
NOTIC: [8] Undefined index: have D:\wwwroot\7g\Application\Runtime\Cache\Home\38ed0e9cddc00f8541eb7e42ce4b2867.php ç¬¬ 48 è¡Œ.
INFO: Run Behavior\ParseTemplateBehavior [ RunTime:0.011001s ]
INFO: [ view_parse ] --END-- [ RunTime:0.012001s ]
INFO: [ view_filter ] --START--
INFO: Run Behavior\WriteHtmlCacheBehavior [ RunTime:0.000000s ]
INFO: [ view_filter ] --END-- [ RunTime:0.000000s ]
INFO: [ app_end ] --START--
INFO: Run Behavior\ShowPageTraceBehavior [ RunTime:0.000000s ]
INFO: [ app_end ] --END-- [ RunTime:0.000000s ]

[ 2015-07-23T22:18:05+08:00 ] 116.11.149.228 /getgoods2.html
INFO: [ app_init ] --START--
INFO: Run Behavior\BuildLiteBehavior [ RunTime:0.000000s ]
INFO: [ app_init ] --END-- [ RunTime:0.000000s ]
INFO: [ app_begin ] --START--
INFO: Run Behavior\ReadHtmlCacheBehavior [ RunTime:0.000000s ]
INFO: [ app_begin ] --END-- [ RunTime:0.001000s ]
INFO: [ action_begin ] --START--
INFO: Run Home\Behavior\HomePermissionBehavior [ RunTime:0.001000s ]
INFO: [ action_begin ] --END-- [ RunTime:0.001000s ]
NOTIC: [8192] mysql_connect(): The mysql extension is deprecated and will be removed in the future: use mysqli or PDO instead D:\wwwroot\7g\ThinkPHP\Library\Think\Db\Driver\Mysql.class.php ç¬¬ 52 è¡Œ.
SQL: SHOW COLUMNS FROM `product` [ RunTime:0.001000s ]
SQL: SELECT DISTINCT  `category_id` FROM `product` WHERE ( `state`=1 )  [ RunTime:0.000000s ]
SQL: SHOW COLUMNS FROM `category` [ RunTime:0.001000s ]
SQL: SELECT * FROM `category` WHERE ( `id` IN (2,3,1) )  [ RunTime:0.001001s ]
SQL: SELECT COUNT(*) AS tp_count FROM `product` WHERE ( category_id = '2' AND `state`=1 ) ORDER BY `top_time` DESC LIMIT 1   [ RunTime:0.000000s ]
SQL: SELECT * FROM `product` WHERE ( category_id = '2' AND `state`=1 ) ORDER BY `top_time` DESC LIMIT 0,30   [ RunTime:0.001000s ]
NOTIC: [8] Undefined index: m D:\wwwroot\7g\ThinkPHP\Common\functions.php ç¬¬ 885 è¡Œ.
NOTIC: [8] Undefined variable: up_page D:\wwwroot\7g\ThinkPHP\Library\Think\Page.class.php ç¬¬ 155 è¡Œ.
NOTIC: [8] Undefined variable: down_page D:\wwwroot\7g\ThinkPHP\Library\Think\Page.class.php ç¬¬ 155 è¡Œ.
NOTIC: [8] Undefined variable: the_first D:\wwwroot\7g\ThinkPHP\Library\Think\Page.class.php ç¬¬ 155 è¡Œ.
NOTIC: [8] Undefined variable: the_end D:\wwwroot\7g\ThinkPHP\Library\Think\Page.class.php ç¬¬ 155 è¡Œ.
SQL: SHOW COLUMNS FROM `members` [ RunTime:0.001000s ]
SQL: SELECT `id` FROM `members` WHERE ( `username` = 'pengjun' ) LIMIT 1   [ RunTime:0.000000s ]
SQL: SHOW COLUMNS FROM `members_product` [ RunTime:0.002000s ]
SQL: SELECT `goods_id`,`dprice1`,`dprice2`,`dprice3` FROM `members_product` WHERE ( `members_id` = 36 ) AND ( `goods_id` IN ('29','1','3','2','14','24','25','26','27','28','30','31','32') )  [ RunTime:0.000000s ]
NOTIC: [2] Invalid argument supplied for foreach() D:\wwwroot\7g\Application\Home\Controller\GoodsController.class.php ç¬¬ 77 è¡Œ.
INFO: [ view_parse ] --START--
INFO: [ template_filter ] --START--
INFO: Run Behavior\ContentReplaceBehavior [ RunTime:0.000000s ]
INFO: [ template_filter ] --END-- [ RunTime:0.000000s ]
NOTIC: [8] Undefined index: have D:\wwwroot\7g\Application\Runtime\Cache\Home\38ed0e9cddc00f8541eb7e42ce4b2867.php ç¬¬ 48 è¡Œ.
NOTIC: [8] Undefined index: have D:\wwwroot\7g\Application\Runtime\Cache\Home\38ed0e9cddc00f8541eb7e42ce4b2867.php ç¬¬ 48 è¡Œ.
NOTIC: [8] Undefined index: have D:\wwwroot\7g\Application\Runtime\Cache\Home\38ed0e9cddc00f8541eb7e42ce4b2867.php ç¬¬ 48 è¡Œ.
NOTIC: [8] Undefined index: have D:\wwwroot\7g\Application\Runtime\Cache\Home\38ed0e9cddc00f8541eb7e42ce4b2867.php ç¬¬ 48 è¡Œ.
NOTIC: [8] Undefined index: have D:\wwwroot\7g\Application\Runtime\Cache\Home\38ed0e9cddc00f8541eb7e42ce4b2867.php ç¬¬ 48 è¡Œ.
NOTIC: [8] Undefined index: have D:\wwwroot\7g\Application\Runtime\Cache\Home\38ed0e9cddc00f8541eb7e42ce4b2867.php ç¬¬ 48 è¡Œ.
NOTIC: [8] Undefined index: have D:\wwwroot\7g\Application\Runtime\Cache\Home\38ed0e9cddc00f8541eb7e42ce4b2867.php ç¬¬ 48 è¡Œ.
NOTIC: [8] Undefined index: have D:\wwwroot\7g\Application\Runtime\Cache\Home\38ed0e9cddc00f8541eb7e42ce4b2867.php ç¬¬ 48 è¡Œ.
NOTIC: [8] Undefined index: have D:\wwwroot\7g\Application\Runtime\Cache\Home\38ed0e9cddc00f8541eb7e42ce4b2867.php ç¬¬ 48 è¡Œ.
NOTIC: [8] Undefined index: have D:\wwwroot\7g\Application\Runtime\Cache\Home\38ed0e9cddc00f8541eb7e42ce4b2867.php ç¬¬ 48 è¡Œ.
NOTIC: [8] Undefined index: have D:\wwwroot\7g\Application\Runtime\Cache\Home\38ed0e9cddc00f8541eb7e42ce4b2867.php ç¬¬ 48 è¡Œ.
NOTIC: [8] Undefined index: have D:\wwwroot\7g\Application\Runtime\Cache\Home\38ed0e9cddc00f8541eb7e42ce4b2867.php ç¬¬ 48 è¡Œ.
NOTIC: [8] Undefined index: have D:\wwwroot\7g\Application\Runtime\Cache\Home\38ed0e9cddc00f8541eb7e42ce4b2867.php ç¬¬ 48 è¡Œ.
INFO: Run Behavior\ParseTemplateBehavior [ RunTime:0.012001s ]
INFO: [ view_parse ] --END-- [ RunTime:0.012001s ]
INFO: [ view_filter ] --START--
INFO: Run Behavior\WriteHtmlCacheBehavior [ RunTime:0.000000s ]
INFO: [ view_filter ] --END-- [ RunTime:0.000000s ]
INFO: [ app_end ] --START--
INFO: Run Behavior\ShowPageTraceBehavior [ RunTime:0.000000s ]
INFO: [ app_end ] --END-- [ RunTime:0.000000s ]

[ 2015-07-23T22:19:13+08:00 ] 116.11.149.228 /myad.html
INFO: [ app_init ] --START--
INFO: Run Behavior\BuildLiteBehavior [ RunTime:0.000000s ]
INFO: [ app_init ] --END-- [ RunTime:0.000000s ]
INFO: [ app_begin ] --START--
INFO: Run Behavior\ReadHtmlCacheBehavior [ RunTime:0.000000s ]
INFO: [ app_begin ] --END-- [ RunTime:0.000000s ]
INFO: [ action_begin ] --START--
INFO: Run Home\Behavior\HomePermissionBehavior [ RunTime:0.001000s ]
INFO: [ action_begin ] --END-- [ RunTime:0.001000s ]
NOTIC: [8192] mysql_connect(): The mysql extension is deprecated and will be removed in the future: use mysqli or PDO instead D:\wwwroot\7g\ThinkPHP\Library\Think\Db\Driver\Mysql.class.php ç¬¬ 52 è¡Œ.
SQL: SHOW COLUMNS FROM `members` [ RunTime:0.002001s ]
SQL: SELECT `id` FROM `members` WHERE ( `username` = 'pengjun' ) LIMIT 1   [ RunTime:0.001000s ]
SQL: SHOW COLUMNS FROM `members_product` [ RunTime:0.001000s ]
SQL: SELECT COUNT(*) AS tp_count FROM `members_product` WHERE ( `members_id` = 36 ) LIMIT 1   [ RunTime:0.001000s ]
SQL: SELECT * FROM `members_product` WHERE ( `members_id` = 36 ) LIMIT 0,30   [ RunTime:0.000000s ]
NOTIC: [2] Invalid argument supplied for foreach() D:\wwwroot\7g\Application\Home\Controller\AdController.class.php ç¬¬ 41 è¡Œ.
INFO: [ view_parse ] --START--
INFO: [ template_filter ] --START--
INFO: Run Behavior\ContentReplaceBehavior [ RunTime:0.000000s ]
INFO: [ template_filter ] --END-- [ RunTime:0.000000s ]
INFO: Run Behavior\ParseTemplateBehavior [ RunTime:0.008000s ]
INFO: [ view_parse ] --END-- [ RunTime:0.008000s ]
INFO: [ view_filter ] --START--
INFO: Run Behavior\WriteHtmlCacheBehavior [ RunTime:0.000000s ]
INFO: [ view_filter ] --END-- [ RunTime:0.000000s ]
INFO: [ app_end ] --START--
INFO: Run Behavior\ShowPageTraceBehavior [ RunTime:0.000000s ]
INFO: [ app_end ] --END-- [ RunTime:0.000000s ]

[ 2015-07-23T22:42:59+08:00 ] 180.153.236.192 /index.asp
INFO: [ app_init ] --START--
INFO: Run Behavior\BuildLiteBehavior [ RunTime:0.000000s ]
INFO: [ app_init ] --END-- [ RunTime:0.000000s ]
INFO: [ app_begin ] --START--
INFO: Run Behavior\ReadHtmlCacheBehavior [ RunTime:0.000000s ]
INFO: [ app_begin ] --END-- [ RunTime:0.000000s ]
ERR: æ— æ³•åŠ è½½æŽ§åˆ¶å™¨:Index.asp

[ 2015-07-23T23:17:18+08:00 ] 66.249.73.166 /robots.txt
INFO: [ app_init ] --START--
INFO: Run Behavior\BuildLiteBehavior [ RunTime:0.000000s ]
INFO: [ app_init ] --END-- [ RunTime:0.000000s ]
INFO: [ app_begin ] --START--
INFO: Run Behavior\ReadHtmlCacheBehavior [ RunTime:0.001000s ]
INFO: [ app_begin ] --END-- [ RunTime:0.001000s ]
ERR: æ— æ³•åŠ è½½æŽ§åˆ¶å™¨:Robots.txt

[ 2015-07-23T23:17:19+08:00 ] 66.249.73.158 /robots.txt
INFO: [ app_init ] --START--
INFO: Run Behavior\BuildLiteBehavior [ RunTime:0.000000s ]
INFO: [ app_init ] --END-- [ RunTime:0.000000s ]
INFO: [ app_begin ] --START--
INFO: Run Behavior\ReadHtmlCacheBehavior [ RunTime:0.000000s ]
INFO: [ app_begin ] --END-- [ RunTime:0.000000s ]
ERR: æ— æ³•åŠ è½½æŽ§åˆ¶å™¨:Robots.txt

