[ 2015-07-27T00:05:02+08:00 ] 106.120.160.109 /Verify/Index/common
INFO: [ app_init ] --START--
INFO: Run Behavior\BuildLiteBehavior [ RunTime:0.000000s ]
INFO: [ app_init ] --END-- [ RunTime:0.000000s ]
INFO: [ app_begin ] --START--
INFO: Run Behavior\ReadHtmlCacheBehavior [ RunTime:0.001000s ]
INFO: [ app_begin ] --END-- [ RunTime:0.001000s ]

[ 2015-07-27T00:08:31+08:00 ] 101.199.112.45 /Verify/Index/common
INFO: [ app_init ] --START--
INFO: Run Behavior\BuildLiteBehavior [ RunTime:0.000000s ]
INFO: [ app_init ] --END-- [ RunTime:0.000000s ]
INFO: [ app_begin ] --START--
INFO: Run Behavior\ReadHtmlCacheBehavior [ RunTime:0.000000s ]
INFO: [ app_begin ] --END-- [ RunTime:0.000000s ]

[ 2015-07-27T01:50:11+08:00 ] 66.249.64.73 /home/registe/checkuserexist.html
INFO: [ app_init ] --START--
INFO: Run Behavior\BuildLiteBehavior [ RunTime:0.000000s ]
INFO: [ app_init ] --END-- [ RunTime:0.000000s ]
INFO: [ app_begin ] --START--
INFO: Run Behavior\ReadHtmlCacheBehavior [ RunTime:0.001000s ]
INFO: [ app_begin ] --END-- [ RunTime:0.001000s ]
INFO: [ action_begin ] --START--

[ 2015-07-27T10:59:45+08:00 ] 49.80.186.242 /Verify/Index/common
INFO: [ app_init ] --START--
INFO: Run Behavior\BuildLiteBehavior [ RunTime:0.000000s ]
INFO: [ app_init ] --END-- [ RunTime:0.000000s ]
INFO: [ app_begin ] --START--
INFO: Run Behavior\ReadHtmlCacheBehavior [ RunTime:0.001000s ]
INFO: [ app_begin ] --END-- [ RunTime:0.001000s ]

[ 2015-07-27T10:59:45+08:00 ] 49.80.186.242 /Verify/Index/verify.html
INFO: [ app_init ] --START--
INFO: Run Behavior\BuildLiteBehavior [ RunTime:0.000000s ]
INFO: [ app_init ] --END-- [ RunTime:0.000000s ]
INFO: [ app_begin ] --START--
INFO: Run Behavior\ReadHtmlCacheBehavior [ RunTime:0.001000s ]
INFO: [ app_begin ] --END-- [ RunTime:0.001000s ]
INFO: [ app_end ] --START--
INFO: Run Behavior\ShowPageTraceBehavior [ RunTime:0.001000s ]
INFO: [ app_end ] --END-- [ RunTime:0.001000s ]

[ 2015-07-27T12:05:42+08:00 ] 61.164.123.31 /Verify/Index/common
INFO: [ app_init ] --START--
INFO: Run Behavior\BuildLiteBehavior [ RunTime:0.000000s ]
INFO: [ app_init ] --END-- [ RunTime:0.000000s ]
INFO: [ app_begin ] --START--
INFO: Run Behavior\ReadHtmlCacheBehavior [ RunTime:0.001000s ]
INFO: [ app_begin ] --END-- [ RunTime:0.001000s ]

[ 2015-07-27T12:05:42+08:00 ] 61.164.123.31 /Verify/Index/verify.html
INFO: [ app_init ] --START--
INFO: Run Behavior\BuildLiteBehavior [ RunTime:0.000000s ]
INFO: [ app_init ] --END-- [ RunTime:0.000000s ]
INFO: [ app_begin ] --START--
INFO: Run Behavior\ReadHtmlCacheBehavior [ RunTime:0.000000s ]
INFO: [ app_begin ] --END-- [ RunTime:0.000000s ]
INFO: [ app_end ] --START--
INFO: Run Behavior\ShowPageTraceBehavior [ RunTime:0.001000s ]
INFO: [ app_end ] --END-- [ RunTime:0.001000s ]

[ 2015-07-27T12:05:44+08:00 ] 111.206.36.147 /Verify/Index/common
INFO: [ app_init ] --START--
INFO: Run Behavior\BuildLiteBehavior [ RunTime:0.000000s ]
INFO: [ app_init ] --END-- [ RunTime:0.000000s ]
INFO: [ app_begin ] --START--
INFO: Run Behavior\ReadHtmlCacheBehavior [ RunTime:0.001000s ]
INFO: [ app_begin ] --END-- [ RunTime:0.001000s ]

[ 2015-07-27T12:05:45+08:00 ] 111.206.36.136 /userinfo.html
INFO: [ app_init ] --START--
INFO: Run Behavior\BuildLiteBehavior [ RunTime:0.000000s ]
INFO: [ app_init ] --END-- [ RunTime:0.000000s ]
INFO: [ app_begin ] --START--
INFO: Run Behavior\ReadHtmlCacheBehavior [ RunTime:0.000000s ]
INFO: [ app_begin ] --END-- [ RunTime:0.000000s ]
INFO: [ action_begin ] --START--

[ 2015-07-27T12:07:09+08:00 ] 114.97.74.55 /Verify/Index/common
INFO: [ app_init ] --START--
INFO: Run Behavior\BuildLiteBehavior [ RunTime:0.000000s ]
INFO: [ app_init ] --END-- [ RunTime:0.000000s ]
INFO: [ app_begin ] --START--
INFO: Run Behavior\ReadHtmlCacheBehavior [ RunTime:0.000000s ]
INFO: [ app_begin ] --END-- [ RunTime:0.000000s ]

[ 2015-07-27T12:07:09+08:00 ] 114.97.74.55 /Verify/Index/verify.html
INFO: [ app_init ] --START--
INFO: Run Behavior\BuildLiteBehavior [ RunTime:0.000000s ]
INFO: [ app_init ] --END-- [ RunTime:0.000000s ]
INFO: [ app_begin ] --START--
INFO: Run Behavior\ReadHtmlCacheBehavior [ RunTime:0.000000s ]
INFO: [ app_begin ] --END-- [ RunTime:0.000000s ]
INFO: [ app_end ] --START--
INFO: Run Behavior\ShowPageTraceBehavior [ RunTime:0.000000s ]
INFO: [ app_end ] --END-- [ RunTime:0.000000s ]

[ 2015-07-27T12:07:46+08:00 ] 114.97.74.55 /Home/Index/index.html
INFO: [ app_init ] --START--
INFO: Run Behavior\BuildLiteBehavior [ RunTime:0.000000s ]
INFO: [ app_init ] --END-- [ RunTime:0.000000s ]
INFO: [ app_begin ] --START--
INFO: Run Behavior\ReadHtmlCacheBehavior [ RunTime:0.001000s ]
INFO: [ app_begin ] --END-- [ RunTime:0.001000s ]
INFO: [ action_begin ] --START--
INFO: Run Home\Behavior\HomePermissionBehavior [ RunTime:0.001000s ]
INFO: [ action_begin ] --END-- [ RunTime:0.001000s ]
NOTIC: [8192] mysql_connect(): The mysql extension is deprecated and will be removed in the future: use mysqli or PDO instead D:\wwwroot\7g\ThinkPHP\Library\Think\Db\Driver\Mysql.class.php 第 52 行.
SQL: SHOW COLUMNS FROM `members` [ RunTime:0.001000s ]
SQL: SELECT * FROM `members` WHERE ( `username` = 'fvip1448532' ) LIMIT 1   [ RunTime:0.000000s ]

[ 2015-07-27T12:07:47+08:00 ] 114.97.74.55 /Verify/Index/verify.html
INFO: [ app_init ] --START--
INFO: Run Behavior\BuildLiteBehavior [ RunTime:0.000000s ]
INFO: [ app_init ] --END-- [ RunTime:0.000000s ]
INFO: [ app_begin ] --START--
INFO: Run Behavior\ReadHtmlCacheBehavior [ RunTime:0.000000s ]
INFO: [ app_begin ] --END-- [ RunTime:0.000000s ]
INFO: [ app_end ] --START--
INFO: Run Behavior\ShowPageTraceBehavior [ RunTime:0.000000s ]
INFO: [ app_end ] --END-- [ RunTime:0.000000s ]

[ 2015-07-27T12:08:36+08:00 ] 114.97.74.55 /Home/Index/index.html
INFO: [ app_init ] --START--
INFO: Run Behavior\BuildLiteBehavior [ RunTime:0.000000s ]
INFO: [ app_init ] --END-- [ RunTime:0.000000s ]
INFO: [ app_begin ] --START--
INFO: Run Behavior\ReadHtmlCacheBehavior [ RunTime:0.000000s ]
INFO: [ app_begin ] --END-- [ RunTime:0.000000s ]
INFO: [ action_begin ] --START--
INFO: Run Home\Behavior\HomePermissionBehavior [ RunTime:0.000000s ]
INFO: [ action_begin ] --END-- [ RunTime:0.000000s ]
NOTIC: [8192] mysql_connect(): The mysql extension is deprecated and will be removed in the future: use mysqli or PDO instead D:\wwwroot\7g\ThinkPHP\Library\Think\Db\Driver\Mysql.class.php 第 52 行.
SQL: SHOW COLUMNS FROM `members` [ RunTime:0.001000s ]
SQL: SELECT * FROM `members` WHERE ( `username` = 'fvip1448532' ) LIMIT 1   [ RunTime:0.000000s ]

[ 2015-07-27T12:08:37+08:00 ] 114.97.74.55 /Verify/Index/verify.html
INFO: [ app_init ] --START--
INFO: Run Behavior\BuildLiteBehavior [ RunTime:0.000000s ]
INFO: [ app_init ] --END-- [ RunTime:0.000000s ]
INFO: [ app_begin ] --START--
INFO: Run Behavior\ReadHtmlCacheBehavior [ RunTime:0.000000s ]
INFO: [ app_begin ] --END-- [ RunTime:0.000000s ]
INFO: [ app_end ] --START--
INFO: Run Behavior\ShowPageTraceBehavior [ RunTime:0.000000s ]
INFO: [ app_end ] --END-- [ RunTime:0.000000s ]

[ 2015-07-27T12:09:08+08:00 ] 114.97.74.55 /Home/Index/index.html
INFO: [ app_init ] --START--
INFO: Run Behavior\BuildLiteBehavior [ RunTime:0.000000s ]
INFO: [ app_init ] --END-- [ RunTime:0.000000s ]
INFO: [ app_begin ] --START--
INFO: Run Behavior\ReadHtmlCacheBehavior [ RunTime:0.000000s ]
INFO: [ app_begin ] --END-- [ RunTime:0.000000s ]
INFO: [ action_begin ] --START--
INFO: Run Home\Behavior\HomePermissionBehavior [ RunTime:0.000000s ]
INFO: [ action_begin ] --END-- [ RunTime:0.000000s ]
NOTIC: [8192] mysql_connect(): The mysql extension is deprecated and will be removed in the future: use mysqli or PDO instead D:\wwwroot\7g\ThinkPHP\Library\Think\Db\Driver\Mysql.class.php 第 52 行.
SQL: SHOW COLUMNS FROM `members` [ RunTime:0.001000s ]
SQL: SELECT * FROM `members` WHERE ( `username` = '1448532' ) LIMIT 1   [ RunTime:0.001000s ]

[ 2015-07-27T12:09:09+08:00 ] 114.97.74.55 /Verify/Index/verify.html
INFO: [ app_init ] --START--
INFO: Run Behavior\BuildLiteBehavior [ RunTime:0.000000s ]
INFO: [ app_init ] --END-- [ RunTime:0.000000s ]
INFO: [ app_begin ] --START--
INFO: Run Behavior\ReadHtmlCacheBehavior [ RunTime:0.000000s ]
INFO: [ app_begin ] --END-- [ RunTime:0.000000s ]
INFO: [ app_end ] --START--
INFO: Run Behavior\ShowPageTraceBehavior [ RunTime:0.000000s ]
INFO: [ app_end ] --END-- [ RunTime:0.000000s ]

[ 2015-07-27T12:10:00+08:00 ] 114.97.74.55 /Home/Index/index.html
INFO: [ app_init ] --START--
INFO: Run Behavior\BuildLiteBehavior [ RunTime:0.000000s ]
INFO: [ app_init ] --END-- [ RunTime:0.000000s ]
INFO: [ app_begin ] --START--
INFO: Run Behavior\ReadHtmlCacheBehavior [ RunTime:0.001000s ]
INFO: [ app_begin ] --END-- [ RunTime:0.001000s ]
INFO: [ action_begin ] --START--
INFO: Run Home\Behavior\HomePermissionBehavior [ RunTime:0.001000s ]
INFO: [ action_begin ] --END-- [ RunTime:0.001000s ]
NOTIC: [8192] mysql_connect(): The mysql extension is deprecated and will be removed in the future: use mysqli or PDO instead D:\wwwroot\7g\ThinkPHP\Library\Think\Db\Driver\Mysql.class.php 第 52 行.
SQL: SHOW COLUMNS FROM `members` [ RunTime:0.001000s ]
SQL: SELECT * FROM `members` WHERE ( `username` = 'fvip1448532' ) LIMIT 1   [ RunTime:0.001000s ]

[ 2015-07-27T12:10:05+08:00 ] 114.97.74.55 /Verify/Index/verify.html
INFO: [ app_init ] --START--
INFO: Run Behavior\BuildLiteBehavior [ RunTime:0.000000s ]
INFO: [ app_init ] --END-- [ RunTime:0.000000s ]
INFO: [ app_begin ] --START--
INFO: Run Behavior\ReadHtmlCacheBehavior [ RunTime:0.000000s ]
INFO: [ app_begin ] --END-- [ RunTime:0.000000s ]
INFO: [ app_end ] --START--
INFO: Run Behavior\ShowPageTraceBehavior [ RunTime:0.000000s ]
INFO: [ app_end ] --END-- [ RunTime:0.000000s ]

[ 2015-07-27T12:11:31+08:00 ] 114.97.74.55 /Home/Index/index.html
INFO: [ app_init ] --START--
INFO: Run Behavior\BuildLiteBehavior [ RunTime:0.000000s ]
INFO: [ app_init ] --END-- [ RunTime:0.000000s ]
INFO: [ app_begin ] --START--
INFO: Run Behavior\ReadHtmlCacheBehavior [ RunTime:0.000000s ]
INFO: [ app_begin ] --END-- [ RunTime:0.000000s ]
INFO: [ action_begin ] --START--
INFO: Run Home\Behavior\HomePermissionBehavior [ RunTime:0.000000s ]
INFO: [ action_begin ] --END-- [ RunTime:0.000000s ]

[ 2015-07-27T12:11:33+08:00 ] 114.97.74.55 /Verify/Index/verify.html
INFO: [ app_init ] --START--
INFO: Run Behavior\BuildLiteBehavior [ RunTime:0.000000s ]
INFO: [ app_init ] --END-- [ RunTime:0.000000s ]
INFO: [ app_begin ] --START--
INFO: Run Behavior\ReadHtmlCacheBehavior [ RunTime:0.000000s ]
INFO: [ app_begin ] --END-- [ RunTime:0.000000s ]
INFO: [ app_end ] --START--
INFO: Run Behavior\ShowPageTraceBehavior [ RunTime:0.000000s ]
INFO: [ app_end ] --END-- [ RunTime:0.000000s ]

[ 2015-07-27T12:11:42+08:00 ] 114.97.74.55 /Home/Index/index.html
INFO: [ app_init ] --START--
INFO: Run Behavior\BuildLiteBehavior [ RunTime:0.000000s ]
INFO: [ app_init ] --END-- [ RunTime:0.000000s ]
INFO: [ app_begin ] --START--
INFO: Run Behavior\ReadHtmlCacheBehavior [ RunTime:0.000000s ]
INFO: [ app_begin ] --END-- [ RunTime:0.000000s ]
INFO: [ action_begin ] --START--
INFO: Run Home\Behavior\HomePermissionBehavior [ RunTime:0.001000s ]
INFO: [ action_begin ] --END-- [ RunTime:0.001000s ]
NOTIC: [8192] mysql_connect(): The mysql extension is deprecated and will be removed in the future: use mysqli or PDO instead D:\wwwroot\7g\ThinkPHP\Library\Think\Db\Driver\Mysql.class.php 第 52 行.
SQL: SHOW COLUMNS FROM `members` [ RunTime:0.001000s ]
SQL: SELECT * FROM `members` WHERE ( `username` = 'fvip1448532' ) LIMIT 1   [ RunTime:0.000000s ]

[ 2015-07-27T12:11:44+08:00 ] 114.97.74.55 /Verify/Index/verify.html
INFO: [ app_init ] --START--
INFO: Run Behavior\BuildLiteBehavior [ RunTime:0.000000s ]
INFO: [ app_init ] --END-- [ RunTime:0.000000s ]
INFO: [ app_begin ] --START--
INFO: Run Behavior\ReadHtmlCacheBehavior [ RunTime:0.000000s ]
INFO: [ app_begin ] --END-- [ RunTime:0.000000s ]
INFO: [ app_end ] --START--
INFO: Run Behavior\ShowPageTraceBehavior [ RunTime:0.000000s ]
INFO: [ app_end ] --END-- [ RunTime:0.000000s ]

[ 2015-07-27T12:12:49+08:00 ] 114.97.74.55 /Home/Index/index.html
INFO: [ app_init ] --START--
INFO: Run Behavior\BuildLiteBehavior [ RunTime:0.000000s ]
INFO: [ app_init ] --END-- [ RunTime:0.000000s ]
INFO: [ app_begin ] --START--
INFO: Run Behavior\ReadHtmlCacheBehavior [ RunTime:0.000000s ]
INFO: [ app_begin ] --END-- [ RunTime:0.000000s ]
INFO: [ action_begin ] --START--
INFO: Run Home\Behavior\HomePermissionBehavior [ RunTime:0.000000s ]
INFO: [ action_begin ] --END-- [ RunTime:0.000000s ]

[ 2015-07-27T12:12:52+08:00 ] 114.97.74.55 /Verify/Index/verify.html
INFO: [ app_init ] --START--
INFO: Run Behavior\BuildLiteBehavior [ RunTime:0.000000s ]
INFO: [ app_init ] --END-- [ RunTime:0.000000s ]
INFO: [ app_begin ] --START--
INFO: Run Behavior\ReadHtmlCacheBehavior [ RunTime:0.000000s ]
INFO: [ app_begin ] --END-- [ RunTime:0.000000s ]
INFO: [ app_end ] --START--
INFO: Run Behavior\ShowPageTraceBehavior [ RunTime:0.001000s ]
INFO: [ app_end ] --END-- [ RunTime:0.001000s ]

[ 2015-07-27T12:13:03+08:00 ] 114.97.74.55 /Home/Index/index.html
INFO: [ app_init ] --START--
INFO: Run Behavior\BuildLiteBehavior [ RunTime:0.000000s ]
INFO: [ app_init ] --END-- [ RunTime:0.000000s ]
INFO: [ app_begin ] --START--
INFO: Run Behavior\ReadHtmlCacheBehavior [ RunTime:0.000000s ]
INFO: [ app_begin ] --END-- [ RunTime:0.000000s ]
INFO: [ action_begin ] --START--
INFO: Run Home\Behavior\HomePermissionBehavior [ RunTime:0.001000s ]
INFO: [ action_begin ] --END-- [ RunTime:0.001000s ]
NOTIC: [8192] mysql_connect(): The mysql extension is deprecated and will be removed in the future: use mysqli or PDO instead D:\wwwroot\7g\ThinkPHP\Library\Think\Db\Driver\Mysql.class.php 第 52 行.
SQL: SHOW COLUMNS FROM `members` [ RunTime:0.001000s ]
SQL: SELECT * FROM `members` WHERE ( `username` = 'fvip1448532' ) LIMIT 1   [ RunTime:0.000000s ]

[ 2015-07-27T12:13:04+08:00 ] 114.97.74.55 /Verify/Index/verify.html
INFO: [ app_init ] --START--
INFO: Run Behavior\BuildLiteBehavior [ RunTime:0.000000s ]
INFO: [ app_init ] --END-- [ RunTime:0.000000s ]
INFO: [ app_begin ] --START--
INFO: Run Behavior\ReadHtmlCacheBehavior [ RunTime:0.000000s ]
INFO: [ app_begin ] --END-- [ RunTime:0.000000s ]
INFO: [ app_end ] --START--
INFO: Run Behavior\ShowPageTraceBehavior [ RunTime:0.001000s ]
INFO: [ app_end ] --END-- [ RunTime:0.001000s ]

[ 2015-07-27T14:07:01+08:00 ] 113.103.82.33 /Verify/Index/common
INFO: [ app_init ] --START--
INFO: Run Behavior\BuildLiteBehavior [ RunTime:0.000000s ]
INFO: [ app_init ] --END-- [ RunTime:0.000000s ]
INFO: [ app_begin ] --START--
INFO: Run Behavior\ReadHtmlCacheBehavior [ RunTime:0.001000s ]
INFO: [ app_begin ] --END-- [ RunTime:0.001000s ]

[ 2015-07-27T14:07:01+08:00 ] 113.103.82.33 /Verify/Index/verify.html
INFO: [ app_init ] --START--
INFO: Run Behavior\BuildLiteBehavior [ RunTime:0.000000s ]
INFO: [ app_init ] --END-- [ RunTime:0.000000s ]
INFO: [ app_begin ] --START--
INFO: Run Behavior\ReadHtmlCacheBehavior [ RunTime:0.001000s ]
INFO: [ app_begin ] --END-- [ RunTime:0.001000s ]
INFO: [ app_end ] --START--
INFO: Run Behavior\ShowPageTraceBehavior [ RunTime:0.001000s ]
INFO: [ app_end ] --END-- [ RunTime:0.001000s ]

[ 2015-07-27T14:12:35+08:00 ] 66.249.64.68 /robots.txt
INFO: [ app_init ] --START--
INFO: Run Behavior\BuildLiteBehavior [ RunTime:0.000000s ]
INFO: [ app_init ] --END-- [ RunTime:0.000000s ]
INFO: [ app_begin ] --START--
INFO: Run Behavior\ReadHtmlCacheBehavior [ RunTime:0.001000s ]
INFO: [ app_begin ] --END-- [ RunTime:0.001000s ]
ERR: 无法加载控制器:Robots.txt

[ 2015-07-27T14:12:36+08:00 ] 66.249.64.73 /robots.txt
INFO: [ app_init ] --START--
INFO: Run Behavior\BuildLiteBehavior [ RunTime:0.000000s ]
INFO: [ app_init ] --END-- [ RunTime:0.000000s ]
INFO: [ app_begin ] --START--
INFO: Run Behavior\ReadHtmlCacheBehavior [ RunTime:0.000000s ]
INFO: [ app_begin ] --END-- [ RunTime:0.000000s ]
ERR: 无法加载控制器:Robots.txt

[ 2015-07-27T16:52:55+08:00 ] 218.82.139.244 /Verify/Index/common
INFO: [ app_init ] --START--
INFO: Run Behavior\BuildLiteBehavior [ RunTime:0.000000s ]
INFO: [ app_init ] --END-- [ RunTime:0.000000s ]
INFO: [ app_begin ] --START--
INFO: Run Behavior\ReadHtmlCacheBehavior [ RunTime:0.001000s ]
INFO: [ app_begin ] --END-- [ RunTime:0.001000s ]

[ 2015-07-27T16:52:55+08:00 ] 218.82.139.244 /Verify/Index/verify.html
INFO: [ app_init ] --START--
INFO: Run Behavior\BuildLiteBehavior [ RunTime:0.000000s ]
INFO: [ app_init ] --END-- [ RunTime:0.000000s ]
INFO: [ app_begin ] --START--
INFO: Run Behavior\ReadHtmlCacheBehavior [ RunTime:0.001000s ]
INFO: [ app_begin ] --END-- [ RunTime:0.001000s ]
INFO: [ app_end ] --START--
INFO: Run Behavior\ShowPageTraceBehavior [ RunTime:0.001000s ]
INFO: [ app_end ] --END-- [ RunTime:0.001000s ]

[ 2015-07-27T19:06:49+08:00 ] 220.181.132.217 /Verify/Index/common
INFO: [ app_init ] --START--
INFO: Run Behavior\BuildLiteBehavior [ RunTime:0.000000s ]
INFO: [ app_init ] --END-- [ RunTime:0.000000s ]
INFO: [ app_begin ] --START--
INFO: Run Behavior\ReadHtmlCacheBehavior [ RunTime:0.001000s ]
INFO: [ app_begin ] --END-- [ RunTime:0.001000s ]

[ 2015-07-27T19:08:37+08:00 ] 101.199.108.120 /Verify/Index/common
INFO: [ app_init ] --START--
INFO: Run Behavior\BuildLiteBehavior [ RunTime:0.000000s ]
INFO: [ app_init ] --END-- [ RunTime:0.000000s ]
INFO: [ app_begin ] --START--
INFO: Run Behavior\ReadHtmlCacheBehavior [ RunTime:0.001001s ]
INFO: [ app_begin ] --END-- [ RunTime:0.001001s ]

[ 2015-07-27T20:26:34+08:00 ] 180.76.15.139 /Registe/
INFO: [ app_init ] --START--
INFO: Run Behavior\BuildLiteBehavior [ RunTime:0.001000s ]
INFO: [ app_init ] --END-- [ RunTime:0.001000s ]
INFO: [ app_begin ] --START--
INFO: Run Behavior\ReadHtmlCacheBehavior [ RunTime:0.001000s ]
INFO: [ app_begin ] --END-- [ RunTime:0.001000s ]
INFO: [ action_begin ] --START--

[ 2015-07-27T23:53:14+08:00 ] 113.24.142.117 /Home/Registe/checkUserExist.html
INFO: [ app_init ] --START--
INFO: Run Behavior\BuildLiteBehavior [ RunTime:0.000000s ]
INFO: [ app_init ] --END-- [ RunTime:0.000000s ]
INFO: [ app_begin ] --START--
INFO: Run Behavior\ReadHtmlCacheBehavior [ RunTime:0.001000s ]
INFO: [ app_begin ] --END-- [ RunTime:0.001000s ]
INFO: [ action_begin ] --START--
INFO: Run Home\Behavior\HomePermissionBehavior [ RunTime:0.001000s ]
INFO: [ action_begin ] --END-- [ RunTime:0.001000s ]
NOTIC: [8192] mysql_connect(): The mysql extension is deprecated and will be removed in the future: use mysqli or PDO instead D:\wwwroot\7g\ThinkPHP\Library\Think\Db\Driver\Mysql.class.php 第 52 行.
SQL: SHOW COLUMNS FROM `members` [ RunTime:0.001000s ]
SQL: SELECT `id` FROM `members` WHERE ( `username` = 'qingcheng' ) LIMIT 1   [ RunTime:0.000000s ]

[ 2015-07-27T23:53:16+08:00 ] 113.24.142.117 /Verify/Index/common
INFO: [ app_init ] --START--
INFO: Run Behavior\BuildLiteBehavior [ RunTime:0.000000s ]
INFO: [ app_init ] --END-- [ RunTime:0.000000s ]
INFO: [ app_begin ] --START--
INFO: Run Behavior\ReadHtmlCacheBehavior [ RunTime:0.000000s ]
INFO: [ app_begin ] --END-- [ RunTime:0.000000s ]

[ 2015-07-27T23:53:16+08:00 ] 113.24.142.117 /Verify/Index/verify.html
INFO: [ app_init ] --START--
INFO: Run Behavior\BuildLiteBehavior [ RunTime:0.000000s ]
INFO: [ app_init ] --END-- [ RunTime:0.000000s ]
INFO: [ app_begin ] --START--
INFO: Run Behavior\ReadHtmlCacheBehavior [ RunTime:0.000000s ]
INFO: [ app_begin ] --END-- [ RunTime:0.000000s ]
INFO: [ app_end ] --START--
INFO: Run Behavior\ShowPageTraceBehavior [ RunTime:0.002000s ]
INFO: [ app_end ] --END-- [ RunTime:0.002000s ]

[ 2015-07-27T23:53:27+08:00 ] 113.24.142.117 /Home/Index/index.html
INFO: [ app_init ] --START--
INFO: Run Behavior\BuildLiteBehavior [ RunTime:0.000000s ]
INFO: [ app_init ] --END-- [ RunTime:0.000000s ]
INFO: [ app_begin ] --START--
INFO: Run Behavior\ReadHtmlCacheBehavior [ RunTime:0.001000s ]
INFO: [ app_begin ] --END-- [ RunTime:0.001000s ]
INFO: [ action_begin ] --START--
INFO: Run Home\Behavior\HomePermissionBehavior [ RunTime:0.000000s ]
INFO: [ action_begin ] --END-- [ RunTime:0.000000s ]
NOTIC: [8192] mysql_connect(): The mysql extension is deprecated and will be removed in the future: use mysqli or PDO instead D:\wwwroot\7g\ThinkPHP\Library\Think\Db\Driver\Mysql.class.php 第 52 行.
SQL: SHOW COLUMNS FROM `members` [ RunTime:0.002000s ]
SQL: SELECT * FROM `members` WHERE ( `username` = 'qingcheng' ) LIMIT 1   [ RunTime:0.000000s ]
SQL: UPDATE `members` SET `login_num`=login_num+1 WHERE ( id=20 ) [ RunTime:0.012001s ]

[ 2015-07-27T23:53:27+08:00 ] 113.24.142.117 /userinfo.html
INFO: [ app_init ] --START--
INFO: Run Behavior\BuildLiteBehavior [ RunTime:0.000000s ]
INFO: [ app_init ] --END-- [ RunTime:0.000000s ]
INFO: [ app_begin ] --START--
INFO: Run Behavior\ReadHtmlCacheBehavior [ RunTime:0.000000s ]
INFO: [ app_begin ] --END-- [ RunTime:0.000000s ]
INFO: [ action_begin ] --START--
INFO: Run Home\Behavior\HomePermissionBehavior [ RunTime:0.001000s ]
INFO: [ action_begin ] --END-- [ RunTime:0.001000s ]
NOTIC: [8192] mysql_connect(): The mysql extension is deprecated and will be removed in the future: use mysqli or PDO instead D:\wwwroot\7g\ThinkPHP\Library\Think\Db\Driver\Mysql.class.php 第 52 行.
SQL: SHOW COLUMNS FROM `members` [ RunTime:0.002000s ]
SQL: SELECT * FROM `members` WHERE ( `username` = 'qingcheng' ) LIMIT 1   [ RunTime:0.001000s ]
SQL: SHOW COLUMNS FROM `product_data` [ RunTime:0.002000s ]
SQL: SELECT SUM(money) AS tp_sum FROM `product_data` WHERE ( `member_id`='20' AND DATE(FROM_UNIXTIME(`time`))='2015-07-26' ) LIMIT 1   [ RunTime:0.001000s ]
SQL: SELECT SUM(money) AS tp_sum FROM `product_data` WHERE ( `member_id`='20' ) LIMIT 1   [ RunTime:0.000000s ]
NOTIC: [2048] Declaration of Home\Model\CashModel::page() should be compatible with Think\Model::page($page, $listRows = NULL) D:\wwwroot\7g\Application\Home\Model\CashModel.class.php 第 0 行.
SQL: SHOW COLUMNS FROM `cash` [ RunTime:0.001000s ]
SQL: SELECT SUM(`withdrawal_amount`) AS tp_sum FROM `cash` WHERE ( `member_id`='20' AND `checked`!=-1 ) LIMIT 1   [ RunTime:0.001000s ]
INFO: [ view_parse ] --START--
INFO: [ template_filter ] --START--
INFO: Run Behavior\ContentReplaceBehavior [ RunTime:0.000000s ]
INFO: [ template_filter ] --END-- [ RunTime:0.000000s ]
INFO: Run Behavior\ParseTemplateBehavior [ RunTime:0.030001s ]
INFO: [ view_parse ] --END-- [ RunTime:0.030001s ]
INFO: [ view_filter ] --START--
INFO: Run Behavior\WriteHtmlCacheBehavior [ RunTime:0.000000s ]
INFO: [ view_filter ] --END-- [ RunTime:0.000000s ]
INFO: [ app_end ] --START--
INFO: Run Behavior\ShowPageTraceBehavior [ RunTime:0.000000s ]
INFO: [ app_end ] --END-- [ RunTime:0.000000s ]

[ 2015-07-27T23:53:30+08:00 ] 113.24.142.117 /myad.html
INFO: [ app_init ] --START--
INFO: Run Behavior\BuildLiteBehavior [ RunTime:0.000000s ]
INFO: [ app_init ] --END-- [ RunTime:0.000000s ]
INFO: [ app_begin ] --START--
INFO: Run Behavior\ReadHtmlCacheBehavior [ RunTime:0.000000s ]
INFO: [ app_begin ] --END-- [ RunTime:0.000000s ]
INFO: [ action_begin ] --START--
INFO: Run Home\Behavior\HomePermissionBehavior [ RunTime:0.000000s ]
INFO: [ action_begin ] --END-- [ RunTime:0.000000s ]
NOTIC: [8192] mysql_connect(): The mysql extension is deprecated and will be removed in the future: use mysqli or PDO instead D:\wwwroot\7g\ThinkPHP\Library\Think\Db\Driver\Mysql.class.php 第 52 行.
SQL: SHOW COLUMNS FROM `members` [ RunTime:0.001000s ]
SQL: SELECT `id` FROM `members` WHERE ( `username` = 'qingcheng' ) LIMIT 1   [ RunTime:0.001000s ]
SQL: SHOW COLUMNS FROM `members_product` [ RunTime:0.001000s ]
SQL: SELECT COUNT(*) AS tp_count FROM `members_product` WHERE ( `members_id` = 20 ) LIMIT 1   [ RunTime:0.000000s ]
SQL: SELECT * FROM `members_product` WHERE ( `members_id` = 20 ) LIMIT 0,30   [ RunTime:0.001000s ]
NOTIC: [2] Invalid argument supplied for foreach() D:\wwwroot\7g\Application\Home\Controller\AdController.class.php 第 41 行.
INFO: [ view_parse ] --START--
INFO: [ template_filter ] --START--
INFO: Run Behavior\ContentReplaceBehavior [ RunTime:0.000000s ]
INFO: [ template_filter ] --END-- [ RunTime:0.000000s ]
INFO: Run Behavior\ParseTemplateBehavior [ RunTime:0.007001s ]
INFO: [ view_parse ] --END-- [ RunTime:0.007001s ]
INFO: [ view_filter ] --START--
INFO: Run Behavior\WriteHtmlCacheBehavior [ RunTime:0.000000s ]
INFO: [ view_filter ] --END-- [ RunTime:0.000000s ]
INFO: [ app_end ] --START--
INFO: Run Behavior\ShowPageTraceBehavior [ RunTime:0.000000s ]
INFO: [ app_end ] --END-- [ RunTime:0.000000s ]

[ 2015-07-27T23:53:31+08:00 ] 113.24.142.117 /getgoods.html
INFO: [ app_init ] --START--
INFO: Run Behavior\BuildLiteBehavior [ RunTime:0.000000s ]
INFO: [ app_init ] --END-- [ RunTime:0.000000s ]
INFO: [ app_begin ] --START--
INFO: Run Behavior\ReadHtmlCacheBehavior [ RunTime:0.000000s ]
INFO: [ app_begin ] --END-- [ RunTime:0.000000s ]
INFO: [ action_begin ] --START--
INFO: Run Home\Behavior\HomePermissionBehavior [ RunTime:0.001000s ]
INFO: [ action_begin ] --END-- [ RunTime:0.001000s ]
NOTIC: [8192] mysql_connect(): The mysql extension is deprecated and will be removed in the future: use mysqli or PDO instead D:\wwwroot\7g\ThinkPHP\Library\Think\Db\Driver\Mysql.class.php 第 52 行.
SQL: SHOW COLUMNS FROM `product` [ RunTime:0.002000s ]
SQL: SELECT DISTINCT  `category_id` FROM `product` WHERE ( `state`=1 )  [ RunTime:0.000000s ]
SQL: SHOW COLUMNS FROM `category` [ RunTime:0.002000s ]
SQL: SELECT * FROM `category` WHERE ( `id` IN (2,3,1) )  [ RunTime:0.000000s ]
SQL: SELECT COUNT(*) AS tp_count FROM `product` WHERE ( category_id = '2' AND `state`=1 ) ORDER BY `top_time` DESC LIMIT 1   [ RunTime:0.001000s ]
SQL: SELECT * FROM `product` WHERE ( category_id = '2' AND `state`=1 ) ORDER BY `top_time` DESC LIMIT 0,30   [ RunTime:0.000000s ]
NOTIC: [8] Undefined index: m D:\wwwroot\7g\ThinkPHP\Common\functions.php 第 885 行.
NOTIC: [8] Undefined variable: up_page D:\wwwroot\7g\ThinkPHP\Library\Think\Page.class.php 第 155 行.
NOTIC: [8] Undefined variable: down_page D:\wwwroot\7g\ThinkPHP\Library\Think\Page.class.php 第 155 行.
NOTIC: [8] Undefined variable: the_first D:\wwwroot\7g\ThinkPHP\Library\Think\Page.class.php 第 155 行.
NOTIC: [8] Undefined variable: the_end D:\wwwroot\7g\ThinkPHP\Library\Think\Page.class.php 第 155 行.
SQL: SHOW COLUMNS FROM `members` [ RunTime:0.001000s ]
SQL: SELECT `id` FROM `members` WHERE ( `username` = 'qingcheng' ) LIMIT 1   [ RunTime:0.001001s ]
SQL: SHOW COLUMNS FROM `members_product` [ RunTime:0.001000s ]
SQL: SELECT `goods_id`,`dprice1`,`dprice2`,`dprice3` FROM `members_product` WHERE ( `members_id` = 20 ) AND ( `goods_id` IN ('29','1','3','2','14','24','25','26','27','28','30','31','32') )  [ RunTime:0.000000s ]
NOTIC: [2] Invalid argument supplied for foreach() D:\wwwroot\7g\Application\Home\Controller\GoodsController.class.php 第 77 行.
INFO: [ view_parse ] --START--
INFO: [ template_filter ] --START--
INFO: Run Behavior\ContentReplaceBehavior [ RunTime:0.000000s ]
INFO: [ template_filter ] --END-- [ RunTime:0.000000s ]
NOTIC: [8] Undefined index: have D:\wwwroot\7g\Application\Runtime\Cache\Home\38ed0e9cddc00f8541eb7e42ce4b2867.php 第 48 行.
NOTIC: [8] Undefined index: have D:\wwwroot\7g\Application\Runtime\Cache\Home\38ed0e9cddc00f8541eb7e42ce4b2867.php 第 48 行.
NOTIC: [8] Undefined index: have D:\wwwroot\7g\Application\Runtime\Cache\Home\38ed0e9cddc00f8541eb7e42ce4b2867.php 第 48 行.
NOTIC: [8] Undefined index: have D:\wwwroot\7g\Application\Runtime\Cache\Home\38ed0e9cddc00f8541eb7e42ce4b2867.php 第 48 行.
NOTIC: [8] Undefined index: have D:\wwwroot\7g\Application\Runtime\Cache\Home\38ed0e9cddc00f8541eb7e42ce4b2867.php 第 48 行.
NOTIC: [8] Undefined index: have D:\wwwroot\7g\Application\Runtime\Cache\Home\38ed0e9cddc00f8541eb7e42ce4b2867.php 第 48 行.
NOTIC: [8] Undefined index: have D:\wwwroot\7g\Application\Runtime\Cache\Home\38ed0e9cddc00f8541eb7e42ce4b2867.php 第 48 行.
NOTIC: [8] Undefined index: have D:\wwwroot\7g\Application\Runtime\Cache\Home\38ed0e9cddc00f8541eb7e42ce4b2867.php 第 48 行.
NOTIC: [8] Undefined index: have D:\wwwroot\7g\Application\Runtime\Cache\Home\38ed0e9cddc00f8541eb7e42ce4b2867.php 第 48 行.
NOTIC: [8] Undefined index: have D:\wwwroot\7g\Application\Runtime\Cache\Home\38ed0e9cddc00f8541eb7e42ce4b2867.php 第 48 行.
NOTIC: [8] Undefined index: have D:\wwwroot\7g\Application\Runtime\Cache\Home\38ed0e9cddc00f8541eb7e42ce4b2867.php 第 48 行.
NOTIC: [8] Undefined index: have D:\wwwroot\7g\Application\Runtime\Cache\Home\38ed0e9cddc00f8541eb7e42ce4b2867.php 第 48 行.
NOTIC: [8] Undefined index: have D:\wwwroot\7g\Application\Runtime\Cache\Home\38ed0e9cddc00f8541eb7e42ce4b2867.php 第 48 行.
INFO: Run Behavior\ParseTemplateBehavior [ RunTime:0.012000s ]
INFO: [ view_parse ] --END-- [ RunTime:0.012000s ]
INFO: [ view_filter ] --START--
INFO: Run Behavior\WriteHtmlCacheBehavior [ RunTime:0.000000s ]
INFO: [ view_filter ] --END-- [ RunTime:0.000000s ]
INFO: [ app_end ] --START--
INFO: Run Behavior\ShowPageTraceBehavior [ RunTime:0.000000s ]
INFO: [ app_end ] --END-- [ RunTime:0.000000s ]

[ 2015-07-27T23:54:26+08:00 ] 113.24.142.117 /getgoods1.html
INFO: [ app_init ] --START--
INFO: Run Behavior\BuildLiteBehavior [ RunTime:0.000000s ]
INFO: [ app_init ] --END-- [ RunTime:0.000000s ]
INFO: [ app_begin ] --START--
INFO: Run Behavior\ReadHtmlCacheBehavior [ RunTime:0.000000s ]
INFO: [ app_begin ] --END-- [ RunTime:0.000000s ]
INFO: [ action_begin ] --START--
INFO: Run Home\Behavior\HomePermissionBehavior [ RunTime:0.000000s ]
INFO: [ action_begin ] --END-- [ RunTime:0.000000s ]
NOTIC: [8192] mysql_connect(): The mysql extension is deprecated and will be removed in the future: use mysqli or PDO instead D:\wwwroot\7g\ThinkPHP\Library\Think\Db\Driver\Mysql.class.php 第 52 行.
SQL: SHOW COLUMNS FROM `product` [ RunTime:0.002000s ]
SQL: SELECT DISTINCT  `category_id` FROM `product` WHERE ( `state`=1 )  [ RunTime:0.000000s ]
SQL: SHOW COLUMNS FROM `category` [ RunTime:0.000000s ]
SQL: SELECT * FROM `category` WHERE ( `id` IN (2,3,1) )  [ RunTime:0.000000s ]
NOTIC: [8] Undefined offset: 0 D:\wwwroot\7g\Application\Home\Controller\GoodsController.class.php 第 39 行.
SQL: SELECT COUNT(*) AS tp_count FROM `product` WHERE ( category_id = '1' AND `state`=1 ) ORDER BY `top_time` DESC LIMIT 1   [ RunTime:0.000000s ]
SQL: SELECT * FROM `product` WHERE ( category_id = '1' AND `state`=1 ) ORDER BY `top_time` DESC LIMIT 0,30   [ RunTime:0.000000s ]
NOTIC: [8] Undefined index: m D:\wwwroot\7g\ThinkPHP\Common\functions.php 第 885 行.
NOTIC: [8] Undefined variable: up_page D:\wwwroot\7g\ThinkPHP\Library\Think\Page.class.php 第 155 行.
NOTIC: [8] Undefined variable: down_page D:\wwwroot\7g\ThinkPHP\Library\Think\Page.class.php 第 155 行.
NOTIC: [8] Undefined variable: the_first D:\wwwroot\7g\ThinkPHP\Library\Think\Page.class.php 第 155 行.
NOTIC: [8] Undefined variable: the_end D:\wwwroot\7g\ThinkPHP\Library\Think\Page.class.php 第 155 行.
SQL: SHOW COLUMNS FROM `members` [ RunTime:0.001001s ]
SQL: SELECT `id` FROM `members` WHERE ( `username` = 'qingcheng' ) LIMIT 1   [ RunTime:0.000000s ]
SQL: SHOW COLUMNS FROM `members_product` [ RunTime:0.001000s ]
SQL: SELECT `goods_id`,`dprice1`,`dprice2`,`dprice3` FROM `members_product` WHERE ( `members_id` = 20 ) AND ( `goods_id` IN ('23') )  [ RunTime:0.000000s ]
NOTIC: [2] Invalid argument supplied for foreach() D:\wwwroot\7g\Application\Home\Controller\GoodsController.class.php 第 77 行.
INFO: [ view_parse ] --START--
INFO: [ template_filter ] --START--
INFO: Run Behavior\ContentReplaceBehavior [ RunTime:0.000000s ]
INFO: [ template_filter ] --END-- [ RunTime:0.000000s ]
NOTIC: [8] Undefined index: have D:\wwwroot\7g\Application\Runtime\Cache\Home\38ed0e9cddc00f8541eb7e42ce4b2867.php 第 48 行.
INFO: Run Behavior\ParseTemplateBehavior [ RunTime:0.010000s ]
INFO: [ view_parse ] --END-- [ RunTime:0.010000s ]
INFO: [ view_filter ] --START--
INFO: Run Behavior\WriteHtmlCacheBehavior [ RunTime:0.000000s ]
INFO: [ view_filter ] --END-- [ RunTime:0.000000s ]
INFO: [ app_end ] --START--
INFO: Run Behavior\ShowPageTraceBehavior [ RunTime:0.000000s ]
INFO: [ app_end ] --END-- [ RunTime:0.000000s ]

[ 2015-07-27T23:54:30+08:00 ] 113.24.142.117 /getgoods3.html
INFO: [ app_init ] --START--
INFO: Run Behavior\BuildLiteBehavior [ RunTime:0.000000s ]
INFO: [ app_init ] --END-- [ RunTime:0.001000s ]
INFO: [ app_begin ] --START--
INFO: Run Behavior\ReadHtmlCacheBehavior [ RunTime:0.000000s ]
INFO: [ app_begin ] --END-- [ RunTime:0.000000s ]
INFO: [ action_begin ] --START--
INFO: Run Home\Behavior\HomePermissionBehavior [ RunTime:0.000000s ]
INFO: [ action_begin ] --END-- [ RunTime:0.000000s ]
NOTIC: [8192] mysql_connect(): The mysql extension is deprecated and will be removed in the future: use mysqli or PDO instead D:\wwwroot\7g\ThinkPHP\Library\Think\Db\Driver\Mysql.class.php 第 52 行.
SQL: SHOW COLUMNS FROM `product` [ RunTime:0.001000s ]
SQL: SELECT DISTINCT  `category_id` FROM `product` WHERE ( `state`=1 )  [ RunTime:0.001000s ]
SQL: SHOW COLUMNS FROM `category` [ RunTime:0.001000s ]
SQL: SELECT * FROM `category` WHERE ( `id` IN (2,3,1) )  [ RunTime:0.000000s ]
SQL: SELECT COUNT(*) AS tp_count FROM `product` WHERE ( category_id = '3' AND `state`=1 ) ORDER BY `top_time` DESC LIMIT 1   [ RunTime:0.000000s ]
SQL: SELECT * FROM `product` WHERE ( category_id = '3' AND `state`=1 ) ORDER BY `top_time` DESC LIMIT 0,30   [ RunTime:0.000000s ]
NOTIC: [8] Undefined index: m D:\wwwroot\7g\ThinkPHP\Common\functions.php 第 885 行.
NOTIC: [8] Undefined variable: up_page D:\wwwroot\7g\ThinkPHP\Library\Think\Page.class.php 第 155 行.
NOTIC: [8] Undefined variable: down_page D:\wwwroot\7g\ThinkPHP\Library\Think\Page.class.php 第 155 行.
NOTIC: [8] Undefined variable: the_first D:\wwwroot\7g\ThinkPHP\Library\Think\Page.class.php 第 155 行.
NOTIC: [8] Undefined variable: the_end D:\wwwroot\7g\ThinkPHP\Library\Think\Page.class.php 第 155 行.
SQL: SHOW COLUMNS FROM `members` [ RunTime:0.001000s ]
SQL: SELECT `id` FROM `members` WHERE ( `username` = 'qingcheng' ) LIMIT 1   [ RunTime:0.001000s ]
SQL: SHOW COLUMNS FROM `members_product` [ RunTime:0.001000s ]
SQL: SELECT `goods_id`,`dprice1`,`dprice2`,`dprice3` FROM `members_product` WHERE ( `members_id` = 20 ) AND ( `goods_id` IN ('18','19','20','21','22') )  [ RunTime:0.000000s ]
NOTIC: [2] Invalid argument supplied for foreach() D:\wwwroot\7g\Application\Home\Controller\GoodsController.class.php 第 77 行.
INFO: [ view_parse ] --START--
INFO: [ template_filter ] --START--
INFO: Run Behavior\ContentReplaceBehavior [ RunTime:0.001000s ]
INFO: [ template_filter ] --END-- [ RunTime:0.001000s ]
NOTIC: [8] Undefined index: have D:\wwwroot\7g\Application\Runtime\Cache\Home\38ed0e9cddc00f8541eb7e42ce4b2867.php 第 48 行.
NOTIC: [8] Undefined index: have D:\wwwroot\7g\Application\Runtime\Cache\Home\38ed0e9cddc00f8541eb7e42ce4b2867.php 第 48 行.
NOTIC: [8] Undefined index: have D:\wwwroot\7g\Application\Runtime\Cache\Home\38ed0e9cddc00f8541eb7e42ce4b2867.php 第 48 行.
NOTIC: [8] Undefined index: have D:\wwwroot\7g\Application\Runtime\Cache\Home\38ed0e9cddc00f8541eb7e42ce4b2867.php 第 48 行.
NOTIC: [8] Undefined index: have D:\wwwroot\7g\Application\Runtime\Cache\Home\38ed0e9cddc00f8541eb7e42ce4b2867.php 第 48 行.
INFO: Run Behavior\ParseTemplateBehavior [ RunTime:0.011001s ]
INFO: [ view_parse ] --END-- [ RunTime:0.011001s ]
INFO: [ view_filter ] --START--
INFO: Run Behavior\WriteHtmlCacheBehavior [ RunTime:0.000000s ]
INFO: [ view_filter ] --END-- [ RunTime:0.001000s ]
INFO: [ app_end ] --START--
INFO: Run Behavior\ShowPageTraceBehavior [ RunTime:0.000000s ]
INFO: [ app_end ] --END-- [ RunTime:0.000000s ]

