[ 2016-03-07T17:57:25+08:00 ] 192.168.1.26 /
INFO: [ app_init ] --START--
INFO: Run Behavior\BuildLiteBehavior [ RunTime:0.000023s ]
INFO: [ app_init ] --END-- [ RunTime:0.000149s ]
INFO: [ app_begin ] --START--
INFO: Run Behavior\ReadHtmlCacheBehavior [ RunTime:0.000761s ]
INFO: [ app_begin ] --END-- [ RunTime:0.000956s ]
INFO: [ action_begin ] --START--
INFO: Run Home\Behavior\HomePermissionBehavior [ RunTime:0.001023s ]
INFO: [ action_begin ] --END-- [ RunTime:0.001184s ]
NOTIC: [8192] mysql_connect(): The mysql extension is deprecated and will be removed in the future: use mysqli or PDO instead /usr/local/nginx/html/xs.7275.com/ThinkPHP/Library/Think/Db/Driver/Mysql.class.php 第 52 行.
SQL: SHOW COLUMNS FROM `news` [ RunTime:0.002602s ]
SQL: SELECT * FROM `news` ORDER BY time DESC  [ RunTime:0.002001s ]
INFO: [ view_parse ] --START--
INFO: [ template_filter ] --START--
INFO: Run Behavior\ContentReplaceBehavior [ RunTime:0.000057s ]
INFO: [ template_filter ] --END-- [ RunTime:0.000119s ]
INFO: Run Behavior\ParseTemplateBehavior [ RunTime:0.009422s ]
INFO: [ view_parse ] --END-- [ RunTime:0.009478s ]
INFO: [ view_filter ] --START--
INFO: Run Behavior\WriteHtmlCacheBehavior [ RunTime:0.000270s ]
INFO: [ view_filter ] --END-- [ RunTime:0.000308s ]
INFO: [ app_end ] --START--
INFO: Run Behavior\ShowPageTraceBehavior [ RunTime:0.000438s ]
INFO: [ app_end ] --END-- [ RunTime:0.000475s ]

[ 2016-03-07T17:57:26+08:00 ] 192.168.1.26 /Verify/Index/common
INFO: [ app_init ] --START--
INFO: Run Behavior\BuildLiteBehavior [ RunTime:0.000014s ]
INFO: [ app_init ] --END-- [ RunTime:0.000068s ]
INFO: [ app_begin ] --START--
INFO: Run Behavior\ReadHtmlCacheBehavior [ RunTime:0.000418s ]
INFO: [ app_begin ] --END-- [ RunTime:0.000466s ]

[ 2016-03-07T17:57:26+08:00 ] 192.168.1.26 /Verify/Index/verify.html
INFO: [ app_init ] --START--
INFO: Run Behavior\BuildLiteBehavior [ RunTime:0.000019s ]
INFO: [ app_init ] --END-- [ RunTime:0.000105s ]
INFO: [ app_begin ] --START--
INFO: Run Behavior\ReadHtmlCacheBehavior [ RunTime:0.000734s ]
INFO: [ app_begin ] --END-- [ RunTime:0.000820s ]
INFO: [ app_end ] --START--
INFO: Run Behavior\ShowPageTraceBehavior [ RunTime:0.000528s ]
INFO: [ app_end ] --END-- [ RunTime:0.000740s ]

[ 2016-03-07T17:57:38+08:00 ] 192.168.1.26 /admin
INFO: [ app_init ] --START--
INFO: Run Behavior\BuildLiteBehavior [ RunTime:0.000013s ]
INFO: [ app_init ] --END-- [ RunTime:0.000062s ]
INFO: [ app_begin ] --START--
INFO: Run Behavior\ReadHtmlCacheBehavior [ RunTime:0.000391s ]
INFO: [ app_begin ] --END-- [ RunTime:0.000438s ]
INFO: [ action_begin ] --START--
INFO: Run Admin\Behavior\CheckPermissionBehavior [ RunTime:0.000955s ]
INFO: [ action_begin ] --END-- [ RunTime:0.001093s ]
NOTIC: [2048] Declaration of Admin\Model\BaseModel::page() should be compatible with Think\Model::page($page, $listRows = NULL) /usr/local/nginx/html/xs.7275.com/Application/Admin/Model/BaseModel.class.php 第 16 行.
NOTIC: [8192] mysql_connect(): The mysql extension is deprecated and will be removed in the future: use mysqli or PDO instead /usr/local/nginx/html/xs.7275.com/ThinkPHP/Library/Think/Db/Driver/Mysql.class.php 第 52 行.
SQL: SHOW COLUMNS FROM `members` [ RunTime:0.001815s ]
SQL: SHOW COLUMNS FROM `product` [ RunTime:0.001931s ]
SQL: SHOW COLUMNS FROM `product_data` [ RunTime:0.001880s ]
SQL: SELECT COUNT(*) AS tp_count FROM `members` LIMIT 1   [ RunTime:0.001367s ]
SQL: SELECT COUNT(*) AS tp_count FROM `product` LIMIT 1   [ RunTime:0.001240s ]
SQL: SELECT SUM(umoney-money) AS tp_sum FROM `product_data` WHERE ( DATE(FROM_UNIXTIME(`time`))=DATE(DATE_SUB(NOW(),INTERVAL 1 DAY)) ) LIMIT 1   [ RunTime:0.002345s ]
SQL: SELECT SUM(umoney-money) AS tp_sum FROM `product_data` WHERE ( CONCAT(YEAR(FROM_UNIXTIME(`time`)),'-',MONTH(FROM_UNIXTIME(`time`)))=CONCAT(YEAR(NOW()),'-',MONTH(NOW())) ) LIMIT 1   [ RunTime:0.003258s ]
SQL: SELECT SUM(umoney-money) AS tp_sum FROM `product_data` WHERE ( CONCAT(YEAR(FROM_UNIXTIME(`time`)),'-',MONTH(FROM_UNIXTIME(`time`)))=CONCAT(YEAR(DATE_SUB(NOW(),INTERVAL 1 MONTH)),'-',MONTH(DATE_SUB(NOW(),INTERVAL 1 MONTH))) ) LIMIT 1   [ RunTime:0.001528s ]
SQL: SELECT SUM(umoney-money) AS tp_sum FROM `product_data` WHERE ( DATE(FROM_UNIXTIME(`time`))>=DATE(DATE_SUB(NOW(),INTERVAL 7 DAY)) AND DATE(FROM_UNIXTIME(`time`))<=DATE(NOW()) ) LIMIT 1   [ RunTime:0.001398s ]
SQL: SELECT SUM(`data`.`umoney`-`data`.`money`) AS union_price,`data`.`time` FROM product_data data GROUP BY DATE(FROM_UNIXTIME(`data`.`time`)) ORDER BY `data`.`time` ASC  [ RunTime:0.001333s ]
NOTIC: [2] Invalid argument supplied for foreach() /usr/local/nginx/html/xs.7275.com/Application/Admin/Controller/IndexController.class.php 第 32 行.
NOTIC: [8] Undefined index: categories /usr/local/nginx/html/xs.7275.com/Application/Admin/Controller/IndexController.class.php 第 37 行.
NOTIC: [2] implode(): Invalid arguments passed /usr/local/nginx/html/xs.7275.com/Application/Admin/Controller/IndexController.class.php 第 37 行.
NOTIC: [8] Undefined index: data /usr/local/nginx/html/xs.7275.com/Application/Admin/Controller/IndexController.class.php 第 38 行.
NOTIC: [2] implode(): Invalid arguments passed /usr/local/nginx/html/xs.7275.com/Application/Admin/Controller/IndexController.class.php 第 38 行.
INFO: [ view_parse ] --START--
INFO: [ template_filter ] --START--
INFO: Run Behavior\ContentReplaceBehavior [ RunTime:0.000046s ]
INFO: [ template_filter ] --END-- [ RunTime:0.000108s ]
INFO: Run Behavior\ParseTemplateBehavior [ RunTime:0.007904s ]
INFO: [ view_parse ] --END-- [ RunTime:0.007962s ]
INFO: [ view_filter ] --START--
INFO: Run Behavior\WriteHtmlCacheBehavior [ RunTime:0.000147s ]
INFO: [ view_filter ] --END-- [ RunTime:0.000184s ]
INFO: [ app_end ] --START--
INFO: Run Behavior\ShowPageTraceBehavior [ RunTime:0.000640s ]
INFO: [ app_end ] --END-- [ RunTime:0.000745s ]

[ 2016-03-07T17:57:58+08:00 ] 192.168.1.26 /Admin/Members/index.html
INFO: [ app_init ] --START--
INFO: Run Behavior\BuildLiteBehavior [ RunTime:0.000032s ]
INFO: [ app_init ] --END-- [ RunTime:0.000115s ]
INFO: [ app_begin ] --START--
INFO: Run Behavior\ReadHtmlCacheBehavior [ RunTime:0.000520s ]
INFO: [ app_begin ] --END-- [ RunTime:0.000573s ]
INFO: [ action_begin ] --START--
INFO: Run Admin\Behavior\CheckPermissionBehavior [ RunTime:0.000262s ]
INFO: [ action_begin ] --END-- [ RunTime:0.000307s ]
NOTIC: [2048] Declaration of Admin\Model\BaseModel::page() should be compatible with Think\Model::page($page, $listRows = NULL) /usr/local/nginx/html/xs.7275.com/Application/Admin/Model/BaseModel.class.php 第 16 行.
NOTIC: [8192] mysql_connect(): The mysql extension is deprecated and will be removed in the future: use mysqli or PDO instead /usr/local/nginx/html/xs.7275.com/ThinkPHP/Library/Think/Db/Driver/Mysql.class.php 第 52 行.
SQL: SHOW COLUMNS FROM `members` [ RunTime:0.001951s ]
SQL: SELECT COUNT(*) AS tp_count FROM `members` LEFT JOIN `members_product` ON `members_product`.`members_id`=`members`.`id`  GROUP BY `members`.`id` LIMIT 1   [ RunTime:0.001519s ]
SQL: SELECT count(members_product.id) AS num,members.* FROM `members` LEFT JOIN `members_product` ON `members_product`.`members_id`=`members`.`id`  GROUP BY `members`.`id` LIMIT 0,30   [ RunTime:0.002171s ]
NOTIC: [8] Undefined variable: up_page /usr/local/nginx/html/xs.7275.com/ThinkPHP/Library/Think/Page.class.php 第 155 行.
NOTIC: [8] Undefined variable: down_page /usr/local/nginx/html/xs.7275.com/ThinkPHP/Library/Think/Page.class.php 第 155 行.
NOTIC: [8] Undefined variable: the_first /usr/local/nginx/html/xs.7275.com/ThinkPHP/Library/Think/Page.class.php 第 155 行.
NOTIC: [8] Undefined variable: the_end /usr/local/nginx/html/xs.7275.com/ThinkPHP/Library/Think/Page.class.php 第 155 行.
INFO: [ view_parse ] --START--
INFO: [ template_filter ] --START--
INFO: Run Behavior\ContentReplaceBehavior [ RunTime:0.000072s ]
INFO: [ template_filter ] --END-- [ RunTime:0.000126s ]
INFO: Run Behavior\ParseTemplateBehavior [ RunTime:0.012511s ]
INFO: [ view_parse ] --END-- [ RunTime:0.012569s ]
INFO: [ view_filter ] --START--
INFO: Run Behavior\WriteHtmlCacheBehavior [ RunTime:0.000274s ]
INFO: [ view_filter ] --END-- [ RunTime:0.000312s ]
INFO: [ app_end ] --START--
INFO: Run Behavior\ShowPageTraceBehavior [ RunTime:0.000556s ]
INFO: [ app_end ] --END-- [ RunTime:0.000634s ]

[ 2016-03-07T18:01:26+08:00 ] 192.168.1.26 /Admin/Goods/index.html
INFO: [ app_init ] --START--
INFO: Run Behavior\BuildLiteBehavior [ RunTime:0.000014s ]
INFO: [ app_init ] --END-- [ RunTime:0.000063s ]
INFO: [ app_begin ] --START--
INFO: Run Behavior\ReadHtmlCacheBehavior [ RunTime:0.002007s ]
INFO: [ app_begin ] --END-- [ RunTime:0.002073s ]
INFO: [ action_begin ] --START--
INFO: Run Admin\Behavior\CheckPermissionBehavior [ RunTime:0.000218s ]
INFO: [ action_begin ] --END-- [ RunTime:0.000274s ]
NOTIC: [2048] Declaration of Admin\Model\BaseModel::page() should be compatible with Think\Model::page($page, $listRows = NULL) /usr/local/nginx/html/xs.7275.com/Application/Admin/Model/BaseModel.class.php 第 16 行.
NOTIC: [8192] mysql_connect(): The mysql extension is deprecated and will be removed in the future: use mysqli or PDO instead /usr/local/nginx/html/xs.7275.com/ThinkPHP/Library/Think/Db/Driver/Mysql.class.php 第 52 行.
SQL: SHOW COLUMNS FROM `goods` [ RunTime:0.002258s ]
SQL: SELECT COUNT(*) AS tp_count FROM `goods` LIMIT 1   [ RunTime:0.001428s ]
SQL: SELECT * FROM `goods` LIMIT 0,30   [ RunTime:0.001758s ]
SQL: SHOW COLUMNS FROM `category` [ RunTime:0.001658s ]
SQL: SELECT * FROM `category`  [ RunTime:0.001396s ]
INFO: [ view_parse ] --START--
INFO: [ template_filter ] --START--
INFO: Run Behavior\ContentReplaceBehavior [ RunTime:0.000105s ]
INFO: [ template_filter ] --END-- [ RunTime:0.000210s ]
INFO: Run Behavior\ParseTemplateBehavior [ RunTime:0.020997s ]
INFO: [ view_parse ] --END-- [ RunTime:0.021052s ]
INFO: [ view_filter ] --START--
INFO: Run Behavior\WriteHtmlCacheBehavior [ RunTime:0.000143s ]
INFO: [ view_filter ] --END-- [ RunTime:0.000178s ]
INFO: [ app_end ] --START--
INFO: Run Behavior\ShowPageTraceBehavior [ RunTime:0.000604s ]
INFO: [ app_end ] --END-- [ RunTime:0.000677s ]

[ 2016-03-07T18:01:42+08:00 ] 192.168.1.26 /
INFO: [ app_init ] --START--
INFO: Run Behavior\BuildLiteBehavior [ RunTime:0.000013s ]
INFO: [ app_init ] --END-- [ RunTime:0.000068s ]
INFO: [ app_begin ] --START--
INFO: Run Behavior\ReadHtmlCacheBehavior [ RunTime:0.000394s ]
INFO: [ app_begin ] --END-- [ RunTime:0.000439s ]
INFO: [ action_begin ] --START--
INFO: Run Home\Behavior\HomePermissionBehavior [ RunTime:0.000391s ]
INFO: [ action_begin ] --END-- [ RunTime:0.000447s ]
NOTIC: [8192] mysql_connect(): The mysql extension is deprecated and will be removed in the future: use mysqli or PDO instead /usr/local/nginx/html/xs.7275.com/ThinkPHP/Library/Think/Db/Driver/Mysql.class.php 第 52 行.
SQL: SHOW COLUMNS FROM `news` [ RunTime:0.003651s ]
SQL: SELECT * FROM `news` ORDER BY time DESC  [ RunTime:0.002512s ]
INFO: [ view_parse ] --START--
INFO: [ template_filter ] --START--
INFO: Run Behavior\ContentReplaceBehavior [ RunTime:0.000107s ]
INFO: [ template_filter ] --END-- [ RunTime:0.000233s ]
INFO: Run Behavior\ParseTemplateBehavior [ RunTime:0.013504s ]
INFO: [ view_parse ] --END-- [ RunTime:0.013604s ]
INFO: [ view_filter ] --START--
INFO: Run Behavior\WriteHtmlCacheBehavior [ RunTime:0.000228s ]
INFO: [ view_filter ] --END-- [ RunTime:0.000289s ]
INFO: [ app_end ] --START--
INFO: Run Behavior\ShowPageTraceBehavior [ RunTime:0.000801s ]
INFO: [ app_end ] --END-- [ RunTime:0.000876s ]

[ 2016-03-07T18:01:42+08:00 ] 192.168.1.26 /Verify/Index/common
INFO: [ app_init ] --START--
INFO: Run Behavior\BuildLiteBehavior [ RunTime:0.000017s ]
INFO: [ app_init ] --END-- [ RunTime:0.000080s ]
INFO: [ app_begin ] --START--
INFO: Run Behavior\ReadHtmlCacheBehavior [ RunTime:0.000608s ]
INFO: [ app_begin ] --END-- [ RunTime:0.000674s ]

[ 2016-03-07T18:01:42+08:00 ] 192.168.1.26 /Verify/Index/verify.html
INFO: [ app_init ] --START--
INFO: Run Behavior\BuildLiteBehavior [ RunTime:0.000013s ]
INFO: [ app_init ] --END-- [ RunTime:0.000068s ]
INFO: [ app_begin ] --START--
INFO: Run Behavior\ReadHtmlCacheBehavior [ RunTime:0.000528s ]
INFO: [ app_begin ] --END-- [ RunTime:0.000576s ]
INFO: [ app_end ] --START--
INFO: Run Behavior\ShowPageTraceBehavior [ RunTime:0.000578s ]
INFO: [ app_end ] --END-- [ RunTime:0.000652s ]

[ 2016-03-07T18:01:43+08:00 ] 192.168.1.26 /registe.html
INFO: [ app_init ] --START--
INFO: Run Behavior\BuildLiteBehavior [ RunTime:0.000014s ]
INFO: [ app_init ] --END-- [ RunTime:0.000062s ]
INFO: [ app_begin ] --START--
INFO: Run Behavior\ReadHtmlCacheBehavior [ RunTime:0.000665s ]
INFO: [ app_begin ] --END-- [ RunTime:0.000718s ]
INFO: [ action_begin ] --START--

[ 2016-03-07T18:01:45+08:00 ] 192.168.1.26 /
INFO: [ app_init ] --START--
INFO: Run Behavior\BuildLiteBehavior [ RunTime:0.000012s ]
INFO: [ app_init ] --END-- [ RunTime:0.000058s ]
INFO: [ app_begin ] --START--
INFO: Run Behavior\ReadHtmlCacheBehavior [ RunTime:0.000369s ]
INFO: [ app_begin ] --END-- [ RunTime:0.000410s ]
INFO: [ action_begin ] --START--
INFO: Run Home\Behavior\HomePermissionBehavior [ RunTime:0.000367s ]
INFO: [ action_begin ] --END-- [ RunTime:0.000495s ]
NOTIC: [8192] mysql_connect(): The mysql extension is deprecated and will be removed in the future: use mysqli or PDO instead /usr/local/nginx/html/xs.7275.com/ThinkPHP/Library/Think/Db/Driver/Mysql.class.php 第 52 行.
SQL: SHOW COLUMNS FROM `news` [ RunTime:0.001720s ]
SQL: SELECT * FROM `news` ORDER BY time DESC  [ RunTime:0.001687s ]
INFO: [ view_parse ] --START--
INFO: [ template_filter ] --START--
INFO: Run Behavior\ContentReplaceBehavior [ RunTime:0.000060s ]
INFO: [ template_filter ] --END-- [ RunTime:0.000118s ]
INFO: Run Behavior\ParseTemplateBehavior [ RunTime:0.010066s ]
INFO: [ view_parse ] --END-- [ RunTime:0.010113s ]
INFO: [ view_filter ] --START--
INFO: Run Behavior\WriteHtmlCacheBehavior [ RunTime:0.000138s ]
INFO: [ view_filter ] --END-- [ RunTime:0.000174s ]
INFO: [ app_end ] --START--
INFO: Run Behavior\ShowPageTraceBehavior [ RunTime:0.000463s ]
INFO: [ app_end ] --END-- [ RunTime:0.000499s ]

[ 2016-03-07T18:01:45+08:00 ] 192.168.1.26 /Verify/Index/common
INFO: [ app_init ] --START--
INFO: Run Behavior\BuildLiteBehavior [ RunTime:0.000014s ]
INFO: [ app_init ] --END-- [ RunTime:0.000069s ]
INFO: [ app_begin ] --START--
INFO: Run Behavior\ReadHtmlCacheBehavior [ RunTime:0.000686s ]
INFO: [ app_begin ] --END-- [ RunTime:0.000764s ]

[ 2016-03-07T18:01:45+08:00 ] 192.168.1.26 /Verify/Index/verify.html
INFO: [ app_init ] --START--
INFO: Run Behavior\BuildLiteBehavior [ RunTime:0.000019s ]
INFO: [ app_init ] --END-- [ RunTime:0.000094s ]
INFO: [ app_begin ] --START--
INFO: Run Behavior\ReadHtmlCacheBehavior [ RunTime:0.000652s ]
INFO: [ app_begin ] --END-- [ RunTime:0.000733s ]
INFO: [ app_end ] --START--
INFO: Run Behavior\ShowPageTraceBehavior [ RunTime:0.000509s ]
INFO: [ app_end ] --END-- [ RunTime:0.000580s ]

[ 2016-03-07T18:01:47+08:00 ] 192.168.1.26 /Admin/Index/index.html
INFO: [ app_init ] --START--
INFO: Run Behavior\BuildLiteBehavior [ RunTime:0.000015s ]
INFO: [ app_init ] --END-- [ RunTime:0.000173s ]
INFO: [ app_begin ] --START--
INFO: Run Behavior\ReadHtmlCacheBehavior [ RunTime:0.000517s ]
INFO: [ app_begin ] --END-- [ RunTime:0.000574s ]
INFO: [ action_begin ] --START--
INFO: Run Admin\Behavior\CheckPermissionBehavior [ RunTime:0.000368s ]
INFO: [ action_begin ] --END-- [ RunTime:0.000434s ]
NOTIC: [2048] Declaration of Admin\Model\BaseModel::page() should be compatible with Think\Model::page($page, $listRows = NULL) /usr/local/nginx/html/xs.7275.com/Application/Admin/Model/BaseModel.class.php 第 16 行.
NOTIC: [8192] mysql_connect(): The mysql extension is deprecated and will be removed in the future: use mysqli or PDO instead /usr/local/nginx/html/xs.7275.com/ThinkPHP/Library/Think/Db/Driver/Mysql.class.php 第 52 行.
SQL: SHOW COLUMNS FROM `members` [ RunTime:0.002179s ]
SQL: SHOW COLUMNS FROM `product` [ RunTime:0.002610s ]
SQL: SHOW COLUMNS FROM `product_data` [ RunTime:0.004433s ]
SQL: SELECT COUNT(*) AS tp_count FROM `members` LIMIT 1   [ RunTime:0.001639s ]
SQL: SELECT COUNT(*) AS tp_count FROM `product` LIMIT 1   [ RunTime:0.001325s ]
SQL: SELECT SUM(umoney-money) AS tp_sum FROM `product_data` WHERE ( DATE(FROM_UNIXTIME(`time`))=DATE(DATE_SUB(NOW(),INTERVAL 1 DAY)) ) LIMIT 1   [ RunTime:0.006532s ]
SQL: SELECT SUM(umoney-money) AS tp_sum FROM `product_data` WHERE ( CONCAT(YEAR(FROM_UNIXTIME(`time`)),'-',MONTH(FROM_UNIXTIME(`time`)))=CONCAT(YEAR(NOW()),'-',MONTH(NOW())) ) LIMIT 1   [ RunTime:0.001991s ]
SQL: SELECT SUM(umoney-money) AS tp_sum FROM `product_data` WHERE ( CONCAT(YEAR(FROM_UNIXTIME(`time`)),'-',MONTH(FROM_UNIXTIME(`time`)))=CONCAT(YEAR(DATE_SUB(NOW(),INTERVAL 1 MONTH)),'-',MONTH(DATE_SUB(NOW(),INTERVAL 1 MONTH))) ) LIMIT 1   [ RunTime:0.001353s ]
SQL: SELECT SUM(umoney-money) AS tp_sum FROM `product_data` WHERE ( DATE(FROM_UNIXTIME(`time`))>=DATE(DATE_SUB(NOW(),INTERVAL 7 DAY)) AND DATE(FROM_UNIXTIME(`time`))<=DATE(NOW()) ) LIMIT 1   [ RunTime:0.002692s ]
SQL: SELECT SUM(`data`.`umoney`-`data`.`money`) AS union_price,`data`.`time` FROM product_data data GROUP BY DATE(FROM_UNIXTIME(`data`.`time`)) ORDER BY `data`.`time` ASC  [ RunTime:0.002689s ]
NOTIC: [2] Invalid argument supplied for foreach() /usr/local/nginx/html/xs.7275.com/Application/Admin/Controller/IndexController.class.php 第 32 行.
NOTIC: [8] Undefined index: categories /usr/local/nginx/html/xs.7275.com/Application/Admin/Controller/IndexController.class.php 第 37 行.
NOTIC: [2] implode(): Invalid arguments passed /usr/local/nginx/html/xs.7275.com/Application/Admin/Controller/IndexController.class.php 第 37 行.
NOTIC: [8] Undefined index: data /usr/local/nginx/html/xs.7275.com/Application/Admin/Controller/IndexController.class.php 第 38 行.
NOTIC: [2] implode(): Invalid arguments passed /usr/local/nginx/html/xs.7275.com/Application/Admin/Controller/IndexController.class.php 第 38 行.
INFO: [ view_parse ] --START--
INFO: [ template_filter ] --START--
INFO: Run Behavior\ContentReplaceBehavior [ RunTime:0.000047s ]
INFO: [ template_filter ] --END-- [ RunTime:0.000104s ]
INFO: Run Behavior\ParseTemplateBehavior [ RunTime:0.014446s ]
INFO: [ view_parse ] --END-- [ RunTime:0.014587s ]
INFO: [ view_filter ] --START--
INFO: Run Behavior\WriteHtmlCacheBehavior [ RunTime:0.000206s ]
INFO: [ view_filter ] --END-- [ RunTime:0.000262s ]
INFO: [ app_end ] --START--
INFO: Run Behavior\ShowPageTraceBehavior [ RunTime:0.000695s ]
INFO: [ app_end ] --END-- [ RunTime:0.000753s ]

[ 2016-03-07T18:01:49+08:00 ] 192.168.1.26 /Admin/index/make/type/index.html
INFO: [ app_init ] --START--
INFO: Run Behavior\BuildLiteBehavior [ RunTime:0.000013s ]
INFO: [ app_init ] --END-- [ RunTime:0.000060s ]
INFO: [ app_begin ] --START--
INFO: Run Behavior\ReadHtmlCacheBehavior [ RunTime:0.000354s ]
INFO: [ app_begin ] --END-- [ RunTime:0.000396s ]
INFO: [ action_begin ] --START--
INFO: Run Admin\Behavior\CheckPermissionBehavior [ RunTime:0.000218s ]
INFO: [ action_begin ] --END-- [ RunTime:0.000272s ]
INFO: [ action_begin ] --START--
INFO: Run Admin\Behavior\CheckPermissionBehavior [ RunTime:0.000014s ]
INFO: [ action_begin ] --END-- [ RunTime:-0.000479s ]
NOTIC: [8192] mysql_connect(): The mysql extension is deprecated and will be removed in the future: use mysqli or PDO instead /usr/local/nginx/html/xs.7275.com/ThinkPHP/Library/Think/Db/Driver/Mysql.class.php 第 52 行.
SQL: SHOW COLUMNS FROM `news` [ RunTime:0.003047s ]
SQL: SELECT * FROM `news` ORDER BY time DESC  [ RunTime:0.001884s ]
INFO: [ view_parse ] --START--
INFO: [ template_filter ] --START--
INFO: Run Behavior\ContentReplaceBehavior [ RunTime:0.000062s ]
INFO: [ template_filter ] --END-- [ RunTime:0.000121s ]
INFO: Run Behavior\ParseTemplateBehavior [ RunTime:0.010137s ]
INFO: [ view_parse ] --END-- [ RunTime:0.010234s ]
INFO: [ view_filter ] --START--
INFO: Run Behavior\WriteHtmlCacheBehavior [ RunTime:0.000192s ]
INFO: [ view_filter ] --END-- [ RunTime:0.000230s ]
INFO: [ action_begin ] --START--
INFO: Run Admin\Behavior\CheckPermissionBehavior [ RunTime:0.000017s ]
INFO: [ action_begin ] --END-- [ RunTime:-0.032951s ]
INFO: [ view_parse ] --START--
INFO: [ template_filter ] --START--
INFO: Run Behavior\ContentReplaceBehavior [ RunTime:0.000080s ]
INFO: [ template_filter ] --END-- [ RunTime:-0.011337s ]
INFO: Run Behavior\ParseTemplateBehavior [ RunTime:0.008892s ]
INFO: [ view_parse ] --END-- [ RunTime:-0.000910s ]
INFO: [ view_filter ] --START--
INFO: Run Behavior\WriteHtmlCacheBehavior [ RunTime:0.000011s ]
INFO: [ view_filter ] --END-- [ RunTime:-0.009623s ]
INFO: [ action_begin ] --START--
INFO: Run Admin\Behavior\CheckPermissionBehavior [ RunTime:0.000017s ]
INFO: [ action_begin ] --END-- [ RunTime:-0.042581s ]
INFO: [ view_parse ] --START--
INFO: [ template_filter ] --START--
INFO: Run Behavior\ContentReplaceBehavior [ RunTime:0.000042s ]
INFO: [ template_filter ] --END-- [ RunTime:-0.015624s ]
INFO: Run Behavior\ParseTemplateBehavior [ RunTime:0.003301s ]
INFO: [ view_parse ] --END-- [ RunTime:-0.010527s ]
INFO: [ view_filter ] --START--
INFO: Run Behavior\WriteHtmlCacheBehavior [ RunTime:0.000011s ]
INFO: [ view_filter ] --END-- [ RunTime:-0.013636s ]
INFO: [ action_begin ] --START--
INFO: Run Admin\Behavior\CheckPermissionBehavior [ RunTime:0.000016s ]
INFO: [ action_begin ] --END-- [ RunTime:-0.046559s ]
SQL: SHOW COLUMNS FROM `question` [ RunTime:0.001861s ]
SQL: SELECT * FROM `question` ORDER BY time DESC  [ RunTime:0.002592s ]
INFO: [ view_parse ] --START--
INFO: [ template_filter ] --START--
INFO: Run Behavior\ContentReplaceBehavior [ RunTime:0.000070s ]
INFO: [ template_filter ] --END-- [ RunTime:-0.025674s ]
INFO: Run Behavior\ParseTemplateBehavior [ RunTime:0.004614s ]
INFO: [ view_parse ] --END-- [ RunTime:-0.019422s ]
INFO: [ view_filter ] --START--
INFO: Run Behavior\WriteHtmlCacheBehavior [ RunTime:0.000010s ]
INFO: [ view_filter ] --END-- [ RunTime:-0.023843s ]
INFO: [ action_begin ] --START--
INFO: Run Admin\Behavior\CheckPermissionBehavior [ RunTime:0.000015s ]
INFO: [ action_begin ] --END-- [ RunTime:-0.056671s ]
SQL: SELECT * FROM `news` ORDER BY time DESC  [ RunTime:0.001733s ]
INFO: [ view_parse ] --START--
INFO: [ template_filter ] --START--
INFO: Run Behavior\ContentReplaceBehavior [ RunTime:0.000043s ]
INFO: [ template_filter ] --END-- [ RunTime:-0.031961s ]
INFO: Run Behavior\ParseTemplateBehavior [ RunTime:0.003606s ]
INFO: [ view_parse ] --END-- [ RunTime:-0.026597s ]
INFO: [ view_filter ] --START--
INFO: Run Behavior\WriteHtmlCacheBehavior [ RunTime:0.000009s ]
INFO: [ view_filter ] --END-- [ RunTime:-0.030006s ]
INFO: [ view_parse ] --START--
INFO: [ template_filter ] --START--
INFO: Run Behavior\ContentReplaceBehavior [ RunTime:0.000028s ]
INFO: [ template_filter ] --END-- [ RunTime:-0.034412s ]
INFO: Run Behavior\ParseTemplateBehavior [ RunTime:0.001633s ]
INFO: [ view_parse ] --END-- [ RunTime:-0.030541s ]
INFO: [ view_filter ] --START--
INFO: Run Behavior\WriteHtmlCacheBehavior [ RunTime:0.000009s ]
INFO: [ view_filter ] --END-- [ RunTime:-0.031972s ]
INFO: [ app_end ] --START--
INFO: Run Behavior\ShowPageTraceBehavior [ RunTime:0.000455s ]
INFO: [ app_end ] --END-- [ RunTime:0.000489s ]

[ 2016-03-07T18:01:54+08:00 ] 192.168.1.26 /Admin/Index/index.html
INFO: [ app_init ] --START--
INFO: Run Behavior\BuildLiteBehavior [ RunTime:0.000012s ]
INFO: [ app_init ] --END-- [ RunTime:0.000060s ]
INFO: [ app_begin ] --START--
INFO: Run Behavior\ReadHtmlCacheBehavior [ RunTime:0.000378s ]
INFO: [ app_begin ] --END-- [ RunTime:0.000422s ]
INFO: [ action_begin ] --START--
INFO: Run Admin\Behavior\CheckPermissionBehavior [ RunTime:0.000317s ]
INFO: [ action_begin ] --END-- [ RunTime:0.000368s ]
NOTIC: [2048] Declaration of Admin\Model\BaseModel::page() should be compatible with Think\Model::page($page, $listRows = NULL) /usr/local/nginx/html/xs.7275.com/Application/Admin/Model/BaseModel.class.php 第 16 行.
NOTIC: [8192] mysql_connect(): The mysql extension is deprecated and will be removed in the future: use mysqli or PDO instead /usr/local/nginx/html/xs.7275.com/ThinkPHP/Library/Think/Db/Driver/Mysql.class.php 第 52 行.
SQL: SHOW COLUMNS FROM `members` [ RunTime:0.001749s ]
SQL: SHOW COLUMNS FROM `product` [ RunTime:0.001882s ]
SQL: SHOW COLUMNS FROM `product_data` [ RunTime:0.001796s ]
SQL: SELECT COUNT(*) AS tp_count FROM `members` LIMIT 1   [ RunTime:0.001263s ]
SQL: SELECT COUNT(*) AS tp_count FROM `product` LIMIT 1   [ RunTime:0.001243s ]
SQL: SELECT SUM(umoney-money) AS tp_sum FROM `product_data` WHERE ( DATE(FROM_UNIXTIME(`time`))=DATE(DATE_SUB(NOW(),INTERVAL 1 DAY)) ) LIMIT 1   [ RunTime:0.001344s ]
SQL: SELECT SUM(umoney-money) AS tp_sum FROM `product_data` WHERE ( CONCAT(YEAR(FROM_UNIXTIME(`time`)),'-',MONTH(FROM_UNIXTIME(`time`)))=CONCAT(YEAR(NOW()),'-',MONTH(NOW())) ) LIMIT 1   [ RunTime:0.001343s ]
SQL: SELECT SUM(umoney-money) AS tp_sum FROM `product_data` WHERE ( CONCAT(YEAR(FROM_UNIXTIME(`time`)),'-',MONTH(FROM_UNIXTIME(`time`)))=CONCAT(YEAR(DATE_SUB(NOW(),INTERVAL 1 MONTH)),'-',MONTH(DATE_SUB(NOW(),INTERVAL 1 MONTH))) ) LIMIT 1   [ RunTime:0.001326s ]
SQL: SELECT SUM(umoney-money) AS tp_sum FROM `product_data` WHERE ( DATE(FROM_UNIXTIME(`time`))>=DATE(DATE_SUB(NOW(),INTERVAL 7 DAY)) AND DATE(FROM_UNIXTIME(`time`))<=DATE(NOW()) ) LIMIT 1   [ RunTime:0.001806s ]
SQL: SELECT SUM(`data`.`umoney`-`data`.`money`) AS union_price,`data`.`time` FROM product_data data GROUP BY DATE(FROM_UNIXTIME(`data`.`time`)) ORDER BY `data`.`time` ASC  [ RunTime:0.001416s ]
NOTIC: [2] Invalid argument supplied for foreach() /usr/local/nginx/html/xs.7275.com/Application/Admin/Controller/IndexController.class.php 第 32 行.
NOTIC: [8] Undefined index: categories /usr/local/nginx/html/xs.7275.com/Application/Admin/Controller/IndexController.class.php 第 37 行.
NOTIC: [2] implode(): Invalid arguments passed /usr/local/nginx/html/xs.7275.com/Application/Admin/Controller/IndexController.class.php 第 37 行.
NOTIC: [8] Undefined index: data /usr/local/nginx/html/xs.7275.com/Application/Admin/Controller/IndexController.class.php 第 38 行.
NOTIC: [2] implode(): Invalid arguments passed /usr/local/nginx/html/xs.7275.com/Application/Admin/Controller/IndexController.class.php 第 38 行.
INFO: [ view_parse ] --START--
INFO: [ template_filter ] --START--
INFO: Run Behavior\ContentReplaceBehavior [ RunTime:0.000046s ]
INFO: [ template_filter ] --END-- [ RunTime:0.000112s ]
INFO: Run Behavior\ParseTemplateBehavior [ RunTime:0.012985s ]
INFO: [ view_parse ] --END-- [ RunTime:0.013035s ]
INFO: [ view_filter ] --START--
INFO: Run Behavior\WriteHtmlCacheBehavior [ RunTime:0.000177s ]
INFO: [ view_filter ] --END-- [ RunTime:0.000216s ]
INFO: [ app_end ] --START--
INFO: Run Behavior\ShowPageTraceBehavior [ RunTime:0.000901s ]
INFO: [ app_end ] --END-- [ RunTime:0.000973s ]

[ 2016-03-07T18:01:56+08:00 ] 192.168.1.26 /Verify/Index/common
INFO: [ app_init ] --START--
INFO: Run Behavior\BuildLiteBehavior [ RunTime:0.000013s ]
INFO: [ app_init ] --END-- [ RunTime:0.000062s ]
INFO: [ app_begin ] --START--
INFO: Run Behavior\ReadHtmlCacheBehavior [ RunTime:0.000397s ]
INFO: [ app_begin ] --END-- [ RunTime:0.000443s ]

[ 2016-03-07T18:01:57+08:00 ] 192.168.1.26 /Verify/Index/verify.html
INFO: [ app_init ] --START--
INFO: Run Behavior\BuildLiteBehavior [ RunTime:0.000015s ]
INFO: [ app_init ] --END-- [ RunTime:0.000066s ]
INFO: [ app_begin ] --START--
INFO: Run Behavior\ReadHtmlCacheBehavior [ RunTime:0.000615s ]
INFO: [ app_begin ] --END-- [ RunTime:0.000679s ]
INFO: [ app_end ] --START--
INFO: Run Behavior\ShowPageTraceBehavior [ RunTime:0.000593s ]
INFO: [ app_end ] --END-- [ RunTime:0.000668s ]

[ 2016-03-07T18:02:07+08:00 ] 192.168.1.26 /Home/Registe/index.html
INFO: [ app_init ] --START--
INFO: Run Behavior\BuildLiteBehavior [ RunTime:0.000014s ]
INFO: [ app_init ] --END-- [ RunTime:0.000063s ]
INFO: [ app_begin ] --START--
INFO: Run Behavior\ReadHtmlCacheBehavior [ RunTime:0.000404s ]
INFO: [ app_begin ] --END-- [ RunTime:0.000454s ]
INFO: [ action_begin ] --START--
INFO: Run Home\Behavior\HomePermissionBehavior [ RunTime:0.000368s ]
INFO: [ action_begin ] --END-- [ RunTime:0.000413s ]
NOTIC: [8192] mysql_connect(): The mysql extension is deprecated and will be removed in the future: use mysqli or PDO instead /usr/local/nginx/html/xs.7275.com/ThinkPHP/Library/Think/Db/Driver/Mysql.class.php 第 52 行.
SQL: SHOW COLUMNS FROM `members` [ RunTime:0.002900s ]
INFO: [ app_end ] --START--
INFO: Run Behavior\ShowPageTraceBehavior [ RunTime:0.000727s ]
INFO: [ app_end ] --END-- [ RunTime:0.000805s ]

